{"meta": {"format": 3, "version": "7.11.0", "timestamp": "2025-11-07T11:27:20.747003", "branch_coverage": true, "show_contexts": false}, "files": {"researcharr/__init__.py": {"executed_lines": [1, 11, 13, 14, 15, 16, 17, 18, 30, 32, 33, 35, 95, 97, 146, 150, 153, 156, 157, 166, 178, 188, 189, 191, 194, 195, 196, 202, 203, 204, 205, 206, 207, 208, 210, 211, 215, 220, 223, 224, 225, 226, 227, 245, 246, 248, 252, 253, 254, 255, 258, 259, 260, 261, 264, 267, 268, 269, 272, 273, 281, 285, 291, 292, 299, 302, 303, 314, 315, 323, 324, 329, 330, 332, 334, 342, 343, 344, 345, 346, 347, 351, 352, 360, 361, 364, 365, 369, 370, 375, 376, 377, 382, 399, 400, 401, 403, 407, 408, 409, 410, 411, 424, 425, 427, 428, 429, 430, 431, 432, 433, 434, 440, 441, 443, 446, 449, 454, 455, 467, 468, 470, 471, 472, 473, 474, 475, 476, 477, 493, 494, 496, 497, 498, 499, 501, 502, 503, 504, 505, 508, 515, 554, 555, 557, 558, 667, 668, 669, 670, 671, 678, 679, 680, 684, 687, 688, 691, 692, 704, 705, 708, 709, 733, 734, 735, 739, 740, 742, 748, 749, 750, 753, 754, 757, 758, 765, 766, 769, 772, 775, 789, 790, 791, 792, 793, 794, 795, 808, 830, 836, 837, 839, 840, 847, 848, 849, 863, 864, 865, 867, 868, 871, 872, 895, 896, 897, 944, 945, 946, 947, 949, 950, 951, 952, 953, 955, 956, 957, 970, 971, 972, 973, 974, 975, 976, 977, 978, 984, 1003, 1004, 1005, 1006, 1008, 1009, 1010, 1011, 1012, 1014, 1015, 1016, 1017, 1020, 1021, 1024, 1025, 1028, 1029, 1030, 1031, 1049, 1050, 1051, 1056, 1057, 1058, 1059, 1060, 1061, 1062, 1063, 1066, 1067, 1068, 1081, 1082, 1083, 1084, 1095, 1096, 1098, 1100, 1102, 1103, 1104, 1106, 1107, 1108, 1112, 1114, 1115, 1122], "summary": {"covered_lines": 281, "num_statements": 774, "percent_covered": 36.65987780040733, "percent_covered_display": "37", "missing_lines": 493, "excluded_lines": 0, "num_branches": 208, "num_partial_branches": 41, "covered_branches": 79, "missing_branches": 129}, "missing_lines": [36, 39, 40, 42, 43, 44, 45, 46, 47, 56, 57, 59, 63, 64, 65, 66, 67, 68, 69, 70, 71, 72, 73, 74, 77, 78, 79, 80, 81, 86, 89, 90, 91, 92, 94, 103, 104, 105, 106, 107, 108, 109, 110, 115, 116, 118, 121, 124, 125, 126, 127, 128, 129, 130, 131, 132, 137, 140, 141, 142, 143, 144, 154, 155, 158, 159, 160, 161, 162, 163, 190, 197, 198, 199, 212, 213, 214, 216, 217, 218, 230, 231, 232, 233, 234, 238, 239, 240, 241, 242, 256, 257, 262, 263, 270, 271, 274, 275, 286, 287, 288, 289, 290, 293, 294, 295, 296, 297, 304, 305, 306, 307, 308, 319, 320, 321, 322, 335, 336, 362, 363, 366, 367, 371, 372, 380, 381, 390, 393, 412, 413, 414, 415, 417, 418, 435, 436, 447, 448, 450, 451, 452, 453, 456, 457, 458, 459, 460, 461, 478, 479, 480, 481, 482, 483, 500, 506, 509, 510, 511, 513, 516, 518, 519, 520, 521, 522, 523, 524, 525, 526, 530, 531, 532, 533, 537, 538, 539, 540, 541, 542, 543, 544, 545, 546, 547, 548, 559, 560, 561, 562, 584, 585, 586, 587, 590, 591, 596, 597, 601, 602, 604, 605, 606, 609, 610, 611, 612, 613, 619, 620, 621, 622, 623, 624, 625, 626, 627, 628, 629, 630, 632, 634, 635, 636, 641, 642, 644, 647, 648, 649, 650, 651, 652, 653, 654, 655, 656, 657, 658, 659, 660, 685, 686, 689, 690, 693, 694, 695, 696, 710, 711, 713, 716, 717, 718, 719, 720, 721, 722, 723, 724, 728, 729, 730, 743, 744, 751, 752, 755, 756, 759, 760, 761, 762, 798, 800, 816, 817, 819, 820, 821, 823, 824, 825, 826, 843, 844, 850, 851, 852, 854, 855, 856, 869, 870, 873, 874, 875, 876, 877, 878, 879, 880, 881, 882, 883, 884, 885, 886, 898, 899, 900, 905, 906, 907, 908, 909, 910, 911, 912, 913, 914, 915, 916, 917, 918, 921, 922, 923, 924, 925, 926, 927, 928, 929, 930, 931, 932, 933, 934, 935, 948, 954, 958, 959, 960, 961, 962, 963, 979, 980, 981, 982, 985, 986, 987, 988, 989, 990, 991, 992, 993, 994, 995, 996, 997, 1007, 1013, 1018, 1019, 1022, 1023, 1026, 1027, 1032, 1033, 1034, 1035, 1036, 1037, 1038, 1039, 1064, 1065, 1073, 1076, 1077, 1085, 1086, 1087, 1088, 1109, 1110, 1111, 1116, 1117, 1118, 1119, 1132, 1133, 1142, 1143, 1147, 1148, 1150, 1153, 1154, 1155, 1156, 1157, 1158, 1166, 1167, 1168, 1169, 1170, 1171, 1172, 1173, 1174, 1175, 1176, 1178, 1179, 1180, 1181, 1182, 1183, 1184, 1185, 1186, 1187, 1192, 1193, 1194, 1195, 1196, 1197, 1200, 1204, 1205, 1206, 1207, 1208, 1209, 1210, 1214, 1215, 1216, 1217, 1218, 1219, 1220, 1221, 1222, 1223, 1224, 1225, 1226, 1227, 1228, 1229, 1232, 1233, 1239, 1240, 1241, 1244, 1245, 1246, 1247, 1248, 1249, 1250, 1251, 1252, 1253, 1254, 1256, 1260, 1261, 1262, 1263, 1264, 1265, 1266, 1267, 1268, 1269, 1270, 1271, 1273], "excluded_lines": [], "executed_branches": [[35, 95], [189, 191], [196, 202], [206, 207], [211, 215], [224, 225], [226, 227], [246, 248], [253, 254], [259, 260], [267, 268], [344, 345], [344, 399], [346, 347], [352, 344], [352, 360], [376, 377], [376, 382], [409, 410], [427, 428], [427, 467], [431, 432], [431, 433], [449, 454], [470, 471], [473, 474], [475, 476], [497, 498], [497, 515], [499, 501], [502, 503], [502, 504], [505, 508], [508, 497], [515, 554], [668, 669], [668, 704], [678, 668], [678, 679], [680, 684], [709, 733], [734, 735], [739, 740], [739, 742], [742, 748], [847, 848], [865, 867], [872, 895], [897, 944], [945, 946], [945, 970], [947, 949], [950, 951], [950, 952], [953, 955], [956, 945], [956, 957], [971, 972], [971, 984], [976, 971], [976, 977], [984, 1003], [1004, 1005], [1004, 1049], [1006, 1008], [1009, 1010], [1009, 1011], [1012, 1014], [1014, 1004], [1014, 1015], [1029, 1030], [1056, 1057], [1056, 1095], [1058, 1059], [1060, 1061], [1068, 1081], [1083, 1084], [1100, 1102], [1108, 1112]], "missing_branches": [[35, 36], [56, 57], [56, 95], [59, 63], [59, 66], [81, 86], [81, 91], [103, 104], [103, 144], [105, 106], [105, 144], [126, 127], [126, 131], [132, 137], [132, 144], [189, 190], [196, 197], [206, 218], [211, 212], [224, 230], [226, 230], [231, 232], [231, 238], [233, 234], [233, 238], [238, 239], [238, 240], [240, 241], [240, 242], [246, 342], [253, 258], [259, 264], [267, 272], [346, 344], [409, 424], [449, 450], [470, 493], [473, 493], [475, 493], [499, 500], [505, 506], [508, 509], [515, 516], [523, 524], [523, 530], [538, 515], [538, 539], [585, 586], [585, 667], [590, 591], [590, 596], [596, 597], [596, 619], [605, 606], [605, 613], [619, 585], [619, 620], [621, 622], [621, 632], [622, 623], [622, 624], [624, 621], [624, 625], [650, 651], [650, 655], [680, 687], [709, 710], [711, 713], [711, 733], [734, 765], [742, 743], [847, 863], [865, 895], [872, 873], [875, 876], [875, 895], [897, 898], [900, 905], [900, 921], [905, 906], [905, 907], [911, 900], [911, 912], [921, 922], [921, 944], [926, 927], [926, 944], [947, 948], [953, 954], [984, 985], [987, 988], [987, 1003], [990, 991], [990, 1003], [1006, 1007], [1012, 1013], [1029, 1004], [1058, 1095], [1060, 1095], [1068, 1073], [1083, 1095], [1100, 1122], [1108, 1109], [1132, 1133], [1132, 1142], [1143, 1147], [1143, 1200], [1150, 1153], [1150, 1192], [1153, 1154], [1153, 1166], [1167, 1168], [1167, 1178], [1168, 1169], [1168, 1170], [1170, 1167], [1170, 1171], [1205, 1206], [1205, 1207], [1207, 1208], [1207, 1273], [1209, 1210], [1209, 1273], [1228, 1229], [1228, 1239], [1241, 1244], [1241, 1269], [1260, 1261], [1260, 1269]], "functions": {"_ResearcharrModule.__getattribute__": {"executed_lines": [35, 95], "summary": {"covered_lines": 2, "num_statements": 37, "percent_covered": 6.666666666666667, "percent_covered_display": "7", "missing_lines": 35, "excluded_lines": 0, "num_branches": 8, "num_partial_branches": 1, "covered_branches": 1, "missing_branches": 7}, "missing_lines": [36, 39, 40, 42, 43, 44, 45, 46, 47, 56, 57, 59, 63, 64, 65, 66, 67, 68, 69, 70, 71, 72, 73, 74, 77, 78, 79, 80, 81, 86, 89, 90, 91, 92, 94], "excluded_lines": [], "executed_branches": [[35, 95]], "missing_branches": [[35, 36], [56, 57], [56, 95], [59, 63], [59, 66], [81, 86], [81, 91]]}, "_ResearcharrModule.__setattr__": {"executed_lines": [], "summary": {"covered_lines": 0, "num_statements": 27, "percent_covered": 0.0, "percent_covered_display": "0", "missing_lines": 27, "excluded_lines": 0, "num_branches": 8, "num_partial_branches": 0, "covered_branches": 0, "missing_branches": 8}, "missing_lines": [103, 104, 105, 106, 107, 108, 109, 110, 115, 116, 118, 121, 124, 125, 126, 127, 128, 129, 130, 131, 132, 137, 140, 141, 142, 143, 144], "excluded_lines": [], "executed_branches": [], "missing_branches": [[103, 104], [103, 144], [105, 106], [105, 144], [126, 127], [126, 131], [132, 137], [132, 144]]}, "_load_impl": {"executed_lines": [178, 188, 194, 195, 196, 202, 220, 223, 224, 225, 226, 227], "summary": {"covered_lines": 12, "num_statements": 25, "percent_covered": 38.46153846153846, "percent_covered_display": "38", "missing_lines": 13, "excluded_lines": 0, "num_branches": 14, "num_partial_branches": 3, "covered_branches": 3, "missing_branches": 11}, "missing_lines": [197, 198, 199, 230, 231, 232, 233, 234, 238, 239, 240, 241, 242], "excluded_lines": [], "executed_branches": [[196, 202], [224, 225], [226, 227]], "missing_branches": [[196, 197], [224, 230], [226, 230], [231, 232], [231, 238], [233, 234], [233, 238], [238, 239], [238, 240], [240, 241], [240, 242]]}, "_load_impl._looks_complete": {"executed_lines": [189, 191], "summary": {"covered_lines": 2, "num_statements": 3, "percent_covered": 60.0, "percent_covered_display": "60", "missing_lines": 1, "excluded_lines": 0, "num_branches": 2, "num_partial_branches": 1, "covered_branches": 1, "missing_branches": 1}, "missing_lines": [190], "excluded_lines": [], "executed_branches": [[189, 191]], "missing_branches": [[189, 190]]}, "_load_impl._load_from_path": {"executed_lines": [203, 204, 205, 206, 207, 208, 210, 211, 215], "summary": {"covered_lines": 9, "num_statements": 15, "percent_covered": 57.89473684210526, "percent_covered_display": "58", "missing_lines": 6, "excluded_lines": 0, "num_branches": 4, "num_partial_branches": 2, "covered_branches": 2, "missing_branches": 2}, "missing_lines": [212, 213, 214, 216, 217, 218], "excluded_lines": [], "executed_branches": [[206, 207], [211, 215]], "missing_branches": [[206, 218], [211, 212]]}, "serve": {"executed_lines": [], "summary": {"covered_lines": 0, "num_statements": 9, "percent_covered": 0.0, "percent_covered_display": "0", "missing_lines": 9, "excluded_lines": 0, "num_branches": 0, "num_partial_branches": 0, "covered_branches": 0, "missing_branches": 0}, "missing_lines": [816, 817, 819, 820, 821, 823, 824, 825, 826], "excluded_lines": [], "executed_branches": [], "missing_branches": []}, "_patched_reload": {"executed_lines": [1103, 1104, 1106, 1107, 1108, 1112], "summary": {"covered_lines": 6, "num_statements": 9, "percent_covered": 63.63636363636363, "percent_covered_display": "64", "missing_lines": 3, "excluded_lines": 0, "num_branches": 2, "num_partial_branches": 1, "covered_branches": 1, "missing_branches": 1}, "missing_lines": [1109, 1110, 1111], "excluded_lines": [], "executed_branches": [[1108, 1112]], "missing_branches": [[1108, 1109]]}, "__getattr__": {"executed_lines": [], "summary": {"covered_lines": 0, "num_statements": 94, "percent_covered": 0.0, "percent_covered_display": "0", "missing_lines": 94, "excluded_lines": 0, "num_branches": 26, "num_partial_branches": 0, "covered_branches": 0, "missing_branches": 26}, "missing_lines": [1132, 1133, 1142, 1143, 1147, 1148, 1150, 1153, 1154, 1155, 1156, 1157, 1158, 1166, 1167, 1168, 1169, 1170, 1171, 1172, 1173, 1174, 1175, 1176, 1178, 1179, 1180, 1181, 1182, 1183, 1184, 1185, 1186, 1187, 1192, 1193, 1194, 1195, 1196, 1197, 1200, 1204, 1205, 1206, 1207, 1208, 1209, 1210, 1214, 1215, 1216, 1217, 1218, 1219, 1220, 1221, 1222, 1223, 1224, 1225, 1226, 1227, 1228, 1229, 1232, 1233, 1239, 1240, 1241, 1244, 1245, 1246, 1247, 1248, 1249, 1250, 1251, 1252, 1253, 1254, 1256, 1260, 1261, 1262, 1263, 1264, 1265, 1266, 1267, 1268, 1269, 1270, 1271, 1273], "excluded_lines": [], "executed_branches": [], "missing_branches": [[1132, 1133], [1132, 1142], [1143, 1147], [1143, 1200], [1150, 1153], [1150, 1192], [1153, 1154], [1153, 1166], [1167, 1168], [1167, 1178], [1168, 1169], [1168, 1170], [1170, 1167], [1170, 1171], [1205, 1206], [1205, 1207], [1207, 1208], [1207, 1273], [1209, 1210], [1209, 1273], [1228, 1229], [1228, 1239], [1241, 1244], [1241, 1269], [1260, 1261], [1260, 1269]]}, "": {"executed_lines": [1, 11, 13, 14, 15, 16, 17, 18, 30, 32, 33, 97, 146, 150, 153, 156, 157, 166, 245, 246, 248, 252, 253, 254, 255, 258, 259, 260, 261, 264, 267, 268, 269, 272, 273, 281, 285, 291, 292, 299, 302, 303, 314, 315, 323, 324, 329, 330, 332, 334, 342, 343, 344, 345, 346, 347, 351, 352, 360, 361, 364, 365, 369, 370, 375, 376, 377, 382, 399, 400, 401, 403, 407, 408, 409, 410, 411, 424, 425, 427, 428, 429, 430, 431, 432, 433, 434, 440, 441, 443, 446, 449, 454, 455, 467, 468, 470, 471, 472, 473, 474, 475, 476, 477, 493, 494, 496, 497, 498, 499, 501, 502, 503, 504, 505, 508, 515, 554, 555, 557, 558, 667, 668, 669, 670, 671, 678, 679, 680, 684, 687, 688, 691, 692, 704, 705, 708, 709, 733, 734, 735, 739, 740, 742, 748, 749, 750, 753, 754, 757, 758, 765, 766, 769, 772, 775, 789, 790, 791, 792, 793, 794, 795, 808, 830, 836, 837, 839, 840, 847, 848, 849, 863, 864, 865, 867, 868, 871, 872, 895, 896, 897, 944, 945, 946, 947, 949, 950, 951, 952, 953, 955, 956, 957, 970, 971, 972, 973, 974, 975, 976, 977, 978, 984, 1003, 1004, 1005, 1006, 1008, 1009, 1010, 1011, 1012, 1014, 1015, 1016, 1017, 1020, 1021, 1024, 1025, 1028, 1029, 1030, 1031, 1049, 1050, 1051, 1056, 1057, 1058, 1059, 1060, 1061, 1062, 1063, 1066, 1067, 1068, 1081, 1082, 1083, 1084, 1095, 1096, 1098, 1100, 1102, 1114, 1115, 1122], "summary": {"covered_lines": 250, "num_statements": 555, "percent_covered": 45.92274678111588, "percent_covered_display": "46", "missing_lines": 305, "excluded_lines": 0, "num_branches": 144, "num_partial_branches": 33, "covered_branches": 71, "missing_branches": 73}, "missing_lines": [154, 155, 158, 159, 160, 161, 162, 163, 256, 257, 262, 263, 270, 271, 274, 275, 286, 287, 288, 289, 290, 293, 294, 295, 296, 297, 304, 305, 306, 307, 308, 319, 320, 321, 322, 335, 336, 362, 363, 366, 367, 371, 372, 380, 381, 390, 393, 412, 413, 414, 415, 417, 418, 435, 436, 447, 448, 450, 451, 452, 453, 456, 457, 458, 459, 460, 461, 478, 479, 480, 481, 482, 483, 500, 506, 509, 510, 511, 513, 516, 518, 519, 520, 521, 522, 523, 524, 525, 526, 530, 531, 532, 533, 537, 538, 539, 540, 541, 542, 543, 544, 545, 546, 547, 548, 559, 560, 561, 562, 584, 585, 586, 587, 590, 591, 596, 597, 601, 602, 604, 605, 606, 609, 610, 611, 612, 613, 619, 620, 621, 622, 623, 624, 625, 626, 627, 628, 629, 630, 632, 634, 635, 636, 641, 642, 644, 647, 648, 649, 650, 651, 652, 653, 654, 655, 656, 657, 658, 659, 660, 685, 686, 689, 690, 693, 694, 695, 696, 710, 711, 713, 716, 717, 718, 719, 720, 721, 722, 723, 724, 728, 729, 730, 743, 744, 751, 752, 755, 756, 759, 760, 761, 762, 798, 800, 843, 844, 850, 851, 852, 854, 855, 856, 869, 870, 873, 874, 875, 876, 877, 878, 879, 880, 881, 882, 883, 884, 885, 886, 898, 899, 900, 905, 906, 907, 908, 909, 910, 911, 912, 913, 914, 915, 916, 917, 918, 921, 922, 923, 924, 925, 926, 927, 928, 929, 930, 931, 932, 933, 934, 935, 948, 954, 958, 959, 960, 961, 962, 963, 979, 980, 981, 982, 985, 986, 987, 988, 989, 990, 991, 992, 993, 994, 995, 996, 997, 1007, 1013, 1018, 1019, 1022, 1023, 1026, 1027, 1032, 1033, 1034, 1035, 1036, 1037, 1038, 1039, 1064, 1065, 1073, 1076, 1077, 1085, 1086, 1087, 1088, 1116, 1117, 1118, 1119], "excluded_lines": [], "executed_branches": [[246, 248], [253, 254], [259, 260], [267, 268], [344, 345], [344, 399], [346, 347], [352, 344], [352, 360], [376, 377], [376, 382], [409, 410], [427, 428], [427, 467], [431, 432], [431, 433], [449, 454], [470, 471], [473, 474], [475, 476], [497, 498], [497, 515], [499, 501], [502, 503], [502, 504], [505, 508], [508, 497], [515, 554], [668, 669], [668, 704], [678, 668], [678, 679], [680, 684], [709, 733], [734, 735], [739, 740], [739, 742], [742, 748], [847, 848], [865, 867], [872, 895], [897, 944], [945, 946], [945, 970], [947, 949], [950, 951], [950, 952], [953, 955], [956, 945], [956, 957], [971, 972], [971, 984], [976, 971], [976, 977], [984, 1003], [1004, 1005], [1004, 1049], [1006, 1008], [1009, 1010], [1009, 1011], [1012, 1014], [1014, 1004], [1014, 1015], [1029, 1030], [1056, 1057], [1056, 1095], [1058, 1059], [1060, 1061], [1068, 1081], [1083, 1084], [1100, 1102]], "missing_branches": [[246, 342], [253, 258], [259, 264], [267, 272], [346, 344], [409, 424], [449, 450], [470, 493], [473, 493], [475, 493], [499, 500], [505, 506], [508, 509], [515, 516], [523, 524], [523, 530], [538, 515], [538, 539], [585, 586], [585, 667], [590, 591], [590, 596], [596, 597], [596, 619], [605, 606], [605, 613], [619, 585], [619, 620], [621, 622], [621, 632], [622, 623], [622, 624], [624, 621], [624, 625], [650, 651], [650, 655], [680, 687], [709, 710], [711, 713], [711, 733], [734, 765], [742, 743], [847, 863], [865, 895], [872, 873], [875, 876], [875, 895], [897, 898], [900, 905], [900, 921], [905, 906], [905, 907], [911, 900], [911, 912], [921, 922], [921, 944], [926, 927], [926, 944], [947, 948], [953, 954], [984, 985], [987, 988], [987, 1003], [990, 991], [990, 1003], [1006, 1007], [1012, 1013], [1029, 1004], [1058, 1095], [1060, 1095], [1068, 1073], [1083, 1095], [1100, 1122]]}}, "classes": {"_ResearcharrModule": {"executed_lines": [35, 95], "summary": {"covered_lines": 2, "num_statements": 64, "percent_covered": 3.75, "percent_covered_display": "4", "missing_lines": 62, "excluded_lines": 0, "num_branches": 16, "num_partial_branches": 1, "covered_branches": 1, "missing_branches": 15}, "missing_lines": [36, 39, 40, 42, 43, 44, 45, 46, 47, 56, 57, 59, 63, 64, 65, 66, 67, 68, 69, 70, 71, 72, 73, 74, 77, 78, 79, 80, 81, 86, 89, 90, 91, 92, 94, 103, 104, 105, 106, 107, 108, 109, 110, 115, 116, 118, 121, 124, 125, 126, 127, 128, 129, 130, 131, 132, 137, 140, 141, 142, 143, 144], "excluded_lines": [], "executed_branches": [[35, 95]], "missing_branches": [[35, 36], [56, 57], [56, 95], [59, 63], [59, 66], [81, 86], [81, 91], [103, 104], [103, 144], [105, 106], [105, 144], [126, 127], [126, 131], [132, 137], [132, 144]]}, "": {"executed_lines": [1, 11, 13, 14, 15, 16, 17, 18, 30, 32, 33, 97, 146, 150, 153, 156, 157, 166, 178, 188, 189, 191, 194, 195, 196, 202, 203, 204, 205, 206, 207, 208, 210, 211, 215, 220, 223, 224, 225, 226, 227, 245, 246, 248, 252, 253, 254, 255, 258, 259, 260, 261, 264, 267, 268, 269, 272, 273, 281, 285, 291, 292, 299, 302, 303, 314, 315, 323, 324, 329, 330, 332, 334, 342, 343, 344, 345, 346, 347, 351, 352, 360, 361, 364, 365, 369, 370, 375, 376, 377, 382, 399, 400, 401, 403, 407, 408, 409, 410, 411, 424, 425, 427, 428, 429, 430, 431, 432, 433, 434, 440, 441, 443, 446, 449, 454, 455, 467, 468, 470, 471, 472, 473, 474, 475, 476, 477, 493, 494, 496, 497, 498, 499, 501, 502, 503, 504, 505, 508, 515, 554, 555, 557, 558, 667, 668, 669, 670, 671, 678, 679, 680, 684, 687, 688, 691, 692, 704, 705, 708, 709, 733, 734, 735, 739, 740, 742, 748, 749, 750, 753, 754, 757, 758, 765, 766, 769, 772, 775, 789, 790, 791, 792, 793, 794, 795, 808, 830, 836, 837, 839, 840, 847, 848, 849, 863, 864, 865, 867, 868, 871, 872, 895, 896, 897, 944, 945, 946, 947, 949, 950, 951, 952, 953, 955, 956, 957, 970, 971, 972, 973, 974, 975, 976, 977, 978, 984, 1003, 1004, 1005, 1006, 1008, 1009, 1010, 1011, 1012, 1014, 1015, 1016, 1017, 1020, 1021, 1024, 1025, 1028, 1029, 1030, 1031, 1049, 1050, 1051, 1056, 1057, 1058, 1059, 1060, 1061, 1062, 1063, 1066, 1067, 1068, 1081, 1082, 1083, 1084, 1095, 1096, 1098, 1100, 1102, 1103, 1104, 1106, 1107, 1108, 1112, 1114, 1115, 1122], "summary": {"covered_lines": 279, "num_statements": 710, "percent_covered": 39.57871396895787, "percent_covered_display": "40", "missing_lines": 431, "excluded_lines": 0, "num_branches": 192, "num_partial_branches": 40, "covered_branches": 78, "missing_branches": 114}, "missing_lines": [154, 155, 158, 159, 160, 161, 162, 163, 190, 197, 198, 199, 212, 213, 214, 216, 217, 218, 230, 231, 232, 233, 234, 238, 239, 240, 241, 242, 256, 257, 262, 263, 270, 271, 274, 275, 286, 287, 288, 289, 290, 293, 294, 295, 296, 297, 304, 305, 306, 307, 308, 319, 320, 321, 322, 335, 336, 362, 363, 366, 367, 371, 372, 380, 381, 390, 393, 412, 413, 414, 415, 417, 418, 435, 436, 447, 448, 450, 451, 452, 453, 456, 457, 458, 459, 460, 461, 478, 479, 480, 481, 482, 483, 500, 506, 509, 510, 511, 513, 516, 518, 519, 520, 521, 522, 523, 524, 525, 526, 530, 531, 532, 533, 537, 538, 539, 540, 541, 542, 543, 544, 545, 546, 547, 548, 559, 560, 561, 562, 584, 585, 586, 587, 590, 591, 596, 597, 601, 602, 604, 605, 606, 609, 610, 611, 612, 613, 619, 620, 621, 622, 623, 624, 625, 626, 627, 628, 629, 630, 632, 634, 635, 636, 641, 642, 644, 647, 648, 649, 650, 651, 652, 653, 654, 655, 656, 657, 658, 659, 660, 685, 686, 689, 690, 693, 694, 695, 696, 710, 711, 713, 716, 717, 718, 719, 720, 721, 722, 723, 724, 728, 729, 730, 743, 744, 751, 752, 755, 756, 759, 760, 761, 762, 798, 800, 816, 817, 819, 820, 821, 823, 824, 825, 826, 843, 844, 850, 851, 852, 854, 855, 856, 869, 870, 873, 874, 875, 876, 877, 878, 879, 880, 881, 882, 883, 884, 885, 886, 898, 899, 900, 905, 906, 907, 908, 909, 910, 911, 912, 913, 914, 915, 916, 917, 918, 921, 922, 923, 924, 925, 926, 927, 928, 929, 930, 931, 932, 933, 934, 935, 948, 954, 958, 959, 960, 961, 962, 963, 979, 980, 981, 982, 985, 986, 987, 988, 989, 990, 991, 992, 993, 994, 995, 996, 997, 1007, 1013, 1018, 1019, 1022, 1023, 1026, 1027, 1032, 1033, 1034, 1035, 1036, 1037, 1038, 1039, 1064, 1065, 1073, 1076, 1077, 1085, 1086, 1087, 1088, 1109, 1110, 1111, 1116, 1117, 1118, 1119, 1132, 1133, 1142, 1143, 1147, 1148, 1150, 1153, 1154, 1155, 1156, 1157, 1158, 1166, 1167, 1168, 1169, 1170, 1171, 1172, 1173, 1174, 1175, 1176, 1178, 1179, 1180, 1181, 1182, 1183, 1184, 1185, 1186, 1187, 1192, 1193, 1194, 1195, 1196, 1197, 1200, 1204, 1205, 1206, 1207, 1208, 1209, 1210, 1214, 1215, 1216, 1217, 1218, 1219, 1220, 1221, 1222, 1223, 1224, 1225, 1226, 1227, 1228, 1229, 1232, 1233, 1239, 1240, 1241, 1244, 1245, 1246, 1247, 1248, 1249, 1250, 1251, 1252, 1253, 1254, 1256, 1260, 1261, 1262, 1263, 1264, 1265, 1266, 1267, 1268, 1269, 1270, 1271, 1273], "excluded_lines": [], "executed_branches": [[189, 191], [196, 202], [206, 207], [211, 215], [224, 225], [226, 227], [246, 248], [253, 254], [259, 260], [267, 268], [344, 345], [344, 399], [346, 347], [352, 344], [352, 360], [376, 377], [376, 382], [409, 410], [427, 428], [427, 467], [431, 432], [431, 433], [449, 454], [470, 471], [473, 474], [475, 476], [497, 498], [497, 515], [499, 501], [502, 503], [502, 504], [505, 508], [508, 497], [515, 554], [668, 669], [668, 704], [678, 668], [678, 679], [680, 684], [709, 733], [734, 735], [739, 740], [739, 742], [742, 748], [847, 848], [865, 867], [872, 895], [897, 944], [945, 946], [945, 970], [947, 949], [950, 951], [950, 952], [953, 955], [956, 945], [956, 957], [971, 972], [971, 984], [976, 971], [976, 977], [984, 1003], [1004, 1005], [1004, 1049], [1006, 1008], [1009, 1010], [1009, 1011], [1012, 1014], [1014, 1004], [1014, 1015], [1029, 1030], [1056, 1057], [1056, 1095], [1058, 1059], [1060, 1061], [1068, 1081], [1083, 1084], [1100, 1102], [1108, 1112]], "missing_branches": [[189, 190], [196, 197], [206, 218], [211, 212], [224, 230], [226, 230], [231, 232], [231, 238], [233, 234], [233, 238], [238, 239], [238, 240], [240, 241], [240, 242], [246, 342], [253, 258], [259, 264], [267, 272], [346, 344], [409, 424], [449, 450], [470, 493], [473, 493], [475, 493], [499, 500], [505, 506], [508, 509], [515, 516], [523, 524], [523, 530], [538, 515], [538, 539], [585, 586], [585, 667], [590, 591], [590, 596], [596, 597], [596, 619], [605, 606], [605, 613], [619, 585], [619, 620], [621, 622], [621, 632], [622, 623], [622, 624], [624, 621], [624, 625], [650, 651], [650, 655], [680, 687], [709, 710], [711, 713], [711, 733], [734, 765], [742, 743], [847, 863], [865, 895], [872, 873], [875, 876], [875, 895], [897, 898], [900, 905], [900, 921], [905, 906], [905, 907], [911, 900], [911, 912], [921, 922], [921, 944], [926, 927], [926, 944], [947, 948], [953, 954], [984, 985], [987, 988], [987, 1003], [990, 991], [990, 1003], [1006, 1007], [1012, 1013], [1029, 1004], [1058, 1095], [1060, 1095], [1068, 1073], [1083, 1095], [1100, 1122], [1108, 1109], [1132, 1133], [1132, 1142], [1143, 1147], [1143, 1200], [1150, 1153], [1150, 1192], [1153, 1154], [1153, 1166], [1167, 1168], [1167, 1178], [1168, 1169], [1168, 1170], [1170, 1167], [1170, 1171], [1205, 1206], [1205, 1207], [1207, 1208], [1207, 1273], [1209, 1210], [1209, 1273], [1228, 1229], [1228, 1239], [1241, 1244], [1241, 1269], [1260, 1261], [1260, 1269]]}}}, "researcharr/_backups_impl.py": {"executed_lines": [1, 10, 12, 13, 14, 15, 16, 17, 19, 22, 23, 29, 30, 31, 32, 34, 35, 40, 42, 43, 44, 45, 46, 47, 48, 51, 60, 61, 63, 64, 65, 66, 67, 69, 70, 71, 73, 74, 77, 78, 79, 80, 81, 82, 83, 84, 85, 89, 92, 94, 97, 98, 99, 100, 101, 102, 104, 105, 106, 107, 111, 116, 117, 118, 119, 120, 121, 122, 123, 124, 125, 128, 131, 133, 134, 135, 136, 139, 140, 141, 144, 145, 146, 147, 148, 151, 152, 155, 156, 159, 160, 161, 162], "summary": {"covered_lines": 91, "num_statements": 100, "percent_covered": 91.52542372881356, "percent_covered_display": "92", "missing_lines": 9, "excluded_lines": 0, "num_branches": 18, "num_partial_branches": 1, "covered_branches": 17, "missing_branches": 1}, "missing_lines": [86, 87, 88, 108, 110, 112, 113, 126, 127], "excluded_lines": [], "executed_branches": [[42, 43], [42, 44], [44, 45], [44, 46], [85, 89], [99, 100], [99, 101], [105, 106], [105, 111], [118, 119], [118, 120], [121, 122], [121, 128], [122, 121], [122, 123], [134, 135], [134, 136]], "missing_branches": [[85, 86]], "functions": {"BackupPath.__new__": {"executed_lines": [30, 31, 32], "summary": {"covered_lines": 3, "num_statements": 3, "percent_covered": 100.0, "percent_covered_display": "100", "missing_lines": 0, "excluded_lines": 0, "num_branches": 0, "num_partial_branches": 0, "covered_branches": 0, "missing_branches": 0}, "missing_lines": [], "excluded_lines": [], "executed_branches": [], "missing_branches": []}, "BackupPath.startswith": {"executed_lines": [35, 40, 42, 43, 44, 45, 46, 47, 48], "summary": {"covered_lines": 9, "num_statements": 9, "percent_covered": 100.0, "percent_covered_display": "100", "missing_lines": 0, "excluded_lines": 0, "num_branches": 4, "num_partial_branches": 0, "covered_branches": 4, "missing_branches": 0}, "missing_lines": [], "excluded_lines": [], "executed_branches": [[42, 43], [42, 44], [44, 45], [44, 46]], "missing_branches": []}, "create_backup_file": {"executed_lines": [60, 61, 63, 64, 65, 66, 67, 69, 70, 71, 73, 74, 77, 78, 79, 80, 81, 82, 83, 84, 85, 89], "summary": {"covered_lines": 22, "num_statements": 25, "percent_covered": 85.18518518518519, "percent_covered_display": "85", "missing_lines": 3, "excluded_lines": 0, "num_branches": 2, "num_partial_branches": 1, "covered_branches": 1, "missing_branches": 1}, "missing_lines": [86, 87, 88], "excluded_lines": [], "executed_branches": [[85, 89]], "missing_branches": [[85, 86]]}, "prune_backups": {"executed_lines": [94], "summary": {"covered_lines": 1, "num_statements": 1, "percent_covered": 100.0, "percent_covered_display": "100", "missing_lines": 0, "excluded_lines": 0, "num_branches": 0, "num_partial_branches": 0, "covered_branches": 0, "missing_branches": 0}, "missing_lines": [], "excluded_lines": [], "executed_branches": [], "missing_branches": []}, "get_backup_info": {"executed_lines": [98, 99, 100, 101, 102, 104, 105, 106, 107, 111], "summary": {"covered_lines": 10, "num_statements": 14, "percent_covered": 77.77777777777777, "percent_covered_display": "78", "missing_lines": 4, "excluded_lines": 0, "num_branches": 4, "num_partial_branches": 0, "covered_branches": 4, "missing_branches": 0}, "missing_lines": [108, 110, 112, 113], "excluded_lines": [], "executed_branches": [[99, 100], [99, 101], [105, 106], [105, 111]], "missing_branches": []}, "list_backups": {"executed_lines": [117, 118, 119, 120, 121, 122, 123, 124, 125, 128], "summary": {"covered_lines": 10, "num_statements": 12, "percent_covered": 88.88888888888889, "percent_covered_display": "89", "missing_lines": 2, "excluded_lines": 0, "num_branches": 6, "num_partial_branches": 0, "covered_branches": 6, "missing_branches": 0}, "missing_lines": [126, 127], "excluded_lines": [], "executed_branches": [[118, 119], [118, 120], [121, 122], [121, 128], [122, 121], [122, 123]], "missing_branches": []}, "restore_backup": {"executed_lines": [133, 134, 135, 136], "summary": {"covered_lines": 4, "num_statements": 4, "percent_covered": 100.0, "percent_covered_display": "100", "missing_lines": 0, "excluded_lines": 0, "num_branches": 2, "num_partial_branches": 0, "covered_branches": 2, "missing_branches": 0}, "missing_lines": [], "excluded_lines": [], "executed_branches": [[134, 135], [134, 136]], "missing_branches": []}, "validate_backup_file": {"executed_lines": [140, 141], "summary": {"covered_lines": 2, "num_statements": 2, "percent_covered": 100.0, "percent_covered_display": "100", "missing_lines": 0, "excluded_lines": 0, "num_branches": 0, "num_partial_branches": 0, "covered_branches": 0, "missing_branches": 0}, "missing_lines": [], "excluded_lines": [], "executed_branches": [], "missing_branches": []}, "get_backup_size": {"executed_lines": [145, 146, 147, 148], "summary": {"covered_lines": 4, "num_statements": 4, "percent_covered": 100.0, "percent_covered_display": "100", "missing_lines": 0, "excluded_lines": 0, "num_branches": 0, "num_partial_branches": 0, "covered_branches": 0, "missing_branches": 0}, "missing_lines": [], "excluded_lines": [], "executed_branches": [], "missing_branches": []}, "cleanup_temp_files": {"executed_lines": [152], "summary": {"covered_lines": 1, "num_statements": 1, "percent_covered": 100.0, "percent_covered_display": "100", "missing_lines": 0, "excluded_lines": 0, "num_branches": 0, "num_partial_branches": 0, "covered_branches": 0, "missing_branches": 0}, "missing_lines": [], "excluded_lines": [], "executed_branches": [], "missing_branches": []}, "get_default_backup_config": {"executed_lines": [156], "summary": {"covered_lines": 1, "num_statements": 1, "percent_covered": 100.0, "percent_covered_display": "100", "missing_lines": 0, "excluded_lines": 0, "num_branches": 0, "num_partial_branches": 0, "covered_branches": 0, "missing_branches": 0}, "missing_lines": [], "excluded_lines": [], "executed_branches": [], "missing_branches": []}, "merge_backup_configs": {"executed_lines": [160, 161, 162], "summary": {"covered_lines": 3, "num_statements": 3, "percent_covered": 100.0, "percent_covered_display": "100", "missing_lines": 0, "excluded_lines": 0, "num_branches": 0, "num_partial_branches": 0, "covered_branches": 0, "missing_branches": 0}, "missing_lines": [], "excluded_lines": [], "executed_branches": [], "missing_branches": []}, "": {"executed_lines": [1, 10, 12, 13, 14, 15, 16, 17, 19, 22, 23, 29, 34, 51, 92, 97, 116, 131, 139, 144, 151, 155, 159], "summary": {"covered_lines": 21, "num_statements": 21, "percent_covered": 100.0, "percent_covered_display": "100", "missing_lines": 0, "excluded_lines": 0, "num_branches": 0, "num_partial_branches": 0, "covered_branches": 0, "missing_branches": 0}, "missing_lines": [], "excluded_lines": [], "executed_branches": [], "missing_branches": []}}, "classes": {"BackupPath": {"executed_lines": [30, 31, 32, 35, 40, 42, 43, 44, 45, 46, 47, 48], "summary": {"covered_lines": 12, "num_statements": 12, "percent_covered": 100.0, "percent_covered_display": "100", "missing_lines": 0, "excluded_lines": 0, "num_branches": 4, "num_partial_branches": 0, "covered_branches": 4, "missing_branches": 0}, "missing_lines": [], "excluded_lines": [], "executed_branches": [[42, 43], [42, 44], [44, 45], [44, 46]], "missing_branches": []}, "": {"executed_lines": [1, 10, 12, 13, 14, 15, 16, 17, 19, 22, 23, 29, 34, 51, 60, 61, 63, 64, 65, 66, 67, 69, 70, 71, 73, 74, 77, 78, 79, 80, 81, 82, 83, 84, 85, 89, 92, 94, 97, 98, 99, 100, 101, 102, 104, 105, 106, 107, 111, 116, 117, 118, 119, 120, 121, 122, 123, 124, 125, 128, 131, 133, 134, 135, 136, 139, 140, 141, 144, 145, 146, 147, 148, 151, 152, 155, 156, 159, 160, 161, 162], "summary": {"covered_lines": 79, "num_statements": 88, "percent_covered": 90.19607843137256, "percent_covered_display": "90", "missing_lines": 9, "excluded_lines": 0, "num_branches": 14, "num_partial_branches": 1, "covered_branches": 13, "missing_branches": 1}, "missing_lines": [86, 87, 88, 108, 110, 112, 113, 126, 127], "excluded_lines": [], "executed_branches": [[85, 89], [99, 100], [99, 101], [105, 106], [105, 111], [118, 119], [118, 120], [121, 122], [121, 128], [122, 121], [122, 123], [134, 135], [134, 136]], "missing_branches": [[85, 86]]}}}, "researcharr/_factory_proxy.py": {"executed_lines": [1, 9, 11, 12, 13, 14, 17, 18, 19, 20, 21, 22, 23, 25, 26, 27, 28, 29, 30, 31, 32, 35, 36, 39, 40, 41, 42, 45, 46, 47, 48, 49, 56, 57, 59, 60, 61, 66, 67, 69, 70, 71, 72, 75, 76, 78, 79, 80, 81, 82, 87, 88, 89, 90, 91, 92, 93, 96, 102, 103, 107, 112, 113, 114, 120, 121, 124, 125, 126, 129, 130, 136, 138, 141, 144, 145, 146, 149, 150, 151, 152, 153, 156, 163, 164, 165, 171, 172, 173, 175, 180, 183, 188, 189, 192, 193, 194, 195, 196, 204, 213, 214, 218, 220, 272, 273, 274, 276, 277, 278, 280, 281, 282, 283, 284, 285, 288, 289, 290, 297, 298, 299, 300, 305, 306, 307, 308, 311, 312, 313, 314, 315, 316, 317, 320, 324, 327, 329, 330, 333, 334, 342, 343, 344, 345, 349, 350, 351, 352, 354, 360, 372, 373, 375, 376, 377, 396, 398, 399, 424, 426, 444, 445, 448, 453, 454, 457, 458, 474, 475, 482, 483, 489, 490, 493, 494, 496, 497, 498, 499, 503, 510, 511, 525, 526, 527, 529, 565, 567, 569, 570, 571, 572, 573, 574, 575, 576, 577, 581, 582, 587, 589, 595, 596, 604, 610, 613, 614, 617, 618, 636, 637, 638, 640, 641, 648, 649, 650, 651, 658, 660, 662], "summary": {"covered_lines": 220, "num_statements": 438, "percent_covered": 50.0, "percent_covered_display": "50", "missing_lines": 218, "excluded_lines": 2, "num_branches": 130, "num_partial_branches": 36, "covered_branches": 64, "missing_branches": 66}, "missing_lines": [33, 34, 37, 38, 50, 51, 52, 53, 54, 58, 62, 68, 73, 77, 83, 84, 85, 104, 105, 127, 128, 139, 147, 148, 154, 155, 157, 158, 159, 160, 161, 162, 166, 167, 168, 169, 174, 176, 197, 198, 199, 201, 215, 216, 221, 222, 225, 226, 227, 228, 229, 230, 231, 234, 235, 236, 237, 238, 239, 240, 241, 244, 245, 246, 247, 248, 249, 250, 253, 254, 255, 256, 259, 260, 261, 262, 263, 264, 265, 266, 267, 268, 269, 270, 286, 291, 292, 293, 294, 295, 301, 302, 303, 318, 321, 322, 331, 332, 335, 336, 353, 361, 362, 364, 365, 366, 378, 379, 380, 381, 382, 383, 385, 386, 387, 400, 402, 403, 404, 405, 406, 407, 408, 409, 410, 411, 412, 413, 414, 415, 416, 417, 418, 419, 420, 421, 422, 427, 428, 429, 430, 431, 432, 433, 434, 435, 436, 437, 459, 460, 461, 462, 463, 464, 465, 500, 501, 516, 517, 518, 519, 530, 531, 533, 534, 535, 536, 539, 541, 542, 546, 547, 548, 549, 550, 551, 552, 557, 558, 559, 560, 561, 562, 563, 564, 588, 590, 591, 592, 593, 597, 598, 599, 600, 601, 611, 612, 615, 616, 619, 620, 621, 622, 623, 624, 625, 626, 627, 628, 629, 630, 631, 656, 657, 663, 664, 665, 666], "excluded_lines": [324, 325], "executed_branches": [[27, 28], [27, 29], [32, 35], [36, 39], [40, 41], [45, 46], [57, 59], [60, 61], [67, 69], [70, 71], [76, 78], [79, 80], [90, 91], [103, 107], [112, -96], [112, 113], [120, 121], [120, 130], [125, 126], [144, 145], [144, 149], [151, 152], [156, 163], [163, 164], [173, 175], [175, 180], [180, 183], [188, 189], [188, 193], [189, 192], [195, 196], [214, 218], [283, 284], [283, 288], [290, 297], [300, 305], [307, 308], [311, 312], [315, 316], [343, 344], [350, 351], [350, 396], [352, 354], [375, 350], [375, 376], [399, 424], [426, 444], [445, 448], [453, 454], [489, 490], [489, 565], [529, 565], [569, 570], [571, 572], [571, 595], [572, 573], [572, 574], [574, 575], [574, 576], [581, 582], [581, 587], [587, 589], [648, 649], [648, 658]], "missing_branches": [[32, 33], [36, 37], [40, 54], [45, 54], [57, 58], [60, 62], [67, 68], [70, 73], [76, 77], [79, 85], [90, 92], [103, 104], [125, 129], [151, 156], [156, 157], [159, 160], [159, 161], [161, 162], [161, 163], [163, 171], [173, 174], [175, 176], [180, 188], [189, 193], [195, 112], [214, 215], [228, 229], [228, 234], [236, 237], [236, 244], [238, 239], [238, 244], [247, 248], [247, 253], [255, 256], [255, 270], [259, 260], [259, 270], [263, 264], [263, 270], [290, 291], [292, 293], [292, 297], [300, 301], [307, 322], [311, 322], [315, 322], [343, 636], [352, 353], [399, 400], [419, 420], [419, 444], [426, 427], [445, 636], [453, 474], [529, 530], [535, 536], [535, 539], [539, 541], [539, 559], [551, 552], [551, 559], [559, 560], [559, 565], [569, 595], [587, 588]], "functions": {"_ModuleProxy.__init__": {"executed_lines": [19, 20, 21, 22, 23], "summary": {"covered_lines": 5, "num_statements": 5, "percent_covered": 100.0, "percent_covered_display": "100", "missing_lines": 0, "excluded_lines": 0, "num_branches": 0, "num_partial_branches": 0, "covered_branches": 0, "missing_branches": 0}, "missing_lines": [], "excluded_lines": [], "executed_branches": [], "missing_branches": []}, "_ModuleProxy._ensure_target": {"executed_lines": [26, 27, 28, 29, 30, 31, 32, 35, 36, 39, 40, 41, 42, 45, 46, 47, 48, 49], "summary": {"covered_lines": 18, "num_statements": 27, "percent_covered": 64.86486486486487, "percent_covered_display": "65", "missing_lines": 9, "excluded_lines": 0, "num_branches": 10, "num_partial_branches": 4, "covered_branches": 6, "missing_branches": 4}, "missing_lines": [33, 34, 37, 38, 50, 51, 52, 53, 54], "excluded_lines": [], "executed_branches": [[27, 28], [27, 29], [32, 35], [36, 39], [40, 41], [45, 46]], "missing_branches": [[32, 33], [36, 37], [40, 54], [45, 54]]}, "_ModuleProxy.__getattr__": {"executed_lines": [57, 59, 60, 61], "summary": {"covered_lines": 4, "num_statements": 6, "percent_covered": 60.0, "percent_covered_display": "60", "missing_lines": 2, "excluded_lines": 0, "num_branches": 4, "num_partial_branches": 2, "covered_branches": 2, "missing_branches": 2}, "missing_lines": [58, 62], "excluded_lines": [], "executed_branches": [[57, 59], [60, 61]], "missing_branches": [[57, 58], [60, 62]]}, "_ModuleProxy.__setattr__": {"executed_lines": [67, 69, 70, 71, 72], "summary": {"covered_lines": 5, "num_statements": 7, "percent_covered": 63.63636363636363, "percent_covered_display": "64", "missing_lines": 2, "excluded_lines": 0, "num_branches": 4, "num_partial_branches": 2, "covered_branches": 2, "missing_branches": 2}, "missing_lines": [68, 73], "excluded_lines": [], "executed_branches": [[67, 69], [70, 71]], "missing_branches": [[67, 68], [70, 73]]}, "_ModuleProxy.__delattr__": {"executed_lines": [76, 78, 79, 80, 81, 82], "summary": {"covered_lines": 6, "num_statements": 10, "percent_covered": 57.142857142857146, "percent_covered_display": "57", "missing_lines": 4, "excluded_lines": 0, "num_branches": 4, "num_partial_branches": 2, "covered_branches": 2, "missing_branches": 2}, "missing_lines": [77, 83, 84, 85], "excluded_lines": [], "executed_branches": [[76, 78], [79, 80]], "missing_branches": [[76, 77], [79, 85]]}, "_ModuleProxy.__dir__": {"executed_lines": [88, 89, 90, 91, 92, 93], "summary": {"covered_lines": 6, "num_statements": 6, "percent_covered": 87.5, "percent_covered_display": "88", "missing_lines": 0, "excluded_lines": 0, "num_branches": 2, "num_partial_branches": 1, "covered_branches": 1, "missing_branches": 1}, "missing_lines": [], "excluded_lines": [], "executed_branches": [[90, 91]], "missing_branches": [[90, 92]]}, "create_proxies": {"executed_lines": [102, 103, 107, 112, 113, 114, 120, 121, 124, 125, 126, 129, 130, 136, 138, 141, 144, 145, 146, 149, 150, 151, 152, 153, 156, 163, 164, 165, 171, 172, 173, 175, 180, 183, 188, 189, 192, 193, 194, 195, 196], "summary": {"covered_lines": 41, "num_statements": 65, "percent_covered": 60.824742268041234, "percent_covered_display": "61", "missing_lines": 24, "excluded_lines": 0, "num_branches": 32, "num_partial_branches": 10, "covered_branches": 18, "missing_branches": 14}, "missing_lines": [104, 105, 127, 128, 147, 148, 154, 155, 157, 158, 159, 160, 161, 162, 166, 167, 168, 169, 174, 176, 197, 198, 199, 201], "excluded_lines": [], "executed_branches": [[103, 107], [112, -96], [112, 113], [120, 121], [120, 130], [125, 126], [144, 145], [144, 149], [151, 152], [156, 163], [163, 164], [173, 175], [175, 180], [180, 183], [188, 189], [188, 193], [189, 192], [195, 196]], "missing_branches": [[103, 104], [125, 129], [151, 156], [156, 157], [159, 160], [159, 161], [161, 162], [161, 163], [163, 171], [173, 174], [175, 176], [180, 188], [189, 193], [195, 112]]}, "create_proxies._create_app_placeholder": {"executed_lines": [], "summary": {"covered_lines": 0, "num_statements": 1, "percent_covered": 0.0, "percent_covered_display": "0", "missing_lines": 1, "excluded_lines": 0, "num_branches": 0, "num_partial_branches": 0, "covered_branches": 0, "missing_branches": 0}, "missing_lines": [139], "excluded_lines": [], "executed_branches": [], "missing_branches": []}, "install_create_app_helpers": {"executed_lines": [213, 214, 218, 220, 272, 273, 276, 324, 327, 329, 330, 333, 334, 342, 343, 344, 345, 349, 350, 351, 352, 354, 360, 372, 373, 375, 376, 377, 396, 398, 399, 424, 426, 444, 445, 448, 453, 454, 457, 458, 474, 475, 482, 483, 567, 569, 570, 571, 572, 573, 574, 575, 576, 577, 581, 582, 587, 589, 595, 596, 604, 610, 613, 614, 617, 618, 636, 637, 638, 640, 641, 648, 649, 650, 651, 658, 660, 662], "summary": {"covered_lines": 77, "num_statements": 171, "percent_covered": 48.78048780487805, "percent_covered_display": "49", "missing_lines": 94, "excluded_lines": 1, "num_branches": 34, "num_partial_branches": 9, "covered_branches": 23, "missing_branches": 11}, "missing_lines": [215, 216, 331, 332, 335, 336, 353, 361, 362, 364, 365, 366, 378, 379, 380, 381, 382, 383, 385, 386, 387, 400, 402, 403, 404, 405, 406, 407, 408, 409, 410, 411, 412, 413, 414, 415, 416, 417, 418, 419, 420, 421, 422, 427, 428, 429, 430, 431, 432, 433, 434, 435, 436, 437, 459, 460, 461, 462, 463, 464, 465, 588, 590, 591, 592, 593, 597, 598, 599, 600, 601, 611, 612, 615, 616, 619, 620, 621, 622, 623, 624, 625, 626, 627, 628, 629, 630, 631, 656, 657, 663, 664, 665, 666], "excluded_lines": [324], "executed_branches": [[214, 218], [343, 344], [350, 351], [350, 396], [352, 354], [375, 350], [375, 376], [399, 424], [426, 444], [445, 448], [453, 454], [569, 570], [571, 572], [571, 595], [572, 573], [572, 574], [574, 575], [574, 576], [581, 582], [581, 587], [587, 589], [648, 649], [648, 658]], "missing_branches": [[214, 215], [343, 636], [352, 353], [399, 400], [419, 420], [419, 444], [426, 427], [445, 636], [453, 474], [569, 595], [587, 588]]}, "install_create_app_helpers._runtime_create_app": {"executed_lines": [], "summary": {"covered_lines": 0, "num_statements": 40, "percent_covered": 0.0, "percent_covered_display": "0", "missing_lines": 40, "excluded_lines": 0, "num_branches": 14, "num_partial_branches": 0, "covered_branches": 0, "missing_branches": 14}, "missing_lines": [221, 222, 225, 226, 227, 228, 229, 230, 231, 234, 235, 236, 237, 238, 239, 240, 241, 244, 245, 246, 247, 248, 249, 250, 253, 254, 255, 256, 259, 260, 261, 262, 263, 264, 265, 266, 267, 268, 269, 270], "excluded_lines": [], "executed_branches": [], "missing_branches": [[228, 229], [228, 234], [236, 237], [236, 244], [238, 239], [238, 244], [247, 248], [247, 253], [255, 256], [255, 270], [259, 260], [259, 270], [263, 264], [263, 270]]}, "install_create_app_helpers._CreateAppDelegate.__init__": {"executed_lines": [274], "summary": {"covered_lines": 1, "num_statements": 1, "percent_covered": 100.0, "percent_covered_display": "100", "missing_lines": 0, "excluded_lines": 0, "num_branches": 0, "num_partial_branches": 0, "covered_branches": 0, "missing_branches": 0}, "missing_lines": [], "excluded_lines": [], "executed_branches": [], "missing_branches": []}, "install_create_app_helpers._CreateAppDelegate.__call__": {"executed_lines": [277, 278, 280, 281, 282, 283, 284, 285, 288, 289, 290, 297, 298, 299, 300, 305, 306, 307, 308, 311, 312, 313, 314, 315, 316, 317, 320], "summary": {"covered_lines": 27, "num_statements": 39, "percent_covered": 64.15094339622641, "percent_covered_display": "64", "missing_lines": 12, "excluded_lines": 0, "num_branches": 14, "num_partial_branches": 5, "covered_branches": 7, "missing_branches": 7}, "missing_lines": [286, 291, 292, 293, 294, 295, 301, 302, 303, 318, 321, 322], "excluded_lines": [], "executed_branches": [[283, 284], [283, 288], [290, 297], [300, 305], [307, 308], [311, 312], [315, 316]], "missing_branches": [[290, 291], [292, 293], [292, 297], [300, 301], [307, 322], [311, 322], [315, 322]]}, "install_create_app_helpers._CreateAppDelegate.__repr__": {"executed_lines": [], "summary": {"covered_lines": 0, "num_statements": 0, "percent_covered": 100.0, "percent_covered_display": "100", "missing_lines": 0, "excluded_lines": 1, "num_branches": 0, "num_partial_branches": 0, "covered_branches": 0, "missing_branches": 0}, "missing_lines": [], "excluded_lines": [325], "executed_branches": [], "missing_branches": []}, "install_create_app_helpers._LoggedModule.__getattribute__": {"executed_lines": [489, 490, 493, 494, 496, 497, 498, 499, 503, 510, 511, 525, 526, 527, 529, 565], "summary": {"covered_lines": 16, "num_statements": 46, "percent_covered": 32.758620689655174, "percent_covered_display": "33", "missing_lines": 30, "excluded_lines": 0, "num_branches": 12, "num_partial_branches": 1, "covered_branches": 3, "missing_branches": 9}, "missing_lines": [500, 501, 516, 517, 518, 519, 530, 531, 533, 534, 535, 536, 539, 541, 542, 546, 547, 548, 549, 550, 551, 552, 557, 558, 559, 560, 561, 562, 563, 564], "excluded_lines": [], "executed_branches": [[489, 490], [489, 565], [529, 565]], "missing_branches": [[529, 530], [535, 536], [535, 539], [539, 541], [539, 559], [551, 552], [551, 559], [559, 560], [559, 565]]}, "": {"executed_lines": [1, 9, 11, 12, 13, 14, 17, 18, 25, 56, 66, 75, 87, 96, 204], "summary": {"covered_lines": 14, "num_statements": 14, "percent_covered": 100.0, "percent_covered_display": "100", "missing_lines": 0, "excluded_lines": 0, "num_branches": 0, "num_partial_branches": 0, "covered_branches": 0, "missing_branches": 0}, "missing_lines": [], "excluded_lines": [], "executed_branches": [], "missing_branches": []}}, "classes": {"_ModuleProxy": {"executed_lines": [19, 20, 21, 22, 23, 26, 27, 28, 29, 30, 31, 32, 35, 36, 39, 40, 41, 42, 45, 46, 47, 48, 49, 57, 59, 60, 61, 67, 69, 70, 71, 72, 76, 78, 79, 80, 81, 82, 88, 89, 90, 91, 92, 93], "summary": {"covered_lines": 44, "num_statements": 61, "percent_covered": 67.05882352941177, "percent_covered_display": "67", "missing_lines": 17, "excluded_lines": 0, "num_branches": 24, "num_partial_branches": 11, "covered_branches": 13, "missing_branches": 11}, "missing_lines": [33, 34, 37, 38, 50, 51, 52, 53, 54, 58, 62, 68, 73, 77, 83, 84, 85], "excluded_lines": [], "executed_branches": [[27, 28], [27, 29], [32, 35], [36, 39], [40, 41], [45, 46], [57, 59], [60, 61], [67, 69], [70, 71], [76, 78], [79, 80], [90, 91]], "missing_branches": [[32, 33], [36, 37], [40, 54], [45, 54], [57, 58], [60, 62], [67, 68], [70, 73], [76, 77], [79, 85], [90, 92]]}, "install_create_app_helpers._CreateAppDelegate": {"executed_lines": [274, 277, 278, 280, 281, 282, 283, 284, 285, 288, 289, 290, 297, 298, 299, 300, 305, 306, 307, 308, 311, 312, 313, 314, 315, 316, 317, 320], "summary": {"covered_lines": 28, "num_statements": 40, "percent_covered": 64.81481481481481, "percent_covered_display": "65", "missing_lines": 12, "excluded_lines": 1, "num_branches": 14, "num_partial_branches": 5, "covered_branches": 7, "missing_branches": 7}, "missing_lines": [286, 291, 292, 293, 294, 295, 301, 302, 303, 318, 321, 322], "excluded_lines": [325], "executed_branches": [[283, 284], [283, 288], [290, 297], [300, 305], [307, 308], [311, 312], [315, 316]], "missing_branches": [[290, 291], [292, 293], [292, 297], [300, 301], [307, 322], [311, 322], [315, 322]]}, "install_create_app_helpers._LoggedModule": {"executed_lines": [489, 490, 493, 494, 496, 497, 498, 499, 503, 510, 511, 525, 526, 527, 529, 565], "summary": {"covered_lines": 16, "num_statements": 46, "percent_covered": 32.758620689655174, "percent_covered_display": "33", "missing_lines": 30, "excluded_lines": 0, "num_branches": 12, "num_partial_branches": 1, "covered_branches": 3, "missing_branches": 9}, "missing_lines": [500, 501, 516, 517, 518, 519, 530, 531, 533, 534, 535, 536, 539, 541, 542, 546, 547, 548, 549, 550, 551, 552, 557, 558, 559, 560, 561, 562, 563, 564], "excluded_lines": [], "executed_branches": [[489, 490], [489, 565], [529, 565]], "missing_branches": [[529, 530], [535, 536], [535, 539], [539, 541], [539, 559], [551, 552], [551, 559], [559, 560], [559, 565]]}, "": {"executed_lines": [1, 9, 11, 12, 13, 14, 17, 18, 25, 56, 66, 75, 87, 96, 102, 103, 107, 112, 113, 114, 120, 121, 124, 125, 126, 129, 130, 136, 138, 141, 144, 145, 146, 149, 150, 151, 152, 153, 156, 163, 164, 165, 171, 172, 173, 175, 180, 183, 188, 189, 192, 193, 194, 195, 196, 204, 213, 214, 218, 220, 272, 273, 276, 324, 327, 329, 330, 333, 334, 342, 343, 344, 345, 349, 350, 351, 352, 354, 360, 372, 373, 375, 376, 377, 396, 398, 399, 424, 426, 444, 445, 448, 453, 454, 457, 458, 474, 475, 482, 483, 567, 569, 570, 571, 572, 573, 574, 575, 576, 577, 581, 582, 587, 589, 595, 596, 604, 610, 613, 614, 617, 618, 636, 637, 638, 640, 641, 648, 649, 650, 651, 658, 660, 662], "summary": {"covered_lines": 132, "num_statements": 291, "percent_covered": 46.63072776280323, "percent_covered_display": "47", "missing_lines": 159, "excluded_lines": 1, "num_branches": 80, "num_partial_branches": 19, "covered_branches": 41, "missing_branches": 39}, "missing_lines": [104, 105, 127, 128, 139, 147, 148, 154, 155, 157, 158, 159, 160, 161, 162, 166, 167, 168, 169, 174, 176, 197, 198, 199, 201, 215, 216, 221, 222, 225, 226, 227, 228, 229, 230, 231, 234, 235, 236, 237, 238, 239, 240, 241, 244, 245, 246, 247, 248, 249, 250, 253, 254, 255, 256, 259, 260, 261, 262, 263, 264, 265, 266, 267, 268, 269, 270, 331, 332, 335, 336, 353, 361, 362, 364, 365, 366, 378, 379, 380, 381, 382, 383, 385, 386, 387, 400, 402, 403, 404, 405, 406, 407, 408, 409, 410, 411, 412, 413, 414, 415, 416, 417, 418, 419, 420, 421, 422, 427, 428, 429, 430, 431, 432, 433, 434, 435, 436, 437, 459, 460, 461, 462, 463, 464, 465, 588, 590, 591, 592, 593, 597, 598, 599, 600, 601, 611, 612, 615, 616, 619, 620, 621, 622, 623, 624, 625, 626, 627, 628, 629, 630, 631, 656, 657, 663, 664, 665, 666], "excluded_lines": [324], "executed_branches": [[103, 107], [112, -96], [112, 113], [120, 121], [120, 130], [125, 126], [144, 145], [144, 149], [151, 152], [156, 163], [163, 164], [173, 175], [175, 180], [180, 183], [188, 189], [188, 193], [189, 192], [195, 196], [214, 218], [343, 344], [350, 351], [350, 396], [352, 354], [375, 350], [375, 376], [399, 424], [426, 444], [445, 448], [453, 454], [569, 570], [571, 572], [571, 595], [572, 573], [572, 574], [574, 575], [574, 576], [581, 582], [581, 587], [587, 589], [648, 649], [648, 658]], "missing_branches": [[103, 104], [125, 129], [151, 156], [156, 157], [159, 160], [159, 161], [161, 162], [161, 163], [163, 171], [173, 174], [175, 176], [180, 188], [189, 193], [195, 112], [214, 215], [228, 229], [228, 234], [236, 237], [236, 244], [238, 239], [238, 244], [247, 248], [247, 253], [255, 256], [255, 270], [259, 260], [259, 270], [263, 264], [263, 270], [343, 636], [352, 353], [399, 400], [419, 420], [419, 444], [426, 427], [445, 636], [453, 474], [569, 595], [587, 588]]}}}, "researcharr/_package_helpers.py": {"executed_lines": [1, 6, 8, 9, 10, 11, 13, 14, 19, 26, 27, 28, 29, 31, 32, 33, 34, 35, 36, 43, 44, 45, 47, 48, 52, 53, 57, 68, 89, 91, 92, 94, 95, 96, 97, 98, 99, 100, 101, 102, 103, 112, 113, 114, 115, 116, 117, 118, 119, 121, 122, 123, 128, 131, 132, 133, 134, 136, 137, 138, 139, 140, 144, 145, 146, 147, 148, 151, 158, 159, 160, 161, 162, 168, 210, 211, 215, 216], "summary": {"covered_lines": 77, "num_statements": 165, "percent_covered": 44.97816593886463, "percent_covered_display": "45", "missing_lines": 88, "excluded_lines": 0, "num_branches": 64, "num_partial_branches": 10, "covered_branches": 26, "missing_branches": 38}, "missing_lines": [15, 16, 37, 38, 39, 40, 41, 42, 54, 55, 58, 59, 60, 61, 62, 63, 69, 70, 71, 72, 73, 74, 75, 76, 77, 78, 79, 80, 81, 82, 83, 104, 105, 106, 107, 125, 126, 127, 129, 141, 142, 163, 164, 165, 166, 170, 171, 172, 173, 174, 175, 176, 177, 179, 180, 181, 182, 183, 184, 185, 186, 188, 189, 190, 191, 192, 193, 194, 196, 197, 198, 199, 200, 201, 203, 204, 205, 206, 207, 208, 212, 213, 214, 217, 218, 219, 220, 221], "excluded_lines": [], "executed_branches": [[33, 34], [33, 47], [36, 43], [47, 48], [57, 68], [68, 89], [96, 97], [96, 112], [99, 96], [99, 100], [101, 96], [101, 102], [112, 113], [114, 115], [114, 122], [117, 114], [117, 118], [128, 131], [136, 137], [136, 144], [137, 138], [137, 139], [144, 145], [162, 168], [211, 215], [216, -151]], "missing_branches": [[36, 37], [38, 39], [38, 43], [47, 57], [57, 58], [60, 61], [60, 68], [68, 69], [70, 71], [70, 89], [72, 73], [72, 74], [75, 76], [75, 77], [77, 70], [77, 78], [112, 125], [128, 129], [144, -19], [162, 163], [172, 173], [172, 179], [174, 175], [174, 179], [181, 182], [181, 188], [183, 184], [183, 188], [189, 190], [189, 203], [191, 192], [191, 193], [196, 189], [196, 197], [204, 205], [204, 208], [211, 212], [216, 217]], "functions": {"serve": {"executed_lines": [26, 27, 28, 29, 31, 32, 33, 34, 35, 36, 43, 44, 45, 47, 48, 52, 53, 57, 68, 89, 91, 92, 94, 95, 96, 97, 98, 99, 100, 101, 102, 103, 112, 113, 114, 115, 116, 117, 118, 119, 121, 122, 123, 128, 131, 132, 133, 134, 136, 137, 138, 139, 140, 144, 145, 146, 147, 148], "summary": {"covered_lines": 58, "num_statements": 97, "percent_covered": 58.273381294964025, "percent_covered_display": "58", "missing_lines": 39, "excluded_lines": 0, "num_branches": 42, "num_partial_branches": 7, "covered_branches": 23, "missing_branches": 19}, "missing_lines": [37, 38, 39, 40, 41, 42, 54, 55, 58, 59, 60, 61, 62, 63, 69, 70, 71, 72, 73, 74, 75, 76, 77, 78, 79, 80, 81, 82, 83, 104, 105, 106, 107, 125, 126, 127, 129, 141, 142], "excluded_lines": [], "executed_branches": [[33, 34], [33, 47], [36, 43], [47, 48], [57, 68], [68, 89], [96, 97], [96, 112], [99, 96], [99, 100], [101, 96], [101, 102], [112, 113], [114, 115], [114, 122], [117, 114], [117, 118], [128, 131], [136, 137], [136, 144], [137, 138], [137, 139], [144, 145]], "missing_branches": [[36, 37], [38, 39], [38, 43], [47, 57], [57, 58], [60, 61], [60, 68], [68, 69], [70, 71], [70, 89], [72, 73], [72, 74], [75, 76], [75, 77], [77, 70], [77, 78], [112, 125], [128, 129], [144, -19]]}, "install_create_metrics_dispatcher": {"executed_lines": [158, 159, 160, 161, 162, 168, 210, 211, 215, 216], "summary": {"covered_lines": 10, "num_statements": 22, "percent_covered": 46.42857142857143, "percent_covered_display": "46", "missing_lines": 12, "excluded_lines": 0, "num_branches": 6, "num_partial_branches": 3, "covered_branches": 3, "missing_branches": 3}, "missing_lines": [163, 164, 165, 166, 212, 213, 214, 217, 218, 219, 220, 221], "excluded_lines": [], "executed_branches": [[162, 168], [211, 215], [216, -151]], "missing_branches": [[162, 163], [211, 212], [216, 217]]}, "install_create_metrics_dispatcher._create_dispatch": {"executed_lines": [], "summary": {"covered_lines": 0, "num_statements": 35, "percent_covered": 0.0, "percent_covered_display": "0", "missing_lines": 35, "excluded_lines": 0, "num_branches": 16, "num_partial_branches": 0, "covered_branches": 0, "missing_branches": 16}, "missing_lines": [170, 171, 172, 173, 174, 175, 176, 177, 179, 180, 181, 182, 183, 184, 185, 186, 188, 189, 190, 191, 192, 193, 194, 196, 197, 198, 199, 200, 201, 203, 204, 205, 206, 207, 208], "excluded_lines": [], "executed_branches": [], "missing_branches": [[172, 173], [172, 179], [174, 175], [174, 179], [181, 182], [181, 188], [183, 184], [183, 188], [189, 190], [189, 203], [191, 192], [191, 193], [196, 189], [196, 197], [204, 205], [204, 208]]}, "": {"executed_lines": [1, 6, 8, 9, 10, 11, 13, 14, 19, 151], "summary": {"covered_lines": 9, "num_statements": 11, "percent_covered": 81.81818181818181, "percent_covered_display": "82", "missing_lines": 2, "excluded_lines": 0, "num_branches": 0, "num_partial_branches": 0, "covered_branches": 0, "missing_branches": 0}, "missing_lines": [15, 16], "excluded_lines": [], "executed_branches": [], "missing_branches": []}}, "classes": {"": {"executed_lines": [1, 6, 8, 9, 10, 11, 13, 14, 19, 26, 27, 28, 29, 31, 32, 33, 34, 35, 36, 43, 44, 45, 47, 48, 52, 53, 57, 68, 89, 91, 92, 94, 95, 96, 97, 98, 99, 100, 101, 102, 103, 112, 113, 114, 115, 116, 117, 118, 119, 121, 122, 123, 128, 131, 132, 133, 134, 136, 137, 138, 139, 140, 144, 145, 146, 147, 148, 151, 158, 159, 160, 161, 162, 168, 210, 211, 215, 216], "summary": {"covered_lines": 77, "num_statements": 165, "percent_covered": 44.97816593886463, "percent_covered_display": "45", "missing_lines": 88, "excluded_lines": 0, "num_branches": 64, "num_partial_branches": 10, "covered_branches": 26, "missing_branches": 38}, "missing_lines": [15, 16, 37, 38, 39, 40, 41, 42, 54, 55, 58, 59, 60, 61, 62, 63, 69, 70, 71, 72, 73, 74, 75, 76, 77, 78, 79, 80, 81, 82, 83, 104, 105, 106, 107, 125, 126, 127, 129, 141, 142, 163, 164, 165, 166, 170, 171, 172, 173, 174, 175, 176, 177, 179, 180, 181, 182, 183, 184, 185, 186, 188, 189, 190, 191, 192, 193, 194, 196, 197, 198, 199, 200, 201, 203, 204, 205, 206, 207, 208, 212, 213, 214, 217, 218, 219, 220, 221], "excluded_lines": [], "executed_branches": [[33, 34], [33, 47], [36, 43], [47, 48], [57, 68], [68, 89], [96, 97], [96, 112], [99, 96], [99, 100], [101, 96], [101, 102], [112, 113], [114, 115], [114, 122], [117, 114], [117, 118], [128, 131], [136, 137], [136, 144], [137, 138], [137, 139], [144, 145], [162, 168], [211, 215], [216, -151]], "missing_branches": [[36, 37], [38, 39], [38, 43], [47, 57], [57, 58], [60, 61], [60, 68], [68, 69], [70, 71], [70, 89], [72, 73], [72, 74], [75, 76], [75, 77], [77, 70], [77, 78], [112, 125], [128, 129], [144, -19], [162, 163], [172, 173], [172, 179], [174, 175], [174, 179], [181, 182], [181, 188], [183, 184], [183, 188], [189, 190], [189, 203], [191, 192], [191, 193], [196, 189], [196, 197], [204, 205], [204, 208], [211, 212], [216, 217]]}}}, "researcharr/async_pipeline.py": {"executed_lines": [1, 17, 19, 20, 21, 22, 23, 24, 25, 27, 30, 31, 38, 41, 42, 44, 45, 48, 51, 52, 53, 54, 55, 58, 61, 62, 63, 64, 65, 66, 67, 68, 69, 70, 71, 72, 74, 77, 78, 88, 89, 90, 91, 92, 93, 94, 96, 97, 98, 100, 105, 107, 108, 110, 116, 118, 123, 124, 125, 129, 131, 132, 133, 142, 144, 149, 163, 164, 166, 168, 173, 174, 175, 176, 177, 178, 182, 184, 197, 199, 202, 203, 205, 206, 207, 208, 209, 210, 218, 238, 240, 242, 243, 245, 247, 251, 253, 254, 255, 256, 257, 258, 262, 263, 264, 267, 268, 270, 271, 272, 273, 274, 275, 278, 280, 281, 284, 285, 286, 288, 289, 290, 295, 296, 298, 299, 301, 302, 303, 308, 309, 310, 312, 313, 315, 316, 317, 332, 333, 334, 335, 336, 337, 350, 351, 352, 353, 354, 357, 358, 360, 361, 364, 370, 371, 372, 377, 379, 380, 382, 385, 388, 389, 390, 391, 394, 395, 397, 398, 399, 400, 405, 406, 407, 409, 410, 411, 412, 413, 416, 417, 419, 420, 422, 423, 428, 429, 430, 436, 438, 440, 441, 444, 446, 447, 450, 455, 460, 462, 463, 465, 466, 469, 470, 471, 472, 473, 477, 478, 486, 487, 488, 489, 490, 491, 492, 502, 503, 504, 505, 508, 511, 518, 522, 525, 527, 528, 529, 530, 533, 541, 542, 543, 544, 545, 546, 556, 558, 559, 561, 562, 563, 565, 566, 585, 587, 588, 590, 592, 594, 595, 596, 597, 599, 600, 602, 603, 604, 605, 606, 608, 609, 610, 611, 612, 615, 617, 618, 619, 620, 621, 622, 623, 624, 626, 630, 631, 632, 634, 638, 640, 641, 643, 645, 647, 648, 662, 663, 664, 666, 667, 669, 670, 671, 675, 676, 683, 684, 685, 686, 687, 688, 689, 690, 691, 692, 693, 696, 697, 698, 699, 700, 701, 702, 708, 717, 719, 720, 757, 758, 763, 764, 765, 767, 774, 775, 777, 780, 784, 785, 786, 787, 788, 789, 790, 791, 794, 795, 796, 800, 803, 809, 812, 813, 816, 817, 822, 824, 828, 829, 831, 832, 835, 845, 846, 850, 853, 859, 865, 871, 878, 884, 892, 894, 895, 901, 902, 903, 904, 905, 906, 908, 910, 911, 912, 913, 915, 916, 917, 919, 921, 925, 927, 928, 929, 930, 932, 939], "summary": {"covered_lines": 378, "num_statements": 482, "percent_covered": 75.63291139240506, "percent_covered_display": "76", "missing_lines": 104, "excluded_lines": 13, "num_branches": 150, "num_partial_branches": 34, "covered_branches": 100, "missing_branches": 50}, "missing_lines": [56, 111, 112, 113, 114, 126, 127, 165, 179, 180, 198, 200, 211, 213, 214, 215, 216, 244, 259, 260, 276, 277, 282, 283, 293, 294, 306, 307, 318, 323, 330, 331, 344, 345, 346, 347, 355, 362, 363, 367, 368, 375, 376, 381, 383, 387, 396, 401, 402, 414, 424, 425, 426, 427, 431, 432, 433, 435, 442, 443, 448, 449, 453, 461, 474, 475, 481, 483, 484, 493, 494, 496, 497, 499, 506, 507, 512, 513, 514, 515, 519, 520, 523, 557, 607, 613, 703, 704, 706, 734, 737, 738, 742, 743, 749, 750, 751, 755, 778, 792, 793, 918, 920, 922], "excluded_lines": [38, 39, 41, 42, 44, 45, 118, 119, 120, 121, 122, 847, 848], "executed_branches": [[54, 55], [107, 108], [123, -116], [123, 124], [132, 133], [132, 142], [164, 166], [174, 175], [174, 182], [177, 178], [197, 199], [199, 202], [202, 203], [202, 205], [207, 208], [207, 210], [210, 218], [243, 245], [251, 253], [251, 267], [254, 255], [257, 258], [262, 251], [262, 263], [267, -242], [267, 268], [278, 280], [278, 286], [298, 299], [310, 312], [310, 350], [317, 332], [352, 353], [352, 357], [354, 364], [380, 382], [382, 385], [385, 388], [395, 397], [399, 400], [405, 406], [405, 409], [409, 410], [409, 416], [416, 417], [416, 438], [438, 440], [460, 462], [463, 465], [465, 466], [465, 469], [469, 470], [469, 477], [471, 469], [471, 472], [486, 487], [486, 502], [488, 489], [491, 492], [502, -455], [502, 503], [528, 529], [528, 530], [542, 543], [542, 559], [556, 558], [599, 600], [599, 602], [606, 608], [609, 610], [609, 611], [611, 612], [618, 619], [618, 620], [620, 621], [620, 622], [622, 623], [622, 624], [631, 632], [631, 640], [640, 641], [640, 645], [663, 664], [663, 669], [685, 686], [685, 717], [697, 698], [774, 775], [777, -767], [787, 788], [787, 794], [790, 787], [790, 791], [902, -901], [902, 903], [915, 916], [917, 919], [919, 921], [921, 925], [928, 929]], "missing_branches": [[54, 56], [107, -105], [164, 165], [177, 174], [197, 198], [199, 200], [210, 211], [213, 214], [213, 218], [214, 213], [214, 215], [243, 244], [254, 262], [257, 262], [298, 301], [317, 318], [354, 355], [380, 381], [382, 383], [385, 387], [395, 396], [399, -394], [438, 453], [460, 461], [463, 496], [483, 484], [483, 486], [488, 486], [491, 486], [496, 497], [496, 499], [513, 514], [513, 515], [556, 557], [606, 607], [611, 613], [697, 706], [737, 738], [737, 742], [749, 750], [749, 755], [750, 749], [750, 751], [774, 777], [777, 778], [915, 917], [917, 918], [919, 920], [921, 922], [928, 930]], "functions": {"Stage.process": {"executed_lines": [], "summary": {"covered_lines": 0, "num_statements": 0, "percent_covered": 100.0, "percent_covered_display": "100", "missing_lines": 0, "excluded_lines": 1, "num_branches": 0, "num_partial_branches": 0, "covered_branches": 0, "missing_branches": 0}, "missing_lines": [], "excluded_lines": [39], "executed_branches": [], "missing_branches": []}, "Stage.setup": {"executed_lines": [42], "summary": {"covered_lines": 0, "num_statements": 0, "percent_covered": 100.0, "percent_covered_display": "100", "missing_lines": 0, "excluded_lines": 1, "num_branches": 0, "num_partial_branches": 0, "covered_branches": 0, "missing_branches": 0}, "missing_lines": [], "excluded_lines": [42], "executed_branches": [], "missing_branches": []}, "Stage.teardown": {"executed_lines": [45], "summary": {"covered_lines": 0, "num_statements": 0, "percent_covered": 100.0, "percent_covered_display": "100", "missing_lines": 0, "excluded_lines": 1, "num_branches": 0, "num_partial_branches": 0, "covered_branches": 0, "missing_branches": 0}, "missing_lines": [], "excluded_lines": [45], "executed_branches": [], "missing_branches": []}, "_callable_to_stage": {"executed_lines": [51, 52, 58], "summary": {"covered_lines": 3, "num_statements": 3, "percent_covered": 100.0, "percent_covered_display": "100", "missing_lines": 0, "excluded_lines": 0, "num_branches": 0, "num_partial_branches": 0, "covered_branches": 0, "missing_branches": 0}, "missing_lines": [], "excluded_lines": [], "executed_branches": [], "missing_branches": []}, "_callable_to_stage._FnStage.process": {"executed_lines": [53, 54, 55], "summary": {"covered_lines": 3, "num_statements": 4, "percent_covered": 66.66666666666667, "percent_covered_display": "67", "missing_lines": 1, "excluded_lines": 0, "num_branches": 2, "num_partial_branches": 1, "covered_branches": 1, "missing_branches": 1}, "missing_lines": [56], "excluded_lines": [], "executed_branches": [[54, 55]], "missing_branches": [[54, 56]]}, "Pipeline.__init__": {"executed_lines": [89, 90, 91, 92, 93, 94, 96, 97, 98, 100], "summary": {"covered_lines": 10, "num_statements": 10, "percent_covered": 100.0, "percent_covered_display": "100", "missing_lines": 0, "excluded_lines": 0, "num_branches": 0, "num_partial_branches": 0, "covered_branches": 0, "missing_branches": 0}, "missing_lines": [], "excluded_lines": [], "executed_branches": [], "missing_branches": []}, "Pipeline.subscribe_progress": {"executed_lines": [107, 108], "summary": {"covered_lines": 2, "num_statements": 2, "percent_covered": 75.0, "percent_covered_display": "75", "missing_lines": 0, "excluded_lines": 0, "num_branches": 2, "num_partial_branches": 1, "covered_branches": 1, "missing_branches": 1}, "missing_lines": [], "excluded_lines": [], "executed_branches": [[107, 108]], "missing_branches": [[107, -105]]}, "Pipeline.unsubscribe_progress": {"executed_lines": [], "summary": {"covered_lines": 0, "num_statements": 4, "percent_covered": 0.0, "percent_covered_display": "0", "missing_lines": 4, "excluded_lines": 0, "num_branches": 0, "num_partial_branches": 0, "covered_branches": 0, "missing_branches": 0}, "missing_lines": [111, 112, 113, 114], "excluded_lines": [], "executed_branches": [], "missing_branches": []}, "Pipeline._emit_progress": {"executed_lines": [118, 123, 124, 125], "summary": {"covered_lines": 3, "num_statements": 5, "percent_covered": 71.42857142857143, "percent_covered_display": "71", "missing_lines": 2, "excluded_lines": 5, "num_branches": 2, "num_partial_branches": 0, "covered_branches": 2, "missing_branches": 0}, "missing_lines": [126, 127], "excluded_lines": [118, 119, 120, 121, 122], "executed_branches": [[123, -116], [123, 124]], "missing_branches": []}, "Pipeline.get_status": {"executed_lines": [131, 132, 133, 142], "summary": {"covered_lines": 4, "num_statements": 4, "percent_covered": 100.0, "percent_covered_display": "100", "missing_lines": 0, "excluded_lines": 0, "num_branches": 2, "num_partial_branches": 0, "covered_branches": 2, "missing_branches": 0}, "missing_lines": [], "excluded_lines": [], "executed_branches": [[132, 133], [132, 142]], "missing_branches": []}, "Pipeline.get_metrics": {"executed_lines": [149], "summary": {"covered_lines": 1, "num_statements": 1, "percent_covered": 100.0, "percent_covered_display": "100", "missing_lines": 0, "excluded_lines": 0, "num_branches": 0, "num_partial_branches": 0, "covered_branches": 0, "missing_branches": 0}, "missing_lines": [], "excluded_lines": [], "executed_branches": [], "missing_branches": []}, "Pipeline.get_dead_letters": {"executed_lines": [164, 166], "summary": {"covered_lines": 2, "num_statements": 3, "percent_covered": 60.0, "percent_covered_display": "60", "missing_lines": 1, "excluded_lines": 0, "num_branches": 2, "num_partial_branches": 1, "covered_branches": 1, "missing_branches": 1}, "missing_lines": [165], "excluded_lines": [], "executed_branches": [[164, 166]], "missing_branches": [[164, 165]]}, "Pipeline.drain_dead_letters": {"executed_lines": [173, 174, 175, 176, 177, 178, 182], "summary": {"covered_lines": 7, "num_statements": 9, "percent_covered": 76.92307692307692, "percent_covered_display": "77", "missing_lines": 2, "excluded_lines": 0, "num_branches": 4, "num_partial_branches": 1, "covered_branches": 3, "missing_branches": 1}, "missing_lines": [179, 180], "excluded_lines": [], "executed_branches": [[174, 175], [174, 182], [177, 178]], "missing_branches": [[177, 174]]}, "Pipeline.add_stage": {"executed_lines": [197, 199, 202, 203, 205, 206, 207, 208, 209, 210, 218, 238, 240], "summary": {"covered_lines": 13, "num_statements": 20, "percent_covered": 58.8235294117647, "percent_covered_display": "59", "missing_lines": 7, "excluded_lines": 0, "num_branches": 14, "num_partial_branches": 3, "covered_branches": 7, "missing_branches": 7}, "missing_lines": [198, 200, 211, 213, 214, 215, 216], "excluded_lines": [], "executed_branches": [[197, 199], [199, 202], [202, 203], [202, 205], [207, 208], [207, 210], [210, 218]], "missing_branches": [[197, 198], [199, 200], [210, 211], [213, 214], [213, 218], [214, 213], [214, 215]]}, "Pipeline.start": {"executed_lines": [243, 245, 247, 251, 253, 254, 255, 256, 257, 258, 262, 263, 264, 267, 268], "summary": {"covered_lines": 15, "num_statements": 18, "percent_covered": 80.0, "percent_covered_display": "80", "missing_lines": 3, "excluded_lines": 0, "num_branches": 12, "num_partial_branches": 3, "covered_branches": 9, "missing_branches": 3}, "missing_lines": [244, 259, 260], "excluded_lines": [], "executed_branches": [[243, 245], [251, 253], [251, 267], [254, 255], [257, 258], [262, 251], [262, 263], [267, -242], [267, 268]], "missing_branches": [[243, 244], [254, 262], [257, 262]]}, "Pipeline._run_stage": {"executed_lines": [271, 272, 273, 274, 275, 278, 280, 281, 284, 285, 286, 288, 289, 290, 295, 296, 298, 299, 301, 302, 303, 308, 309, 310, 312, 313, 315, 316, 317, 332, 333, 334, 335, 336, 337, 350, 351, 352, 353, 354, 357, 358, 360, 361, 364, 370, 371, 372, 377], "summary": {"covered_lines": 49, "num_statements": 72, "percent_covered": 69.04761904761905, "percent_covered_display": "69", "missing_lines": 23, "excluded_lines": 0, "num_branches": 12, "num_partial_branches": 3, "covered_branches": 9, "missing_branches": 3}, "missing_lines": [276, 277, 282, 283, 293, 294, 306, 307, 318, 323, 330, 331, 344, 345, 346, 347, 355, 362, 363, 367, 368, 375, 376], "excluded_lines": [], "executed_branches": [[278, 280], [278, 286], [298, 299], [310, 312], [310, 350], [317, 332], [352, 353], [352, 357], [354, 364]], "missing_branches": [[298, 301], [317, 318], [354, 355]]}, "Pipeline.push": {"executed_lines": [380, 382, 385, 388, 389, 390, 391, 394, 405, 406, 407, 409, 410, 411, 412, 413, 416, 417, 419, 420, 422, 423, 428, 429, 430, 436, 438, 440, 441, 444, 446, 447, 450], "summary": {"covered_lines": 33, "num_statements": 50, "percent_covered": 67.1875, "percent_covered_display": "67", "missing_lines": 17, "excluded_lines": 0, "num_branches": 14, "num_partial_branches": 4, "covered_branches": 10, "missing_branches": 4}, "missing_lines": [381, 383, 387, 414, 424, 425, 426, 427, 431, 432, 433, 435, 442, 443, 448, 449, 453], "excluded_lines": [], "executed_branches": [[380, 382], [382, 385], [385, 388], [405, 406], [405, 409], [409, 410], [409, 416], [416, 417], [416, 438], [438, 440]], "missing_branches": [[380, 381], [382, 383], [385, 387], [438, 453]]}, "Pipeline.push._call_handler": {"executed_lines": [395, 397, 398, 399, 400], "summary": {"covered_lines": 5, "num_statements": 8, "percent_covered": 58.333333333333336, "percent_covered_display": "58", "missing_lines": 3, "excluded_lines": 0, "num_branches": 4, "num_partial_branches": 2, "covered_branches": 2, "missing_branches": 2}, "missing_lines": [396, 401, 402], "excluded_lines": [], "executed_branches": [[395, 397], [399, 400]], "missing_branches": [[395, 396], [399, -394]]}, "Pipeline.shutdown": {"executed_lines": [460, 462, 463, 465, 466, 469, 470, 471, 472, 473, 477, 478, 486, 487, 488, 489, 490, 491, 492, 502, 503, 504, 505, 508], "summary": {"covered_lines": 24, "num_statements": 37, "percent_covered": 64.40677966101696, "percent_covered_display": "64", "missing_lines": 13, "excluded_lines": 0, "num_branches": 22, "num_partial_branches": 4, "covered_branches": 14, "missing_branches": 8}, "missing_lines": [461, 474, 475, 481, 483, 484, 493, 494, 496, 497, 499, 506, 507], "excluded_lines": [], "executed_branches": [[460, 462], [463, 465], [465, 466], [465, 469], [469, 470], [469, 477], [471, 469], [471, 472], [486, 487], [486, 502], [488, 489], [491, 492], [502, -455], [502, 503]], "missing_branches": [[460, 461], [463, 496], [483, 484], [483, 486], [488, 486], [491, 486], [496, 497], [496, 499]]}, "Pipeline.run_from_iterable": {"executed_lines": [], "summary": {"covered_lines": 0, "num_statements": 4, "percent_covered": 0.0, "percent_covered_display": "0", "missing_lines": 4, "excluded_lines": 0, "num_branches": 2, "num_partial_branches": 0, "covered_branches": 0, "missing_branches": 2}, "missing_lines": [512, 513, 514, 515], "excluded_lines": [], "executed_branches": [], "missing_branches": [[513, 514], [513, 515]]}, "Pipeline.__aenter__": {"executed_lines": [], "summary": {"covered_lines": 0, "num_statements": 2, "percent_covered": 0.0, "percent_covered_display": "0", "missing_lines": 2, "excluded_lines": 0, "num_branches": 0, "num_partial_branches": 0, "covered_branches": 0, "missing_branches": 0}, "missing_lines": [519, 520], "excluded_lines": [], "executed_branches": [], "missing_branches": []}, "Pipeline.__aexit__": {"executed_lines": [], "summary": {"covered_lines": 0, "num_statements": 1, "percent_covered": 0.0, "percent_covered_display": "0", "missing_lines": 1, "excluded_lines": 0, "num_branches": 0, "num_partial_branches": 0, "covered_branches": 0, "missing_branches": 0}, "missing_lines": [523], "excluded_lines": [], "executed_branches": [], "missing_branches": []}, "Pipeline.run": {"executed_lines": [527, 528, 529, 530], "summary": {"covered_lines": 4, "num_statements": 4, "percent_covered": 100.0, "percent_covered_display": "100", "missing_lines": 0, "excluded_lines": 0, "num_branches": 2, "num_partial_branches": 0, "covered_branches": 2, "missing_branches": 0}, "missing_lines": [], "excluded_lines": [], "executed_branches": [[528, 529], [528, 530]], "missing_branches": []}, "Pipeline.to_dict": {"executed_lines": [541, 542, 543, 544, 545, 546, 556, 558, 559], "summary": {"covered_lines": 9, "num_statements": 10, "percent_covered": 85.71428571428571, "percent_covered_display": "86", "missing_lines": 1, "excluded_lines": 0, "num_branches": 4, "num_partial_branches": 1, "covered_branches": 3, "missing_branches": 1}, "missing_lines": [557], "excluded_lines": [], "executed_branches": [[542, 543], [542, 559], [556, 558]], "missing_branches": [[556, 557]]}, "Pipeline.to_json": {"executed_lines": [562, 563], "summary": {"covered_lines": 2, "num_statements": 2, "percent_covered": 100.0, "percent_covered_display": "100", "missing_lines": 0, "excluded_lines": 0, "num_branches": 0, "num_partial_branches": 0, "covered_branches": 0, "missing_branches": 0}, "missing_lines": [], "excluded_lines": [], "executed_branches": [], "missing_branches": []}, "Pipeline.from_template_dict": {"executed_lines": [585, 587, 588, 590, 592, 617, 626, 630, 631, 632, 634, 638, 640, 641, 643, 645], "summary": {"covered_lines": 16, "num_statements": 16, "percent_covered": 100.0, "percent_covered_display": "100", "missing_lines": 0, "excluded_lines": 0, "num_branches": 4, "num_partial_branches": 0, "covered_branches": 4, "missing_branches": 0}, "missing_lines": [], "excluded_lines": [], "executed_branches": [[631, 632], [631, 640], [640, 641], [640, 645]], "missing_branches": []}, "Pipeline.from_template_dict._interp_str": {"executed_lines": [594, 595, 596, 597, 599, 600, 602, 615], "summary": {"covered_lines": 8, "num_statements": 8, "percent_covered": 100.0, "percent_covered_display": "100", "missing_lines": 0, "excluded_lines": 0, "num_branches": 2, "num_partial_branches": 0, "covered_branches": 2, "missing_branches": 0}, "missing_lines": [], "excluded_lines": [], "executed_branches": [[599, 600], [599, 602]], "missing_branches": []}, "Pipeline.from_template_dict._interp_str._repl": {"executed_lines": [603, 604, 605, 606, 608, 609, 610, 611, 612], "summary": {"covered_lines": 9, "num_statements": 11, "percent_covered": 76.47058823529412, "percent_covered_display": "76", "missing_lines": 2, "excluded_lines": 0, "num_branches": 6, "num_partial_branches": 2, "covered_branches": 4, "missing_branches": 2}, "missing_lines": [607, 613], "excluded_lines": [], "executed_branches": [[606, 608], [609, 610], [609, 611], [611, 612]], "missing_branches": [[606, 607], [611, 613]]}, "Pipeline.from_template_dict.substitute": {"executed_lines": [618, 619, 620, 621, 622, 623, 624], "summary": {"covered_lines": 7, "num_statements": 7, "percent_covered": 100.0, "percent_covered_display": "100", "missing_lines": 0, "excluded_lines": 0, "num_branches": 6, "num_partial_branches": 0, "covered_branches": 6, "missing_branches": 0}, "missing_lines": [], "excluded_lines": [], "executed_branches": [[618, 619], [618, 620], [620, 621], [620, 622], [622, 623], [622, 624]], "missing_branches": []}, "Pipeline.from_template_file": {"executed_lines": [662, 663, 664, 666, 667, 669, 670, 671], "summary": {"covered_lines": 8, "num_statements": 8, "percent_covered": 100.0, "percent_covered_display": "100", "missing_lines": 0, "excluded_lines": 0, "num_branches": 2, "num_partial_branches": 0, "covered_branches": 2, "missing_branches": 0}, "missing_lines": [], "excluded_lines": [], "executed_branches": [[663, 664], [663, 669]], "missing_branches": []}, "Pipeline.from_dict": {"executed_lines": [683, 684, 685, 686, 687, 688, 689, 690, 691, 692, 693, 696, 697, 698, 699, 700, 701, 702, 708, 717], "summary": {"covered_lines": 20, "num_statements": 23, "percent_covered": 85.18518518518519, "percent_covered_display": "85", "missing_lines": 3, "excluded_lines": 0, "num_branches": 4, "num_partial_branches": 1, "covered_branches": 3, "missing_branches": 1}, "missing_lines": [703, 704, 706], "excluded_lines": [], "executed_branches": [[685, 686], [685, 717], [697, 698]], "missing_branches": [[697, 706]]}, "Pipeline.from_config": {"executed_lines": [], "summary": {"covered_lines": 0, "num_statements": 9, "percent_covered": 0.0, "percent_covered_display": "0", "missing_lines": 9, "excluded_lines": 0, "num_branches": 6, "num_partial_branches": 0, "covered_branches": 0, "missing_branches": 6}, "missing_lines": [734, 737, 738, 742, 743, 749, 750, 751, 755], "excluded_lines": [], "executed_branches": [], "missing_branches": [[737, 738], [737, 742], [749, 750], [749, 755], [750, 749], [750, 751]]}, "Pipeline.from_json": {"executed_lines": [763, 764, 765], "summary": {"covered_lines": 3, "num_statements": 3, "percent_covered": 100.0, "percent_covered_display": "100", "missing_lines": 0, "excluded_lines": 0, "num_branches": 0, "num_partial_branches": 0, "covered_branches": 0, "missing_branches": 0}, "missing_lines": [], "excluded_lines": [], "executed_branches": [], "missing_branches": []}, "Pipeline.register_metrics_exporter": {"executed_lines": [774, 775, 777], "summary": {"covered_lines": 3, "num_statements": 4, "percent_covered": 62.5, "percent_covered_display": "62", "missing_lines": 1, "excluded_lines": 0, "num_branches": 4, "num_partial_branches": 2, "covered_branches": 2, "missing_branches": 2}, "missing_lines": [778], "excluded_lines": [], "executed_branches": [[774, 775], [777, -767]], "missing_branches": [[774, 777], [777, 778]]}, "Pipeline._metrics_loop": {"executed_lines": [784, 785, 786, 787, 788, 789, 790, 791, 794, 795, 796], "summary": {"covered_lines": 11, "num_statements": 13, "percent_covered": 88.23529411764706, "per
[...]
344, 345, 346, 347, 348, 349, 368, 369, 371, 372, 373, 374, 375, 376, 379, 385, 386, 392], "excluded_lines": [], "executed_branches": [[66, 67], [66, 77], [67, 68], [92, 93], [92, 99], [95, 96], [99, 100], [101, 102], [103, 104], [106, 107], [106, 109], [109, 110], [109, 115], [118, 120], [120, 121], [127, 132], [127, 176], [132, 133], [132, 144], [135, 136], [135, 137], [138, 132], [138, 139], [144, 145], [144, 176], [145, 146], [145, 176], [147, 149], [150, 151], [150, 153], [154, 165], [166, 169], [170, 145], [176, 177], [176, 179], [181, 182], [181, 184], [195, 196], [195, 202], [198, 199], [202, 203], [204, 205], [206, 207], [209, 210], [209, 212], [212, 213], [212, 216], [219, 221], [221, 222], [228, 229], [228, 240], [229, 230], [229, 240], [231, 233], [234, 229], [240, 241], [240, 243], [245, 246], [245, 248], [263, 266], [263, 273], [266, 270], [270, 271], [270, 273], [277, 278], [277, 279], [367, 370], [370, 378], [378, 381], [388, 390], [388, 394], [390, 391], [394, 395]], "missing_branches": [[67, 73], [95, 106], [99, 101], [101, 103], [103, 106], [118, 119], [120, 125], [147, 148], [154, 155], [166, 167], [170, 171], [198, 209], [202, 204], [204, 206], [206, 209], [219, 220], [221, 226], [231, 232], [234, 235], [266, 267], [367, 368], [370, 371], [373, 374], [373, 378], [378, 379], [390, 392], [394, -354]], "functions": {"init_db": {"executed_lines": [47, 48, 49, 50, 55, 60, 61], "summary": {"covered_lines": 7, "num_statements": 7, "percent_covered": 100.0, "percent_covered_display": "100", "missing_lines": 0, "excluded_lines": 0, "num_branches": 0, "num_partial_branches": 0, "covered_branches": 0, "missing_branches": 0}, "missing_lines": [], "excluded_lines": [], "executed_branches": [], "missing_branches": []}, "setup_logger": {"executed_lines": [65, 66, 67, 68, 69, 74, 75, 76, 77, 78], "summary": {"covered_lines": 10, "num_statements": 13, "percent_covered": 76.47058823529412, "percent_covered_display": "76", "missing_lines": 3, "excluded_lines": 0, "num_branches": 4, "num_partial_branches": 1, "covered_branches": 3, "missing_branches": 1}, "missing_lines": [70, 71, 73], "excluded_lines": [], "executed_branches": [[66, 67], [66, 77], [67, 68]], "missing_branches": [[67, 73]]}, "has_valid_url_and_key": {"executed_lines": [82], "summary": {"covered_lines": 1, "num_statements": 1, "percent_covered": 100.0, "percent_covered_display": "100", "missing_lines": 0, "excluded_lines": 0, "num_branches": 0, "num_partial_branches": 0, "covered_branches": 0, "missing_branches": 0}, "missing_lines": [], "excluded_lines": [], "executed_branches": [], "missing_branches": []}, "check_radarr_connection": {"executed_lines": [89, 90, 91, 92, 93, 94, 95, 96, 97, 99, 100, 101, 102, 103, 104, 106, 107, 109, 110, 111, 115, 116, 117, 118, 120, 121, 125, 127, 132, 133, 134, 135, 136, 137, 138, 139, 140, 144, 145, 146, 147, 149, 150, 151, 153, 154, 165, 166, 169, 170, 176, 177, 178, 179, 180, 181, 182, 183, 184, 185, 186, 187, 188], "summary": {"covered_lines": 63, "num_statements": 78, "percent_covered": 79.50819672131148, "percent_covered_display": "80", "missing_lines": 15, "excluded_lines": 0, "num_branches": 44, "num_partial_branches": 10, "covered_branches": 34, "missing_branches": 10}, "missing_lines": [119, 122, 123, 141, 142, 148, 155, 158, 159, 167, 168, 171, 172, 173, 174], "excluded_lines": [], "executed_branches": [[92, 93], [92, 99], [95, 96], [99, 100], [101, 102], [103, 104], [106, 107], [106, 109], [109, 110], [109, 115], [118, 120], [120, 121], [127, 132], [127, 176], [132, 133], [132, 144], [135, 136], [135, 137], [138, 132], [138, 139], [144, 145], [144, 176], [145, 146], [145, 176], [147, 149], [150, 151], [150, 153], [154, 165], [166, 169], [170, 145], [176, 177], [176, 179], [181, 182], [181, 184]], "missing_branches": [[95, 106], [99, 101], [101, 103], [103, 106], [118, 119], [120, 125], [147, 148], [154, 155], [166, 167], [170, 171]]}, "check_sonarr_connection": {"executed_lines": [192, 193, 194, 195, 196, 197, 198, 199, 200, 202, 203, 204, 205, 206, 207, 209, 210, 212, 213, 214, 216, 217, 218, 219, 221, 222, 226, 228, 229, 230, 231, 233, 234, 240, 241, 242, 243, 244, 245, 246, 247, 248, 249, 250, 251, 252], "summary": {"covered_lines": 46, "num_statements": 54, "percent_covered": 80.95238095238095, "percent_covered_display": "81", "missing_lines": 8, "excluded_lines": 0, "num_branches": 30, "num_partial_branches": 8, "covered_branches": 22, "missing_branches": 8}, "missing_lines": [220, 223, 224, 232, 235, 236, 237, 238], "excluded_lines": [], "executed_branches": [[195, 196], [195, 202], [198, 199], [202, 203], [204, 205], [206, 207], [209, 210], [209, 212], [212, 213], [212, 216], [219, 221], [221, 222], [228, 229], [228, 240], [229, 230], [229, 240], [231, 233], [234, 229], [240, 241], [240, 243], [245, 246], [245, 248]], "missing_branches": [[198, 209], [202, 204], [204, 206], [206, 209], [219, 220], [221, 226], [231, 232], [234, 235]]}, "load_config": {"executed_lines": [259, 260, 261, 263, 266, 270, 271, 273, 274, 275, 276, 277, 278, 279, 280, 281, 282], "summary": {"covered_lines": 17, "num_statements": 20, "percent_covered": 85.71428571428571, "percent_covered_display": "86", "missing_lines": 3, "excluded_lines": 0, "num_branches": 8, "num_partial_branches": 1, "covered_branches": 7, "missing_branches": 1}, "missing_lines": [267, 283, 284], "excluded_lines": [], "executed_branches": [[263, 266], [263, 273], [266, 270], [270, 271], [270, 273], [277, 278], [277, 279]], "missing_branches": [[266, 267]]}, "create_metrics_app": {"executed_lines": [289, 290, 291, 293, 294, 297, 298, 300, 302, 303, 305, 306, 309, 310, 328, 329, 332, 333, 334, 342, 343, 351], "summary": {"covered_lines": 22, "num_statements": 23, "percent_covered": 95.65217391304348, "percent_covered_display": "96", "missing_lines": 1, "excluded_lines": 0, "num_branches": 0, "num_partial_branches": 0, "covered_branches": 0, "missing_branches": 0}, "missing_lines": [295], "excluded_lines": [], "executed_branches": [], "missing_branches": []}, "create_metrics_app._before": {"executed_lines": [307], "summary": {"covered_lines": 1, "num_statements": 1, "percent_covered": 100.0, "percent_covered_display": "100", "missing_lines": 0, "excluded_lines": 0, "num_branches": 0, "num_partial_branches": 0, "covered_branches": 0, "missing_branches": 0}, "missing_lines": [], "excluded_lines": [], "executed_branches": [], "missing_branches": []}, "create_metrics_app.health": {"executed_lines": [311, 312, 313, 314, 315, 316, 317, 318], "summary": {"covered_lines": 8, "num_statements": 8, "percent_covered": 100.0, "percent_covered_display": "100", "missing_lines": 0, "excluded_lines": 0, "num_branches": 0, "num_partial_branches": 0, "covered_branches": 0, "missing_branches": 0}, "missing_lines": [], "excluded_lines": [], "executed_branches": [], "missing_branches": []}, "create_metrics_app.metrics_endpoint": {"executed_lines": [330], "summary": {"covered_lines": 1, "num_statements": 1, "percent_covered": 100.0, "percent_covered_display": "100", "missing_lines": 0, "excluded_lines": 0, "num_branches": 0, "num_partial_branches": 0, "covered_branches": 0, "missing_branches": 0}, "missing_lines": [], "excluded_lines": [], "executed_branches": [], "missing_branches": []}, "create_metrics_app.handle_error": {"executed_lines": [335, 336, 339, 340], "summary": {"covered_lines": 4, "num_statements": 6, "percent_covered": 66.66666666666667, "percent_covered_display": "67", "missing_lines": 2, "excluded_lines": 0, "num_branches": 0, "num_partial_branches": 0, "covered_branches": 0, "missing_branches": 0}, "missing_lines": [337, 338], "excluded_lines": [], "executed_branches": [], "missing_branches": []}, "create_metrics_app.handle_exception": {"executed_lines": [], "summary": {"covered_lines": 0, "num_statements": 6, "percent_covered": 0.0, "percent_covered_display": "0", "missing_lines": 6, "excluded_lines": 0, "num_branches": 0, "num_partial_branches": 0, "covered_branches": 0, "missing_branches": 0}, "missing_lines": [344, 345, 346, 347, 348, 349], "excluded_lines": [], "executed_branches": [], "missing_branches": []}, "serve": {"executed_lines": [366, 367, 370, 378, 381, 383, 384, 388, 390, 391, 394, 395], "summary": {"covered_lines": 12, "num_statements": 24, "percent_covered": 50.0, "percent_covered_display": "50", "missing_lines": 12, "excluded_lines": 0, "num_branches": 14, "num_partial_branches": 5, "covered_branches": 7, "missing_branches": 7}, "missing_lines": [368, 369, 371, 372, 373, 374, 375, 376, 379, 385, 386, 392], "excluded_lines": [], "executed_branches": [[367, 370], [370, 378], [378, 381], [388, 390], [388, 394], [390, 391], [394, 395]], "missing_branches": [[367, 368], [370, 371], [373, 374], [373, 378], [378, 379], [390, 392], [394, -354]]}, "": {"executed_lines": [1, 8, 10, 11, 12, 13, 14, 15, 19, 20, 24, 25, 27, 28, 32, 33, 37, 38, 41, 64, 81, 88, 191, 255, 287, 354], "summary": {"covered_lines": 25, "num_statements": 29, "percent_covered": 86.20689655172414, "percent_covered_display": "86", "missing_lines": 4, "excluded_lines": 0, "num_branches": 0, "num_partial_branches": 0, "covered_branches": 0, "missing_branches": 0}, "missing_lines": [29, 30, 34, 35], "excluded_lines": [], "executed_branches": [], "missing_branches": []}}, "classes": {"": {"executed_lines": [1, 8, 10, 11, 12, 13, 14, 15, 19, 20, 24, 25, 27, 28, 32, 33, 37, 38, 41, 47, 48, 49, 50, 55, 60, 61, 64, 65, 66, 67, 68, 69, 74, 75, 76, 77, 78, 81, 82, 88, 89, 90, 91, 92, 93, 94, 95, 96, 97, 99, 100, 101, 102, 103, 104, 106, 107, 109, 110, 111, 115, 116, 117, 118, 120, 121, 125, 127, 132, 133, 134, 135, 136, 137, 138, 139, 140, 144, 145, 146, 147, 149, 150, 151, 153, 154, 165, 166, 169, 170, 176, 177, 178, 179, 180, 181, 182, 183, 184, 185, 186, 187, 188, 191, 192, 193, 194, 195, 196, 197, 198, 199, 200, 202, 203, 204, 205, 206, 207, 209, 210, 212, 213, 214, 216, 217, 218, 219, 221, 222, 226, 228, 229, 230, 231, 233, 234, 240, 241, 242, 243, 244, 245, 246, 247, 248, 249, 250, 251, 252, 255, 259, 260, 261, 263, 266, 270, 271, 273, 274, 275, 276, 277, 278, 279, 280, 281, 282, 287, 289, 290, 291, 293, 294, 297, 298, 300, 302, 303, 305, 306, 307, 309, 310, 311, 312, 313, 314, 315, 316, 317, 318, 328, 329, 330, 332, 333, 334, 335, 336, 339, 340, 342, 343, 351, 354, 366, 367, 370, 378, 381, 383, 384, 388, 390, 391, 394, 395], "summary": {"covered_lines": 217, "num_statements": 271, "percent_covered": 78.16711590296497, "percent_covered_display": "78", "missing_lines": 54, "excluded_lines": 0, "num_branches": 100, "num_partial_branches": 25, "covered_branches": 73, "missing_branches": 27}, "missing_lines": [29, 30, 34, 35, 70, 71, 73, 119, 122, 123, 141, 142, 148, 155, 158, 159, 167, 168, 171, 172, 173, 174, 220, 223, 224, 232, 235, 236, 237, 238, 267, 283, 284, 295, 337, 338, 344, 345, 346, 347, 348, 349, 368, 369, 371, 372, 373, 374, 375, 376, 379, 385, 386, 392], "excluded_lines": [], "executed_branches": [[66, 67], [66, 77], [67, 68], [92, 93], [92, 99], [95, 96], [99, 100], [101, 102], [103, 104], [106, 107], [106, 109], [109, 110], [109, 115], [118, 120], [120, 121], [127, 132], [127, 176], [132, 133], [132, 144], [135, 136], [135, 137], [138, 132], [138, 139], [144, 145], [144, 176], [145, 146], [145, 176], [147, 149], [150, 151], [150, 153], [154, 165], [166, 169], [170, 145], [176, 177], [176, 179], [181, 182], [181, 184], [195, 196], [195, 202], [198, 199], [202, 203], [204, 205], [206, 207], [209, 210], [209, 212], [212, 213], [212, 216], [219, 221], [221, 222], [228, 229], [228, 240], [229, 230], [229, 240], [231, 233], [234, 229], [240, 241], [240, 243], [245, 246], [245, 248], [263, 266], [263, 273], [266, 270], [270, 271], [270, 273], [277, 278], [277, 279], [367, 370], [370, 378], [378, 381], [388, 390], [388, 394], [390, 391], [394, 395]], "missing_branches": [[67, 73], [95, 106], [99, 101], [101, 103], [103, 106], [118, 119], [120, 125], [147, 148], [154, 155], [166, 167], [170, 171], [198, 209], [202, 204], [204, 206], [206, 209], [219, 220], [221, 226], [231, 232], [234, 235], [266, 267], [367, 368], [370, 371], [373, 374], [373, 378], [378, 379], [390, 392], [394, -354]]}}}, "researcharr/run.py": {"executed_lines": [1, 9, 11, 12, 13, 14, 15, 16, 19, 20, 23, 26, 36, 42, 45, 52, 53, 63, 64, 65, 66, 67, 68, 71, 77, 85, 86, 89, 90, 93, 94, 95, 96, 97, 98, 104, 107, 108, 109, 111, 112, 114, 124, 125, 132, 135, 136, 141, 144, 147, 148, 151, 152, 153, 156, 157, 158, 161, 162, 165, 166, 167, 170, 172, 177, 178, 179], "summary": {"covered_lines": 66, "num_statements": 85, "percent_covered": 78.35051546391753, "percent_covered_display": "78", "missing_lines": 19, "excluded_lines": 0, "num_branches": 12, "num_partial_branches": 2, "covered_branches": 10, "missing_branches": 2}, "missing_lines": [54, 56, 57, 60, 87, 88, 91, 92, 102, 103, 145, 146, 149, 150, 154, 155, 159, 160, 173], "excluded_lines": [], "executed_branches": [[52, 53], [107, 108], [107, 111], [124, 125], [124, 132], [152, 153], [152, 156], [157, 158], [157, 161], [172, 177]], "missing_branches": [[52, 54], [172, 173]], "functions": {"load_config": {"executed_lines": [36], "summary": {"covered_lines": 1, "num_statements": 1, "percent_covered": 100.0, "percent_covered_display": "100", "missing_lines": 0, "excluded_lines": 0, "num_branches": 0, "num_partial_branches": 0, "covered_branches": 0, "missing_branches": 0}, "missing_lines": [], "excluded_lines": [], "executed_branches": [], "missing_branches": []}, "setup_scheduler": {"executed_lines": [52, 53], "summary": {"covered_lines": 2, "num_statements": 6, "percent_covered": 37.5, "percent_covered_display": "38", "missing_lines": 4, "excluded_lines": 0, "num_branches": 2, "num_partial_branches": 1, "covered_branches": 1, "missing_branches": 1}, "missing_lines": [54, 56, 57, 60], "excluded_lines": [], "executed_branches": [[52, 53]], "missing_branches": [[52, 54]]}, "_get_job_timeout": {"executed_lines": [64, 65, 66, 67, 68], "summary": {"covered_lines": 5, "num_statements": 5, "percent_covered": 100.0, "percent_covered_display": "100", "missing_lines": 0, "excluded_lines": 0, "num_branches": 0, "num_partial_branches": 0, "covered_branches": 0, "missing_branches": 0}, "missing_lines": [], "excluded_lines": [], "executed_branches": [], "missing_branches": []}, "run_job": {"executed_lines": [77, 85, 86, 89, 90, 93, 94, 95, 96, 97, 98, 104, 107, 108, 109, 111, 112, 114, 124, 125, 132, 135, 136, 141, 144, 147, 148, 151, 152, 153, 156, 157, 158, 161, 162, 165, 166, 167], "summary": {"covered_lines": 38, "num_statements": 52, "percent_covered": 76.66666666666667, "percent_covered_display": "77", "missing_lines": 14, "excluded_lines": 0, "num_branches": 8, "num_partial_branches": 0, "covered_branches": 8, "missing_branches": 0}, "missing_lines": [87, 88, 91, 92, 102, 103, 145, 146, 149, 150, 154, 155, 159, 160], "excluded_lines": [], "executed_branches": [[107, 108], [107, 111], [124, 125], [124, 132], [152, 153], [152, 156], [157, 158], [157, 161]], "missing_branches": []}, "main": {"executed_lines": [172, 177, 178, 179], "summary": {"covered_lines": 4, "num_statements": 5, "percent_covered": 71.42857142857143, "percent_covered_display": "71", "missing_lines": 1, "excluded_lines": 0, "num_branches": 2, "num_partial_branches": 1, "covered_branches": 1, "missing_branches": 1}, "missing_lines": [173], "excluded_lines": [], "executed_branches": [[172, 177]], "missing_branches": [[172, 173]]}, "": {"executed_lines": [1, 9, 11, 12, 13, 14, 15, 16, 19, 20, 23, 26, 42, 45, 63, 71, 170], "summary": {"covered_lines": 16, "num_statements": 16, "percent_covered": 100.0, "percent_covered_display": "100", "missing_lines": 0, "excluded_lines": 0, "num_branches": 0, "num_partial_branches": 0, "covered_branches": 0, "missing_branches": 0}, "missing_lines": [], "excluded_lines": [], "executed_branches": [], "missing_branches": []}}, "classes": {"": {"executed_lines": [1, 9, 11, 12, 13, 14, 15, 16, 19, 20, 23, 26, 36, 42, 45, 52, 53, 63, 64, 65, 66, 67, 68, 71, 77, 85, 86, 89, 90, 93, 94, 95, 96, 97, 98, 104, 107, 108, 109, 111, 112, 114, 124, 125, 132, 135, 136, 141, 144, 147, 148, 151, 152, 153, 156, 157, 158, 161, 162, 165, 166, 167, 170, 172, 177, 178, 179], "summary": {"covered_lines": 66, "num_statements": 85, "percent_covered": 78.35051546391753, "percent_covered_display": "78", "missing_lines": 19, "excluded_lines": 0, "num_branches": 12, "num_partial_branches": 2, "covered_branches": 10, "missing_branches": 2}, "missing_lines": [54, 56, 57, 60, 87, 88, 91, 92, 102, 103, 145, 146, 149, 150, 154, 155, 159, 160, 173], "excluded_lines": [], "executed_branches": [[52, 53], [107, 108], [107, 111], [124, 125], [124, 132], [152, 153], [152, 156], [157, 158], [157, 161], [172, 177]], "missing_branches": [[52, 54], [172, 173]]}}}, "researcharr/tests/__init__.py": {"executed_lines": [], "summary": {"covered_lines": 0, "num_statements": 10, "percent_covered": 0.0, "percent_covered_display": "0", "missing_lines": 10, "excluded_lines": 0, "num_branches": 0, "num_partial_branches": 0, "covered_branches": 0, "missing_branches": 0}, "missing_lines": [8, 9, 10, 12, 13, 14, 15, 16, 17, 18], "excluded_lines": [], "executed_branches": [], "missing_branches": [], "functions": {"": {"executed_lines": [], "summary": {"covered_lines": 0, "num_statements": 10, "percent_covered": 0.0, "percent_covered_display": "0", "missing_lines": 10, "excluded_lines": 0, "num_branches": 0, "num_partial_branches": 0, "covered_branches": 0, "missing_branches": 0}, "missing_lines": [8, 9, 10, 12, 13, 14, 15, 16, 17, 18], "excluded_lines": [], "executed_branches": [], "missing_branches": []}}, "classes": {"": {"executed_lines": [], "summary": {"covered_lines": 0, "num_statements": 10, "percent_covered": 0.0, "percent_covered_display": "0", "missing_lines": 10, "excluded_lines": 0, "num_branches": 0, "num_partial_branches": 0, "covered_branches": 0, "missing_branches": 0}, "missing_lines": [8, 9, 10, 12, 13, 14, 15, 16, 17, 18], "excluded_lines": [], "executed_branches": [], "missing_branches": []}}}, "researcharr/webui.py": {"executed_lines": [], "summary": {"covered_lines": 0, "num_statements": 36, "percent_covered": 0.0, "percent_covered_display": "0", "missing_lines": 36, "excluded_lines": 0, "num_branches": 4, "num_partial_branches": 0, "covered_branches": 0, "missing_branches": 4}, "missing_lines": [8, 10, 11, 12, 18, 19, 20, 24, 25, 26, 27, 28, 29, 31, 32, 33, 34, 35, 41, 42, 43, 44, 46, 48, 49, 50, 51, 53, 54, 55, 56, 58, 59, 60, 61, 65], "excluded_lines": [], "executed_branches": [], "missing_branches": [[28, 29], [28, 31], [41, 42], [41, 65]], "functions": {"": {"executed_lines": [], "summary": {"covered_lines": 0, "num_statements": 36, "percent_covered": 0.0, "percent_covered_display": "0", "missing_lines": 36, "excluded_lines": 0, "num_branches": 4, "num_partial_branches": 0, "covered_branches": 0, "missing_branches": 4}, "missing_lines": [8, 10, 11, 12, 18, 19, 20, 24, 25, 26, 27, 28, 29, 31, 32, 33, 34, 35, 41, 42, 43, 44, 46, 48, 49, 50, 51, 53, 54, 55, 56, 58, 59, 60, 61, 65], "excluded_lines": [], "executed_branches": [], "missing_branches": [[28, 29], [28, 31], [41, 42], [41, 65]]}}, "classes": {"": {"executed_lines": [], "summary": {"covered_lines": 0, "num_statements": 36, "percent_covered": 0.0, "percent_covered_display": "0", "missing_lines": 36, "excluded_lines": 0, "num_branches": 4, "num_partial_branches": 0, "covered_branches": 0, "missing_branches": 4}, "missing_lines": [8, 10, 11, 12, 18, 19, 20, 24, 25, 26, 27, 28, 29, 31, 32, 33, 34, 35, 41, 42, 43, 44, 46, 48, 49, 50, 51, 53, 54, 55, 56, 58, 59, 60, 61, 65], "excluded_lines": [], "executed_branches": [], "missing_branches": [[28, 29], [28, 31], [41, 42], [41, 65]]}}}}, "totals": {"covered_lines": 2550, "num_statements": 3921, "percent_covered": 63.91648084330022, "percent_covered_display": "64", "missing_lines": 1371, "excluded_lines": 45, "num_branches": 1012, "num_partial_branches": 191, "covered_branches": 603, "missing_branches": 409}}