<?xml version="1.0" encoding="utf-8"?><testsuites name="pytest tests"><testsuite name="pytest" errors="0" failures="2" skipped="20" tests="1053" time="18.432" timestamp="2025-11-08T10:03:40.598858-05:00" hostname="mediacenter"><testcase classname="tests.test_api_consolidated.TestAPIConsolidated" name="test_api_authentication" file="tests/test_api_consolidated.py" line="188" time="0.038" /><testcase classname="tests.test_api_consolidated.TestAPIConsolidated" name="test_api_blueprint_registration" file="tests/test_api_consolidated.py" line="20" time="0.029" /><testcase classname="tests.test_api_consolidated.TestAPIConsolidated" name="test_api_cors_headers" file="tests/test_api_consolidated.py" line="237" time="0.028" /><testcase classname="tests.test_api_consolidated.TestAPIConsolidated" name="test_api_data_validation" file="tests/test_api_consolidated.py" line="315" time="0.029" /><testcase classname="tests.test_api_consolidated.TestAPIConsolidated" name="test_api_docs_endpoint" file="tests/test_api_consolidated.py" line="38" time="0.030" /><testcase classname="tests.test_api_consolidated.TestAPIConsolidated" name="test_api_error_handling" file="tests/test_api_consolidated.py" line="212" time="0.030" /><testcase classname="tests.test_api_consolidated.TestAPIConsolidated" name="test_api_logs_endpoint" file="tests/test_api_consolidated.py" line="58" time="0.031" /><testcase classname="tests.test_api_consolidated.TestAPIConsolidated" name="test_api_pagination" file="tests/test_api_consolidated.py" line="285" time="0.033" /><testcase classname="tests.test_api_consolidated.TestAPIConsolidated" name="test_api_rate_limiting" file="tests/test_api_consolidated.py" line="259" time="0.034" /><testcase classname="tests.test_api_consolidated.TestAPIConsolidated" name="test_api_tasks_endpoint" file="tests/test_api_consolidated.py" line="81" time="0.029" /><testcase classname="tests.test_api_consolidated.TestAPIConsolidated" name="test_api_version_endpoint" file="tests/test_api_consolidated.py" line="106" time="0.028" /><testcase classname="tests.test_api_consolidated.TestAPIConsolidated" name="test_plugin_instances_api" file="tests/test_api_consolidated.py" line="161" time="0.029" /><testcase classname="tests.test_api_consolidated.TestAPIConsolidated" name="test_plugins_api_endpoints" file="tests/test_api_consolidated.py" line="130" time="0.030" /><testcase classname="tests.test_api_endpoints" name="test_health_and_metrics" file="tests/test_api_endpoints.py" line="56" time="0.008" /><testcase classname="tests.test_api_endpoints" name="test_openapi_and_docs_require_key" file="tests/test_api_endpoints.py" line="69" time="0.145" /><testcase classname="tests.test_api_endpoints" name="test_plugins_and_validation_and_sync_and_notifications" file="tests/test_api_endpoints.py" line="90" time="0.504" /><testcase classname="tests.test_api_endpoints" name="test_plugin_not_found_and_invalid_index" file="tests/test_api_endpoints.py" line="135" time="0.208" /><testcase classname="tests.test_application_coverage" name="test_core_application_factory_initialization" file="tests/test_application_coverage.py" line="8" time="0.002" /><testcase classname="tests.test_application_coverage" name="test_register_core_services" file="tests/test_application_coverage.py" line="20" time="0.003" /><testcase classname="tests.test_application_coverage" name="test_setup_configuration_default" file="tests/test_application_coverage.py" line="34" time="0.002" /><testcase classname="tests.test_application_coverage" name="test_setup_configuration_custom_dir" file="tests/test_application_coverage.py" line="47" time="0.003" /><testcase classname="tests.test_application_coverage" name="test_setup_configuration_with_yaml_file" file="tests/test_application_coverage.py" line="59" time="0.002" /><testcase classname="tests.test_application_coverage" name="test_setup_configuration_missing_yaml" file="tests/test_application_coverage.py" line="76" time="0.002" /><testcase classname="tests.test_application_coverage" name="test_setup_configuration_invalid_yaml" file="tests/test_application_coverage.py" line="90" time="0.002" /><testcase classname="tests.test_application_coverage" name="test_setup_configuration_environment_overrides" file="tests/test_application_coverage.py" line="106" time="0.003" /><testcase classname="tests.test_application_coverage" name="test_setup_logging_service" file="tests/test_application_coverage.py" line="127" time="0.002" /><testcase classname="tests.test_application_coverage" name="test_setup_database_service" file="tests/test_application_coverage.py" line="139" time="0.002" /><testcase classname="tests.test_application_coverage" name="test_setup_health_service" file="tests/test_application_coverage.py" line="151" time="0.002" /><testcase classname="tests.test_application_coverage" name="test_setup_metrics_service" file="tests/test_application_coverage.py" line="163" time="0.002" /><testcase classname="tests.test_application_coverage" name="test_event_bus_registration" file="tests/test_application_coverage.py" line="175" time="0.002" /><testcase classname="tests.test_application_coverage" name="test_lifecycle_registration" file="tests/test_application_coverage.py" line="187" time="0.002" /><testcase classname="tests.test_application_coverage" name="test_config_manager_registration" file="tests/test_application_coverage.py" line="199" time="0.002" /><testcase classname="tests.test_application_coverage" name="test_service_registration_event" file="tests/test_application_coverage.py" line="211" time="0.002" /><testcase classname="tests.test_application_coverage" name="test_default_config_values" file="tests/test_application_coverage.py" line="226" time="0.002" /><testcase classname="tests.test_application_coverage" name="test_backups_config_defaults" file="tests/test_application_coverage.py" line="238" time="0.002" /><testcase classname="tests.test_application_coverage" name="test_user_config_defaults" file="tests/test_application_coverage.py" line="250" time="0.002" /><testcase classname="tests.test_application_coverage" name="test_setup_configuration_priority" file="tests/test_application_coverage.py" line="261" time="0.002" /><testcase classname="tests.test_application_coverage" name="test_create_flask_app" file="tests/test_application_coverage.py" line="275" time="0.002" /><testcase classname="tests.test_application_coverage" name="test_config_manager_source_addition" file="tests/test_application_coverage.py" line="285" time="0.006" /><testcase classname="tests.test_application_coverage" name="test_configuration_with_env_loglevel" file="tests/test_application_coverage.py" line="298" time="0.003" /><testcase classname="tests.test_application_coverage" name="test_configuration_file_path_building" file="tests/test_application_coverage.py" line="315" time="0.002" /><testcase classname="tests.test_application_coverage" name="test_setup_configuration_returns_merged_config" file="tests/test_application_coverage.py" line="330" time="0.002" /><testcase classname="tests.test_application_coverage" name="test_factory_initialization_order" file="tests/test_application_coverage.py" line="344" time="0.002" /><testcase classname="tests.test_application_coverage" name="test_setup_with_read_only_config_dir" file="tests/test_application_coverage.py" line="358" time="0.002" /><testcase classname="tests.test_application_coverage" name="test_yaml_config_loading" file="tests/test_application_coverage.py" line="370" time="0.003" /><testcase classname="tests.test_application_coverage" name="test_configuration_merge_with_env" file="tests/test_application_coverage.py" line="391" time="0.003" /><testcase classname="tests.test_application_coverage" name="test_service_registration_order" file="tests/test_application_coverage.py" line="413" time="0.002" /><testcase classname="tests.test_application_coverage" name="test_config_with_database_url" file="tests/test_application_coverage.py" line="435" time="0.002" /><testcase classname="tests.test_application_coverage" name="test_scheduling_config" file="tests/test_application_coverage.py" line="446" time="0.002" /><testcase classname="tests.test_async_pipeline" name="test_pipeline_basic" file="tests/test_async_pipeline.py" line="34" time="0.004" /><testcase classname="tests.test_async_pipeline" name="test_pipeline_retry" file="tests/test_async_pipeline.py" line="49" time="0.105" /><testcase classname="tests.test_async_pipeline_backpressure" name="test_reject_policy_raises" file="tests/test_async_pipeline_backpressure.py" line="7" time="0.003" /><testcase classname="tests.test_async_pipeline_backpressure" name="test_drop_oldest_replaces_item" file="tests/test_async_pipeline_backpressure.py" line="33" time="0.002" /><testcase classname="tests.test_async_pipeline_backpressure" name="test_drop_newest_calls_handler_and_records_dead_letter" file="tests/test_async_pipeline_backpressure.py" line="60" time="0.002" /><testcase classname="tests.test_async_pipeline_config" name="test_pipeline_serialize_roundtrip" file="tests/test_async_pipeline_config.py" line="6" time="0.003" /><testcase classname="tests.test_async_pipeline_context_run" name="test_async_context_manager_and_run_helper" file="tests/test_async_pipeline_context_run.py" line="5" time="0.003" /><testcase classname="tests.test_async_pipeline_env" name="test_expand_env_vars_and_defaults" file="tests/test_async_pipeline_env.py" line="5" time="0.002" /><testcase classname="tests.test_async_pipeline_env" name="test_expand_env_with_default" file="tests/test_async_pipeline_env.py" line="25" time="0.002" /><testcase classname="tests.test_async_pipeline_env" name="test_explicit_schema_param_is_used" file="tests/test_async_pipeline_env.py" line="44" time="0.048" /><testcase classname="tests.test_async_pipeline_env" name="test_explicit_schema_param_invalid_raises" file="tests/test_async_pipeline_env.py" line="60" time="0.003" /><testcase classname="tests.test_async_pipeline_lifecycle" name="test_lifecycle" file="tests/test_async_pipeline_lifecycle.py" line="37" time="0.003" /><testcase classname="tests.test_async_pipeline_monitoring" name="test_metrics_export_and_dead_letter_recording" file="tests/test_async_pipeline_monitoring.py" line="19" time="0.003" /><testcase classname="tests.test_async_pipeline_progress" name="test_progress_and_status" file="tests/test_async_pipeline_progress.py" line="15" time="0.003" /><testcase classname="tests.test_async_pipeline_prometheus" name="test_prometheus_exporter_records_metrics" file="tests/test_async_pipeline_prometheus.py" line="9" time="0.004" /><testcase classname="tests.test_async_pipeline_registry_dlq" name="test_handler_registry_and_serialization" file="tests/test_async_pipeline_registry_dlq.py" line="9" time="0.003" /><testcase classname="tests.test_async_pipeline_registry_dlq" name="test_dead_letter_and_drain" file="tests/test_async_pipeline_registry_dlq.py" line="39" time="0.004" /><testcase classname="tests.test_async_pipeline_template" name="test_template_dict_substitution_and_from_dict_roundtrip" file="tests/test_async_pipeline_template.py" line="7" time="0.002" /><testcase classname="tests.test_async_pipeline_template" name="test_template_file_loads_json_and_runs" file="tests/test_async_pipeline_template.py" line="26" time="0.003" /><testcase classname="tests.test_async_pipeline_template_yaml" name="test_load_yaml_template_and_validate" file="tests/test_async_pipeline_template_yaml.py" line="8" time="0.007" /><testcase classname="tests.test_async_pipeline_template_yaml2" name="test_load_yaml_template_and_validate" file="tests/test_async_pipeline_template_yaml2.py" line="8" time="0.006" /><testcase classname="tests.test_backups" name="test_create_and_list_backup" file="tests/test_backups.py" line="11" time="0.005" /><testcase classname="tests.test_backups" name="test_prune_backups_by_count" file="tests/test_backups.py" line="34" time="0.003" /><testcase classname="tests.test_backups_batch1" name="test_create_backup_empty_prefix_behaviour" file="tests/test_backups_batch1.py" line="6" time="0.003" /><testcase classname="tests.test_backups_batch1" name="test_create_backup_with_prefix_and_db_snapshot" file="tests/test_backups_batch1.py" line="22" time="0.004" /><testcase classname="tests.test_backups_batch1" name="test_prune_backups_count_and_days" file="tests/test_backups_batch1.py" line="44" time="0.004" /><testcase classname="tests.test_backups_batch1" name="test_get_list_info_size_and_validate" file="tests/test_backups_batch1.py" line="78" time="0.003" /><testcase classname="tests.test_backups_batch1" name="test_restore_backup_and_cleanup" file="tests/test_backups_batch1.py" line="103" time="0.003" /><testcase classname="tests.test_backups_batch1" name="test_cleanup_and_merge_and_defaults" file="tests/test_backups_batch1.py" line="128" time="0.002" /><testcase classname="tests.test_backups_comprehensive.TestBackupsModule" name="test_create_backup_file_basic" file="tests/test_backups_comprehensive.py" line="14" time="0.003" /><testcase classname="tests.test_backups_comprehensive.TestBackupsModule" name="test_create_backup_file_with_prefix" file="tests/test_backups_comprehensive.py" line="34" time="0.003" /><testcase classname="tests.test_backups_comprehensive.TestBackupsModule" name="test_create_backup_file_empty_directory" file="tests/test_backups_comprehensive.py" line="46" time="0.003" /><testcase classname="tests.test_backups_comprehensive.TestBackupsModule" name="test_create_backup_file_invalid_paths" file="tests/test_backups_comprehensive.py" line="59" time="0.003" /><testcase classname="tests.test_backups_comprehensive.TestBackupsModule" name="test_create_backup_file_with_subdirectories" file="tests/test_backups_comprehensive.py" line="71" time="0.003" /><testcase classname="tests.test_backups_comprehensive.TestBackupsModule" name="test_prune_backups_by_count" file="tests/test_backups_comprehensive.py" line="95" time="0.003" /><testcase classname="tests.test_backups_comprehensive.TestBackupsModule" name="test_prune_backups_by_age" file="tests/test_backups_comprehensive.py" line="112" time="0.003" /><testcase classname="tests.test_backups_comprehensive.TestBackupsModule" name="test_prune_backups_no_config" file="tests/test_backups_comprehensive.py" line="142" time="0.002" /><testcase classname="tests.test_backups_comprehensive.TestBackupsModule" name="test_prune_backups_invalid_directory" file="tests/test_backups_comprehensive.py" line="157" time="0.002" /><testcase classname="tests.test_backups_comprehensive.TestBackupsModule" name="test_prune_backups_mixed_files" file="tests/test_backups_comprehensive.py" line="163" time="0.002" /><testcase classname="tests.test_backups_comprehensive.TestBackupsModule" name="test_get_backup_info" file="tests/test_backups_comprehensive.py" line="187" time="0.000"><skipped type="pytest.skip" message="get_backup_info function not implemented">/home/jeremy/Server/Projects/researcharr/tests/test_backups_comprehensive.py:188: get_backup_info function not implemented</skipped></testcase><testcase classname="tests.test_backups_comprehensive.TestBackupsModule" name="test_get_backup_info_invalid_file" file="tests/test_backups_comprehensive.py" line="206" time="0.000"><skipped type="pytest.skip" message="get_backup_info function not implemented">/home/jeremy/Server/Projects/researcharr/tests/test_backups_comprehensive.py:207: get_backup_info function not implemented</skipped></testcase><testcase classname="tests.test_backups_comprehensive.TestBackupsModule" name="test_get_backup_info_invalid_zip" file="tests/test_backups_comprehensive.py" line="212" time="0.000"><skipped type="pytest.skip" message="get_backup_info function not implemented">/home/jeremy/Server/Projects/researcharr/tests/test_backups_comprehensive.py:213: get_backup_info function not implemented</skipped></testcase><testcase classname="tests.test_backups_comprehensive.TestBackupsModule" name="test_list_backups" file="tests/test_backups_comprehensive.py" line="226" time="0.000"><skipped type="pytest.skip" message="list_backups function not implemented">/home/jeremy/Server/Projects/researcharr/tests/test_backups_comprehensive.py:227: list_backups function not implemented</skipped></testcase><testcase classname="tests.test_backups_comprehensive.TestBackupsModule" name="test_list_backups_empty_directory" file="tests/test_backups_comprehensive.py" line="249" time="0.000"><skipped type="pytest.skip" message="list_backups function not implemented">/home/jeremy/Server/Projects/researcharr/tests/test_backups_comprehensive.py:250: list_backups function not implemented</skipped></testcase><testcase classname="tests.test_backups_comprehensive.TestBackupsModule" name="test_list_backups_invalid_directory" file="tests/test_backups_comprehensive.py" line="256" time="0.000"><skipped type="pytest.skip" message="list_backups function not implemented">/home/jeremy/Server/Projects/researcharr/tests/test_backups_comprehensive.py:257: list_backups function not implemented</skipped></testcase><testcase classname="tests.test_backups_comprehensive.TestBackupsModule" name="test_restore_backup" file="tests/test_backups_comprehensive.py" line="262" time="0.000"><skipped type="pytest.skip" message="restore_backup function not implemented">/home/jeremy/Server/Projects/researcharr/tests/test_backups_comprehensive.py:263: restore_backup function not implemented</skipped></testcase><testcase classname="tests.test_backups_comprehensive.TestBackupsModule" name="test_restore_backup_invalid_file" file="tests/test_backups_comprehensive.py" line="300" time="0.000"><skipped type="pytest.skip" message="restore_backup function not implemented">/home/jeremy/Server/Projects/researcharr/tests/test_backups_comprehensive.py:301: restore_backup function not implemented</skipped></testcase><testcase classname="tests.test_backups_comprehensive.TestBackupsModule" name="test_restore_backup_invalid_destination" file="tests/test_backups_comprehensive.py" line="307" time="0.000"><skipped type="pytest.skip" message="restore_backup function not implemented">/home/jeremy/Server/Projects/researcharr/tests/test_backups_comprehensive.py:308: restore_backup function not implemented</skipped></testcase><testcase classname="tests.test_backups_comprehensive.TestBackupsModule" name="test_validate_backup_file" file="tests/test_backups_comprehensive.py" line="318" time="0.000"><skipped type="pytest.skip" message="validate_backup_file function not implemented">/home/jeremy/Server/Projects/researcharr/tests/test_backups_comprehensive.py:319: validate_backup_file function not implemented</skipped></testcase><testcase classname="tests.test_backups_comprehensive.TestBackupsModule" name="test_validate_backup_file_invalid" file="tests/test_backups_comprehensive.py" line="330" time="0.000"><skipped type="pytest.skip" message="validate_backup_file function not implemented">/home/jeremy/Server/Projects/researcharr/tests/test_backups_comprehensive.py:331: validate_backup_file function not implemented</skipped></testcase><testcase classname="tests.test_backups_comprehensive.TestBackupsModule" name="test_get_backup_size" file="tests/test_backups_comprehensive.py" line="349" time="0.000"><skipped type="pytest.skip" message="get_backup_size function not implemented">/home/jeremy/Server/Projects/researcharr/tests/test_backups_comprehensive.py:350: get_backup_size function not implemented</skipped></testcase><testcase classname="tests.test_backups_comprehensive.TestBackupsModule" name="test_get_backup_size_invalid_file" file="tests/test_backups_comprehensive.py" line="361" time="0.000"><skipped type="pytest.skip" message="get_backup_size function not implemented">/home/jeremy/Server/Projects/researcharr/tests/test_backups_comprehensive.py:362: get_backup_size function not implemented</skipped></testcase><testcase classname="tests.test_backups_comprehensive.TestBackupsModule" name="test_cleanup_temp_files" file="tests/test_backups_comprehensive.py" line="367" time="0.000"><skipped type="pytest.skip" message="cleanup_temp_files function not implemented">/home/jeremy/Server/Projects/researcharr/tests/test_backups_comprehensive.py:368: cleanup_temp_files function not implemented</skipped></testcase><testcase classname="tests.test_backups_comprehensive.TestBackupsModule" name="test_get_default_backup_config" file="tests/test_backups_comprehensive.py" line="387" time="0.000"><skipped type="pytest.skip" message="get_default_backup_config function not implemented">/home/jeremy/Server/Projects/researcharr/tests/test_backups_comprehensive.py:388: get_default_backup_config function not implemented</skipped></testcase><testcase classname="tests.test_backups_comprehensive.TestBackupsModule" name="test_merge_backup_configs" file="tests/test_backups_comprehensive.py" line="398" time="0.000"><skipped type="pytest.skip" message="merge_backup_configs function not implemented">/home/jeremy/Server/Projects/researcharr/tests/test_backups_comprehensive.py:399: merge_backup_configs function not implemented</skipped></testcase><testcase classname="tests.test_backups_coverage_boost.TestBackupCreation" name="test_create_backup_with_prefix" file="tests/test_backups_coverage_boost.py" line="40" time="0.004" /><testcase classname="tests.test_backups_coverage_boost.TestBackupCreation" name="test_create_backup_without_prefix" file="tests/test_backups_coverage_boost.py" line="55" time="0.004" /><testcase classname="tests.test_backups_coverage_boost.TestBackupCreation" name="test_create_backup_nonexistent_backups_dir" file="tests/test_backups_coverage_boost.py" line="68" time="0.004" /><testcase classname="tests.test_backups_coverage_boost.TestBackupCreation" name="test_create_backup_includes_db_in_db_folder" file="tests/test_backups_coverage_boost.py" line="82" time="0.004" /><testcase classname="tests.test_backups_coverage_boost.TestBackupCreation" name="test_create_backup_includes_metadata" file="tests/test_backups_coverage_boost.py" line="97" time="0.004" /><testcase classname="tests.test_backups_coverage_boost.TestBackupCreation" name="test_create_backup_empty_config_root" file="tests/test_backups_coverage_boost.py" line="112" time="0.003" /><testcase classname="tests.test_backups_coverage_boost.TestBackupCreation" name="test_create_backup_nonexistent_config_root" file="tests/test_backups_coverage_boost.py" line="130" time="0.003" /><testcase classname="tests.test_backups_coverage_boost.TestBackupCreation" name="test_create_backup_invalid_backups_dir_permissions" file="tests/test_backups_coverage_boost.py" line="146" time="0.003" /><testcase classname="tests.test_backups_coverage_boost.TestBackupCreation" name="test_create_backup_includes_nested_files" file="tests/test_backups_coverage_boost.py" line="162" time="0.004" /><testcase classname="tests.test_backups_coverage_boost.TestBackupPruning" name="test_prune_by_retain_count" file="tests/test_backups_coverage_boost.py" line="181" time="0.059" /><testcase classname="tests.test_backups_coverage_boost.TestBackupPruning" name="test_prune_by_retain_days" file="tests/test_backups_coverage_boost.py" line="200" time="0.004" /><testcase classname="tests.test_backups_coverage_boost.TestBackupPruning" name="test_prune_keeps_pre_restore_backups" file="tests/test_backups_coverage_boost.py" line="220" time="0.005" /><testcase classname="tests.test_backups_coverage_boost.TestBackupPruning" name="test_prune_with_empty_config" file="tests/test_backups_coverage_boost.py" line="248" time="0.004" /><testcase classname="tests.test_backups_coverage_boost.TestBackupPruning" name="test_prune_with_none_config" file="tests/test_backups_coverage_boost.py" line="263" time="0.004" /><testcase classname="tests.test_backups_coverage_boost.TestBackupPruning" name="test_prune_nonexistent_directory" file="tests/test_backups_coverage_boost.py" line="278" time="0.002" /><testcase classname="tests.test_backups_coverage_boost.TestBackupPruning" name="test_prune_with_legacy_retention_count_key" file="tests/test_backups_coverage_boost.py" line="285" time="0.037" /><testcase classname="tests.test_backups_coverage_boost.TestBackupPruning" name="test_prune_ignores_non_zip_files" file="tests/test_backups_coverage_boost.py" line="304" time="0.037" /><testcase classname="tests.test_backups_coverage_boost.TestBackupListing" name="test_list_backups_includes_metadata" file="tests/test_backups_coverage_boost.py" line="331" time="0.004" /><testcase classname="tests.test_backups_coverage_boost.TestBackupListing" name="test_list_backups_includes_files_list" file="tests/test_backups_coverage_boost.py" line="348" time="0.004" /><testcase classname="tests.test_backups_coverage_boost.TestBackupListing" name="test_list_backups_sorted_by_name_reverse" file="tests/test_backups_coverage_boost.py" line="363" time="0.037" /><testcase classname="tests.test_backups_coverage_boost.TestBackupListing" name="test_list_backups_empty_directory" file="tests/test_backups_coverage_boost.py" line="383" time="0.003" /><testcase classname="tests.test_backups_coverage_boost.TestBackupListing" name="test_list_backups_nonexistent_directory" file="tests/test_backups_coverage_boost.py" line="390" time="0.003" /><testcase classname="tests.test_backups_coverage_boost.TestBackupListing" name="test_list_backups_with_pattern" file="tests/test_backups_coverage_boost.py" line="397" time="0.005" /><testcase classname="tests.test_backups_coverage_boost.TestBackupListing" name="test_list_backups_ignores_non_zip_files" file="tests/test_backups_coverage_boost.py" line="417" time="0.004" /><testcase classname="tests.test_backups_coverage_boost.TestBackupRestore" name="test_restore_backup_success" file="tests/test_backups_coverage_boost.py" line="438" time="0.004" /><testcase classname="tests.test_backups_coverage_boost.TestBackupRestore" name="test_restore_backup_nonexistent_file" file="tests/test_backups_coverage_boost.py" line="457" time="0.003" /><testcase classname="tests.test_backups_coverage_boost.TestBackupRestore" name="test_restore_backup_nonexistent_dest_raises" file="tests/test_backups_coverage_boost.py" line="468" time="0.004" /><testcase classname="tests.test_backups_coverage_boost.TestBackupRestore" name="test_restore_backup_invalid_zip_raises" file="tests/test_backups_coverage_boost.py" line="480" time="0.003" /><testcase classname="tests.test_backups_coverage_boost.TestBackupRestore" name="test_restore_backup_extracts_files_correctly" file="tests/test_backups_coverage_boost.py" line="494" time="0.004" /><testcase classname="tests.test_backups_coverage_boost.TestBackupValidation" name="test_validate_backup_valid_zip" file="tests/test_backups_coverage_boost.py" line="517" time="0.004" /><testcase classname="tests.test_backups_coverage_boost.TestBackupValidation" name="test_validate_backup_invalid_zip" file="tests/test_backups_coverage_boost.py" line="531" time="0.003" /><testcase classname="tests.test_backups_coverage_boost.TestBackupValidation" name="test_validate_backup_nonexistent_file" file="tests/test_backups_coverage_boost.py" line="540" time="0.002" /><testcase classname="tests.test_backups_coverage_boost.TestBackupValidation" name="test_validate_backup_with_string_path" file="tests/test_backups_coverage_boost.py" line="546" time="0.004" /><testcase classname="tests.test_backups_coverage_boost.TestBackupSize" name="test_get_backup_size_returns_bytes" file="tests/test_backups_coverage_boost.py" line="564" time="0.004" /><testcase classname="tests.test_backups_coverage_boost.TestBackupSize" name="test_get_backup_size_nonexistent_file" file="tests/test_backups_coverage_boost.py" line="581" time="0.002" /><testcase classname="tests.test_backups_coverage_boost.TestBackupSize" name="test_get_backup_size_with_string_path" file="tests/test_backups_coverage_boost.py" line="588" time="0.004" /><testcase classname="tests.test_backups_coverage_boost.TestBackupCleanup" name="test_cleanup_removes_files_in_directory" file="tests/test_backups_coverage_boost.py" line="607" time="0.003" /><testcase classname="tests.test_backups_coverage_boost.TestBackupCleanup" name="test_cleanup_removes_subdirectories" file="tests/test_backups_coverage_boost.py" line="623" time="0.003" /><testcase classname="tests.test_backups_coverage_boost.TestBackupCleanup" name="test_cleanup_with_none_path" file="tests/test_backups_coverage_boost.py" line="640" time="0.002" /><testcase classname="tests.test_backups_coverage_boost.TestBackupCleanup" name="test_cleanup_nonexistent_directory" file="tests/test_backups_coverage_boost.py" line="647" time="0.002" /><testcase classname="tests.test_backups_coverage_boost.TestBackupCleanup" name="test_cleanup_with_permission_errors" file="tests/test_backups_coverage_boost.py" line="654" time="0.003" /><testcase classname="tests.test_backups_coverage_boost.TestBackupConfig" name="test_get_default_backup_config_returns_dict" file="tests/test_backups_coverage_boost.py" line="675" time="0.002" /><testcase classname="tests.test_backups_coverage_boost.TestBackupConfig" name="test_merge_backup_configs_combines_dicts" file="tests/test_backups_coverage_boost.py" line="687" time="0.002" /><testcase classname="tests.test_backups_coverage_boost.TestBackupConfig" name="test_merge_backup_configs_with_none_default" file="tests/test_backups_coverage_boost.py" line="700" time="0.002" /><testcase classname="tests.test_backups_coverage_boost.TestBackupConfig" name="test_merge_backup_configs_with_none_user" file="tests/test_backups_coverage_boost.py" line="709" time="0.004" /><testcase classname="tests.test_backups_coverage_boost.TestBackupConfig" name="test_merge_backup_configs_with_empty_dicts" file="tests/test_backups_coverage_boost.py" line="718" time="0.002" /><testcase classname="tests.test_backups_coverage_boost.TestBackupInfo" name="test_get_backup_info_returns_metadata" file="tests/test_backups_coverage_boost.py" line="729" time="0.004" /><testcase classname="tests.test_backups_coverage_boost.TestBackupInfo" name="test_get_backup_info_includes_files_list" file="tests/test_backups_coverage_boost.py" line="749" time="0.004" /><testcase classname="tests.test_backups_coverage_boost.TestBackupInfo" name="test_get_backup_info_nonexistent_file" file="tests/test_backups_coverage_boost.py" line="767" time="0.002" /><testcase classname="tests.test_backups_coverage_boost.TestBackupInfo" name="test_get_backup_info_invalid_zip" file="tests/test_backups_coverage_boost.py" line="774" time="0.003" /><testcase classname="tests.test_backups_edgecase_coverage.TestBackupPathBehavior" name="test_backuppath_creation_basic" file="tests/test_backups_edgecase_coverage.py" line="16" time="0.002" /><testcase classname="tests.test_backups_edgecase_coverage.TestBackupPathBehavior" name="test_backuppath_startswith_none" file="tests/test_backups_edgecase_coverage.py" line="24" time="0.002" /><testcase classname="tests.test_backups_edgecase_coverage.TestBackupPathBehavior" name="test_backuppath_startswith_path" file="tests/test_backups_edgecase_coverage.py" line="32" time="0.002" /><testcase classname="tests.test_backups_edgecase_coverage.TestBackupPathBehavior" name="test_backuppath_startswith_name" file="tests/test_backups_edgecase_coverage.py" line="40" time="0.002" /><testcase classname="tests.test_backups_edgecase_coverage.TestBackupPathBehavior" name="test_backuppath_startswith_windows_style" file="tests/test_backups_edgecase_coverage.py" line="48" time="0.002" /><testcase classname="tests.test_backups_edgecase_coverage.TestCreateBackupFileEdgeCases" name="test_import_fallback_triggered" file="tests/test_backups_edgecase_coverage.py" line="60" time="0.002" /><testcase classname="tests.test_backups_edgecase_coverage.TestCreateBackupFileEdgeCases" name="test_create_backup_none_result" file="tests/test_backups_edgecase_coverage.py" line="69" time="0.003" /><testcase classname="tests.test_backups_edgecase_coverage.TestCreateBackupFileEdgeCases" name="test_create_backup_with_valid_pathlib_result" file="tests/test_backups_edgecase_coverage.py" line="77" time="0.003" /><testcase classname="tests.test_backups_edgecase_coverage.TestDelegatedFunctions" name="test_all_delegated_functions_callable" file="tests/test_backups_edgecase_coverage.py" line="93" time="0.002" /><testcase classname="tests.test_backups_edgecase_coverage.TestDelegatedFunctions" name="test_delegated_function_calls_impl" file="tests/test_backups_edgecase_coverage.py" line="115" time="0.002" /><testcase classname="tests.test_backups_edgecase_coverage.TestBackupPathSpecialCases" name="test_backuppath_unicode_name" file="tests/test_backups_edgecase_coverage.py" line="131" time="0.002" /><testcase classname="tests.test_backups_edgecase_coverage.TestBackupPathSpecialCases" name="test_backuppath_empty_name" file="tests/test_backups_edgecase_coverage.py" line="139" time="0.002" /><testcase classname="tests.test_backups_edgecase_coverage.TestBackupPathSpecialCases" name="test_backuppath_special_chars_in_prefix" file="tests/test_backups_edgecase_coverage.py" line="148" time="0.002" /><testcase classname="tests.test_backups_impl" name="test_create_backup_basic" file="tests/test_backups_impl.py" line="33" time="0.003" /><testcase classname="tests.test_backups_impl" name="test_create_backup_with_prefix" file="tests/test_backups_impl.py" line="51" time="0.003" /><testcase classname="tests.test_backups_impl" name="test_create_backup_with_db_file" file="tests/test_backups_impl.py" line="65" time="0.003" /><testcase classname="tests.test_backups_impl" name="test_create_backup_empty_config_dir" file="tests/test_backups_impl.py" line="87" time="0.003" /><testcase classname="tests.test_backups_impl" name="test_create_backup_creates_backups_dir" file="tests/test_backups_impl.py" line="103" time="0.003" /><testcase classname="tests.test_backups_impl" name="test_create_backup_nested_files" file="tests/test_backups_impl.py" line="119" time="0.003" /><testcase classname="tests.test_backups_impl" name="test_create_backup_move_fallback" file="tests/test_backups_impl.py" line="143" time="0.004" /><testcase classname="tests.test_backups_impl" name="test_create_backup_returns_backup_path" file="tests/test_backups_impl.py" line="158" time="0.003" /><testcase classname="tests.test_backups_impl" name="test_create_backup_exception_handling" file="tests/test_backups_impl.py" line="172" time="0.002" /><testcase classname="tests.test_backups_impl" name="test_prune_backups_retain_count" file="tests/test_backups_impl.py" line="189" time="0.004" /><testcase classname="tests.test_backups_impl" name="test_prune_backups_retain_days" file="tests/test_backups_impl.py" line="211" time="0.003" /><testcase classname="tests.test_backups_impl" name="test_prune_backups_pre_restore_keep" file="tests/test_backups_impl.py" line="238" time="0.003" /><testcase classname="tests.test_backups_impl" name="test_prune_backups_no_config" file="tests/test_backups_impl.py" line="261" time="0.002" /><testcase classname="tests.test_backups_impl" name="test_prune_backups_empty_config" file="tests/test_backups_impl.py" line="280" time="0.003" /><testcase classname="tests.test_backups_impl" name="test_prune_backups_nonexistent_dir" file="tests/test_backups_impl.py" line="291" time="0.002" /><testcase classname="tests.test_backups_impl" name="test_prune_backups_only_zip_files" file="tests/test_backups_impl.py" line="300" time="0.003" /><testcase classname="tests.test_backups_impl" name="test_prune_backups_legacy_retention_count" file="tests/test_backups_impl.py" line="318" time="0.055" /><testcase classname="tests.test_backups_impl" name="test_list_backups_basic" file="tests/test_backups_impl.py" line="339" time="0.003" /><testcase classname="tests.test_backups_impl" name="test_list_backups_with_pattern" file="tests/test_backups_impl.py" line="362" time="0.003" /><testcase classname="tests.test_backups_impl" name="test_list_backups_includes_file_list" file="tests/test_backups_impl.py" line="379" time="0.003" /><testcase classname="tests.test_backups_impl" name="test_list_backups_nonexistent_dir" file="tests/test_backups_impl.py" line="399" time="0.002" /><testcase classname="tests.test_backups_impl" name="test_list_backups_sorted_by_name" file="tests/test_backups_impl.py" line="408" time="0.003" /><testcase classname="tests.test_backups_impl" name="test_restore_backup_basic" file="tests/test_backups_impl.py" line="425" time="0.003" /><testcase classname="tests.test_backups_impl" name="test_restore_backup_missing_file" file="tests/test_backups_impl.py" line="450" time="0.002" /><testcase classname="tests.test_backups_impl" name="test_restore_backup_missing_destination" file="tests/test_backups_impl.py" line="459" time="0.002" /><testcase classname="tests.test_backups_impl" name="test_restore_backup_invalid_zip" file="tests/test_backups_impl.py" line="474" time="0.003" /><testcase classname="tests.test_backups_impl" name="test_restore_backup_partial_failure" file="tests/test_backups_impl.py" line="491" time="0.003" /><testcase classname="tests.test_backups_impl" name="test_validate_backup_file_valid" file="tests/test_backups_impl.py" line="513" time="0.003" /><testcase classname="tests.test_backups_impl" name="test_validate_backup_file_invalid" file="tests/test_backups_impl.py" line="526" time="0.002" /><testcase classname="tests.test_backups_impl" name="test_validate_backup_file_nonexistent" file="tests/test_backups_impl.py" line="539" time="0.002" /><testcase classname="tests.test_backups_impl" name="test_get_backup_size" file="tests/test_backups_impl.py" line="546" time="0.003" /><testcase classname="tests.test_backups_impl" name="test_get_backup_size_nonexistent" file="tests/test_backups_impl.py" line="561" time="0.002" /><testcase classname="tests.test_backups_impl" name="test_cleanup_temp_files_directory" file="tests/test_backups_impl.py" line="570" time="0.003" /><testcase classname="tests.test_backups_impl" name="test_cleanup_temp_files_none" file="tests/test_backups_impl.py" line="589" time="0.002" /><testcase classname="tests.test_backups_impl" name="test_get_default_backup_config" file="tests/test_backups_impl.py" line="598" time="0.002" /><testcase classname="tests.test_backups_impl" name="test_merge_backup_configs" file="tests/test_backups_impl.py" line="609" time="0.002" /><testcase classname="tests.test_backups_impl" name="test_merge_backup_configs_none_defaults" file="tests/test_backups_impl.py" line="623" time="0.002" /><testcase classname="tests.test_backups_impl" name="test_get_backup_info_valid" file="tests/test_backups_impl.py" line="634" time="0.003" /><testcase classname="tests.test_backups_impl" name="test_get_backup_info_nonexistent" file="tests/test_backups_impl.py" line="657" time="0.002" /><testcase classname="tests.test_backups_impl" name="test_get_backup_info_invalid_zip" file="tests/test_backups_impl.py" line="666" time="0.002" /><testcase classname="tests.test_backups_impl" name="test_prune_backups_unlink_exception" file="tests/test_backups_impl.py" line="682" time="0.003" /><testcase classname="tests.test_backups_impl" name="test_list_backups_stat_exception" file="tests/test_backups_impl.py" line="698" time="0.003" /><testcase classname="tests.test_backups_impl" name="test_create_backup_nonexistent_no_prefix_raises" file="tests/test_backups_impl.py" line="716" time="0.003" /><testcase classname="tests.test_backups_impl" name="test_create_backup_with_prefix_creates_empty_zip" file="tests/test_backups_impl.py" line="723" time="0.003" /><testcase classname="tests.test_backups_impl" name="test_create_backup_includes_db_snapshot" file="tests/test_backups_impl.py" line="737" time="0.004" /><testcase classname="tests.test_backups_impl" name="test_list_get_validate_size" file="tests/test_backups_impl.py" line="756" time="0.003" /><testcase classname="tests.test_backups_impl" name="test_prune_by_count_and_days" file="tests/test_backups_impl.py" line="774" time="0.004" /><testcase classname="tests.test_backups_impl" name="test_restore_backup_and_cleanup" file="tests/test_backups_impl.py" line="806" time="0.003" /><testcase classname="tests.test_backups_impl" name="test_cleanup_temp_files" file="tests/test_backups_impl.py" line="820" time="0.003" /><testcase classname="tests.test_backups_impl" name="test_default_and_merge_configs" file="tests/test_backups_impl.py" line="834" time="0.002" /><testcase classname="tests.test_backups_impl" name="test_backups_impl_list_backups_empty" file="tests/test_backups_impl.py" line="844" time="0.002" /><testcase classname="tests.test_backups_impl" name="test_db_additional_paths" file="tests/test_backups_impl.py" line="854" time="0.004" /><testcase classname="tests.test_backups_impl" name="test_services_initialization" file="tests/test_backups_impl.py" line="880" time="0.002" /><testcase classname="tests.test_backups_impl" name="test_core_application_factory_multiple_instances" file="tests/test_backups_impl.py" line="895" time="0.002" /><testcase classname="tests.test_backups_integration.TestBackupsAPIEndpoints" name="test_backups_create_list_download_delete_flow" file="tests/test_backups_integration.py" line="38" time="0.054" /><testcase classname="tests.test_backups_integration.TestBackupsAPIEndpoints" name="test_backups_download_and_delete_invalid_name" file="tests/test_backups_integration.py" line="101" time="0.046" /><testcase classname="tests.test_backups_integration.TestBackupsAPIEndpoints" name="test_backups_import_and_restore" file="tests/test_backups_integration.py" line="77" time="0.047" /><testcase classname="tests.test_backups_integration.TestBackupsAPIEndpoints" name="test_backups_settings_get_and_post" file="tests/test_backups_integration.py" line="117" time="0.091" /><testcase classname="tests.test_backups_integration.TestBackupsIntegrationScenarios" name="test_backup_concurrent_operations" file="tests/test_backups_integration.py" line="302" time="0.006" /><testcase classname="tests.test_backups_integration.TestBackupsIntegrationScenarios" name="test_backup_error_handling" file="tests/test_backups_integration.py" line="277" time="0.003" /><testcase classname="tests.test_backups_integration.TestBackupsIntegrationScenarios" name="test_backup_includes_expected_files" file="tests/test_backups_integration.py" line="155" time="0.004" /><testcase classname="tests.test_backups_integration.TestBackupsIntegrationScenarios" name="test_backup_prune_respects_retention" file="tests/test_backups_integration.py" line="192" time="0.003" /><testcase classname="tests.test_backups_integration.TestBackupsIntegrationScenarios" name="test_backup_restore_functionality" file="tests/test_backups_integration.py" line="244" time="0.003" /><testcase classname="tests.test_backups_integration.TestBackupsIntegrationScenarios" name="test_backup_validation_and_integrity" file="tests/test_backups_integration.py" line="220" time="0.003" /><testcase classname="tests.test_backups_integration" name="test_backups_exports_all_functions" file="tests/test_backups_integration.py" line="352" time="0.002" /><testcase classname="tests.test_backups_integration" name="test_backups_get_backup_info_delegates" file="tests/test_backups_integration.py" line="376" time="0.003" /><testcase classname="tests.test_backups_integration" name="test_backups_prune_backups_delegates" file="tests/test_backups_integration.py" line="387" time="0.002" /><testcase classname="tests.test_backups_integration" name="test_backups_list_backups_delegates" file="tests/test_backups_integration.py" line="399" time="0.002" /><testcase classname="tests.test_backups_integration" name="test_backups_list_backups_with_pattern" file="tests/test_backups_integration.py" line="410" time="0.002" /><testcase classname="tests.test_backups_integration" name="test_backups_restore_backup_delegates" file="tests/test_backups_integration.py" line="421" time="0.002" /><testcase classname="tests.test_backups_integration" name="test_backups_validate_backup_file_delegates" file="tests/test_backups_integration.py" line="432" time="0.002" /><testcase classname="tests.test_backups_integration" name="test_backups_get_backup_size_delegates" file="tests/test_backups_integration.py" line="443" time="0.003" /><testcase classname="tests.test_backups_integration" name="test_backups_cleanup_temp_files_delegates" file="tests/test_backups_integration.py" line="454" time="0.003" /><testcase classname="tests.test_backups_integration" name="test_backups_get_default_backup_config_delegates" file="tests/test_backups_integration.py" line="465" time="0.002" /><testcase classname="tests.test_backups_integration" name="test_backups_merge_backup_configs_delegates" file="tests/test_backups_integration.py" line="476" time="0.002" /><testcase classname="tests.test_backups_integration" name="test_create_backup_file_raises_on_missing_config_root" file="tests/test_backups_integration.py" line="489" time="0.002" /><testcase classname="tests.test_backups_integration" name="test_create_backup_file_allows_missing_config_with_prefix" file="tests/test_backups_integration.py" line="497" time="0.003" /><testcase classname="tests.test_backups_integration" name="test_create_backup_file_delegates_on_valid_config" file="tests/test_backups_integration.py" line="514" time="0.003" /><testcase classname="tests.test_backups_integration" name="test_create_backup_file_handles_path_construction_exception" file="tests/test_backups_integration.py" line="534" time="0.003" /><testcase classname="tests.test_backups_integration" name="test_backup_path_class_internal_import_available" file="tests/test_backups_integration.py" line="552" time="0.002" /><testcase classname="tests.test_backups_integration" name="test_backup_path_fallback_class_basic" file="tests/test_backups_integration.py" line="561" time="0.003" /><testcase classname="tests.test_backups_integration" name="test_backup_path_fallback_startswith_with_separator" file="tests/test_backups_integration.py" line="581" time="0.002" /><testcase classname="tests.test_backups_integration" name="test_backup_path_fallback_startswith_name_only" file="tests/test_backups_integration.py" line="596" time="0.002" /><testcase classname="tests.test_backups_integration" name="test_backup_path_fallback_startswith_none_prefix" file="tests/test_backups_integration.py" line="610" time="0.002" /><testcase classname="tests.test_backups_integration" name="test_backup_path_fallback_startswith_exception_handling" file="tests/test_backups_integration.py" line="623" time="0.003"><skipped type="pytest.skip" message="Cannot patch builtins.object.__getattribute__ on this Python version">/home/jeremy/Server/Projects/researcharr/tests/test_backups_integration.py:639: Cannot patch builtins.object.__getattribute__ on this Python version</skipped></testcase><testcase classname="tests.test_backups_integration" name="test_create_backup_file_with_empty_string_prefix" file="tests/test_backups_integration.py" line="644" time="0.002" /><testcase classname="tests.test_backups_integration" name="test_create_backup_file_passes_prefix_to_impl" file="tests/test_backups_integration.py" line="652" time="0.003" /><testcase classname="tests.test_backups_integration" name="test_backups_module_imports_backups_impl" file="tests/test_backups_integration.py" line="672" time="0.002" /><testcase classname="tests.test_backups_integration" name="test_backup_path_windows_separator" file="tests/test_backups_integration.py" line="681" time="0.002" /><testcase classname="tests.test_backups_integration" name="test_create_backup_validation_edge_cases" file="tests/test_backups_integration.py" line="694" time="0.003" /><testcase classname="tests.test_backups_integration" name="test_delegation_functions_pass_args_kwargs" file="tests/test_backups_integration.py" line="712" time="0.003" /><testcase classname="tests.test_backups_integration" name="test_backup_path_import_fallback_chain" file="tests/test_backups_integration.py" line="727" time="0.002" /><testcase classname="tests.test_backups_integration" name="test_backup_path_import" file="tests/test_backups_integration.py" line="742" time="0.002" /><testcase classname="tests.test_backups_integration" name="test_backup_path_creation" file="tests/test_backups_integration.py" line="749" time="0.002" /><testcase classname="tests.test_backups_integration" name="test_backup_path_startswith_name" file="tests/test_backups_integration.py" line="759" time="0.002" /><testcase classname="tests.test_backups_integration" name="test_backup_path_startswith_fullpath" file="tests/test_backups_integration.py" line="770" time="0.002" /><testcase classname="tests.test_backups_integration" name="test_backup_path_startswith_none" file="tests/test_backups_integration.py" line="781" time="0.002" /><testcase classname="tests.test_backups_integration" name="test_backup_path_startswith_exception" file="tests/test_backups_integration.py" line="790" time="0.003" /><testcase classname="tests.test_backups_integration" name="test_create_backup_file_missing_config_no_prefix" file="tests/test_backups_integration.py" line="803" time="0.003" /><testcase classname="tests.test_backups_integration" name="test_create_backup_file_delegates" file="tests/test_backups_integration.py" line="811" time="0.003" /><testcase classname="tests.test_backups_integration" name="test_get_backup_info_delegates" file="tests/test_backups_integration.py" line="821" time="0.002" /><testcase classname="tests.test_backups_integration" name="test_prune_backups_delegates" file="tests/test_backups_integration.py" line="831" time="0.002" /><testcase classname="tests.test_backups_integration" name="test_list_backups_delegates" file="tests/test_backups_integration.py" line="841" time="0.003" /><testcase classname="tests.test_backups_integration" name="test_restore_backup_delegates" file="tests/test_backups_integration.py" line="853" time="0.002" /><testcase classname="tests.test_backups_integration" name="test_validate_backup_file_delegates" file="tests/test_backups_integration.py" line="863" time="0.002" /><testcase classname="tests.test_backups_integration" name="test_get_backup_size_delegates" file="tests/test_backups_integration.py" line="873" time="0.002" /><testcase classname="tests.test_backups_integration" name="test_cleanup_temp_files_delegates" file="tests/test_backups_integration.py" line="883" time="0.003" /><testcase classname="tests.test_backups_integration" name="test_get_default_backup_config_delegates" file="tests/test_backups_integration.py" line="893" time="0.002" /><testcase classname="tests.test_backups_integration" name="test_merge_backup_configs_delegates" file="tests/test_backups_integration.py" line="903" time="0.003" /><testcase classname="tests.test_backups_integration" name="test_backups_all_exports" file="tests/test_backups_integration.py" line="913" time="0.002" /><testcase classname="tests.test_backups_integration" name="test_backup_path_with_impl_import" file="tests/test_backups_integration.py" line="935" time="0.002" /><testcase classname="tests.test_backups_integration" name="test_backup_path_without_impl_import" file="tests/test_backups_integration.py" line="943" time="0.002" /><testcase classname="tests.test_backups_integration" name="test_create_backup_file_path_construction_failure" file="tests/test_backups_integration.py" line="962" time="0.003" /><testcase classname="tests.test_backups_integration" name="test_create_backup_file_with_existing_config" file="tests/test_backups_integration.py" line="974" time="0.003" /><testcase classname="tests.test_backups_integration" name="test_backup_path_startswith_backslash" file="tests/test_backups_integration.py" line="993" time="0.003" /><testcase classname="tests.test_core_api_new" name="test_api_blueprint_exists" file="tests/test_core_api_new.py" line="33" time="0.002" /><testcase classname="tests.test_core_api_new" name="test_require_api_key_decorator" file="tests/test_core_api_new.py" line="41" time="0.002" /><testcase classname="tests.test_core_api_new" name="test_require_api_key_only_decorator" file="tests/test_core_api_new.py" line="52" time="0.002" /><testcase classname="tests.test_core_api_new" name="test_health_endpoint" file="tests/test_core_api_new.py" line="63" time="0.009" /><testcase classname="tests.test_core_api_new" name="test_health_endpoint_error" file="tests/test_core_api_new.py" line="83" time="0.008" /><testcase classname="tests.test_core_api_new" name="test_health_endpoint_fallback" file="tests/test_core_api_new.py" line="103" time="0.008" /><testcase classname="tests.test_core_api_new" name="test_metrics_endpoint" file="tests/test_core_api_new.py" line="125" time="0.009" /><testcase classname="tests.test_core_api_new" name="test_metrics_endpoint_fallback" file="tests/test_core_api_new.py" line="142" time="0.008" /><testcase classname="tests.test_core_api_new" name="test_plugins_endpoint_no_auth" file="tests/test_core_api_new.py" line="154" time="0.008" /><testcase classname="tests.test_core_api_new" name="test_plugins_endpoint_with_auth" file="tests/test_core_api_new.py" line="161" time="0.143" /><testcase classname="tests.test_core_api_new" name="test_plugins_endpoint_no_registry" file="tests/test_core_api_new.py" line="188" time="0.142" /><testcase classname="tests.test_core_api_new" name="test_plugin_validate_endpoint" file="tests/test_core_api_new.py" line="206" time="0.161" /><testcase classname="tests.test_core_api_new" name="test_plugin_validate_unknown_plugin" file="tests/test_core_api_new.py" line="237" time="0.143" /><testcase classname="tests.test_core_api_new" name="test_plugin_validate_invalid_index" file="tests/test_core_api_new.py" line="254" time="0.142" /><testcase classname="tests.test_core_api_new" name="test_plugin_validate_exception" file="tests/test_core_api_new.py" line="271" time="0.143" /><testcase classname="tests.test_core_api_new" name="test_require_api_key_with_valid_key" file="tests/test_core_api_new.py" line="297" time="0.140" /><testcase classname="tests.test_core_api_new" name="test_require_api_key_with_session" file="tests/test_core_api_new.py" line="315" time="0.008" /><testcase classname="tests.test_core_api_new" name="test_require_api_key_unauthorized" file="tests/test_core_api_new.py" line="330" time="0.008" /><testcase classname="tests.test_core_api_new" name="test_require_api_key_only_with_valid_key" file="tests/test_core_api_new.py" line="343" time="0.140" /><testcase classname="tests.test_core_api_new" name="test_require_api_key_only_no_session" file="tests/test_core_api_new.py" line="361" time="0.008" /><testcase classname="tests.test_core_api_new" name="test_health_endpoint_503_status" file="tests/test_core_api_new.py" line="376" time="0.009" /><testcase classname="tests.test_core_api_smoke" name="test_openapi_json_endpoint" file="tests/test_core_api_smoke.py" line="65" time="0.008" /><testcase classname="tests.test_core_api_smoke" name="test_docs_endpoint_protected_with_api_key" file="tests/test_core_api_smoke.py" line="77" time="0.143" /><testcase classname="tests.test_core_api_smoke" name="test_metrics_with_container_stub" file="tests/test_core_api_smoke.py" line="87" time="0.008" /><testcase classname="tests.test_core_api_smoke" name="test_plugins_list_with_api_key_and_registry" file="tests/test_core_api_smoke.py" line="98" time="0.149" /><testcase classname="tests.test_core_api_smoke" name="test_plugins_list_with_session_cookie_allows_access" file="tests/test_core_api_smoke.py" line="109" time="0.009" /><testcase classname="tests.test_core_api_smoke" name="test_plugin_validate_success_and_failure" file="tests/test_core_api_smoke.py" line="121" time="0.206" /><testcase classname="tests.test_core_api_smoke" name="test_plugin_validate_exception_path" file="tests/test_core_api_smoke.py" line="144" time="0.142" /><testcase classname="tests.test_core_api_smoke" name="test_plugin_sync_success_and_failure" file="tests/test_core_api_smoke.py" line="164" time="0.208" /><testcase classname="tests.test_core_api_smoke" name="test_notifications_send_success_and_missing_plugin" file="tests/test_core_api_smoke.py" line="195" time="0.279" /><testcase classname="tests.test_core_application.TestCoreApplicationFactory" name="test_create_core_app" file="tests/test_core_application.py" line="236" time="0.009" /><testcase classname="tests.test_core_application.TestCoreApplicationFactory" name="test_create_core_app_with_metrics" file="tests/test_core_application.py" line="261" time="0.009" /><testcase classname="tests.test_core_application.TestCoreApplicationFactory" name="test_factory_initialization" file="tests/test_core_application.py" line="66" time="0.003" /><testcase classname="tests.test_core_application.TestCoreApplicationFactory" name="test_lifecycle_hooks_execution" file="tests/test_core_application.py" line="211" time="0.003" /><testcase classname="tests.test_core_application.TestCoreApplicationFactory" name="test_register_core_services" file="tests/test_core_application.py" line="74" time="0.003" /><testcase classname="tests.test_core_application.TestCoreApplicationFactory" name="test_setup_configuration" file="tests/test_core_application.py" line="94" time="0.003" /><testcase classname="tests.test_core_application.TestCoreApplicationFactory" name="test_setup_configuration_with_files" file="tests/test_core_application.py" line="116" time="0.004" /><testcase classname="tests.test_core_application.TestCoreApplicationFactory" name="test_setup_lifecycle_hooks" file="tests/test_core_application.py" line="192" time="0.003" /><testcase classname="tests.test_core_application.TestCoreApplicationFactory" name="test_setup_plugins_with_fallback" file="tests/test_core_application.py" line="159" time="0.003" /><testcase classname="tests.test_core_application.TestCoreApplicationFactory" name="test_setup_plugins_without_registry" file="tests/test_core_application.py" line="146" time="0.003" /><testcase classname="tests.test_core_application.TestCoreApplicationFactory" name="test_setup_user_authentication_defaults" file="tests/test_core_application.py" line="171" time="0.003" /><testcase classname="tests.test_core_application.TestCoreApplicationFactory" name="test_setup_user_authentication_with_webui" file="tests/test_core_application.py" line="179" time="0.003" /><testcase classname="tests.test_core_application.TestFactoryFunctions" name="test_create_core_app_function" file="tests/test_core_application.py" line="320" time="0.009" /><testcase classname="tests.test_core_application.TestFactoryFunctions" name="test_integrate_metrics_merging" file="tests/test_core_application.py" line="364" time="0.003" /><testcase classname="tests.test_core_application.TestFactoryFunctions" name="test_integrate_with_web_app" file="tests/test_core_application.py" line="333" time="0.003" /><testcase classname="tests.test_core_application.TestFactoryFunctions" name="test_integrate_with_web_app_blueprint_check" file="tests/test_core_application.py" line="351" time="0.003" /><testcase classname="tests.test_core_application.TestEnvironmentIntegration" name="test_environment_variable_integration" file="tests/test_core_application.py" line="415" time="0.004" /><testcase classname="tests.test_core_application.TestEnvironmentIntegration" name="test_secret_key_from_environment" file="tests/test_core_application.py" line="435" time="0.009" /><testcase classname="tests.test_core_application.TestConfigurationFiles" name="test_missing_optional_config_files" file="tests/test_core_application.py" line="469" time="0.003" /><testcase classname="tests.test_core_application.TestConfigurationFiles" name="test_plugin_config_directory_creation" file="tests/test_core_application.py" line="479" time="0.003" /><testcase classname="tests.test_core_config.TestConfigurationManager" name="test_add_config_source_from_dict" file="tests/test_core_config.py" line="30" time="0.003" /><testcase classname="tests.test_core_config.TestConfigurationManager" name="test_add_config_source_from_file" file="tests/test_core_config.py" line="51" time="0.004" /><testcase classname="tests.test_core_config.TestConfigurationManager" name="test_config_change_notification" file="tests/test_core_config.py" line="219" time="0.003" /><testcase classname="tests.test_core_config.TestConfigurationManager" name="test_config_inheritance_and_merging" file="tests/test_core_config.py" line="302" time="0.003" /><testcase classname="tests.test_core_config.TestConfigurationManager" name="test_config_priority_ordering" file="tests/test_core_config.py" line="75" time="0.003" /><testcase classname="tests.test_core_config.TestConfigurationManager" name="test_config_reload" file="tests/test_core_config.py" line="266" time="0.005" /><testcase classname="tests.test_core_config.TestConfigurationManager" name="test_config_validation_errors" file="tests/test_core_config.py" line="245" time="0.003" /><testcase classname="tests.test_core_config.TestConfigurationManager" name="test_get_config_section" file="tests/test_core_config.py" line="201" time="0.003" /><testcase classname="tests.test_core_config.TestConfigurationManager" name="test_get_config_value_with_default" file="tests/test_core_config.py" line="115" time="0.003" /><testcase classname="tests.test_core_config.TestConfigurationManager" name="test_has_config_key" file="tests/test_core_config.py" line="171" time="0.003" /><testcase classname="tests.test_core_config.TestConfigurationManager" name="test_initial_state" file="tests/test_core_config.py" line="25" time="0.003" /><testcase classname="tests.test_core_config.TestConfigurationManager" name="test_nested_config_access" file="tests/test_core_config.py" line="151" time="0.003" /><testcase classname="tests.test_core_config.TestConfigurationManager" name="test_save_config" file="tests/test_core_config.py" line="339" time="0.004" /><testcase classname="tests.test_core_config.TestConfigurationManager" name="test_set_config_value" file="tests/test_core_config.py" line="135" time="0.003" /><testcase classname="tests.test_core_container.TestServiceContainer" name="test_circular_dependency_detection" file="tests/test_core_container.py" line="91" time="0.003" /><testcase classname="tests.test_core_container.TestServiceContainer" name="test_class_registration_factory" file="tests/test_core_container.py" line="72" time="0.002" /><testcase classname="tests.test_core_container.TestServiceContainer" name="test_class_registration_singleton" file="tests/test_core_container.py" line="54" time="0.002" /><testcase classname="tests.test_core_container.TestServiceContainer" name="test_clear_services" file="tests/test_core_container.py" line="159" time="0.002" /><testcase classname="tests.test_core_container.TestServiceContainer" name="test_factory_multiple_instances" file="tests/test_core_container.py" line="218" time="0.002" /><testcase classname="tests.test_core_container.TestServiceContainer" name="test_factory_registration" file="tests/test_core_container.py" line="35" time="0.002" /><testcase classname="tests.test_core_container.TestServiceContainer" name="test_has_service" file="tests/test_core_container.py" line="119" time="0.002" /><testcase classname="tests.test_core_container.TestServiceContainer" name="test_interface_registration" file="tests/test_core_container.py" line="173" time="0.003" /><testcase classname="tests.test_core_container.TestServiceContainer" name="test_lazy_singleton_initialization" file="tests/test_core_container.py" line="194" time="0.002" /><testcase classname="tests.test_core_container.TestServiceContainer" name="test_list_services" file="tests/test_core_container.py" line="134" time="0.003" /><testcase classname="tests.test_core_container.TestServiceContainer" name="test_service_not_found" file="tests/test_core_container.py" line="113" time="0.002" /><testcase classname="tests.test_core_container.TestServiceContainer" name="test_singleton_registration" file="tests/test_core_container.py" line="14" time="0.004" /><testcase classname="tests.test_core_events.TestEventBus" name="test_clear_history" file="tests/test_core_events.py" line="204" time="0.003" /><testcase classname="tests.test_core_events.TestEventBus" name="test_error_handling_in_handlers" file="tests/test_core_events.py" line="155" time="0.003" /><testcase classname="tests.test_core_events.TestEventBus" name="test_event_history" file="tests/test_core_events.py" line="182" time="0.002" /><testcase classname="tests.test_core_events.TestEventBus" name="test_list_events" file="tests/test_core_events.py" line="245" time="0.002" /><testcase classname="tests.test_core_events.TestEventBus" name="test_multiple_subscribers" file="tests/test_core_events.py" line="54" time="0.002" /><testcase classname="tests.test_core_events.TestEventBus" name="test_no_subscribers" file="tests/test_core_events.py" line="176" time="0.002" /><testcase classname="tests.test_core_events.TestEventBus" name="test_publish_event_object" file="tests/test_core_events.py" line="32" time="0.003" /><testcase classname="tests.test_core_events.TestEventBus" name="test_subscribe_and_publish" file="tests/test_core_events.py" line="14" time="0.003" /><testcase classname="tests.test_core_events.TestEventBus" name="test_subscriber_count" file="tests/test_core_events.py" line="221" time="0.003" /><testcase classname="tests.test_core_events.TestEventBus" name="test_unsubscribe" file="tests/test_core_events.py" line="79" time="0.003" /><testcase classname="tests.test_core_events.TestEventBus" name="test_unsubscribe_nonexistent" file="tests/test_core_events.py" line="101" time="0.002" /><testcase classname="tests.test_core_events.TestEventBus" name="test_unsubscribe_wildcard" file="tests/test_core_events.py" line="133" time="0.003" /><testcase classname="tests.test_core_events.TestEventBus" name="test_wildcard_subscription" file="tests/test_core_events.py" line="111" time="0.003" /><testcase classname="tests.test_core_lifecycle.TestApplicationLifecycle" name="test_add_shutdown_hook" file="tests/test_core_lifecycle.py" line="42" time="0.003" /><testcase classname="tests.test_core_lifecycle.TestApplicationLifecycle" name="test_add_startup_hook" file="tests/test_core_lifecycle.py" line="23" time="0.003" /><testcase classname="tests.test_core_lifecycle.TestApplicationLifecycle" name="test_application_state_transitions" file="tests/test_core_lifecycle.py" line="133" time="0.003" /><testcase classname="tests.test_core_lifecycle.TestApplicationLifecycle" name="test_context_data" file="tests/test_core_lifecycle.py" line="263" time="0.002" /><testcase classname="tests.test_core_lifecycle.TestApplicationLifecycle" name="test_critical_hook_failure" file="tests/test_core_lifecycle.py" line="86" time="0.004" /><testcase classname="tests.test_core_lifecycle.TestApplicationLifecycle" name="test_double_start_protection" file="tests/test_core_lifecycle.py" line="201" time="0.003" /><testcase classname="tests.test_core_lifecycle.TestApplicationLifecycle" name="test_graceful_shutdown_sequence" file="tests/test_core_lifecycle.py" line="278" time="0.003" /><testcase classname="tests.test_core_lifecycle.TestApplicationLifecycle" name="test_hook_priority_ordering" file="tests/test_core_lifecycle.py" line="61" time="0.003" /><testcase classname="tests.test_core_lifecycle.TestApplicationLifecycle" name="test_hook_timeout" file="tests/test_core_lifecycle.py" line="240" time="0.103" /><testcase classname="tests.test_core_lifecycle.TestApplicationLifecycle" name="test_initial_state" file="tests/test_core_lifecycle.py" line="14" time="0.003" /><testcase classname="tests.test_core_lifecycle.TestApplicationLifecycle" name="test_non_critical_hook_failure" file="tests/test_core_lifecycle.py" line="111" time="0.004" /><testcase classname="tests.test_core_lifecycle.TestApplicationLifecycle" name="test_restart_application" file="tests/test_core_lifecycle.py" line="172" time="0.003" /><testcase classname="tests.test_core_lifecycle.TestApplicationLifecycle" name="test_shutdown_hooks_reverse_priority" file="tests/test_core_lifecycle.py" line="150" time="0.003" /><testcase classname="tests.test_core_lifecycle.TestApplicationLifecycle" name="test_signal_handler_registration" file="tests/test_core_lifecycle.py" line="270" time="0.003" /><testcase classname="tests.test_core_lifecycle.TestApplicationLifecycle" name="test_state_properties" file="tests/test_core_lifecycle.py" line="222" time="0.003" /><testcase classname="tests.test_core_services.TestDatabaseService" name="test_check_connection_failure" file="tests/test_core_services.py" line="72" time="0.003" /><testcase classname="tests.test_core_services.TestDatabaseService" name="test_check_connection_success" file="tests/test_core_services.py" line="63" time="0.003" /><testcase classname="tests.test_core_services.TestDatabaseService" name="test_database_initialization" file="tests/test_core_services.py" line="41" time="0.003" /><testcase classname="tests.test_core_services.TestDatabaseService" name="test_default_db_path" file="tests/test_core_services.py" line="80" time="0.003" /><testcase classname="tests.test_core_services.TestLoggingService" name="test_get_existing_logger" file="tests/test_core_services.py" line="133" time="0.003" /><testcase classname="tests.test_core_services.TestLoggingService" name="test_get_logger_by_name" file="tests/test_core_services.py" line="144" time="0.003" /><testcase classname="tests.test_core_services.TestLoggingService" name="test_setup_logger" file="tests/test_core_services.py" line="108" time="0.003" /><testcase classname="tests.test_core_services.TestLoggingService" name="test_setup_logger_with_level" file="tests/test_core_services.py" line="125" time="0.003" /><testcase classname="tests.test_core_services.TestConnectivityService" name="test_check_radarr_connection_exception" file="tests/test_core_services.py" line="240" time="0.003" /><testcase classname="tests.test_core_services.TestConnectivityService" name="test_check_radarr_connection_failure" file="tests/test_core_services.py" line="226" time="0.003" /><testcase classname="tests.test_core_services.TestConnectivityService" name="test_check_radarr_connection_missing_credentials" file="tests/test_core_services.py" line="252" time="0.003" /><testcase classname="tests.test_core_services.TestConnectivityService" name="test_check_radarr_connection_success" file="tests/test_core_services.py" line="211" time="0.003" /><testcase classname="tests.test_core_services.TestConnectivityService" name="test_check_sonarr_connection_success" file="tests/test_core_services.py" line="264" time="0.003" /><testcase classname="tests.test_core_services.TestConnectivityService" name="test_has_valid_url_and_key_invalid_instances" file="tests/test_core_services.py" line="186" time="0.003" /><testcase classname="tests.test_core_services.TestConnectivityService" name="test_has_valid_url_and_key_valid_instances" file="tests/test_core_services.py" line="167" time="0.003" /><testcase classname="tests.test_core_services.TestHealthService" name="test_check_system_health_basic" file="tests/test_core_services.py" line="299" time="0.003" /><testcase classname="tests.test_core_services.TestHealthService" name="test_check_system_health_with_errors" file="tests/test_core_services.py" line="321" time="0.004" /><testcase classname="tests.test_core_services.TestMetricsService" name="test_get_metrics_copy" file="tests/test_core_services.py" line="383" time="0.003" /><testcase classname="tests.test_core_services.TestMetricsService" name="test_increment_errors" file="tests/test_core_services.py" line="366" time="0.003" /><testcase classname="tests.test_core_services.TestMetricsService" name="test_increment_requests" file="tests/test_core_services.py" line="356" time="0.003" /><testcase classname="tests.test_core_services.TestMetricsService" name="test_initial_metrics" file="tests/test_core_services.py" line="348" time="0.003" /><testcase classname="tests.test_core_services.TestMetricsService" name="test_record_service_metric" file="tests/test_core_services.py" line="373" time="0.003" /><testcase classname="tests.test_core_services.TestMetricsApp" name="test_404_handling" file="tests/test_core_services.py" line="455" time="0.007" /><testcase classname="tests.test_core_services.TestMetricsApp" name="test_health_endpoint" file="tests/test_core_services.py" line="418" time="0.005" /><testcase classname="tests.test_core_services.TestMetricsApp" name="test_metrics_endpoint" file="tests/test_core_services.py" line="430" time="0.006" /><testcase classname="tests.test_core_services.TestMetricsApp" name="test_request_counting" file="tests/test_core_services.py" line="441" time="0.006" /><testcase classname="tests.test_core_services.TestConfigLoading" name="test_load_config_empty_file" file="tests/test_core_services.py" line="501" time="0.003" /><testcase classname="tests.test_core_services.TestConfigLoading" name="test_load_config_missing_file" file="tests/test_core_services.py" line="496" time="0.003" /><testcase classname="tests.test_core_services.TestConfigLoading" name="test_load_config_success" file="tests/test_core_services.py" line="476" time="0.004" /><testcase classname="tests.test_core_services.TestBackwardsCompatibilityFunctions" name="test_check_radarr_connection_compatibility" file="tests/test_core_services.py" line="567" time="0.003" /><testcase classname="tests.test_core_services.TestBackwardsCompatibilityFunctions" name="test_check_sonarr_connection_compatibility" file="tests/test_core_services.py" line="584" time="0.003" /><testcase classname="tests.test_core_services.TestBackwardsCompatibilityFunctions" name="test_has_valid_url_and_key_compatibility" file="tests/test_core_services.py" line="554" time="0.003" /><testcase classname="tests.test_core_services.TestBackwardsCompatibilityFunctions" name="test_init_db_compatibility" file="tests/test_core_services.py" line="525" time="0.003" /><testcase classname="tests.test_core_services.TestBackwardsCompatibilityFunctions" name="test_setup_logger_compatibility" file="tests/test_core_services.py" line="543" time="0.004" /><testcase classname="tests.test_db_coverage" name="test_get_db_path_from_database_url" file="tests/test_db_coverage.py" line="8" time="0.004" /><testcase classname="tests.test_db_coverage" name="test_get_db_path_from_researcharr_db" file="tests/test_db_coverage.py" line="18" time="0.004" /><testcase classname="tests.test_db_coverage" name="test_get_db_path_import_exception" file="tests/test_db_coverage.py" line="33" time="0.004" /><testcase classname="tests.test_db_coverage" name="test_conn_creates_directory" file="tests/test_db_coverage.py" line="46" time="0.003" /><testcase classname="tests.test_db_coverage" name="test_conn_handles_makedirs_exception" file="tests/test_db_coverage.py" line="60" time="0.003" /><testcase classname="tests.test_db_coverage" name="test_init_db_creates_table" file="tests/test_db_coverage.py" line="77" time="0.003" /><testcase classname="tests.test_db_coverage" name="test_load_user_no_users" file="tests/test_db_coverage.py" line="99" time="0.004" /><testcase classname="tests.test_db_coverage" name="test_save_user_creates_user" file="tests/test_db_coverage.py" line="115" time="0.004" /><testcase classname="tests.test_db_coverage" name="test_save_user_updates_existing" file="tests/test_db_coverage.py" line="135" time="0.004" /><testcase classname="tests.test_db_coverage" name="test_get_connection" file="tests/test_db_coverage.py" line="157" time="0.003" /><testcase classname="tests.test_db_coverage" name="test_get_db_path_database_url_not_sqlite" file="tests/test_db_coverage.py" line="175" time="0.004" /><testcase classname="tests.test_entrypoint_comprehensive.TestEntrypointModule" name="test_check_radarr_connection_exception" file="tests/test_entrypoint_comprehensive.py" line="224" time="0.003" /><testcase classname="tests.test_entrypoint_comprehensive.TestEntrypointModule" name="test_check_radarr_connection_missing_api_key" file="tests/test_entrypoint_comprehensive.py" line="189" time="0.003" /><testcase classname="tests.test_entrypoint_comprehensive.TestEntrypointModule" name="test_check_radarr_connection_missing_url" file="tests/test_entrypoint_comprehensive.py" line="180" time="0.003" /><testcase classname="tests.test_entrypoint_comprehensive.TestEntrypointModule" name="test_check_radarr_connection_non_200_status" file="tests/test_entrypoint_comprehensive.py" line="211" time="0.004" /><testcase classname="tests.test_entrypoint_comprehensive.TestEntrypointModule" name="test_check_radarr_connection_success" file="tests/test_entrypoint_comprehensive.py" line="198" time="0.003" /><testcase classname="tests.test_entrypoint_comprehensive.TestEntrypointModule" name="test_check_sonarr_connection_exception" file="tests/test_entrypoint_comprehensive.py" line="279" time="0.003" /><testcase classname="tests.test_entrypoint_comprehensive.TestEntrypointModule" name="test_check_sonarr_connection_missing_api_key" file="tests/test_entrypoint_comprehensive.py" line="244" time="0.003" /><testcase classname="tests.test_entrypoint_comprehensive.TestEntrypointModule" name="test_check_sonarr_connection_missing_url" file="tests/test_entrypoint_comprehensive.py" line="235" time="0.003" /><testcase classname="tests.test_entrypoint_comprehensive.TestEntrypointModule" name="test_check_sonarr_connection_non_200_status" file="tests/test_entrypoint_comprehensive.py" line="266" time="0.003" /><testcase classname="tests.test_entrypoint_comprehensive.TestEntrypointModule" name="test_check_sonarr_connection_success" file="tests/test_entrypoint_comprehensive.py" line="253" time="0.003" /><testcase classname="tests.test_entrypoint_comprehensive.TestEntrypointModule" name="test_conditional_imports_exist" file="tests/test_entrypoint_comprehensive.py" line="42" time="0.003" /><testcase classname="tests.test_entrypoint_comprehensive.TestEntrypointModule" name="test_create_metrics_app" file="tests/test_entrypoint_comprehensive.py" line="322" time="0.005" /><testcase classname="tests.test_entrypoint_comprehensive.TestEntrypointModule" name="test_create_metrics_app_error_counter" file="tests/test_entrypoint_comprehensive.py" line="411" time="0.006" /><testcase classname="tests.test_entrypoint_comprehensive.TestEntrypointModule" name="test_create_metrics_app_error_handler_404" file="tests/test_entrypoint_comprehensive.py" line="384" time="0.005" /><testcase classname="tests.test_entrypoint_comprehensive.TestEntrypointModule" name="test_create_metrics_app_error_handler_500" file="tests/test_entrypoint_comprehensive.py" line="395" time="0.006" /><testcase classname="tests.test_entrypoint_comprehensive.TestEntrypointModule" name="test_create_metrics_app_health_endpoint" file="tests/test_entrypoint_comprehensive.py" line="332" time="0.006" /><testcase classname="tests.test_entrypoint_comprehensive.TestEntrypointModule" name="test_create_metrics_app_health_endpoint_db_error" file="tests/test_entrypoint_comprehensive.py" line="345" time="0.005" /><testcase classname="tests.test_entrypoint_comprehensive.TestEntrypointModule" name="test_create_metrics_app_metrics_endpoint" file="tests/test_entrypoint_comprehensive.py" line="357" time="0.005" /><testcase classname="tests.test_entrypoint_comprehensive.TestEntrypointModule" name="test_create_metrics_app_request_counter" file="tests/test_entrypoint_comprehensive.py" line="369" time="0.006" /><testcase classname="tests.test_entrypoint_comprehensive.TestEntrypointModule" name="test_has_valid_url_and_key_all_valid" file="tests/test_entrypoint_comprehensive.py" line="135" time="0.003" /><testcase classname="tests.test_entrypoint_comprehensive.TestEntrypointModule" name="test_has_valid_url_and_key_disabled_invalid" file="tests/test_entrypoint_comprehensive.py" line="162" time="0.003" /><testcase classname="tests.test_entrypoint_comprehensive.TestEntrypointModule" name="test_has_valid_url_and_key_empty_list" file="tests/test_entrypoint_comprehensive.py" line="175" time="0.003" /><testcase classname="tests.test_entrypoint_comprehensive.TestEntrypointModule" name="test_has_valid_url_and_key_invalid_url" file="tests/test_entrypoint_comprehensive.py" line="146" time="0.003" /><testcase classname="tests.test_entrypoint_comprehensive.TestEntrypointModule" name="test_has_valid_url_and_key_missing_api_key" file="tests/test_entrypoint_comprehensive.py" line="155" time="0.003" /><testcase classname="tests.test_entrypoint_comprehensive.TestEntrypointModule" name="test_init_db_actual_database" file="tests/test_entrypoint_comprehensive.py" line="80" time="0.003" /><testcase classname="tests.test_entrypoint_comprehensive.TestEntrypointModule" name="test_init_db_custom_path" file="tests/test_entrypoint_comprehensive.py" line="64" time="0.003" /><testcase classname="tests.test_entrypoint_comprehensive.TestEntrypointModule" name="test_init_db_default_path" file="tests/test_entrypoint_comprehensive.py" line="48" time="0.003" /><testcase classname="tests.test_entrypoint_comprehensive.TestEntrypointModule" name="test_load_config_empty_file" file="tests/test_entrypoint_comprehensive.py" line="309" time="0.007" /><testcase classname="tests.test_entrypoint_comprehensive.TestEntrypointModule" name="test_load_config_missing_file" file="tests/test_entrypoint_comprehensive.py" line="290" time="0.003" /><testcase classname="tests.test_entrypoint_comprehensive.TestEntrypointModule" name="test_load_config_valid_file" file="tests/test_entrypoint_comprehensive.py" line="295" time="0.005" /><testcase classname="tests.test_entrypoint_comprehensive.TestEntrypointModule" name="test_module_constants" file="tests/test_entrypoint_comprehensive.py" line="36" time="0.003" /><testcase classname="tests.test_entrypoint_comprehensive.TestEntrypointModule" name="test_path_attribute_structure" file="tests/test_entrypoint_comprehensive.py" line="426" time="0.003" /><testcase classname="tests.test_entrypoint_comprehensive.TestEntrypointModule" name="test_setup_logger_existing_logger" file="tests/test_entrypoint_comprehensive.py" line="117" time="0.003" /><testcase classname="tests.test_entrypoint_comprehensive.TestEntrypointModule" name="test_setup_logger_new_logger" file="tests/test_entrypoint_comprehensive.py" line="101" time="0.003" /><testcase classname="tests.test_entrypoint_comprehensive.TestEntrypointModule" name="test_setup_logger_with_custom_level" file="tests/test_entrypoint_comprehensive.py" line="111" time="0.003" /><testcase classname="tests.test_entrypoint_comprehensive.TestEntrypointModule" name="test_setup_logger_with_none_level" file="tests/test_entrypoint_comprehensive.py" line="130" time="0.003" /><testcase classname="tests.test_factory_backups_edgecases" name="test_api_backups_import_missing_file" file="tests/test_factory_backups_edgecases.py" line="5" time="0.031" /><testcase classname="tests.test_factory_backups_edgecases" name="test_api_backups_import_empty_filename" file="tests/test_factory_backups_edgecases.py" line="12" time="0.032" /><testcase classname="tests.test_factory_backups_edgecases" name="test_api_backups_import_success_and_prune" file="tests/test_factory_backups_edgecases.py" line="21" time="0.033" /><testcase classname="tests.test_factory_backups_edgecases" name="test_api_backups_restore_invalid_name" file="tests/test_factory_backups_edgecases.py" line="64" time="0.031" /><testcase classname="tests.test_factory_backups_edgecases" name="test_api_backups_restore_not_found" file="tests/test_factory_backups_edgecases.py" line="71" time="0.033" /><testcase classname="tests.test_factory_batch1" name="test_index_redirects_to_setup" file="tests/test_factory_batch1.py" line="13" time="0.029" /><testcase classname="tests.test_factory_batch1" name="test_login_redirects_to_general_settings" file="tests/test_factory_batch1.py" line="21" time="0.032" /><testcase classname="tests.test_factory_batch1" name="test_api_tasks_post_requires_json" file="tests/test_factory_batch1.py" line="28" time="0.029" /><testcase classname="tests.test_factory_batch1" name="test_api_tasks_post_json_created" file="tests/test_factory_batch1.py" line="36" time="0.030" /><testcase classname="tests.test_factory_batch10" name="test_api_plugin_validate_invalid_index" file="tests/test_factory_batch10.py" line="38" time="0.030" /><testcase classname="tests.test_factory_batch10" name="test_api_plugin_validate_falsy_and_metrics" file="tests/test_factory_batch10.py" line="49" time="0.032" /><testcase classname="tests.test_factory_batch10" name="test_api_plugin_validate_exception" file="tests/test_factory_batch10.py" line="67" time="0.032" /><testcase classname="tests.test_factory_batch10" name="test_api_plugin_sync_falsy_and_exception" file="tests/test_factory_batch10.py" line="78" time="0.033" /><testcase classname="tests.test_factory_batch10" name="test_api_status_plugins_summary_rates" file="tests/test_factory_batch10.py" line="95" time="0.031" /><testcase classname="tests.test_factory_batch2" name="test_api_plugins_requires_login" file="tests/test_factory_batch2.py" line="3" time="0.030" /><testcase classname="tests.test_factory_batch2" name="test_api_plugins_returns_plugins_when_registry_set" file="tests/test_factory_batch2.py" line="8" time="0.034" /><testcase classname="tests.test_factory_batch2" name="test_api_plugin_instances_add_and_validate" file="tests/test_factory_batch2.py" line="47" time="0.031" /><testcase classname="tests.test_factory_batch2" name="test_api_plugin_instances_add_validation_failure" file="tests/test_factory_batch2.py" line="83" time="0.031" /><testcase classname="tests.test_factory_batch2" name="test_api_backups_list_and_create" file="tests/test_factory_batch2.py" line="102" time="0.032" /><testcase classname="tests.test_factory_batch2" name="test_api_backups_import_upload" file="tests/test_factory_batch2.py" line="129" time="0.032" /><testcase classname="tests.test_factory_batch3" name="test_api_plugin_validate_invalid_index" file="tests/test_factory_batch3.py" line="4" time="0.030" /><testcase classname="tests.test_factory_batch3" name="test_api_plugin_validate_failure_and_metrics" file="tests/test_factory_batch3.py" line="20" time="0.030" /><testcase classname="tests.test_factory_batch3" name="test_api_tasks_get_history_filters" file="tests/test_factory_batch3.py" line="37" time="0.031" /><testcase classname="tests.test_factory_batch3" name="test_api_logs_download_and_not_found" file="tests/test_factory_batch3.py" line="61" time="0.031" /><testcase classname="tests.test_factory_batch3" name="test_api_logs_stream_initial_tail" file="tests/test_factory_batch3.py" line="77" time="0.035" /><testcase classname="tests.test_factory_batch3" name="test_api_status_db_ok_and_db_fail" file="tests/test_factory_batch3.py" line="101" time="0.032" /><testcase classname="tests.test_factory_batch4" name="test_api_updates_ignore_and_unignore" file="tests/test_factory_batch4.py" line="4" time="0.033" /><testcase classname="tests.test_factory_batch4" name="test_backups_create_and_import_and_restore" file="tests/test_factory_batch4.py" line="27" time="0.035" /><testcase classname="tests.test_factory_batch4" name="test_plugin_instances_actions_and_invalid" file="tests/test_factory_batch4.py" line="79" time="0.032" /><testcase classname="tests.test_factory_batch4" name="test_plugin_validate_and_sync_unknown" file="tests/test_factory_batch4.py" line="136" time="0.031" /><testcase classname="tests.test_factory_batch4" name="test_general_settings_regen_api" file="tests/test_factory_batch4.py" line="146" time="0.115" /><testcase classname="tests.test_factory_batch5" name="test_backups_download_and_delete_variants" file="tests/test_factory_batch5.py" line="0" time="0.033" /><testcase classname="tests.test_factory_batch5" name="test_updates_upgrade_in_image_and_invalid_url" file="tests/test_factory_batch5.py" line="33" time="0.033" /><testcase classname="tests.test_factory_batch6" name="test_api_updates_with_cached_latest" file="tests/test_factory_batch6.py" line="0" time="0.036" /><testcase classname="tests.test_factory_batch6" name="test_api_tasks_post_variants" file="tests/test_factory_batch6.py" line="20" time="0.033" /><testcase classname="tests.test_factory_batch6" name="test_plugin_sync_exception_paths" file="tests/test_factory_batch6.py" line="41" time="0.031" /><testcase classname="tests.test_factory_batch7" name="test_setup_generates_api_and_persists" file="tests/test_factory_batch7.py" line="0" time="0.166" /><testcase classname="tests.test_factory_batch7" name="test_reset_password_flow" file="tests/test_factory_batch7.py" line="22" time="0.098" /><testcase classname="tests.test_factory_batch7" name="test_logs_page_post_sets_loglevel" file="tests/test_factory_batch7.py" line="37" time="0.044" /><testcase classname="tests.test_factory_batch7" name="test_api_storage_endpoint" file="tests/test_factory_batch7.py" line="44" time="0.030" /><testcase classname="tests.test_factory_batch8" name="test_api_version_reads_file" file="tests/test_factory_batch8.py" line="0" time="0.029" /><testcase classname="tests.test_factory_batch8" name="test_metrics_endpoint_increments" file="tests/test_factory_batch8.py" line="10" time="0.035" /><testcase classname="tests.test_factory_batch9" name="test_api_updates_ignore_until" file="tests/test_factory_batch9.py" line="5" time="0.032" /><testcase classname="tests.test_factory_batch9" name="test_api_updates_ignore_invalid_days" file="tests/test_factory_batch9.py" line="21" time="0.031" /><testcase classname="tests.test_factory_batch9" name="test_api_updates_unignore" file="tests/test_factory_batch9.py" line="29" time="0.033" /><testcase classname="tests.test_factory_batch9" name="test_api_updates_upgrade_invalid_url" file="tests/test_factory_batch9.py" line="52" time="0.031" /><testcase classname="tests.test_factory_comprehensive.TestFactoryCreateApp" name="test_create_app_basic" file="tests/test_factory_comprehensive.py" line="18" time="0.029" /><testcase classname="tests.test_factory_comprehensive.TestFactoryCreateApp" name="test_create_app_with_secret_key" file="tests/test_factory_comprehensive.py" line="24" time="0.029" /><testcase classname="tests.test_factory_comprehensive.TestFactoryCreateApp" name="test_create_app_production_without_secret" file="tests/test_factory_comprehensive.py" line="30" time="0.005" /><testcase classname="tests.test_factory_comprehensive.TestFactoryCreateApp" name="test_create_app_with_config_data" file="tests/test_factory_comprehensive.py" line="36" time="0.029" /><testcase classname="tests.test_factory_comprehensive.TestFactoryCreateApp" name="test_create_app_metrics" file="tests/test_factory_comprehensive.py" line="45" time="0.029" /><testcase classname="tests.test_factory_comprehensive.TestFactoryRoutes" name="test_index_route_no_user_config" file="tests/test_factory_comprehensive.py" line="70" time="0.034" /><testcase classname="tests.test_factory_comprehensive.TestFactoryRoutes" name="test_index_route_with_user_config" file="tests/test_factory_comprehensive.py" line="76" time="0.029" /><testcase classname="tests.test_factory_comprehensive.TestFactoryRoutes" name="test_setup_route_get" file="tests/test_factory_comprehensive.py" line="83" time="0.031" /><testcase classname="tests.test_factory_comprehensive.TestFactoryRoutes" name="test_setup_route_post_valid" file="tests/test_factory_comprehensive.py" line="90" time="0.098" /><testcase classname="tests.test_factory_comprehensive.TestFactoryRoutes" name="test_setup_route_post_password_mismatch" file="tests/test_factory_comprehensive.py" line="113" time="0.031" /><testcase classname="tests.test_factory_comprehensive.TestFactoryRoutes" name="test_setup_route_post_short_password" file="tests/test_factory_comprehensive.py" line="127" time="0.031" /><testcase classname="tests.test_factory_comprehensive.TestFactoryRoutes" name="test_setup_route_when_user_exists" file="tests/test_factory_comprehensive.py" line="141" time="0.030" /><testcase classname="tests.test_factory_comprehensive.TestFactoryRoutes" name="test_login_route_get" file="tests/test_factory_comprehensive.py" line="147" time="0.030" /><testcase classname="tests.test_factory_comprehensive.TestFactoryRoutes" name="test_login_route_post_valid" file="tests/test_factory_comprehensive.py" line="152" time="0.030" /><testcase classname="tests.test_factory_comprehensive.TestFactoryRoutes" name="test_login_route_post_invalid" file="tests/test_factory_comprehensive.py" line="167" time="0.035" /><testcase classname="tests.test_factory_comprehensive.TestFactoryRoutes" name="test_logout_route" file="tests/test_factory_comprehensive.py" line="183" time="0.030" /><testcase classname="tests.test_factory_comprehensive.TestFactoryRoutes" name="test_health_route" file="tests/test_factory_comprehensive.py" line="191" time="0.029" /><testcase classname="tests.test_factory_comprehensive.TestFactoryRoutes" name="test_save_route" file="tests/test_factory_comprehensive.py" line="200" time="0.043" /><testcase classname="tests.test_factory_comprehensive.TestFactoryRoutes" name="test_reset_password_route_get" file="tests/test_factory_comprehensive.py" line="205" time="0.043" /><testcase classname="tests.test_factory_comprehensive.TestFactoryRoutes" name="test_reset_password_route_post" file="tests/test_factory_comprehensive.py" line="210" time="0.044" /><testcase classname="tests.test_factory_comprehensive.TestFactoryAPIRoutes" name="test_api_version_route" file="tests/test_factory_comprehensive.py" line="246" time="0.029" /><testcase classname="tests.test_factory_comprehensive.TestFactoryAPIRoutes" name="test_api_version_with_file" file="tests/test_factory_comprehensive.py" line="255" time="0.030" /><testcase classname="tests.test_factory_comprehensive.TestFactoryAPIRoutes" name="test_api_status_route_unauthorized" file="tests/test_factory_comprehensive.py" line="273" time="0.029" /><testcase classname="tests.test_factory_comprehensive.TestFactoryAPIRoutes" name="test_api_status_route_authorized" file="tests/test_factory_comprehensive.py" line="278" time="0.034" /><testcase classname="tests.test_factory_comprehensive.TestFactoryAPIRoutes" name="test_api_storage_route_unauthorized" file="tests/test_factory_comprehensive.py" line="290" time="0.060" /><testcase classname="tests.test_factory_comprehensive.TestFactoryAPIRoutes" name="test_api_storage_route_authorized" file="tests/test_factory_comprehensive.py" line="295" time="0.031" /><testcase classname="tests.test_factory_comprehensive.TestFactoryBackupRoutes" name="test_backups_route" file="tests/test_factory_comprehensive.py" line="323" time="0.044" /><testcase classname="tests.test_factory_comprehensive.TestFactoryBackupRoutes" name="test_api_backups_list_unauthorized" file="tests/test_factory_comprehensive.py" line="331" time="0.030" /><testcase classname="tests.test_factory_comprehensive.TestFactoryBackupRoutes" name="test_api_backups_list_authorized" file="tests/test_factory_comprehensive.py" line="336" time="0.031" /><testcase classname="tests.test_factory_comprehensive.TestFactoryBackupRoutes" name="test_api_backups_create_unauthorized" file="tests/test_factory_comprehensive.py" line="346" time="0.030" /><testcase classname="tests.test_factory_comprehensive.TestFactoryBackupRoutes" name="test_api_backups_create_authorized" file="tests/test_factory_comprehensive.py" line="351" time="0.032" /><testcase classname="tests.test_factory_comprehensive.TestFactoryBackupRoutes" name="test_api_backups_settings_get" file="tests/test_factory_comprehensive.py" line="369" time="0.036" /><testcase classname="tests.test_factory_comprehensive.TestFactoryBackupRoutes" name="test_api_backups_settings_post" file="tests/test_factory_comprehensive.py" line="379" time="0.033" /><testcase classname="tests.test_factory_comprehensive.TestFactoryBackupRoutes" name="test_api_backups_import_unauthorized" file="tests/test_factory_comprehensive.py" line="396" time="0.030" /><testcase classname="tests.test_factory_comprehensive.TestFactoryBackupRoutes" name="test_api_backups_restore_unauthorized" file="tests/test_factory_comprehensive.py" line="401" time="0.031" /><testcase classname="tests.test_factory_comprehensive.TestFactoryTaskRoutes" name="test_tasks_route" file="tests/test_factory_comprehensive.py" line="423" time="0.044" /><testcase classname="tests.test_factory_comprehensive.TestFactoryTaskRoutes" name="test_api_tasks_trigger_unauthorized" file="tests/test_factory_comprehensive.py" line="431" time="0.029" /><testcase classname="tests.test_factory_comprehensive.TestFactoryTaskRoutes" name="test_api_tasks_trigger_authorized" file="tests/test_factory_comprehensive.py" line="436" time="0.032" /><testcase classname="tests.test_factory_comprehensive.TestFactoryTaskRoutes" name="test_api_tasks_settings_get" file="tests/test_factory_comprehensive.py" line="448" time="0.030" /><testcase classname="tests.test_factory_comprehensive.TestFactoryTaskRoutes" name="test_api_tasks_settings_post" file="tests/test_factory_comprehensive.py" line="458" time="0.038" /><testcase classname="tests.test_factory_comprehensive.TestFactoryPluginRoutes" name="test_plugins_settings_route" file="tests/test_factory_comprehensive.py" line="492" time="0.047" /><testcase classname="tests.test_factory_comprehensive.TestFactoryPluginRoutes" name="test_plugins_settings_with_category" file="tests/test_factory_comprehensive.py" line="500" time="0.048" /><testcase classname="tests.test_factory_comprehensive.TestFactoryPluginRoutes" name="test_validate_sonarr_route" file="tests/test_factory_comprehensive.py" line="508" time="0.031" /><testcase classname="tests.test_factory_comprehensive.TestFactoryErrorHandlers" name="test_404_error_handler" file="tests/test_factory_comprehensive.py" line="532" time="0.030" /><testcase classname="tests.test_factory_comprehensive.TestFactoryErrorHandlers" name="test_500_error_handler" file="tests/test_factory_comprehensive.py" line="537" time="0.031" /><testcase classname="tests.test_factory_comprehensive.TestFactoryHelperFunctions" name="test_parse_instances_helper" file="tests/test_factory_comprehensive.py" line="551" time="0.029" /><testcase classname="tests.test_factory_comprehensive.TestFactorySessionManagement" name="test_session_cookie_configuration" file="tests/test_factory_comprehensive.py" line="589" time="0.028" /><testcase classname="tests.test_factory_comprehensive.TestFactorySessionManagement" name="test_login_session_management" file="tests/test_factory_comprehensive.py" line="595" time="0.034" /><testcase classname="tests.test_factory_comprehensive.TestFactoryPluginRegistry" name="test_plugin_registry_initialization" file="tests/test_factory_comprehensive.py" line="608" time="0.028" /><testcase classname="tests.test_factory_consolidated.TestFactoryEnvironmentConfiguration" name="test_puid_pgid_fallback_and_warning" file="tests/test_factory_consolidated.py" line="24" time="0.029" /><testcase classname="tests.test_factory_consolidated.TestFactoryEnvironmentConfiguration" name="test_secret_key_required_in_production" file="tests/test_factory_consolidated.py" line="31" time="0.005" /><testcase classname="tests.test_factory_consolidated.TestFactoryEnvironmentConfiguration" name="test_session_cookie_flags" file="tests/test_factory_consolidated.py" line="39" time="0.029" /><testcase classname="tests.test_factory_consolidated.TestFactoryEnvironmentConfiguration" name="test_timezone_default" file="tests/test_factory_consolidated.py" line="16" time="0.030" /><testcase classname="tests.test_factory_consolidated.TestFactoryMainRoutes" name="test_account_route_get" file="tests/test_factory_consolidated.py" line="208" time="0.043" /><testcase classname="tests.test_factory_consolidated.TestFactoryMainRoutes" name="test_backups_route_get" file="tests/test_factory_consolidated.py" line="221" time="0.043" /><testcase classname="tests.test_factory_consolidated.TestFactoryMainRoutes" name="test_general_route_get" file="tests/test_factory_consolidated.py" line="264" time="0.043" /><testcase classname="tests.test_factory_consolidated.TestFactoryMainRoutes" name="test_general_route_post_sonarr_radarr_settings" file="tests/test_factory_consolidated.py" line="277" time="0.049" /><testcase classname="tests.test_factory_consolidated.TestFactoryMainRoutes" name="test_index_route_logged_in" file="tests/test_factory_consolidated.py" line="76" time="0.030" /><testcase classname="tests.test_factory_consolidated.TestFactoryMainRoutes" name="test_index_route_not_logged_in" file="tests/test_factory_consolidated.py" line="68" time="0.029" /><testcase classname="tests.test_factory_consolidated.TestFactoryMainRoutes" name="test_login_route_get" file="tests/test_factory_consolidated.py" line="89" time="0.030" /><testcase classname="tests.test_factory_consolidated.TestFactoryMainRoutes" name="test_login_route_post_invalid_credentials" file="tests/test_factory_consolidated.py" line="121" time="0.032" /><testcase classname="tests.test_factory_consolidated.TestFactoryMainRoutes" name="test_login_route_post_valid_credentials" file="tests/test_factory_consolidated.py" line="99" time="0.032" /><testcase classname="tests.test_factory_consolidated.TestFactoryMainRoutes" name="test_logout_route" file="tests/test_factory_consolidated.py" line="145" time="0.031" /><testcase classname="tests.test_factory_consolidated.TestFactoryMainRoutes" name="test_logs_route_get" file="tests/test_factory_consolidated.py" line="169" time="0.042" /><testcase classname="tests.test_factory_consolidated.TestFactoryMainRoutes" name="test_plugins_route_get" file="tests/test_factory_consolidated.py" line="195" time="0.047" /><testcase classname="tests.test_factory_consolidated.TestFactoryMainRoutes" name="test_scheduling_route_get" file="tests/test_factory_consolidated.py" line="234" time="0.049" /><testcase classname="tests.test_factory_consolidated.TestFactoryMainRoutes" name="test_scheduling_route_post" file="tests/test_factory_consolidated.py" line="247" time="0.044" /><testcase classname="tests.test_factory_consolidated.TestFactoryMainRoutes" name="test_status_route_get" file="tests/test_factory_consolidated.py" line="156" time="0.044" /><testcase classname="tests.test_factory_consolidated.TestFactoryMainRoutes" name="test_tasks_route_get" file="tests/test_factory_consolidated.py" line="182" time="0.043" /><testcase classname="tests.test_factory_consolidated.TestFactoryHelperFunctions" name="test_database_utility_functions" file="tests/test_factory_consolidated.py" line="404" time="0.028" /><testcase classname="tests.test_factory_consolidated.TestFactoryHelperFunctions" name="test_load_user_config_function" file="tests/test_factory_consolidated.py" line="351" time="0.031" /><testcase classname="tests.test_factory_consolidated.TestFactoryHelperFunctions" name="test_parse_instances_helper_function" file="tests/test_factory_consolidated.py" line="318" time="0.029" /><testcase classname="tests.test_factory_consolidated.TestFactoryHelperFunctions" name="test_password_hashing_functions" file="tests/test_factory_consolidated.py" line="383" time="0.230" /><testcase classname="tests.test_factory_consolidated.TestFactoryHelperFunctions" name="test_save_user_config_function" file="tests/test_factory_consolidated.py" line="367" time="0.037" /><testcase classname="tests.test_factory_consolidated.TestFactoryErrorHandling" name="test_database_connection_error_handling" file="tests/test_factory_consolidated.py" line="446" time="0.030" /><testcase classname="tests.test_factory_consolidated.TestFactoryErrorHandling" name="test_invalid_json_config_handling" file="tests/test_factory_consolidated.py" line="433" time="0.031" /><testcase classname="tests.test_factory_consolidated.TestFactoryErrorHandling" name="test_large_request_handling" file="tests/test_factory_consolidated.py" line="458" time="0.045" /><testcase classname="tests.test_factory_consolidated.TestFactoryErrorHandling" name="test_missing_config_file_handling" file="tests/test_factory_consolidated.py" line="421" time="0.030" /><testcase classname="tests.test_factory_coverage_boost" name="test_app_endpoints_and_apis" file="tests/test_factory_coverage_boost.py" line="14" time="0.047" /><testcase classname="tests.test_factory_deep_coverage" name="test_setup_and_login_and_general" file="tests/test_factory_deep_coverage.py" line="28" time="0.254" /><testcase classname="tests.test_factory_deep_coverage" name="test_api_status_and_tasks_and_logs" file="tests/test_factory_deep_coverage.py" line="54" time="0.033" /><testcase classname="tests.test_factory_shim" name="test_factory_shim_reexports_top_level_factory" file="tests/test_factory_shim.py" line="24" time="0.003" /><testcase classname="tests.test_factory_shim" name="test_factory_shim_absent_top_level" file="tests/test_factory_shim.py" line="81" time="0.004" /><testcase classname="tests.test_factory_shim_behavior" name="test_shim_sets_impl_none_when_top_level_import_fails" file="tests/test_factory_shim_behavior.py" line="5" time="0.008" /><testcase classname="tests.test_factory_shim_behavior" name="test_shim_reexports_public_names_from_top_level_module" file="tests/test_factory_shim_behavior.py" line="25" time="0.003" /><testcase classname="tests.test_factory_shim_coverage_extra" name="test_factory_delegate_installation_success" file="tests/test_factory_shim_coverage_extra.py" line="42" time="0.003" /><testcase classname="tests.test_factory_shim_coverage_extra" name="test_factory_shim_getattr_heals_create_app" file="tests/test_factory_shim_coverage_extra.py" line="56" time="0.003" /><testcase classname="tests.test_factory_shim_coverage_extra" name="test_factory_shim_attribute_error_when_impl_missing" file="tests/test_factory_shim_coverage_extra.py" line="88" time="0.003" /><testcase classname="tests.test_factory_shim_new" name="test_factory_import" file="tests/test_factory_shim_new.py" line="13" time="0.003" /><testcase classname="tests.test_factory_shim_new" name="test_factory_has_impl" file="tests/test_factory_shim_new.py" line="20" time="0.003" /><testcase classname="tests.test_factory_shim_new" name="test_factory_create_app_accessible" file="tests/test_factory_shim_new.py" line="27" time="0.003"><failure message="AssertionError: assert False&#10; +  where False = hasattr(&lt;module 'researcharr.factory' from '/home/jeremy/Server/Projects/researcharr/researcharr/factory.py'&gt;, 'create_app')">def test_factory_create_app_accessible():
        """Test that create_app can be accessed from factory."""
        from researcharr import factory

        # Should have create_app or trigger __getattr__
&gt;       assert hasattr(factory, "create_app")
E       AssertionError: assert False
E        +  where False = hasattr(&lt;module 'researcharr.factory' from '/home/jeremy/Server/Projects/researcharr/researcharr/factory.py'&gt;, 'create_app')

tests/test_factory_shim_new.py:33: AssertionError</failure></testcase><testcase classname="tests.test_factory_shim_new" name="test_factory_getattr_create_app" file="tests/test_factory_shim_new.py" line="35" time="0.003" /><testcase classname="tests.test_factory_shim_new" name="test_factory_getattr_missing_attribute" file="tests/test_factory_shim_new.py" line="46" time="0.003" /><testcase classname="tests.test_factory_shim_new" name="test_factory_with_mock_impl" file="tests/test_factory_shim_new.py" line="54" time="0.003" /><testcase classname="tests.test_factory_shim_new" name="test_factory_impl_none" file="tests/test_factory_shim_new.py" line="72" time="0.003" /><testcase classname="tests.test_factory_shim_new" name="test_factory_getattr_with_impl_none" file="tests/test_factory_shim_new.py" line="93" time="0.003" /><testcase classname="tests.test_factory_shim_new" name="test_factory_install_create_app_helpers" file="tests/test_factory_shim_new.py" line="113" time="0.003" /><testcase classname="tests.test_factory_shim_new" name="test_factory_sys_modules_mapping" file="tests/test_factory_shim_new.py" line="121" time="0.003" /><testcase classname="tests.test_factory_shim_new" name="test_factory_getattr_reinstall_delegate" file="tests/test_factory_shim_new.py" line="132" time="0.003" /><testcase classname="tests.test_factory_shim_new" name="test_factory_getattr_other_attributes" file="tests/test_factory_shim_new.py" line="158" time="0.003" /><testcase classname="tests.test_factory_shim_new" name="test_factory_globals_update" file="tests/test_factory_shim_new.py" line="174" time="0.003" /><testcase classname="tests.test_factory_shim_new" name="test_factory_create_app_dict_assignment" file="tests/test_factory_shim_new.py" line="185" time="0.003" /><testcase classname="tests.test_factory_shim_new" name="test_factory_callable_check" file="tests/test_factory_shim_new.py" line="199" time="0.003" /><testcase classname="tests.test_factory_shim_new" name="test_factory_exception_in_helper_install" file="tests/test_factory_shim_new.py" line="212" time="0.003" /><testcase classname="tests.test_factory_shim_new" name="test_factory_setattr_fallback" file="tests/test_factory_shim_new.py" line="232" time="0.003" /><testcase classname="tests.test_factory_shim_new" name="test_factory_sys_modules_assignment_errors" file="tests/test_factory_shim_new.py" line="243" time="0.003" /><testcase classname="tests.test_factory_shim_new" name="test_factory_getattr_exception_in_reinstall" file="tests/test_factory_shim_new.py" line="271" time="0.003" /><testcase classname="tests.test_factory_shim_new" name="test_factory_repo_root_calculation" file="tests/test_factory_shim_new.py" line="297" time="0.003"><skipped type="pytest.skip" message="No __file__ on factory module">/home/jeremy/Server/Projects/researcharr/tests/test_factory_shim_new.py:310: No __file__ on factory module</skipped></testcase><testcase classname="tests.test_factory_shim_new" name="test_factory_dir_excludes_private" file="tests/test_factory_shim_new.py" line="320" time="0.003" /><testcase classname="tests.test_factory_shim_new" name="test_factory_getattr_updates_globals" file="tests/test_factory_shim_new.py" line="335" time="0.003" /><testcase classname="tests.test_factory_shim_new" name="test_factory_double_install_idempotent" file="tests/test_factory_shim_new.py" line="349" time="0.003" /><testcase classname="tests.test_factory_smoke" name="test_create_app_defaults" file="tests/test_factory_smoke.py" line="6" time="0.029" /><testcase classname="tests.test_factory_unit" name="test_create_app_smoke" file="tests/test_factory_unit.py" line="7" time="0.029" /><testcase classname="tests.test_factory_unit" name="test_create_app_requires_secret_in_production" file="tests/test_factory_unit.py" line="17" time="0.005" /><testcase classname="tests.test_factory_unit" name="test_create_app_uses_webui_load_and_migrates_api_key" file="tests/test_factory_unit.py" line="25" time="0.096" /><testcase classname="tests.test_factory_unit" name="test_create_app_attaches_plugin_registry" file="tests/test_factory_unit.py" line="45" time="0.095" /><testcase classname="tests.test_high_impact_coverage.TestBackupsImplModule" name="test_backuppath_class_initialization" file="tests/test_high_impact_coverage.py" line="14" time="0.003" /><testcase classname="tests.test_high_impact_coverage.TestBackupsImplModule" name="test_backuppath_startswith_full_path" file="tests/test_high_impact_coverage.py" line="24" time="0.003" /><testcase classname="tests.test_high_impact_coverage.TestBackupsImplModule" name="test_backuppath_startswith_separator_detection" file="tests/test_high_impact_coverage.py" line="35" time="0.003" /><testcase classname="tests.test_high_impact_coverage.TestBackupsImplModule" name="test_backuppath_startswith_with_none" file="tests/test_high_impact_coverage.py" line="48" time="0.003" /><testcase classname="tests.test_high_impact_coverage.TestBackupsImplModule" name="test_backuppath_startswith_exception_fallback" file="tests/test_high_impact_coverage.py" line="56" time="0.003" /><testcase classname="tests.test_high_impact_coverage.TestBackupsImplModule" name="test_create_backup_file_success" file="tests/test_high_impact_coverage.py" line="66" time="0.004" /><testcase classname="tests.test_high_impact_coverage.TestBackupsImplModule" name="test_create_backup_file_creates_backups_dir" file="tests/test_high_impact_coverage.py" line="83" time="0.004" /><testcase classname="tests.test_high_impact_coverage.TestBackupsImplModule" name="test_create_backup_file_mkdir_exception" file="tests/test_high_impact_coverage.py" line="97" time="0.004" /><testcase classname="tests.test_high_impact_coverage.TestBackupsImplModule" name="test_create_backup_file_zipfile_exception" file="tests/test_high_impact_coverage.py" line="113" time="0.004" /><testcase classname="tests.test_high_impact_coverage.TestBackupsImplModule" name="test_create_backup_file_includes_metadata" file="tests/test_high_impact_coverage.py" line="134" time="0.004" /><testcase classname="tests.test_high_impact_coverage.TestBackupsImplModule" name="test_prune_backups_noop" file="tests/test_high_impact_coverage.py" line="150" time="0.003" /><testcase classname="tests.test_high_impact_coverage.TestBackupsImplModule" name="test_get_backup_info_success" file="tests/test_high_impact_coverage.py" line="158" time="0.004" /><testcase classname="tests.test_high_impact_coverage.TestBackupsImplModule" name="test_get_backup_info_includes_files_list" file="tests/test_high_impact_coverage.py" line="177" time="0.004" /><testcase classname="tests.test_high_impact_coverage.TestBackupsImplModule" name="test_get_backup_info_nonexistent_file" file="tests/test_high_impact_coverage.py" line="194" time="0.003" /><testcase classname="tests.test_high_impact_coverage.TestBackupsImplModule" name="test_get_backup_info_not_a_file" file="tests/test_high_impact_coverage.py" line="202" time="0.003" /><testcase classname="tests.test_high_impact_coverage.TestBackupsImplModule" name="test_get_backup_info_invalid_zip" file="tests/test_high_impact_coverage.py" line="210" time="0.004" /><testcase classname="tests.test_high_impact_coverage.TestBackupsImplModule" name="test_list_backups_success" file="tests/test_high_impact_coverage.py" line="224" time="0.004" /><testcase classname="tests.test_high_impact_coverage.TestBackupsImplModule" name="test_list_backups_sorted_reverse" file="tests/test_high_impact_coverage.py" line="242" time="0.004" /><testcase classname="tests.test_high_impact_coverage.TestBackupsImplModule" name="test_list_backups_empty_directory" file="tests/test_high_impact_coverage.py" line="259" time="0.003" /><testcase classname="tests.test_high_impact_coverage.TestBackupsImplModule" name="test_list_backups_nonexistent_directory" file="tests/test_high_impact_coverage.py" line="270" time="0.003" /><testcase classname="tests.test_high_impact_coverage.TestBackupsImplModule" name="test_list_backups_ignores_non_zip" file="tests/test_high_impact_coverage.py" line="278" time="0.004" /><testcase classname="tests.test_high_impact_coverage.TestBackupsImplModule" name="test_list_backups_handles_stat_errors" file="tests/test_high_impact_coverage.py" line="294" time="0.003" /><testcase classname="tests.test_high_impact_coverage.TestBackupsImplModule" name="test_restore_backup_success" file="tests/test_high_impact_coverage.py" line="320" time="0.004" /><testcase classname="tests.test_high_impact_coverage.TestBackupsImplModule" name="test_restore_backup_nonexistent_file" file="tests/test_high_impact_coverage.py" line="339" time="0.003" /><testcase classname="tests.test_high_impact_coverage.TestBackupsImplModule" name="test_restore_backup_not_a_file" file="tests/test_high_impact_coverage.py" line="350" time="0.003" /><testcase classname="tests.test_high_impact_coverage.TestBackupsImplModule" name="test_validate_backup_file_valid_zip" file="tests/test_high_impact_coverage.py" line="361" time="0.004" /><testcase classname="tests.test_high_impact_coverage.TestBackupsImplModule" name="test_validate_backup_file_invalid_zip" file="tests/test_high_impact_coverage.py" line="376" time="0.003" /><testcase classname="tests.test_high_impact_coverage.TestBackupsImplModule" name="test_validate_backup_file_nonexistent" file="tests/test_high_impact_coverage.py" line="385" time="0.003" /><testcase classname="tests.test_high_impact_coverage.TestBackupsImplModule" name="test_get_backup_size_success" file="tests/test_high_impact_coverage.py" line="391" time="0.003" /><testcase classname="tests.test_high_impact_coverage.TestBackupsImplModule" name="test_get_backup_size_nonexistent" file="tests/test_high_impact_coverage.py" line="408" time="0.003" /><testcase classname="tests.test_high_impact_coverage.TestBackupsImplModule" name="test_cleanup_temp_files_noop" file="tests/test_high_impact_coverage.py" line="416" time="0.004" /><testcase classname="tests.test_high_impact_coverage.TestBackupsImplModule" name="test_cleanup_temp_files_with_none" file="tests/test_high_impact_coverage.py" line="424" time="0.003" /><testcase classname="tests.test_high_impact_coverage.TestBackupsImplModule" name="test_get_default_backup_config" file="tests/test_high_impact_coverage.py" line="432" time="0.003" /><testcase classname="tests.test_high_impact_coverage.TestBackupsImplModule" name="test_merge_backup_configs" file="tests/test_high_impact_coverage.py" line="440" time="0.003" /><testcase classname="tests.test_high_impact_coverage.TestBackupsImplModule" name="test_merge_backup_configs_with_none" file="tests/test_high_impact_coverage.py" line="453" time="0.003" /><testcase classname="tests.test_high_impact_coverage.TestResearcharrPackageInit" name="test_package_module_class_exists" file="tests/test_high_impact_coverage.py" line="467" time="0.003" /><testcase classname="tests.test_high_impact_coverage.TestResearcharrPackageInit" name="test_package_getattribute_with_known_modules" file="tests/test_high_impact_coverage.py" line="474" time="0.003" /><testcase classname="tests.test_high_impact_coverage.TestResearcharrPackageInit" name="test_package_handles_top_level_module_injection" file="tests/test_high_impact_coverage.py" line="486" time="0.003" /><testcase classname="tests.test_high_impact_coverage.TestResearcharrPackageInit" name="test_package_setattr_updates_sys_modules" file="tests/test_high_impact_coverage.py" line="512" time="0.003" /><testcase classname="tests.test_high_impact_coverage.TestResearcharrPackageInit" name="test_package_handles_known_module_names" file="tests/test_high_impact_coverage.py" line="532" time="0.003" /><testcase classname="tests.test_high_impact_coverage.TestResearcharrPackageInit" name="test_package_avoids_shadowing_repo_root_modules" file="tests/test_high_impact_coverage.py" line="546" time="0.003" /><testcase classname="tests.test_high_impact_coverage.TestTopLevelInitPy" name="test_top_level_init_imports" file="tests/test_high_impact_coverage.py" line="570" time="0.003" /><testcase classname="tests.test_high_impact_coverage.TestTopLevelInitPy" name="test_researcharr_package_importable" file="tests/test_high_impact_coverage.py" line="585" time="0.006" /><testcase classname="tests.test_high_impact_coverage.TestTopLevelInitPy" name="test_researcharr_module_reconciliation" file="tests/test_high_impact_coverage.py" line="592" time="0.003" /><testcase classname="tests.test_lifecycle_coverage" name="test_application_state_enum" file="tests/test_lifecycle_coverage.py" line="10" time="0.003" /><testcase classname="tests.test_lifecycle_coverage" name="test_lifecycle_hook_dataclass" file="tests/test_lifecycle_coverage.py" line="22" time="0.003" /><testcase classname="tests.test_lifecycle_coverage" name="test_application_lifecycle_initialization" file="tests/test_lifecycle_coverage.py" line="36" time="0.003" /><testcase classname="tests.test_lifecycle_coverage" name="test_lifecycle_state_properties" file="tests/test_lifecycle_coverage.py" line="52" time="0.003" /><testcase classname="tests.test_lifecycle_coverage" name="test_add_startup_hook" file="tests/test_lifecycle_coverage.py" line="80" time="0.003" /><testcase classname="tests.test_lifecycle_coverage" name="test_add_shutdown_hook" file="tests/test_lifecycle_coverage.py" line="96" time="0.003" /><testcase classname="tests.test_lifecycle_coverage" name="test_startup_hook_execution" file="tests/test_lifecycle_coverage.py" line="107" time="0.003" /><testcase classname="tests.test_lifecycle_coverage" name="test_shutdown_hook_execution" file="tests/test_lifecycle_coverage.py" line="131" time="0.003" /><testcase classname="tests.test_lifecycle_coverage" name="test_startup_hook_priority_ordering" file="tests/test_lifecycle_coverage.py" line="150" time="0.004" /><testcase classname="tests.test_lifecycle_coverage" name="test_critical_hook_failure_stops_startup" file="tests/test_lifecycle_coverage.py" line="167" time="0.005" /><testcase classname="tests.test_lifecycle_coverage" name="test_non_critical_hook_failure_continues" file="tests/test_lifecycle_coverage.py" line="187" time="0.004" /><testcase classname="tests.test_lifecycle_coverage" name="test_hook_timeout_enforcement" file="tests/test_lifecycle_coverage.py" line="213" time="2.004" /><testcase classname="tests.test_lifecycle_coverage" name="test_shutdown_prevents_double_shutdown" file="tests/test_lifecycle_coverage.py" line="228" time="0.004" /><testcase classname="tests.test_lifecycle_coverage" name="test_signal_handler_registration" file="tests/test_lifecycle_coverage.py" line="246" time="0.003" /><testcase classname="tests.test_lifecycle_coverage" name="test_shutdown_hook_execution_via_direct_shutdown" file="tests/test_lifecycle_coverage.py" line="255" time="0.004" /><testcase classname="tests.test_lifecycle_coverage" name="test_lifecycle_event_publishing" file="tests/test_lifecycle_coverage.py" line="277" time="0.003" /><testcase classname="tests.test_lifecycle_coverage" name="test_add_startup_hook_helper" file="tests/test_lifecycle_coverage.py" line="292" time="0.003" /><testcase classname="tests.test_lifecycle_coverage" name="test_add_shutdown_hook_helper" file="tests/test_lifecycle_coverage.py" line="306" time="0.003" /><testcase classname="tests.test_lifecycle_coverage" name="test_get_lifecycle_singleton" file="tests/test_lifecycle_coverage.py" line="317" time="0.003" /><testcase classname="tests.test_lifecycle_coverage" name="test_lifecycle_thread_safety" file="tests/test_lifecycle_coverage.py" line="327" time="0.005" /><testcase classname="tests.test_lifecycle_coverage" name="test_startup_already_started" file="tests/test_lifecycle_coverage.py" line="351" time="0.003" /><testcase classname="tests.test_lifecycle_coverage" name="test_shutdown_when_not_started" file="tests/test_lifecycle_coverage.py" line="367" time="0.003" /><testcase classname="tests.test_lifecycle_coverage" name="test_hook_execution_exception_logging" file="tests/test_lifecycle_coverage.py" line="378" time="0.004" /><testcase classname="tests.test_lifecycle_coverage" name="test_lifecycle_state_transition_logging" file="tests/test_lifecycle_coverage.py" line="395" time="0.004" /><testcase classname="tests.test_lifecycle_coverage" name="test_atexit_registration" file="tests/test_lifecycle_coverage.py" line="410" time="0.004" /><testcase classname="tests.test_lifecycle_coverage" name="test_lifecycle_wait_for_state" file="tests/test_lifecycle_coverage.py" line="419" time="0.105" /><testcase classname="tests.test_miscellaneous_consolidated.TestMiscellaneousConsolidated" name="test_apprise_plugin_functionality" file="tests/test_miscellaneous_consolidated.py" line="136" time="0.004"><failure message="KeyError: 'plugins'">self = &lt;researcharr.tests.test_miscellaneous_consolidated.TestMiscellaneousConsolidated testMethod=test_apprise_plugin_functionality&gt;

    def test_apprise_plugin_functionality(self):
        """Test Apprise plugin functionality."""
        try:
&gt;           from plugins.notifications.example_apprise import (
                ExampleApprisePlugin,
            )

tests/test_miscellaneous_consolidated.py:140:
_ _ _ _ _ _ _ _ _ _ _ _ _ _ _ _ _ _ _ _ _ _ _ _ _ _ _ _ _ _ _ _ _ _ _ _ _ _ _ _
&lt;frozen importlib._bootstrap&gt;:1360: in _find_and_load
    ???
&lt;frozen importlib._bootstrap&gt;:1322: in _find_and_load_unlocked
    ???
&lt;frozen importlib._bootstrap&gt;:1262: in _find_spec
    ???
&lt;frozen importlib._bootstrap_external&gt;:1559: in find_spec
    ???
&lt;frozen importlib._bootstrap_external&gt;:1528: in _get_spec
    ???
&lt;frozen importlib._bootstrap_external&gt;:1399: in __iter__
    ???
&lt;frozen importlib._bootstrap_external&gt;:1386: in _recalculate
    ???
_ _ _ _ _ _ _ _ _ _ _ _ _ _ _ _ _ _ _ _ _ _ _ _ _ _ _ _ _ _ _ _ _ _ _ _ _ _ _ _

self = _NamespacePath(['/home/jeremy/Server/Projects/researcharr/plugins/notifications'])

&gt;   ???
E   KeyError: 'plugins'

&lt;frozen importlib._bootstrap_external&gt;:1382: KeyError</failure></testcase><testcase classname="tests.test_miscellaneous_consolidated.TestMiscellaneousConsolidated" name="test_connections_handling" file="tests/test_miscellaneous_consolidated.py" line="36" time="0.005" /><testcase classname="tests.test_miscellaneous_consolidated.TestMiscellaneousConsolidated" name="test_database_and_config_functionality" file="tests/test_miscellaneous_consolidated.py" line="20" time="0.004" /><testcase classname="tests.test_miscellaneous_consolidated.TestMiscellaneousConsolidated" name="test_example_sonarr_plugin" file="tests/test_miscellaneous_consolidated.py" line="150" time="0.004" /><testcase classname="tests.test_miscellaneous_consolidated.TestMiscellaneousConsolidated" name="test_extra_coverage_scenarios" file="tests/test_miscellaneous_consolidated.py" line="211" time="0.098" /><testcase classname="tests.test_miscellaneous_consolidated.TestMiscellaneousConsolidated" name="test_ghcr_cleanup_functionality" file="tests/test_miscellaneous_consolidated.py" line="238" time="0.004" /><testcase classname="tests.test_miscellaneous_consolidated.TestMiscellaneousConsolidated" name="test_helpers_functionality" file="tests/test_miscellaneous_consolidated.py" line="63" time="0.097" /><testcase classname="tests.test_miscellaneous_consolidated.TestMiscellaneousConsolidated" name="test_logs_persistence" file="tests/test_miscellaneous_consolidated.py" line="79" time="0.110" /><testcase classname="tests.test_miscellaneous_consolidated.TestMiscellaneousConsolidated" name="test_metrics_and_logger" file="tests/test_miscellaneous_consolidated.py" line="121" time="0.004" /><testcase classname="tests.test_miscellaneous_consolidated.TestMiscellaneousConsolidated" name="test_plugins_general_functionality" file="tests/test_miscellaneous_consolidated.py" line="162" time="0.112" /><testcase classname="tests.test_miscellaneous_consolidated.TestMiscellaneousConsolidated" name="test_prune_backups_functionality" file="tests/test_miscellaneous_consolidated.py" line="254" time="0.004" /><testcase classname="tests.test_miscellaneous_consolidated.TestMiscellaneousConsolidated" name="test_shim_branches_functionality" file="tests/test_miscellaneous_consolidated.py" line="181" time="0.004" /><testcase classname="tests.test_miscellaneous_consolidated.TestMiscellaneousConsolidated" name="test_tasks_persistence" file="tests/test_miscellaneous_consolidated.py" line="102" time="0.043" /><testcase classname="tests.test_miscellaneous_consolidated.TestMiscellaneousConsolidated" name="test_top_level_module_functionality" file="tests/test_miscellaneous_consolidated.py" line="196" time="0.003" /><testcase classname="tests.test_miscellaneous_consolidated.TestErrorHandlingConsolidated" name="test_configuration_error_handling" file="tests/test_miscellaneous_consolidated.py" line="287" time="0.004" /><testcase classname="tests.test_miscellaneous_consolidated.TestErrorHandlingConsolidated" name="test_database_error_handling" file="tests/test_miscellaneous_consolidated.py" line="299" time="0.004" /><testcase classname="tests.test_miscellaneous_consolidated.TestErrorHandlingConsolidated" name="test_import_error_handling" file="tests/test_miscellaneous_consolidated.py" line="278" time="0.003" /><testcase classname="tests.test_miscellaneous_consolidated.TestErrorHandlingConsolidated" name="test_network_error_handling" file="tests/test_miscellaneous_consolidated.py" line="314" time="0.004" /><testcase classname="tests.test_miscellaneous_consolidated.TestErrorHandlingConsolidated" name="test_template_error_handling" file="tests/test_miscellaneous_consolidated.py" line="329" time="0.033" /><testcase classname="tests.test_package_helpers" name="test_serve_with_create_metrics_app_in_caller_frame" file="tests/test_package_helpers.py" line="12" time="0.008" /><testcase classname="tests.test_package_helpers" name="test_serve_with_flask_app" file="tests/test_package_helpers.py" line="37" time="0.009" /><testcase classname="tests.test_package_helpers" name="test_serve_with_non_flask_app" file="tests/test_package_helpers.py" line="60" time="0.005" /><testcase classname="tests.test_package_helpers" name="test_serve_finds_mock_in_modules" file="tests/test_package_helpers.py" line="81" time="0.010" /><testcase classname="tests.test_package_helpers" name="test_serve_with_importlib" file="tests/test_package_helpers.py" line="100" time="0.010" /><testcase classname="tests.test_package_helpers" name="test_serve_checks_implementation_module" file="tests/test_package_helpers.py" line="118" time="0.008" /><testcase classname="tests.test_package_helpers" name="test_serve_handles_multiple_candidates" file="tests/test_package_helpers.py" line="136" time="0.010" /><testcase classname="tests.test_package_helpers" name="test_serve_exception_handling" file="tests/test_package_helpers.py" line="158" time="0.010" /><testcase classname="tests.test_package_helpers" name="test_install_create_metrics_dispatcher" file="tests/test_package_helpers.py" line="174" time="0.003" /><testcase classname="tests.test_package_helpers" name="test_dispatcher_prefers_package_level_patch" file="tests/test_package_helpers.py" line="195" time="0.003" /><testcase classname="tests.test_package_helpers" name="test_dispatcher_searches_for_mocks" file="tests/test_package_helpers.py" line="224" time="0.004" /><testcase classname="tests.test_package_helpers" name="test_dispatcher_falls_back_to_original" file="tests/test_package_helpers.py" line="257" time="0.004" /><testcase classname="tests.test_package_helpers" name="test_dispatcher_handles_exceptions" file="tests/test_package_helpers.py" line="284" time="0.004" /><testcase classname="tests.test_package_helpers" name="test_dispatcher_no_implementation_available" file="tests/test_package_helpers.py" line="309" time="0.005" /><testcase classname="tests.test_package_helpers" name="test_serve_without_pytest_env" file="tests/test_package_helpers.py" line="341" time="0.009" /><testcase classname="tests.test_package_helpers" name="test_install_dispatcher_handles_missing_modules" file="tests/test_package_helpers.py" line="370" time="0.003" /><testcase classname="tests.test_package_helpers" name="test_serve_inspect_frame_exception" file="tests/test_package_helpers.py" line="379" time="0.011" /><testcase classname="tests.test_package_helpers" name="test_serve_caller_frame_not_module" file="tests/test_package_helpers.py" line="398" time="0.010" /><testcase classname="tests.test_package_helpers" name="test_install_dispatcher_with_only_impl_module" file="tests/test_package_helpers.py" line="423" time="0.003" /><testcase classname="tests.test_package_helpers" name="test_dispatcher_prefers_impl_level_patch" file="tests/test_package_helpers.py" line="438" time="0.003" /><testcase classname="tests.test_package_shims" name="test_factory_shim_reexports_top_level_factory" file="tests/test_package_shims.py" line="5" time="0.004" /><testcase classname="tests.test_package_shims" name="test_webui_shim_reexports_top_level_webui" file="tests/test_package_shims.py" line="39" time="0.004" /><testcase classname="tests.test_package_shims" name="test_backups_shim_delegates_to_top_level_backups" file="tests/test_package_shims.py" line="70" time="0.003" /><testcase classname="tests.test_plugins_shim" name="test_plugins_import" file="tests/test_plugins_shim.py" line="10" time="0.003" /><testcase classname="tests.test_plugins_shim" name="test_plugins_exports_registry" file="tests/test_plugins_shim.py" line="17" time="0.003" /><testcase classname="tests.test_plugins_shim" name="test_plugins_exports_base" file="tests/test_plugins_shim.py" line="25" time="0.003" /><testcase classname="tests.test_plugins_shim" name="test_plugins_exports_clients" file="tests/test_plugins_shim.py" line="32" time="0.003" /><testcase classname="tests.test_plugins_shim" name="test_plugins_exports_media" file="tests/test_plugins_shim.py" line="39" time="0.003" /><testcase classname="tests.test_plugins_shim" name="test_plugins_exports_notifications" file="tests/test_plugins_shim.py" line="46" time="0.003" /><testcase classname="tests.test_plugins_shim" name="test_plugins_exports_scrapers" file="tests/test_plugins_shim.py" line="53" time="0.004" /><testcase classname="tests.test_plugins_shim" name="test_plugins_all_exports" file="tests/test_plugins_shim.py" line="60" time="0.003" /><testcase classname="tests.test_plugins_shim" name="test_plugins_with_mock_impl" file="tests/test_plugins_shim.py" line="77" time="0.003" /><testcase classname="tests.test_plugins_shim" name="test_plugins_import_failure" file="tests/test_plugins_shim.py" line="102" time="0.003" /><testcase classname="tests.test_plugins_shim" name="test_plugins_partial_exports" file="tests/test_plugins_shim.py" line="112" time="0.003" /><testcase classname="tests.test_plugins_shim" name="test_plugins_registry_module" file="tests/test_plugins_shim.py" line="123" time="0.004" /><testcase classname="tests.test_plugins_shim" name="test_plugins_base_module" file="tests/test_plugins_shim.py" line="131" time="0.003" /><testcase classname="tests.test_plugins_shim" name="test_plugins_clients_module" file="tests/test_plugins_shim.py" line="138" time="0.003" /><testcase classname="tests.test_plugins_shim" name="test_plugins_media_module" file="tests/test_plugins_shim.py" line="145" time="0.003" /><testcase classname="tests.test_plugins_shim" name="test_plugins_notifications_module" file="tests/test_plugins_shim.py" line="152" time="0.003" /><testcase classname="tests.test_plugins_shim" name="test_plugins_scrapers_module" file="tests/test_plugins_shim.py" line="159" time="0.003" /><testcase classname="tests.test_plugins_shim" name="test_plugins_exception_in_getattr" file="tests/test_plugins_shim.py" line="166" time="0.004" /><testcase classname="tests.test_plugins_smoke" name="test_plugins_package_imports" file="tests/test_plugins_smoke.py" line="3" time="0.003" /><testcase classname="tests.test_plugins_smoke" name="test_plugins_registry_register_and_instance" file="tests/test_plugins_smoke.py" line="17" time="0.003" /><testcase classname="tests.test_researcharr_core_functions.TestResearcharrResearcharrModule" name="test_module_import" file="tests/test_researcharr_core_functions.py" line="13" time="0.003" /><testcase classname="tests.test_researcharr_core_functions.TestResearcharrResearcharrModule" name="test_init_db_default_path" file="tests/test_researcharr_core_functions.py" line="21" time="0.003" /><testcase classname="tests.test_researcharr_core_functions.TestResearcharrResearcharrModule" name="test_init_db_custom_path" file="tests/test_researcharr_core_functions.py" line="48" time="0.003" /><testcase classname="tests.test_researcharr_core_functions.TestResearcharrResearcharrModule" name="test_create_metrics_app" file="tests/test_researcharr_core_functions.py" line="73" time="0.005" /><testcase classname="tests.test_researcharr_core_functions.TestResearcharrResearcharrModule" name="test_create_metrics_app_health_endpoint" file="tests/test_researcharr_core_functions.py" line="82" time="0.005" /><testcase classname="tests.test_researcharr_core_functions.TestResearcharrResearcharrModule" name="test_create_metrics_app_metrics_endpoint" file="tests/test_researcharr_core_functions.py" line="94" time="0.005" /><testcase classname="tests.test_researcharr_core_functions.TestResearcharrResearcharrModule" name="test_setup_logger" file="tests/test_researcharr_core_functions.py" line="106" time="0.004" /><testcase classname="tests.test_researcharr_core_functions.TestResearcharrResearcharrModule" name="test_has_valid_url_and_key" file="tests/test_researcharr_core_functions.py" line="122" time="0.003" /><testcase classname="tests.test_researcharr_core_functions.TestResearcharrResearcharrModule" name="test_check_radarr_connection_missing_params" file="tests/test_researcharr_core_functions.py" line="139" time="0.004" /><testcase classname="tests.test_researcharr_core_functions.TestResearcharrResearcharrModule" name="test_check_radarr_connection_success" file="tests/test_researcharr_core_functions.py" line="148" time="0.004" /><testcase classname="tests.test_researcharr_core_functions.TestResearcharrResearcharrModule" name="test_check_radarr_connection_error" file="tests/test_researcharr_core_functions.py" line="163" time="0.006" /><testcase classname="tests.test_researcharr_core_functions.TestResearcharrResearcharrModule" name="test_check_sonarr_connection_missing_params" file="tests/test_researcharr_core_functions.py" line="176" time="0.004" /><testcase classname="tests.test_researcharr_core_functions.TestResearcharrResearcharrModule" name="test_check_sonarr_connection_success" file="tests/test_researcharr_core_functions.py" line="185" time="0.004" /><testcase classname="tests.test_researcharr_core_functions.TestResearcharrResearcharrModule" name="test_check_sonarr_connection_error" file="tests/test_researcharr_core_functions.py" line="200" time="0.004" /><testcase classname="tests.test_researcharr_core_functions.TestResearcharrResearcharrModule" name="test_load_config_valid_file" file="tests/test_researcharr_core_functions.py" line="213" time="0.004" /><testcase classname="tests.test_researcharr_core_functions.TestResearcharrResearcharrModule" name="test_load_config_missing_file" file="tests/test_researcharr_core_functions.py" line="230" time="0.003" /><testcase classname="tests.test_researcharr_core_functions.TestResearcharrResearcharrModule" name="test_load_config_empty_file" file="tests/test_researcharr_core_functions.py" line="237" time="0.003" /><testcase classname="tests.test_researcharr_core_functions.TestResearcharrResearcharrModule" name="test_serve_function_exists" file="tests/test_researcharr_core_functions.py" line="251" time="0.003" /><testcase classname="tests.test_researcharr_core_functions.TestResearcharrResearcharrModule" name="test_serve_function_behavior" file="tests/test_researcharr_core_functions.py" line="259" time="0.004" /><testcase classname="tests.test_researcharr_core_functions.TestResearcharrResearcharrModule" name="test_error_handler_endpoints" file="tests/test_researcharr_core_functions.py" line="275" time="0.007" /><testcase classname="tests.test_researcharr_core_functions.TestResearcharrResearcharrModule" name="test_app_has_metrics_tracking" file="tests/test_researcharr_core_functions.py" line="290" time="0.008" /><testcase classname="tests.test_researcharr_core_functions.TestResearcharrResearcharrModule" name="test_db_path_constant" file="tests/test_researcharr_core_functions.py" line="306" time="0.003" /><testcase classname="tests.test_researcharr_core_functions.TestResearcharrResearcharrModule" name="test_conditional_imports_exist" file="tests/test_researcharr_core_functions.py" line="313" time="0.003" /><testcase classname="tests.test_researcharr_core_functions.TestResearcharrResearcharrModule" name="test_logger_with_level" file="tests/test_researcharr_core_functions.py" line="321" time="0.003" /><testcase classname="tests.test_researcharr_core_functions.TestResearcharrResearcharrModule" name="test_app_error_increment" file="tests/test_researcharr_core_functions.py" line="339" time="0.007" /><testcase classname="tests.test_researcharr_core_functions.TestResearcharrResearcharrModule" name="test_health_endpoint_db_check" file="tests/test_researcharr_core_functions.py" line="358" time="0.006" /><testcase classname="tests.test_researcharr_core_functions.TestResearcharrResearcharrModule" name="test_missing_imports_handling" file="tests/test_researcharr_core_functions.py" line="380" time="0.005" /><testcase classname="tests.test_researcharr_core_functions.TestResearcharrResearcharrModule" name="test_yaml_none_handling" file="tests/test_researcharr_core_functions.py" line="403" time="0.004" /><testcase classname="tests.test_researcharr_core_functions.TestResearcharrResearcharrModule" name="test_connection_non_200_status" file="tests/test_researcharr_core_functions.py" line="423" time="0.004" /><testcase classname="tests.test_researcharr_core_functions.TestResearcharrResearcharrModule" name="test_health_endpoint_db_error" file="tests/test_researcharr_core_functions.py" line="448" time="0.006" /><testcase classname="tests.test_researcharr_package.TestResearcharrPackageModules" name="test_backups_module_import" file="tests/test_researcharr_package.py" line="49" time="0.003" /><testcase classname="tests.test_researcharr_package.TestResearcharrPackageModules" name="test_db_module_import" file="tests/test_researcharr_package.py" line="57" time="0.003" /><testcase classname="tests.test_researcharr_package.TestResearcharrPackageModules" name="test_factory_shim_import_failure" file="tests/test_researcharr_package.py" line="28" time="0.004" /><testcase classname="tests.test_researcharr_package.TestResearcharrPackageModules" name="test_factory_shim_imports" file="tests/test_researcharr_package.py" line="22" time="0.003" /><testcase classname="tests.test_researcharr_package.TestResearcharrPackageModules" name="test_run_module_import" file="tests/test_researcharr_package.py" line="61" time="0.004" /><testcase classname="tests.test_researcharr_package.TestResearcharrPackageModules" name="test_webui_module_import" file="tests/test_researcharr_package.py" line="53" time="0.003" /><testcase classname="tests.test_researcharr_package.TestResearcharrDatabase" name="test_create_tables_functionality" file="tests/test_researcharr_package.py" line="105" time="0.005" /><testcase classname="tests.test_researcharr_package.TestResearcharrDatabase" name="test_database_connection_handling" file="tests/test_researcharr_package.py" line="92" time="0.004" /><testcase classname="tests.test_researcharr_package.TestResearcharrDatabase" name="test_database_functions_exist" file="tests/test_researcharr_package.py" line="79" time="0.004" /><testcase classname="tests.test_researcharr_package.TestResearcharrDatabase" name="test_user_management_functions" file="tests/test_researcharr_package.py" line="120" time="0.006" /><testcase classname="tests.test_researcharr_package.TestResearcharrRunModule" name="test_run_job_function" file="tests/test_researcharr_package.py" line="163" time="0.004" /><testcase classname="tests.test_researcharr_package.TestResearcharrRunModule" name="test_run_module_functions_exist" file="tests/test_researcharr_package.py" line="153" time="0.003" /><testcase classname="tests.test_researcharr_package.TestResearcharrRunModule" name="test_scheduled_operations" file="tests/test_researcharr_package.py" line="179" time="0.004" /><testcase classname="tests.test_researcharr_package.TestResearcharrMainModule" name="test_main_module_import" file="tests/test_researcharr_package.py" line="206" time="0.003" /><testcase classname="tests.test_researcharr_package.TestResearcharrMainModule" name="test_main_module_package_structure" file="tests/test_researcharr_package.py" line="219" time="0.004" /><testcase classname="tests.test_researcharr_package.TestResearcharrMainModule" name="test_main_module_version" file="tests/test_researcharr_package.py" line="210" time="0.003" /><testcase classname="tests.test_researcharr_package.TestResearcharrMainModule" name="test_package_init_functionality" file="tests/test_researcharr_package.py" line="234" time="0.004" /><testcase classname="tests.test_researcharr_package.TestResearcharrHealthMetrics" name="test_database_health_check" file="tests/test_researcharr_package.py" line="276" time="0.005" /><testcase classname="tests.test_researcharr_package.TestResearcharrHealthMetrics" name="test_external_service_health_checks" file="tests/test_researcharr_package.py" line="292" time="0.005" /><testcase classname="tests.test_researcharr_package.TestResearcharrHealthMetrics" name="test_health_endpoint_functionality" file="tests/test_researcharr_package.py" line="247" time="0.004" /><testcase classname="tests.test_researcharr_package.TestResearcharrHealthMetrics" name="test_metrics_collection" file="tests/test_researcharr_package.py" line="262" time="0.004" /><testcase classname="tests.test_researcharr_package.TestResearcharrIntegration" name="test_configuration_sharing" file="tests/test_researcharr_package.py" line="342" time="0.006" /><testcase classname="tests.test_researcharr_package.TestResearcharrIntegration" name="test_database_integration" file="tests/test_researcharr_package.py" line="372" time="0.004" /><testcase classname="tests.test_researcharr_package.TestResearcharrIntegration" name="test_logging_integration" file="tests/test_researcharr_package.py" line="357" time="0.004" /><testcase classname="tests.test_researcharr_package.TestResearcharrIntegration" name="test_module_interdependencies" file="tests/test_researcharr_package.py" line="324" time="0.004" /><testcase classname="tests.test_researcharr_root_module.TestResearcharrRootModule" name="test_check_radarr_connection_exception" file="tests/test_researcharr_root_module.py" line="250" time="0.004" /><testcase classname="tests.test_researcharr_root_module.TestResearcharrRootModule" name="test_check_radarr_connection_missing_api_key" file="tests/test_researcharr_root_module.py" line="223" time="0.004" /><testcase classname="tests.test_researcharr_root_module.TestResearcharrRootModule" name="test_check_radarr_connection_missing_url" file="tests/test_researcharr_root_module.py" line="214" time="0.003" /><testcase classname="tests.test_researcharr_root_module.TestResearcharrRootModule" name="test_check_radarr_connection_non_200_status" file="tests/test_researcharr_root_module.py" line="232" time="0.004" /><testcase classname="tests.test_researcharr_root_module.TestResearcharrRootModule" name="test_check_radarr_connection_success" file="tests/test_researcharr_root_module.py" line="197" time="0.004" /><testcase classname="tests.test_researcharr_root_module.TestResearcharrRootModule" name="test_check_sonarr_connection_exception" file="tests/test_researcharr_root_module.py" line="317" time="0.004" /><testcase classname="tests.test_researcharr_root_module.TestResearcharrRootModule" name="test_check_sonarr_connection_missing_api_key" file="tests/test_researcharr_root_module.py" line="290" time="0.003" /><testcase classname="tests.test_researcharr_root_module.TestResearcharrRootModule" name="test_check_sonarr_connection_missing_url" file="tests/test_researcharr_root_module.py" line="281" time="0.003" /><testcase classname="tests.test_researcharr_root_module.TestResearcharrRootModule" name="test_check_sonarr_connection_non_200_status" file="tests/test_researcharr_root_module.py" line="299" time="0.004" /><testcase classname="tests.test_researcharr_root_module.TestResearcharrRootModule" name="test_check_sonarr_connection_success" file="tests/test_researcharr_root_module.py" line="264" time="0.004" /><testcase classname="tests.test_researcharr_root_module.TestResearcharrRootModule" name="test_conditional_imports" file="tests/test_researcharr_root_module.py" line="473" time="0.003" /><testcase classname="tests.test_researcharr_root_module.TestResearcharrRootModule" name="test_create_metrics_app" file="tests/test_researcharr_root_module.py" line="368" time="0.005" /><testcase classname="tests.test_researcharr_root_module.TestResearcharrRootModule" name="test_create_metrics_app_error_counter" file="tests/test_researcharr_root_module.py" line="419" time="0.007" /><testcase classname="tests.test_researcharr_root_module.TestResearcharrRootModule" name="test_create_metrics_app_error_handlers" file="tests/test_researcharr_root_module.py" line="457" time="0.007" /><testcase classname="tests.test_researcharr_root_module.TestResearcharrRootModule" name="test_create_metrics_app_health_db_check" file="tests/test_researcharr_root_module.py" line="432" time="0.006" /><testcase classname="tests.test_researcharr_root_module.TestResearcharrRootModule" name="test_create_metrics_app_health_db_error" file="tests/test_researcharr_root_module.py" line="445" time="0.006" /><testcase classname="tests.test_researcharr_root_module.TestResearcharrRootModule" name="test_create_metrics_app_metrics_endpoint" file="tests/test_researcharr_root_module.py" line="394" time="0.005" /><testcase classname="tests.test_researcharr_root_module.TestResearcharrRootModule" name="test_create_metrics_app_request_counter" file="tests/test_researcharr_root_module.py" line="406" time="0.006" /><testcase classname="tests.test_researcharr_root_module.TestResearcharrRootModule" name="test_create_metrics_app_routes" file="tests/test_researcharr_root_module.py" line="378" time="0.006" /><testcase classname="tests.test_researcharr_root_module.TestResearcharrRootModule" name="test_globals_preservation" file="tests/test_researcharr_root_module.py" line="513" time="0.003" /><testcase classname="tests.test_researcharr_root_module.TestResearcharrRootModule" name="test_has_valid_url_and_key_all_valid" file="tests/test_researcharr_root_module.py" line="153" time="0.003" /><testcase classname="tests.test_researcharr_root_module.TestResearcharrRootModule" name="test_has_valid_url_and_key_disabled_instances" file="tests/test_researcharr_root_module.py" line="187" time="0.003" /><testcase classname="tests.test_researcharr_root_module.TestResearcharrRootModule" name="test_has_valid_url_and_key_empty_list" file="tests/test_researcharr_root_module.py" line="182" time="0.003" /><testcase classname="tests.test_researcharr_root_module.TestResearcharrRootModule" name="test_has_valid_url_and_key_invalid_url" file="tests/test_researcharr_root_module.py" line="164" time="0.003" /><testcase classname="tests.test_researcharr_root_module.TestResearcharrRootModule" name="test_has_valid_url_and_key_missing_api_key" file="tests/test_researcharr_root_module.py" line="173" time="0.006" /><testcase classname="tests.test_researcharr_root_module.TestResearcharrRootModule" name="test_init_db_custom_path" file="tests/test_researcharr_root_module.py" line="91" time="0.004" /><testcase classname="tests.test_researcharr_root_module.TestResearcharrRootModule" name="test_init_db_default_path" file="tests/test_researcharr_root_module.py" line="61" time="0.004" /><testcase classname="tests.test_researcharr_root_module.TestResearcharrRootModule" name="test_load_config_default_path" file="tests/test_researcharr_root_module.py" line="357" time="0.036" /><testcase classname="tests.test_researcharr_root_module.TestResearcharrRootModule" name="test_load_config_empty_file" file="tests/test_researcharr_root_module.py" line="348" time="0.005" /><testcase classname="tests.test_researcharr_root_module.TestResearcharrRootModule" name="test_load_config_missing_file" file="tests/test_researcharr_root_module.py" line="342" time="0.003" /><testcase classname="tests.test_researcharr_root_module.TestResearcharrRootModule" name="test_load_config_valid_file" file="tests/test_researcharr_root_module.py" line="331" time="0.005" /><testcase classname="tests.test_researcharr_root_module.TestResearcharrRootModule" name="test_main_execution_with_serve_argument" file="tests/test_researcharr_root_module.py" line="479" time="0.004" /><testcase classname="tests.test_researcharr_root_module.TestResearcharrRootModule" name="test_main_execution_without_serve_argument" file="tests/test_researcharr_root_module.py" line="496" time="0.004" /><testcase classname="tests.test_researcharr_root_module.TestResearcharrRootModule" name="test_module_constants" file="tests/test_researcharr_root_module.py" line="41" time="0.004" /><testcase classname="tests.test_researcharr_root_module.TestResearcharrRootModule" name="test_package_path_structure" file="tests/test_researcharr_root_module.py" line="521" time="0.003" /><testcase classname="tests.test_researcharr_root_module.TestResearcharrRootModule" name="test_serve_function" file="tests/test_researcharr_root_module.py" line="50" time="0.004" /><testcase classname="tests.test_researcharr_root_module.TestResearcharrRootModule" name="test_setup_logger_default_level" file="tests/test_researcharr_root_module.py" line="146" time="0.003" /><testcase classname="tests.test_researcharr_root_module.TestResearcharrRootModule" name="test_setup_logger_existing_logger" file="tests/test_researcharr_root_module.py" line="131" time="0.003" /><testcase classname="tests.test_researcharr_root_module.TestResearcharrRootModule" name="test_setup_logger_new_logger" file="tests/test_researcharr_root_module.py" line="121" time="0.003" /><testcase classname="tests.test_researcharr_root_simple.TestResearcharrRootModule" name="test_check_radarr_connection_function_exists" file="tests/test_researcharr_root_simple.py" line="135" time="0.003" /><testcase classname="tests.test_researcharr_root_simple.TestResearcharrRootModule" name="test_check_radarr_connection_missing_api_key" file="tests/test_researcharr_root_simple.py" line="168" time="0.003" /><testcase classname="tests.test_researcharr_root_simple.TestResearcharrRootModule" name="test_check_radarr_connection_missing_url" file="tests/test_researcharr_root_simple.py" line="162" time="0.004" /><testcase classname="tests.test_researcharr_root_simple.TestResearcharrRootModule" name="test_check_radarr_connection_success" file="tests/test_researcharr_root_simple.py" line="145" time="0.004" /><testcase classname="tests.test_researcharr_root_simple.TestResearcharrRootModule" name="test_check_sonarr_connection_function_exists" file="tests/test_researcharr_root_simple.py" line="140" time="0.003" /><testcase classname="tests.test_researcharr_root_simple.TestResearcharrRootModule" name="test_check_sonarr_connection_success" file="tests/test_researcharr_root_simple.py" line="174" time="0.004" /><testcase classname="tests.test_researcharr_root_simple.TestResearcharrRootModule" name="test_conditional_imports" file="tests/test_researcharr_root_simple.py" line="211" time="0.003" /><testcase classname="tests.test_researcharr_root_simple.TestResearcharrRootModule" name="test_create_metrics_app_basic" file="tests/test_researcharr_root_simple.py" line="196" time="0.006" /><testcase classname="tests.test_researcharr_root_simple.TestResearcharrRootModule" name="test_create_metrics_app_function_exists" file="tests/test_researcharr_root_simple.py" line="191" time="0.003" /><testcase classname="tests.test_researcharr_root_simple.TestResearcharrRootModule" name="test_has_valid_url_and_key_disabled_instances" file="tests/test_researcharr_root_simple.py" line="126" time="0.003" /><testcase classname="tests.test_researcharr_root_simple.TestResearcharrRootModule" name="test_has_valid_url_and_key_empty_list" file="tests/test_researcharr_root_simple.py" line="112" time="0.004" /><testcase classname="tests.test_researcharr_root_simple.TestResearcharrRootModule" name="test_has_valid_url_and_key_function_exists" file="tests/test_researcharr_root_simple.py" line="107" time="0.003" /><testcase classname="tests.test_researcharr_root_simple.TestResearcharrRootModule" name="test_has_valid_url_and_key_valid_instances" file="tests/test_researcharr_root_simple.py" line="117" time="0.003" /><testcase classname="tests.test_researcharr_root_simple.TestResearcharrRootModule" name="test_init_db_custom_path" file="tests/test_researcharr_root_simple.py" line="57" time="0.004" /><testcase classname="tests.test_researcharr_root_simple.TestResearcharrRootModule" name="test_init_db_default_path" file="tests/test_researcharr_root_simple.py" line="41" time="0.004" /><testcase classname="tests.test_researcharr_root_simple.TestResearcharrRootModule" name="test_init_db_function_exists" file="tests/test_researcharr_root_simple.py" line="36" time="0.003" /><testcase classname="tests.test_researcharr_root_simple.TestResearcharrRootModule" name="test_load_config_function_exists" file="tests/test_researcharr_root_simple.py" line="86" time="0.003" /><testcase classname="tests.test_researcharr_root_simple.TestResearcharrRootModule" name="test_load_config_missing_file" file="tests/test_researcharr_root_simple.py" line="101" time="0.003" /><testcase classname="tests.test_researcharr_root_simple.TestResearcharrRootModule" name="test_load_config_valid_file" file="tests/test_researcharr_root_simple.py" line="91" time="0.006" /><testcase classname="tests.test_researcharr_root_simple.TestResearcharrRootModule" name="test_main_execution_compatibility" file="tests/test_researcharr_root_simple.py" line="217" time="0.003" /><testcase classname="tests.test_researcharr_root_simple.TestResearcharrRootModule" name="test_module_constants" file="tests/test_researcharr_root_simple.py" line="25" time="0.003" /><testcase classname="tests.test_researcharr_root_simple.TestResearcharrRootModule" name="test_serve_function_exists" file="tests/test_researcharr_root_simple.py" line="31" time="0.003" /><testcase classname="tests.test_researcharr_root_simple.TestResearcharrRootModule" name="test_setup_logger_basic" file="tests/test_researcharr_root_simple.py" line="75" time="0.003" /><testcase classname="tests.test_researcharr_root_simple.TestResearcharrRootModule" name="test_setup_logger_function_exists" file="tests/test_researcharr_root_simple.py" line="70" time="0.003" /><testcase classname="tests.test_root_module_serve_smoke" name="test_root_serve_with_dummy_app" file="tests/test_root_module_serve_smoke.py" line="0" time="0.003" /><testcase classname="tests.test_root_module_serve_smoke" name="test_root_serve_with_flask_early_return" file="tests/test_root_module_serve_smoke.py" line="12" time="0.005" /><testcase classname="tests.test_root_module_smoke" name="test_root_module_load_config_empty_file_returns_empty" file="tests/test_root_module_smoke.py" line="3" time="0.004" /><testcase classname="tests.test_root_module_smoke" name="test_root_module_init_db_and_metrics_app" file="tests/test_root_module_smoke.py" line="13" time="0.007" /><testcase classname="tests.test_root_module_smoke" name="test_root_module_check_radarr_connection_missing" file="tests/test_root_module_smoke.py" line="33" time="0.003" /><testcase classname="tests.test_root_module_smoke" name="test_root_module_check_radarr_connection_mock_success" file="tests/test_root_module_smoke.py" line="40" time="0.003" /><testcase classname="tests.test_root_module_smoke" name="test_root_module_check_radarr_connection_mock_failure" file="tests/test_root_module_smoke.py" line="56" time="0.003" /><testcase classname="tests.test_root_module_smoke" name="test_root_module_check_radarr_connection_exception" file="tests/test_root_module_smoke.py" line="72" time="0.003" /><testcase classname="tests.test_root_module_smoke" name="test_root_module_check_sonarr_connection_missing" file="tests/test_root_module_smoke.py" line="85" time="0.003" /><testcase classname="tests.test_root_module_smoke" name="test_root_module_check_sonarr_connection_success" file="tests/test_root_module_smoke.py" line="92" time="0.005" /><testcase classname="tests.test_root_module_smoke" name="test_root_module_check_sonarr_connection_failure" file="tests/test_root_module_smoke.py" line="108" time="0.004" /><testcase classname="tests.test_root_module_smoke" name="test_root_module_check_sonarr_connection_exception" file="tests/test_root_module_smoke.py" line="124" time="0.004" /><testcase classname="tests.test_root_researcharr_comprehensive.TestRootResearcharrModule" name="test_check_radarr_connection_exception" file="tests/test_root_researcharr_comprehensive.py" line="231" time="0.004" /><testcase classname="tests.test_root_researcharr_comprehensive.TestRootResearcharrModule" name="test_check_radarr_connection_missing_api_key" file="tests/test_root_researcharr_comprehensive.py" line="196" time="0.004" /><testcase classname="tests.test_root_researcharr_comprehensive.TestRootResearcharrModule" name="test_check_radarr_connection_missing_url" file="tests/test_root_researcharr_comprehensive.py" line="187" time="0.004" /><testcase classname="tests.test_root_researcharr_comprehensive.TestRootResearcharrModule" name="test_check_radarr_connection_non_200_status" file="tests/test_root_researcharr_comprehensive.py" line="218" time="0.004" /><testcase classname="tests.test_root_researcharr_comprehensive.TestRootResearcharrModule" name="test_check_radarr_connection_success" file="tests/test_root_researcharr_comprehensive.py" line="205" time="0.004" /><testcase classname="tests.test_root_researcharr_comprehensive.TestRootResearcharrModule" name="test_check_sonarr_connection_exception" file="tests/test_root_researcharr_comprehensive.py" line="286" time="0.005" /><testcase classname="tests.test_root_researcharr_comprehensive.TestRootResearcharrModule" name="test_check_sonarr_connection_missing_api_key" file="tests/test_root_researcharr_comprehensive.py" line="251" time="0.004" /><testcase classname="tests.test_root_researcharr_comprehensive.TestRootResearcharrModule" name="test_check_sonarr_connection_missing_url" file="tests/test_root_researcharr_comprehensive.py" line="242" time="0.004" /><testcase classname="tests.test_root_researcharr_comprehensive.TestRootResearcharrModule" name="test_check_sonarr_connection_non_200_status" file="tests/test_root_researcharr_comprehensive.py" line="273" time="0.005" /><testcase classname="tests.test_root_researcharr_comprehensive.TestRootResearcharrModule" name="test_check_sonarr_connection_success" file="tests/test_root_researcharr_comprehensive.py" line="260" time="0.005" /><testcase classname="tests.test_root_researcharr_comprehensive.TestRootResearcharrModule" name="test_conditional_imports_exist" file="tests/test_root_researcharr_comprehensive.py" line="43" time="0.003" /><testcase classname="tests.test_root_researcharr_comprehensive.TestRootResearcharrModule" name="test_create_metrics_app" file="tests/test_root_researcharr_comprehensive.py" line="335" time="0.006" /><testcase classname="tests.test_root_researcharr_comprehensive.TestRootResearcharrModule" name="test_create_metrics_app_conditional_definition" file="tests/test_root_researcharr_comprehensive.py" line="329" time="0.004" /><testcase classname="tests.test_root_researcharr_comprehensive.TestRootResearcharrModule" name="test_create_metrics_app_error_counter" file="tests/test_root_researcharr_comprehensive.py" line="426" time="0.009" /><testcase classname="tests.test_root_researcharr_comprehensive.TestRootResearcharrModule" name="test_create_metrics_app_error_handler_404" file="tests/test_root_researcharr_comprehensive.py" line="399" time="0.007" /><testcase classname="tests.test_root_researcharr_comprehensive.TestRootResearcharrModule" name="test_create_metrics_app_error_handler_500" file="tests/test_root_researcharr_comprehensive.py" line="410" time="0.008" /><testcase classname="tests.test_root_researcharr_comprehensive.TestRootResearcharrModule" name="test_create_metrics_app_error_handler_logging" file="tests/test_root_researcharr_comprehensive.py" line="441" time="0.009" /><testcase classname="tests.test_root_researcharr_comprehensive.TestRootResearcharrModule" name="test_create_metrics_app_error_handler_logging_failure" file="tests/test_root_researcharr_comprehensive.py" line="458" time="0.008" /><testcase classname="tests.test_root_researcharr_comprehensive.TestRootResearcharrModule" name="test_create_metrics_app_health_endpoint" file="tests/test_root_researcharr_comprehensive.py" line="345" time="0.006" /><testcase classname="tests.test_root_researcharr_comprehensive.TestRootResearcharrModule" name="test_create_metrics_app_health_endpoint_db_error" file="tests/test_root_researcharr_comprehensive.py" line="360" time="0.007" /><testcase classname="tests.test_root_researcharr_comprehensive.TestRootResearcharrModule" name="test_create_metrics_app_metrics_endpoint" file="tests/test_root_researcharr_comprehensive.py" line="372" time="0.007" /><testcase classname="tests.test_root_researcharr_comprehensive.TestRootResearcharrModule" name="test_create_metrics_app_request_counter" file="tests/test_root_researcharr_comprehensive.py" line="384" time="0.007" /><testcase classname="tests.test_root_researcharr_comprehensive.TestRootResearcharrModule" name="test_has_valid_url_and_key_all_valid" file="tests/test_root_researcharr_comprehensive.py" line="142" time="0.004" /><testcase classname="tests.test_root_researcharr_comprehensive.TestRootResearcharrModule" name="test_has_valid_url_and_key_disabled_invalid" file="tests/test_root_researcharr_comprehensive.py" line="169" time="0.003" /><testcase classname="tests.test_root_researcharr_comprehensive.TestRootResearcharrModule" name="test_has_valid_url_and_key_empty_list" file="tests/test_root_researcharr_comprehensive.py" line="182" time="0.003" /><testcase classname="tests.test_root_researcharr_comprehensive.TestRootResearcharrModule" name="test_has_valid_url_and_key_invalid_url" file="tests/test_root_researcharr_comprehensive.py" line="153" time="0.003" /><testcase classname="tests.test_root_researcharr_comprehensive.TestRootResearcharrModule" name="test_has_valid_url_and_key_missing_api_key" file="tests/test_root_researcharr_comprehensive.py" line="162" time="0.003" /><testcase classname="tests.test_root_researcharr_comprehensive.TestRootResearcharrModule" name="test_init_db_actual_database" file="tests/test_root_researcharr_comprehensive.py" line="81" time="0.004" /><testcase classname="tests.test_root_researcharr_comprehensive.TestRootResearcharrModule" name="test_init_db_custom_path" file="tests/test_root_researcharr_comprehensive.py" line="65" time="0.005" /><testcase classname="tests.test_root_researcharr_comprehensive.TestRootResearcharrModule" name="test_init_db_default_path" file="tests/test_root_researcharr_comprehensive.py" line="49" time="0.004" /><testcase classname="tests.test_root_researcharr_comprehensive.TestRootResearcharrModule" name="test_load_config_empty_file" file="tests/test_root_researcharr_comprehensive.py" line="316" time="0.006" /><testcase classname="tests.test_root_researcharr_comprehensive.TestRootResearcharrModule" name="test_load_config_missing_file" file="tests/test_root_researcharr_comprehensive.py" line="297" time="0.003" /><testcase classname="tests.test_root_researcharr_comprehensive.TestRootResearcharrModule" name="test_load_config_valid_file" file="tests/test_root_researcharr_comprehensive.py" line="302" time="0.007" /><testcase classname="tests.test_root_researcharr_comprehensive.TestRootResearcharrModule" name="test_main_module_serve_execution" file="tests/test_root_researcharr_comprehensive.py" line="519" time="0.004" /><testcase classname="tests.test_root_researcharr_comprehensive.TestRootResearcharrModule" name="test_module_constants_and_paths" file="tests/test_root_researcharr_comprehensive.py" line="37" time="0.004" /><testcase classname="tests.test_root_researcharr_comprehensive.TestRootResearcharrModule" name="test_path_attribute_structure" file="tests/test_root_researcharr_comprehensive.py" line="535" time="0.003" /><testcase classname="tests.test_root_researcharr_comprehensive.TestRootResearcharrModule" name="test_serve_function_behavior" file="tests/test_root_researcharr_comprehensive.py" line="481" time="0.005" /><testcase classname="tests.test_root_researcharr_comprehensive.TestRootResearcharrModule" name="test_serve_function_exists" file="tests/test_root_researcharr_comprehensive.py" line="476" time="0.003" /><testcase classname="tests.test_root_researcharr_comprehensive.TestRootResearcharrModule" name="test_setup_logger_conditional_definition" file="tests/test_root_researcharr_comprehensive.py" line="102" time="0.003" /><testcase classname="tests.test_root_researcharr_comprehensive.TestRootResearcharrModule" name="test_setup_logger_existing_logger" file="tests/test_root_researcharr_comprehensive.py" line="124" time="0.003" /><testcase classname="tests.test_root_researcharr_comprehensive.TestRootResearcharrModule" name="test_setup_logger_new_logger" file="tests/test_root_researcharr_comprehensive.py" line="108" time="0.004" /><testcase classname="tests.test_root_researcharr_comprehensive.TestRootResearcharrModule" name="test_setup_logger_with_custom_level" file="tests/test_root_researcharr_comprehensive.py" line="118" time="0.004" /><testcase classname="tests.test_root_researcharr_comprehensive.TestRootResearcharrModule" name="test_setup_logger_with_none_level" file="tests/test_root_researcharr_comprehensive.py" line="137" time="0.004" /><testcase classname="tests.test_run" name="test_load_config_returns_empty_dict" file="tests/test_run.py" line="9" time="0.003" /><testcase classname="tests.test_run" name="test_load_config_with_custom_path" file="tests/test_run.py" line="19" time="0.004" /><testcase classname="tests.test_run" name="test_setup_scheduler_no_schedule_module" file="tests/test_run.py" line="28" time="0.003" /><testcase classname="tests.test_run" name="test_setup_scheduler_with_schedule_module" file="tests/test_run.py" line="39" time="0.004" /><testcase classname="tests.test_run" name="test_setup_scheduler_handles_exception" file="tests/test_run.py" line="61" time="0.003" /><testcase classname="tests.test_run" name="test_get_job_timeout_none" file="tests/test_run.py" line="77" time="0.004" /><testcase classname="tests.test_run" name="test_get_job_timeout_valid" file="tests/test_run.py" line="87" time="0.004" /><testcase classname="tests.test_run" name="test_get_job_timeout_invalid" file="tests/test_run.py" line="97" time="0.004" /><testcase classname="tests.test_run" name="test_run_job_no_script_configured" file="tests/test_run.py" line="107" time="0.004" /><testcase classname="tests.test_run" name="test_run_job_uses_env_script" file="tests/test_run.py" line="121" time="0.005" /><testcase classname="tests.test_run" name="test_run_job_with_timeout" file="tests/test_run.py" line="140" time="0.005" /><testcase classname="tests.test_run" name="test_run_job_timeout_expired" file="tests/test_run.py" line="161" time="0.005" /><testcase classname="tests.test_run" name="test_run_job_subprocess_exception" file="tests/test_run.py" line="173" time="0.006" /><testcase classname="tests.test_run" name="test_run_job_logs_stdout" file="tests/test_run.py" line="185" time="0.005" /><testcase classname="tests.test_run" name="test_run_job_logs_stderr" file="tests/test_run.py" line="202" time="0.005" /><testcase classname="tests.test_run" name="test_run_job_logs_returncode" file="tests/test_run.py" line="219" time="0.005" /><testcase classname="tests.test_run" name="test_run_job_handles_top_level_run_module" file="tests/test_run.py" line="236" time="0.005" /><testcase classname="tests.test_run" name="test_run_job_handles_top_level_run_exception" file="tests/test_run.py" line="260" time="0.005" /><testcase classname="tests.test_run" name="test_run_job_logging_exception_handling" file="tests/test_run.py" line="278" time="0.005" /><testcase classname="tests.test_run" name="test_main_once_true" file="tests/test_run.py" line="295" time="0.004" /><testcase classname="tests.test_run" name="test_main_once_false" file="tests/test_run.py" line="305" time="0.004" /><testcase classname="tests.test_run" name="test_run_job_globals_script_resolution" file="tests/test_run.py" line="316" time="0.005" /><testcase classname="tests.test_run" name="test_run_job_no_timeout_branch" file="tests/test_run.py" line="336" time="0.005" /><testcase classname="tests.test_services_smoke" name="test_logging_service_setup_logger_creates_handler" file="tests/test_services_smoke.py" line="5" time="0.004" /><testcase classname="tests.test_services_smoke" name="test_database_service_init_and_check_connection" file="tests/test_services_smoke.py" line="17" time="0.004" /><testcase classname="tests.test_services_smoke" name="test_connectivity_service_has_valid_url_and_key" file="tests/test_services_smoke.py" line="26" time="0.004" /><testcase classname="tests.test_services_smoke" name="test_connectivity_service_radarr_success" file="tests/test_services_smoke.py" line="59" time="0.004" /><testcase classname="tests.test_services_smoke" name="test_connectivity_service_radarr_failure_and_exception" file="tests/test_services_smoke.py" line="68" time="0.004" /><testcase classname="tests.test_services_smoke" name="test_connectivity_service_sonarr_success_and_failure" file="tests/test_services_smoke.py" line="80" time="0.004" /><testcase classname="tests.test_services_smoke" name="test_metrics_service_counters_and_get" file="tests/test_services_smoke.py" line="92" time="0.003" /><testcase classname="tests.test_services_smoke" name="test_health_service_with_stubs" file="tests/test_services_smoke.py" line="105" time="0.003" /><testcase classname="tests.test_services_smoke" name="test_metrics_app_error_handler_and_events" file="tests/test_services_smoke.py" line="134" time="0.005"><skipped type="pytest.xfail" message="Order-dependent flake: passes in isolation, fails ~1% of full-suite runs when a prior test around position 900 mutates flask.Flask class. Root cause under investigation." /></testcase><testcase classname="tests.test_services_smoke" name="test_health_service_config_error_branch" file="tests/test_services_smoke.py" line="187" time="0.004" /><testcase classname="tests.test_targeted_coverage" name="test_container_reset" file="tests/test_targeted_coverage.py" line="13" time="0.003" /><testcase classname="tests.test_targeted_coverage" name="test_container_convenience_register_singleton" file="tests/test_targeted_coverage.py" line="32" time="0.003" /><testcase classname="tests.test_targeted_coverage" name="test_container_convenience_register_factory" file="tests/test_targeted_coverage.py" line="46" time="0.003" /><testcase classname="tests.test_targeted_coverage" name="test_container_convenience_register_class" file="tests/test_targeted_coverage.py" line="61" time="0.003" /><testcase classname="tests.test_targeted_coverage" name="test_container_convenience_has_service" file="tests/test_targeted_coverage.py" line="80" time="0.003" /><testcase classname="tests.test_targeted_coverage" name="test_events_reset" file="tests/test_targeted_coverage.py" line="98" time="0.003" /><testcase classname="tests.test_targeted_coverage" name="test_events_convenience_subscribe" file="tests/test_targeted_coverage.py" line="118" time="0.003" /><testcase classname="tests.test_targeted_coverage" name="test_events_convenience_subscribe_all" file="tests/test_targeted_coverage.py" line="139" time="0.003" /><testcase classname="tests.test_targeted_coverage" name="test_events_convenience_publish" file="tests/test_targeted_coverage.py" line="161" time="0.003" /><testcase classname="tests.test_targeted_coverage" name="test_events_convenience_publish_simple" file="tests/test_targeted_coverage.py" line="186" time="0.004" /><testcase classname="tests.test_targeted_coverage" name="test_run_job_timeout_from_env" file="tests/test_targeted_coverage.py" line="211" time="0.005" /><testcase classname="tests.test_targeted_coverage" name="test_run_job_timeout_empty" file="tests/test_targeted_coverage.py" line="231" time="0.005" /><testcase classname="tests.test_targeted_coverage" name="test_run_job_timeout_invalid" file="tests/test_targeted_coverage.py" line="245" time="0.005" /><testcase classname="tests.test_targeted_coverage" name="test_run_setup_scheduler_with_schedule" file="tests/test_targeted_coverage.py" line="259" time="0.004" /><testcase classname="tests.test_targeted_coverage" name="test_run_setup_scheduler_exception_handling" file="tests/test_targeted_coverage.py" line="277" time="0.004" /><testcase classname="tests.test_targeted_coverage" name="test_run_job_no_script" file="tests/test_targeted_coverage.py" line="289" time="0.014" /><testcase classname="tests.test_targeted_coverage" name="test_services_database_service_initialization" file="tests/test_targeted_coverage.py" line="304" time="0.004" /><testcase classname="tests.test_targeted_coverage" name="test_services_logging_service_initialization" file="tests/test_targeted_coverage.py" line="315" time="0.003" /><testcase classname="tests.test_targeted_coverage" name="test_services_health_service_initialization" file="tests/test_targeted_coverage.py" line="325" time="0.003" /><testcase classname="tests.test_targeted_coverage" name="test_services_metrics_service_initialization" file="tests/test_targeted_coverage.py" line="335" time="0.003" /><testcase classname="tests.test_targeted_coverage" name="test_services_get_all_services" file="tests/test_targeted_coverage.py" line="345" time="0.003" /><testcase classname="tests.test_targeted_coverage" name="test_lifecycle_context_data_methods" file="tests/test_targeted_coverage.py" line="369" time="0.003" /><testcase classname="tests.test_targeted_coverage" name="test_lifecycle_clear_context" file="tests/test_targeted_coverage.py" line="384" time="0.004" /><testcase classname="tests.test_targeted_coverage" name="test_backups_impl_error_handling" file="tests/test_targeted_coverage.py" line="401" time="0.004" /><testcase classname="tests.test_targeted_coverage" name="test_backups_impl_list_backups_with_pattern" file="tests/test_targeted_coverage.py" line="417" time="0.004" /><testcase classname="tests.test_targeted_coverage" name="test_container_singleton_persistence" file="tests/test_targeted_coverage.py" line="438" time="0.004" /><testcase classname="tests.test_targeted_coverage" name="test_event_post_init_none_timestamp" file="tests/test_targeted_coverage.py" line="465" time="0.003" /><testcase classname="tests.test_targeted_coverage" name="test_event_convenience_subscribe" file="tests/test_targeted_coverage.py" line="479" time="0.014" /><testcase classname="tests.test_targeted_coverage" name="test_event_convenience_subscribe_all" file="tests/test_targeted_coverage.py" line="500" time="0.014" /><testcase classname="tests.test_targeted_coverage" name="test_event_convenience_publish" file="tests/test_targeted_coverage.py" line="523" time="0.014" /><testcase classname="tests.test_targeted_coverage" name="test_event_unsubscribe_all" file="tests/test_targeted_coverage.py" line="549" time="0.024" /><testcase classname="tests.test_targeted_coverage" name="test_backups_delegation_restore" file="tests/test_targeted_coverage.py" line="581" time="0.004" /><testcase classname="tests.test_targeted_coverage" name="test_backups_delegation_get_backup_info" file="tests/test_targeted_coverage.py" line="600" time="0.004" /><testcase classname="tests.test_targeted_coverage" name="test_backups_delegation_validate_backup_file" file="tests/test_targeted_coverage.py" line="611" time="0.004" /><testcase classname="tests.test_targeted_coverage" name="test_backups_delegation_get_backup_size" file="tests/test_targeted_coverage.py" line="628" time="0.003" /><testcase classname="tests.test_targeted_coverage" name="test_backups_delegation_cleanup_temp_files" file="tests/test_targeted_coverage.py" line="638" time="0.003" /><testcase classname="tests.test_targeted_coverage" name="test_backups_delegation_get_default_backup_config" file="tests/test_targeted_coverage.py" line="651" time="0.004" /><testcase classname="tests.test_targeted_coverage" name="test_backups_delegation_merge_backup_configs" file="tests/test_targeted_coverage.py" line="662" time="0.003" /><testcase classname="tests.test_targeted_coverage" name="test_backups_delegation_list_backups" file="tests/test_targeted_coverage.py" line="673" time="0.004" /><testcase classname="tests.test_targeted_coverage" name="test_backups_delegation_prune_backups" file="tests/test_targeted_coverage.py" line="687" time="0.004" /><testcase classname="tests.test_targeted_coverage" name="test_run_load_config_called" file="tests/test_targeted_coverage.py" line="704" time="0.004" /><testcase classname="tests.test_targeted_coverage" name="test_run_setup_scheduler_no_schedule" file="tests/test_targeted_coverage.py" line="712" time="0.003" /><testcase classname="tests.test_targeted_coverage" name="test_run_job_no_script_configured" file="tests/test_targeted_coverage.py" line="725" time="0.004" /><testcase classname="tests.test_targeted_coverage" name="test_run_job_exception_in_env_get" file="tests/test_targeted_coverage.py" line="747" time="0.004" /><testcase classname="tests.test_targeted_coverage" name="test_run_job_exception_in_globals_get" file="tests/test_targeted_coverage.py" line="760" time="0.003"><skipped type="pytest.skip" message="Cannot patch module __dict__ in Python 3.12+">/home/jeremy/Server/Projects/researcharr/tests/test_targeted_coverage.py:768: Cannot patch module __dict__ in Python 3.12+</skipped></testcase><testcase classname="tests.test_targeted_coverage" name="test_run_main_once_true" file="tests/test_targeted_coverage.py" line="781" time="0.005" /><testcase classname="tests.test_targeted_coverage" name="test_run_main_once_false" file="tests/test_targeted_coverage.py" line="792" time="0.004" /><testcase classname="tests.test_targeted_coverage" name="test_run_job_timeout_branch" file="tests/test_targeted_coverage.py" line="803" time="0.004" /><testcase classname="tests.test_webui_consolidated.TestWebUIConsolidated" name="test_rendered_template_links_extended" file="tests/test_webui_consolidated.py" line="221" time="0.054" /><testcase classname="tests.test_webui_consolidated.TestWebUIConsolidated" name="test_reset_password_functionality" file="tests/test_webui_consolidated.py" line="98" time="0.045" /><testcase classname="tests.test_webui_consolidated.TestWebUIConsolidated" name="test_setup_page_functionality" file="tests/test_webui_consolidated.py" line="72" time="0.031" /><testcase classname="tests.test_webui_consolidated.TestWebUIConsolidated" name="test_sse_stream_behavior" file="tests/test_webui_consolidated.py" line="146" time="0.032" /><testcase classname="tests.test_webui_consolidated.TestWebUIConsolidated" name="test_system_pages_rendering" file="tests/test_webui_consolidated.py" line="124" time="0.051" /><testcase classname="tests.test_webui_consolidated.TestWebUIConsolidated" name="test_template_error_handling" file="tests/test_webui_consolidated.py" line="198" time="0.030" /><testcase classname="tests.test_webui_consolidated.TestWebUIConsolidated" name="test_template_links_rendering" file="tests/test_webui_consolidated.py" line="49" time="0.055" /><testcase classname="tests.test_webui_consolidated.TestWebUIConsolidated" name="test_updates_functionality" file="tests/test_webui_consolidated.py" line="175" time="0.047" /><testcase classname="tests.test_webui_consolidated.TestWebUIConsolidated" name="test_webui_health_metrics" file="tests/test_webui_consolidated.py" line="30" time="0.030" /><testcase classname="tests.test_webui_consolidated.TestWebUIConsolidated" name="test_webui_module_import" file="tests/test_webui_consolidated.py" line="20" time="0.004" /><testcase classname="tests.test_webui_consolidated.TestPluginTemplatesConsolidated" name="test_plugin_actions_ui" file="tests/test_webui_consolidated.py" line="319" time="0.030" /><testcase classname="tests.test_webui_consolidated.TestPluginTemplatesConsolidated" name="test_plugin_blueprints_registration" file="tests/test_webui_consolidated.py" line="265" time="0.028" /><testcase classname="tests.test_webui_consolidated.TestPluginTemplatesConsolidated" name="test_plugin_discovery_ui" file="tests/test_webui_consolidated.py" line="300" time="0.030" /><testcase classname="tests.test_webui_consolidated.TestPluginTemplatesConsolidated" name="test_plugin_instances_actions_ui" file="tests/test_webui_consolidated.py" line="340" time="0.032" /><testcase classname="tests.test_webui_consolidated.TestPluginTemplatesConsolidated" name="test_plugin_templates_rendering" file="tests/test_webui_consolidated.py" line="281" time="0.054" /><testcase classname="tests.test_webui_helpers" name="test_env_bool_truthy_and_falsey" file="tests/test_webui_helpers.py" line="7" time="0.004" /><testcase classname="tests.test_webui_helpers" name="test_load_user_config_no_db" file="tests/test_webui_helpers.py" line="17" time="0.004" /><testcase classname="tests.test_webui_helpers" name="test_load_user_config_with_db" file="tests/test_webui_helpers.py" line="34" time="0.004" /><testcase classname="tests.test_webui_helpers" name="test_save_user_config_raises_without_db" file="tests/test_webui_helpers.py" line="44" time="0.004" /><testcase classname="tests.test_webui_helpers" name="test_save_user_config_hashing_and_delegate" file="tests/test_webui_helpers.py" line="58" time="0.085" /><testcase classname="tests.test_webui_shim" name="test_webui_import" file="tests/test_webui_shim.py" line="35" time="0.005" /><testcase classname="tests.test_webui_shim" name="test_webui_exports_user_config_path" file="tests/test_webui_shim.py" line="42" time="0.004" /><testcase classname="tests.test_webui_shim" name="test_webui_exports_env_bool" file="tests/test_webui_shim.py" line="49" time="0.004" /><testcase classname="tests.test_webui_shim" name="test_webui_exports_load_user_config" file="tests/test_webui_shim.py" line="56" time="0.005" /><testcase classname="tests.test_webui_shim" name="test_webui_exports_save_user_config" file="tests/test_webui_shim.py" line="63" time="0.004" /><testcase classname="tests.test_webui_shim" name="test_webui_all_exports" file="tests/test_webui_shim.py" line="70" time="0.004" /><testcase classname="tests.test_webui_shim" name="test_webui_with_mock_impl" file="tests/test_webui_shim.py" line="85" time="0.006" /><testcase classname="tests.test_webui_shim" name="test_webui_import_failure_fallback" file="tests/test_webui_shim.py" line="106" time="0.007" /><testcase classname="tests.test_webui_shim" name="test_webui_fallback_no_spec" file="tests/test_webui_shim.py" line="133" time="0.005" /><testcase classname="tests.test_webui_shim" name="test_webui_fallback_no_loader" file="tests/test_webui_shim.py" line="154" time="0.005" /><testcase classname="tests.test_webui_shim" name="test_webui_partial_exports" file="tests/test_webui_shim.py" line="176" time="0.005" /><testcase classname="tests.test_webui_shim" name="test_webui_user_config_path" file="tests/test_webui_shim.py" line="209" time="0.005" /><testcase classname="tests.test_webui_shim" name="test_webui_env_bool_function" file="tests/test_webui_shim.py" line="221" time="0.005" /><testcase classname="tests.test_webui_shim" name="test_webui_load_user_config_function" file="tests/test_webui_shim.py" line="231" time="0.005" /><testcase classname="tests.test_webui_shim" name="test_webui_save_user_config_function" file="tests/test_webui_shim.py" line="241" time="0.005" /><testcase classname="tests.test_webui_shim" name="test_webui_fallback_exception" file="tests/test_webui_shim.py" line="251" time="0.005" /><testcase classname="tests.test_webui_shim" name="test_webui_repo_root_calculation" file="tests/test_webui_shim.py" line="273" time="0.005" /><testcase classname="tests.test_webui_shim" name="test_webui_getattr_exception_handling" file="tests/test_webui_shim.py" line="288" time="0.016" /></testsuite></testsuites>
