<?xml version="1.0" encoding="utf-8"?><testsuites name="pytest tests"><testsuite name="pytest" errors="0" failures="2" skipped="20" tests="1053" time="18.432" timestamp="2025-11-08T10:03:40.598858-05:00" hostname="mediacenter"><testcase classname="tests.test_api_consolidated.TestAPIConsolidated" name="test_api_authentication" file="tests/test_api_consolidated.py" line="188" time="0.038" /><testcase classname="tests.test_api_consolidated.TestAPIConsolidated" name="test_api_blueprint_registration" file="tests/test_api_consolidated.py" line="20" time="0.029" /><testcase classname="tests.test_api_consolidated.TestAPIConsolidated" name="test_api_cors_headers" file="tests/test_api_consolidated.py" line="237" time="0.028" /><testcase classname="tests.test_api_consolidated.TestAPIConsolidated" name="test_api_data_validation" file="tests/test_api_consolidated.py" line="315" time="0.029" /><testcase classname="tests.test_api_consolidated.TestAPIConsolidated" name="test_api_docs_endpoint" file="tests/test_api_consolidated.py" line="38" time="0.030" /><testcase classname="tests.test_api_consolidated.TestAPIConsolidated" name="test_api_error_handling" file="tests/test_api_consolidated.py" line="212" time="0.030" /><testcase classname="tests.test_api_consolidated.TestAPIConsolidated" name="test_api_logs_endpoint" file="tests/test_api_consolidated.py" line="58" time="0.031" /><testcase classname="tests.test_api_consolidated.TestAPIConsolidated" name="test_api_pagination" file="tests/test_api_consolidated.py" line="285" time="0.033" /><testcase classname="tests.test_api_consolidated.TestAPIConsolidated" name="test_api_rate_limiting" file="tests/test_api_consolidated.py" line="259" time="0.034" /><testcase classname="tests.test_api_consolidated.TestAPIConsolidated" name="test_api_tasks_endpoint" file="tests/test_api_consolidated.py" line="81" time="0.029" /><testcase classname="tests.test_api_consolidated.TestAPIConsolidated" name="test_api_version_endpoint" file="tests/test_api_consolidated.py" line="106" time="0.028" /><testcase classname="tests.test_api_consolidated.TestAPIConsolidated" name="test_plugin_instances_api" file="tests/test_api_consolidated.py" line="161" time="0.029" /><testcase classname="tests.test_api_consolidated.TestAPIConsolidated" name="test_plugins_api_endpoints" file="tests/test_api_consolidated.py" line="130" time="0.030" /><testcase classname="tests.test_api_endpoints" name="test_health_and_metrics" file="tests/test_api_endpoints.py" line="56" time="0.008" /><testcase classname="tests.test_api_endpoints" name="test_openapi_and_docs_require_key" file="tests/test_api_endpoints.py" line="69" time="0.145" /><testcase classname="tests.test_api_endpoints" name="test_plugins_and_validation_and_sync_and_notifications" file="tests/test_api_endpoints.py" line="90" time="0.504" /><testcase classname="tests.test_api_endpoints" name="test_plugin_not_found_and_invalid_index" file="tests/test_api_endpoints.py" line="135" time="0.208" /><testcase classname="tests.test_application_coverage" name="test_core_application_factory_initialization" file="tests/test_application_coverage.py" line="8" time="0.002" /><testcase classname="tests.test_application_coverage" name="test_register_core_services" file="tests/test_application_coverage.py" line="20" time="0.003" /><testcase classname="tests.test_application_coverage" name="test_setup_configuration_default" file="tests/test_application_coverage.py" line="34" time="0.002" /><testcase classname="tests.test_application_coverage" name="test_setup_configuration_custom_dir" file="tests/test_application_coverage.py" line="47" time="0.003" /><testcase classname="tests.test_application_coverage" name="test_setup_configuration_with_yaml_file" file="tests/test_application_coverage.py" line="59" time="0.002" /><testcase classname="tests.test_application_coverage" name="test_setup_configuration_missing_yaml" file="tests/test_application_coverage.py" line="76" time="0.002" /><testcase classname="tests.test_application_coverage" name="test_setup_configuration_invalid_yaml" file="tests/test_application_coverage.py" line="90" time="0.002" /><testcase classname="tests.test_application_coverage" name="test_setup_configuration_environment_overrides" file="tests/test_application_coverage.py" line="106" time="0.003" /><testcase classname="tests.test_application_coverage" name="test_setup_logging_service" file="tests/test_application_coverage.py" line="127" time="0.002" /><testcase classname="tests.test_application_coverage" name="test_setup_database_service" file="tests/test_application_coverage.py" line="139" time="0.002" /><testcase classname="tests.test_application_coverage" name="test_setup_health_service" file="tests/test_application_coverage.py" line="151" time="0.002" /><testcase classname="tests.test_application_coverage" name="test_setup_metrics_service" file="tests/test_application_coverage.py" line="163" time="0.002" /><testcase classname="tests.test_application_coverage" name="test_event_bus_registration" file="tests/test_application_coverage.py" line="175" time="0.002" /><testcase classname="tests.test_application_coverage" name="test_lifecycle_registration" file="tests/test_application_coverage.py" line="187" time="0.002" /><testcase classname="tests.test_application_coverage" name="test_config_manager_registration" file="tests/test_application_coverage.py" line="199" time="0.002" /><testcase classname="tests.test_application_coverage" name="test_service_registration_event" file="tests/test_application_coverage.py" line="211" time="0.002" /><testcase classname="tests.test_application_coverage" name="test_default_config_values" file="tests/test_application_coverage.py" line="226" time="0.002" /><testcase classname="tests.test_application_coverage" name="test_backups_config_defaults" file="tests/test_application_coverage.py" line="238" time="0.002" /><testcase classname="tests.test_application_coverage" name="test_user_config_defaults" file="tests/test_application_coverage.py" line="250" time="0.002" /><testcase classname="tests.test_application_coverage" name="test_setup_configuration_priority" file="tests/test_application_coverage.py" line="261" time="0.002" /><testcase classname="tests.test_application_coverage" name="test_create_flask_app" file="tests/test_application_coverage.py" line="275" time="0.002" /><testcase classname="tests.test_application_coverage" name="test_config_manager_source_addition" file="tests/test_application_coverage.py" line="285" time="0.006" /><testcase classname="tests.test_application_coverage" name="test_configuration_with_env_loglevel" file="tests/test_application_coverage.py" line="298" time="0.003" /><testcase classname="tests.test_application_coverage" name="test_configuration_file_path_building" file="tests/test_application_coverage.py" line="315" time="0.002" /><testcase classname="tests.test_application_coverage" name="test_setup_configuration_returns_merged_config" file="tests/test_application_coverage.py" line="330" time="0.002" /><testcase classname="tests.test_application_coverage" name="test_factory_initialization_order" file="tests/test_application_coverage.py" line="344" time="0.002" /><testcase classname="tests.test_application_coverage" name="test_setup_with_read_only_config_dir" file="tests/test_application_coverage.py" line="358" time="0.002" /><testcase classname="tests.test_application_coverage" name="test_yaml_config_loading" file="tests/test_application_coverage.py" line="370" time="0.003" /><testcase classname="tests.test_application_coverage" name="test_configuration_merge_with_env" file="tests/test_application_coverage.py" line="391" time="0.003" /><testcase classname="tests.test_application_coverage" name="test_service_registration_order" file="tests/test_application_coverage.py" line="413" time="0.002" /><testcase classname="tests.test_application_coverage" name="test_config_with_database_url" file="tests/test_application_coverage.py" line="435" time="0.002" /><testcase classname="tests.test_application_coverage" name="test_scheduling_config" file="tests/test_application_coverage.py" line="446" time="0.002" /><testcase classname="tests.test_async_pipeline" name="test_pipeline_basic" file="tests/test_async_pipeline.py" line="34" time="0.004" /><testcase classname="tests.test_async_pipeline" name="test_pipeline_retry" file="tests/test_async_pipeline.py" line="49" time="0.105" /><testcase classname="tests.test_async_pipeline_backpressure" name="test_reject_policy_raises" file="tests/test_async_pipeline_backpressure.py" line="7" time="0.003" /><testcase classname="tests.test_async_pipeline_backpressure" name="test_drop_oldest_replaces_item" file="tests/test_async_pipeline_backpressure.py" line="33" time="0.002" /><testcase classname="tests.test_async_pipeline_backpressure" name="test_drop_newest_calls_handler_and_records_dead_letter" file="tests/test_async_pipeline_backpressure.py" line="60" time="0.002" /><testcase classname="tests.test_async_pipeline_config" name="test_pipeline_serialize_roundtrip" file="tests/test_async_pipeline_config.py" line="6" time="0.003" /><testcase classname="tests.test_async_pipeline_context_run" name="test_async_context_manager_and_run_helper" file="tests/test_async_pipeline_context_run.py" line="5" time="0.003" /><testcase classname="tests.test_async_pipeline_env" name="test_expand_env_vars_and_defaults" file="tests/test_async_pipeline_env.py" line="5" time="0.002" /><testcase classname="tests.test_async_pipeline_env" name="test_expand_env_with_default" file="tests/test_async_pipeline_env.py" line="25" time="0.002" /><testcase classname="tests.test_async_pipeline_env" name="test_explicit_schema_param_is_used" file="tests/test_async_pipeline_env.py" line="44" time="0.048" /><testcase classname="tests.test_async_pipeline_env" name="test_explicit_schema_param_invalid_raises" file="tests/test_async_pipeline_env.py" line="60" time="0.003" /><testcase classname="tests.test_async_pipeline_lifecycle" name="test_lifecycle" file="tests/test_async_pipeline_lifecycle.py" line="37" time="0.003" /><testcase classname="tests.test_async_pipeline_monitoring" name="test_metrics_export_and_dead_letter_recording" file="tests/test_async_pipeline_monitoring.py" line="19" time="0.003" /><testcase classname="tests.test_async_pipeline_progress" name="test_progress_and_status" file="tests/test_async_pipeline_progress.py" line="15" time="0.003" /><testcase classname="tests.test_async_pipeline_prometheus" name="test_prometheus_exporter_records_metrics" file="tests/test_async_pipeline_prometheus.py" line="9" time="0.004" /><testcase classname="tests.test_async_pipeline_registry_dlq" name="test_handler_registry_and_serialization" file="tests/test_async_pipeline_registry_dlq.py" line="9" time="0.003" /><testcase classname="tests.test_async_pipeline_registry_dlq" name="test_dead_letter_and_drain" file="tests/test_async_pipeline_registry_dlq.py" line="39" time="0.004" /><testcase classname="tests.test_async_pipeline_template" name="test_template_dict_substitution_and_from_dict_roundtrip" file="tests/test_async_pipeline_template.py" line="7" time="0.002" /><testcase classname="tests.test_async_pipeline_template" name="test_template_file_loads_json_and_runs" file="tests/test_async_pipeline_template.py" line="26" time="0.003" /><testcase classname="tests.test_async_pipeline_template_yaml" name="test_load_yaml_template_and_validate" file="tests/test_async_pipeline_template_yaml.py" line="8" time="0.007" /><testcase classname="tests.test_async_pipeline_template_yaml2" name="test_load_yaml_template_and_validate" file="tests/test_async_pipeline_template_yaml2.py" line="8" time="0.006" /><testcase classname="tests.test_backups" name="test_create_and_list_backup" file="tests/test_backups.py" line="11" time="0.005" /><testcase classname="tests.test_backups" name="test_prune_backups_by_count" file="tests/test_backups.py" line="34" time="0.003" /><testcase classname="tests.test_backups_batch1" name="test_create_backup_empty_prefix_behaviour" file="tests/test_backups_batch1.py" line="6" time="0.003" /><testcase classname="tests.test_backups_batch1" name="test_create_backup_with_prefix_and_db_snapshot" file="tests/test_backups_batch1.py" line="22" time="0.004" /><testcase classname="tests.test_backups_batch1" name="test_prune_backups_count_and_days" file="tests/test_backups_batch1.py" line="44" time="0.004" /><testcase classname="tests.test_backups_batch1" name="test_get_list_info_size_and_validate" file="tests/test_backups_batch1.py" line="78" time="0.003" /><testcase classname="tests.test_backups_batch1" name="test_restore_backup_and_cleanup" file="tests/test_backups_batch1.py" line="103" time="0.003" /><testcase classname="tests.test_backups_batch1" name="test_cleanup_and_merge_and_defaults" file="tests/test_backups_batch1.py" line="128" time="0.002" /><testcase classname="tests.test_backups_comprehensive.TestBackupsModule" name="test_create_backup_file_basic" file="tests/test_backups_comprehensive.py" line="14" time="0.003" /><testcase classname="tests.test_backups_comprehensive.TestBackupsModule" name="test_create_backup_file_with_prefix" file="tests/test_backups_comprehensive.py" line="34" time="0.003" /><testcase classname="tests.test_backups_comprehensive.TestBackupsModule" name="test_create_backup_file_empty_directory" file="tests/test_backups_comprehensive.py" line="46" time="0.003" /><testcase classname="tests.test_backups_comprehensive.TestBackupsModule" name="test_create_backup_file_invalid_paths" file="tests/test_backups_comprehensive.py" line="59" time="0.003" /><testcase classname="tests.test_backups_comprehensive.TestBackupsModule" name="test_create_backup_file_with_subdirectories" file="tests/test_backups_comprehensive.py" line="71" time="0.003" /><testcase classname="tests.test_backups_comprehensive.TestBackupsModule" name="test_prune_backups_by_count" file="tests/test_backups_comprehensive.py" line="95" time="0.003" /><testcase classname="tests.test_backups_comprehensive.TestBackupsModule" name="test_prune_backups_by_age" file="tests/test_backups_comprehensive.py" line="112" time="0.003" /><testcase classname="tests.test_backups_comprehensive.TestBackupsModule" name="test_prune_backups_no_config" file="tests/test_backups_comprehensive.py" line="142" time="0.002" /><testcase classname="tests.test_backups_comprehensive.TestBackupsModule" name="test_prune_backups_invalid_directory" file="tests/test_backups_comprehensive.py" line="157" time="0.002" /><testcase classname="tests.test_backups_comprehensive.TestBackupsModule" name="test_prune_backups_mixed_files" file="tests/test_backups_comprehensive.py" line="163" time="0.002" /><testcase classname="tests.test_backups_comprehensive.TestBackupsModule" name="test_get_backup_info" file="tests/test_backups_comprehensive.py" line="187" time="0.000"><skipped type="pytest.skip" message="get_backup_info function not implemented">/home/jeremy/Server/Projects/researcharr/tests/test_backups_comprehensive.py:188: get_backup_info function not implemented</skipped></testcase><testcase classname="tests.test_backups_comprehensive.TestBackupsModule" name="test_get_backup_info_invalid_file" file="tests/test_backups_comprehensive.py" line="206" time="0.000"><skipped type="pytest.skip" message="get_backup_info function not implemented">/home/jeremy/Server/Projects/researcharr/tests/test_backups_comprehensive.py:207: get_backup_info function not implemented</skipped></testcase><testcase classname="tests.test_backups_comprehensive.TestBackupsModule" name="test_get_backup_info_invalid_zip" file="tests/test_backups_comprehensive.py" line="212" time="0.000"><skipped type="pytest.skip" message="get_backup_info function not implemented">/home/jeremy/Server/Projects/researcharr/tests/test_backups_comprehensive.py:213: get_backup_info function not implemented</skipped></testcase><testcase classname="tests.test_backups_comprehensive.TestBackupsModule" name="test_list_backups" file="tests/test_backups_comprehensive.py" line="226" time="0.000"><skipped type="pytest.skip" message="list_backups function not implemented">/home/jeremy/Server/Projects/researcharr/tests/test_backups_comprehensive.py:227: list_backups function not implemented</skipped></testcase><testcase classname="tests.test_backups_comprehensive.TestBackupsModule" name="test_list_backups_empty_directory" file="tests/test_backups_comprehensive.py" line="249" time="0.000"><skipped type="pytest.skip" message="list_backups function not implemented">/home/jeremy/Server/Projects/researcharr/tests/test_backups_comprehensive.py:250: list_backups function not implemented</skipped></testcase><testcase classname="tests.test_backups_comprehensive.TestBackupsModule" name="test_list_backups_invalid_directory" file="tests/test_backups_comprehensive.py" line="256" time="0.000"><skipped type="pytest.skip" message="list_backups function not implemented">/home/jeremy/Server/Projects/researcharr/tests/test_backups_comprehensive.py:257: list_backups function not implemented</skipped></testcase><testcase classname="tests.test_backups_comprehensive.TestBackupsModule" name="test_restore_backup" file="tests/test_backups_comprehensive.py" line="262" time="0.000"><skipped type="pytest.skip" message="restore_backup function not implemented">/home/jeremy/Server/Projects/researcharr/tests/test_backups_comprehensive.py:263: restore_backup function not implemented</skipped></testcase><testcase classname="tests.test_backups_comprehensive.TestBackupsModule" name="test_restore_backup_invalid_file" file="tests/test_backups_comprehensive.py" line="300" time="0.000"><skipped type="pytest.skip" message="restore_backup function not implemented">/home/jeremy/Server/Projects/researcharr/tests/test_backups_comprehensive.py:301: restore_backup function not implemented</skipped></testcase><testcase classname="tests.test_backups_comprehensive.TestBackupsModule" name="test_restore_backup_invalid_destination" file="tests/test_backups_comprehensive.py" line="307" time="0.000"><skipped type="pytest.skip" message="restore_backup function not implemented">/home/jeremy/Server/Projects/researcharr/tests/test_backups_comprehensive.py:308: restore_backup function not implemented</skipped></testcase><testcase classname="tests.test_backups_comprehensive.TestBackupsModule" name="test_validate_backup_file" file="tests/test_backups_comprehensive.py" line="318" time="0.000"><skipped type="pytest.skip" message="validate_backup_file function not implemented">/home/jeremy/Server/Projects/researcharr/tests/test_backups_comprehensive.py:319: validate_backup_file function not implemented</skipped></testcase><testcase classname="tests.test_backups_comprehensive.TestBackupsModule" name="test_validate_backup_file_invalid" file="tests/test_backups_comprehensive.py" line="330" time="0.000"><skipped type="pytest.skip" message="validate_backup_file function not implemented">/home/jeremy/Server/Projects/researcharr/tests/test_backups_comprehensive.py:331: validate_backup_file function not implemented</skipped></testcase><testcase classname="tests.test_backups_comprehensive.TestBackupsModule" name="test_get_backup_size" file="tests/test_backups_comprehensive.py" line="349" time="0.000"><skipped type="pytest.skip" message="get_backup_size function not implemented">/home/jeremy/Server/Projects/researcharr/tests/test_backups_comprehensive.py:350: get_backup_size function not implemented</skipped></testcase><testcase classname="tests.test_backups_comprehensive.TestBackupsModule" name="test_get_backup_size_invalid_file" file="tests/test_backups_comprehensive.py" line="361" time="0.000"><skipped type="pytest.skip" message="get_backup_size function not implemented">/home/jeremy/Server/Projects/researcharr/tests/test_backups_comprehensive.py:362: get_backup_size function not implemented</skipped></testcase><testcase classname="tests.test_backups_comprehensive.TestBackupsModule" name="test_cleanup_temp_files" file="tests/test_backups_comprehensive.py" line="367" time="0.000"><skipped type="pytest.skip" message="cleanup_temp_files function not implemented">/home/jeremy/Server/Projects/researcharr/tests/test_backups_comprehensive.py:368: cleanup_temp_files function not implemented</skipped></testcase><testcase classname="tests.test_backups_comprehensive.TestBackupsModule" name="test_get_default_backup_config" file="tests/test_backups_comprehensive.py" line="387" time="0.000"><skipped type="pytest.skip" message="get_default_backup_config function not implemented">/home/jeremy/Server/Projects/researcharr/tests/test_backups_comprehensive.py:388: get_default_backup_config function not implemented</skipped></testcase><testcase classname="tests.test_backups_comprehensive.TestBackupsModule" name="test_merge_backup_configs" file="tests/test_backups_comprehensive.py" line="398" time="0.000"><skipped type="pytest.skip" message="merge_backup_configs function not implemented">/home/jeremy/Server/Projects/researcharr/tests/test_backups_comprehensive.py:399: merge_backup_configs function not implemented</skipped></testcase><testcase classname="tests.test_backups_coverage_boost.TestBackupCreation" name="test_create_backup_with_prefix" file="tests/test_backups_coverage_boost.py" line="40" time="0.004" /><testcase classname="tests.test_backups_coverage_boost.TestBackupCreation" name="test_create_backup_without_prefix" file="tests/test_backups_coverage_boost.py" line="55" time="0.004" /><testcase classname="tests.test_backups_coverage_boost.TestBackupCreation" name="test_create_backup_nonexistent_backups_dir" file="tests/test_backups_coverage_boost.py" line="68" time="0.004" /><testcase classname="tests.test_backups_coverage_boost.TestBackupCreation" name="test_create_backup_includes_db_in_db_folder" file="tests/test_backups_coverage_boost.py" line="82" time="0.004" /><testcase classname="tests.test_backups_coverage_boost.TestBackupCreation" name="test_create_backup_includes_metadata" file="tests/test_backups_coverage_boost.py" line="97" time="0.004" /><testcase classname="tests.test_backups_coverage_boost.TestBackupCreation" name="test_create_backup_empty_config_root" file="tests/test_backups_coverage_boost.py" line="112" time="0.003" /><testcase classname="tests.test_backups_coverage_boost.TestBackupCreation" name="test_create_backup_nonexistent_config_root" file="tests/test_backups_coverage_boost.py" line="130" time="0.003" /><testcase classname="tests.test_backups_coverage_boost.TestBackupCreation" name="test_create_backup_invalid_backups_dir_permissions" file="tests/test_backups_coverage_boost.py" line="146" time="0.003" /><testcase classname="tests.test_backups_coverage_boost.TestBackupCreation" name="test_create_backup_includes_nested_files" file="tests/test_backups_coverage_boost.py" line="162" time="0.004" /><testcase classname="tests.test_backups_coverage_boost.TestBackupPruning" name="test_prune_by_retain_count" file="tests/test_backups_coverage_boost.py" line="181" time="0.059" /><testcase classname="tests.test_backups_coverage_boost.TestBackupPruning" name="test_prune_by_retain_days" file="tests/test_backups_coverage_boost.py" line="200" time="0.004" /><testcase classname="tests.test_backups_coverage_boost.TestBackupPruning" name="test_prune_keeps_pre_restore_backups" file="tests/test_backups_coverage_boost.py" line="220" time="0.005" /><testcase classname="tests.test_backups_coverage_boost.TestBackupPruning" name="test_prune_with_empty_config" file="tests/test_backups_coverage_boost.py" line="248" time="0.004" /><testcase classname="tests.test_backups_coverage_boost.TestBackupPruning" name="test_prune_with_none_config" file="tests/test_backups_coverage_boost.py" line="263" time="0.004" /><testcase classname="tests.test_backups_coverage_boost.TestBackupPruning" name="test_prune_nonexistent_directory" file="tests/test_backups_coverage_boost.py" line="278" time="0.002" /><testcase classname="tests.test_backups_coverage_boost.TestBackupPruning" name="test_prune_with_legacy_retention_count_key" file="tests/test_backups_coverage_boost.py" line="285" time="0.037" /><testcase classname="tests.test_backups_coverage_boost.TestBackupPruning" name="test_prune_ignores_non_zip_files" file="tests/test_backups_coverage_boost.py" line="304" time="0.037" /><testcase classname="tests.test_backups_coverage_boost.TestBackupListing" name="test_list_backups_includes_metadata" file="tests/test_backups_coverage_boost.py" line="331" time="0.004" /><testcase classname="tests.test_backups_coverage_boost.TestBackupListing" name="test_list_backups_includes_files_list" file="tests/test_backups_coverage_boost.py" line="348" time="0.004" /><testcase classname="tests.test_backups_coverage_boost.TestBackupListing" name="test_list_backups_sorted_by_name_reverse" file="tests/test_backups_coverage_boost.py" line="363" time="0.037" /><testcase classname="tests.test_backups_coverage_boost.TestBackupListing" name="test_list_backups_empty_directory" file="tests/test_backups_coverage_boost.py" line="383" time="0.003" /><testcase classname="tests.test_backups_coverage_boost.TestBackupListing" name="test_list_backups_nonexistent_directory" file="tests/test_backups_coverage_boost.py" line="390" time="0.003" /><testcase classname="tests.test_backups_coverage_boost.TestBackupListing" name="test_list_backups_with_pattern" file="tests/test_backups_coverage_boost.py" line="397" time="0.005" /><testcase classname="tests.test_backups_coverage_boost.TestBackupListing" name="test_list_backups_ignores_non_zip_files" file="tests/test_backups_coverage_boost.py" line="417" time="0.004" /><testcase classname="tests.test_backups_coverage_boost.TestBackupRestore" name="test_restore_backup_success" file="tests/test_backups_coverage_boost.py" line="438" time="0.004" /><testcase classname="tests.test_backups_coverage_boost.TestBackupRestore" name="test_restore_backup_nonexistent_file" file="tests/test_backups_coverage_boost.py" line="457" time="0.003" /><testcase classname="tests.test_backups_coverage_boost.TestBackupRestore" name="test_restore_backup_nonexistent_dest_raises" file="tests/test_backups_coverage_boost.py" line="468" time="0.004" /><testcase classname="tests.test_backups_coverage_boost.TestBackupRestore" name="test_restore_backup_invalid_zip_raises" file="tests/test_backups_coverage_boost.py" line="480" time="0.003" /><testcase classname="tests.test_backups_coverage_boost.TestBackupRestore" name="test_restore_backup_extracts_files_correctly" file="tests/test_backups_coverage_boost.py" line="494" time="0.004" /><testcase classname="tests.test_backups_coverage_boost.TestBackupValidation" name="test_validate_backup_valid_zip" file="tests/test_backups_coverage_boost.py" line="517" time="0.004" /><testcase classname="tests.test_backups_coverage_boost.TestBackupValidation" name="test_validate_backup_invalid_zip" file="tests/test_backups_coverage_boost.py" line="531" time="0.003" /><testcase classname="tests.test_backups_coverage_boost.TestBackupValidation" name="test_validate_backup_nonexistent_file" file="tests/test_backups_coverage_boost.py" line="540" time="0.002" /><testcase classname="tests.test_backups_coverage_boost.TestBackupValidation" name="test_validate_backup_with_string_path" file="tests/test_backups_coverage_boost.py" line="546" time="0.004" /><testcase classname="tests.test_backups_coverage_boost.TestBackupSize" name="test_get_backup_size_returns_bytes" file="tests/test_backups_coverage_boost.py" line="564" time="0.004" /><testcase classname="tests.test_backups_coverage_boost.TestBackupSize" name="test_get_backup_size_nonexistent_file" file="tests/test_backups_coverage_boost.py" line="581" time="0.002" /><testcase classname="tests.test_backups_coverage_boost.TestBackupSize" name="test_get_backup_size_with_string_path" file="tests/test_backups_coverage_boost.py" line="588" time="0.004" /><testcase classname="tests.test_backups_coverage_boost.TestBackupCleanup" name="test_cleanup_removes_files_in_directory" file="tests/test_backups_coverage_boost.py" line="607" time="0.003" /><testcase classname="tests.test_backups_coverage_boost.TestBackupCleanup" name="test_cleanup_removes_subdirectories" file="tests/test_backups_coverage_boost.py" line="623" time="0.003" /><testcase classname="tests.test_backups_coverage_boost.TestBackupCleanup" name="test_cleanup_with_none_path" file="tests/test_backups_coverage_boost.py" line="640" time="0.002" /><testcase classname="tests.test_backups_coverage_boost.TestBackupCleanup" name="test_cleanup_nonexistent_directory" file="tests/test_backups_coverage_boost.py" line="647" time="0.002" /><testcase classname="tests.test_backups_coverage_boost.TestBackupCleanup" name="test_cleanup_with_permission_errors" file="tests/test_backups_coverage_boost.py" line="654" time="0.003" /><testcase classname="tests.test_backups_coverage_boost.TestBackupConfig" name="test_get_default_backup_config_returns_dict" file="tests/test_backups_coverage_boost.py" line="675" time="0.002" /><testcase classname="tests.test_backups_coverage_boost.TestBackupConfig" name="test_merge_backup_configs_combines_dicts" file="tests/test_backups_coverage_boost.py" line="687" time="0.002" /><testcase classname="tests.test_backups_coverage_boost.TestBackupConfig" name="test_merge_backup_configs_with_none_default" file="tests/test_backups_coverage_boost.py" line="700" time="0.002" /><testcase classname="tests.test_backups_coverage_boost.TestBackupConfig" name="test_merge_backup_configs_with_none_user" file="tests/test_backups_coverage_boost.py" line="709" time="0.004" /><testcase classname="tests.test_backups_coverage_boost.TestBackupConfig" name="test_merge_backup_configs_with_empty_dicts" file="tests/test_backups_coverage_boost.py" line="718" time="0.002" /><testcase classname="tests.test_backups_coverage_boost.TestBackupInfo" name="test_get_backup_info_returns_metadata" file="tests/test_backups_coverage_boost.py" line="729" time="0.004" /><testcase classname="tests.test_backups_coverage_boost.TestBackupInfo" name="test_get_backup_info_includes_files_list" file="tests/test_backups_coverage_boost.py" line="749" time="0.004" /><testcase classname="tests.test_backups_coverage_boost.TestBackupInfo" name="test_get_backup_info_nonexistent_file" file="tests/test_backups_coverage_boost.py" line="767" time="0.002" /><testcase classname="tests.test_backups_coverage_boost.TestBackupInfo" name="test_get_backup_info_invalid_zip" file="tests/test_backups_coverage_boost.py" line="774" time="0.003" /><testcase classname="tests.test_backups_edgecase_coverage.TestBackupPathBehavior" name="test_backuppath_creation_basic" file="tests/test_backups_edgecase_coverage.py" line="16" time="0.002" /><testcase classname="tests.test_backups_edgecase_coverage.TestBackupPathBehavior" name="test_backuppath_startswith_none" file="tests/test_backups_edgecase_coverage.py" line="24" time="0.002" /><testcase classname="tests.test_backups_edgecase_coverage.TestBackupPathBehavior" name="test_backuppath_startswith_path" file="tests/test_backups_edgecase_coverage.py" line="32" time="0.002" /><testcase classname="tests.test_backups_edgecase_coverage.TestBackupPathBehavior" name="test_backuppath_startswith_name" file="tests/test_backups_edgecase_coverage.py" line="40" time="0.002" /><testcase classname="tests.test_backups_edgecase_coverage.TestBackupPathBehavior" name="test_backuppath_startswith_windows_style" file="tests/test_backups_edgecase_coverage.py" line="48" time="0.002" /><testcase classname="tests.test_backups_edgecase_coverage.TestCreateBackupFileEdgeCases" name="test_import_fallback_triggered" file="tests/test_backups_edgecase_coverage.py" line="60" time="0.002" /><testcase classname="tests.test_backups_edgecase_coverage.TestCreateBackupFileEdgeCases" name="test_create_backup_none_result" file="tests/test_backups_edgecase_coverage.py" line="69" time="0.003" /><testcase classname="tests.test_backups_edgecase_coverage.TestCreateBackupFileEdgeCases" name="test_create_backup_with_valid_pathlib_result" file="tests/test_backups_edgecase_coverage.py" line="77" time="0.003" /><testcase classname="tests.test_backups_edgecase_coverage.TestDelegatedFunctions" name="test_all_delegated_functions_callable" file="tests/test_backups_edgecase_coverage.py" line="93" time="0.002" /><testcase classname="tests.test_backups_edgecase_coverage.TestDelegatedFunctions" name="test_delegated_function_calls_impl" file="tests/test_backups_edgecase_coverage.py" line="115" time="0.002" /><testcase classname="tests.test_backups_edgecase_coverage.TestBackupPathSpecialCases" name="test_backuppath_unicode_name" file="tests/test_backups_edgecase_coverage.py" line="131" time="0.002" /><testcase classname="tests.test_backups_edgecase_coverage.TestBackupPathSpecialCases" name="test_backuppath_empty_name" file="tests/test_backups_edgecase_coverage.py" line="139" time="0.002" /><testcase classname="tests.test_backups_edgecase_coverage.TestBackupPathSpecialCases" name="test_backuppath_special_chars_in_prefix" file="tests/test_backups_edgecase_coverage.py" line="148" time="0.002" /><testcase classname="tests.test_backups_impl" name="test_create_backup_basic" file="tests/test_backups_impl.py" line="33" time="0.003" /><testcase classname="tests.test_backups_impl" name="test_create_backup_with_prefix" file="tests/test_backups_impl.py" line="51" time="0.003" /><testcase classname="tests.test_backups_impl" name="test_create_backup_with_db_file" file="tests/test_backups_impl.py" line="65" time="0.003" /><testcase classname="tests.test_backups_impl" name="test_create_backup_empty_config_dir" file="tests/test_backups_impl.py" line="87" time="0.003" /><testcase classname="tests.test_backups_impl" name="test_create_backup_creates_backups_dir" file="tests/test_backups_impl.py" line="103" time="0.003" /><testcase classname="tests.test_backups_impl" name="test_create_backup_nested_files" file="tests/test_backups_impl.py" line="119" time="0.003" /><testcase classname="tests.test_backups_impl" name="test_create_backup_move_fallback" file="tests/test_backups_impl.py" line="143" time="0.004" /><testcase classname="tests.test_backups_impl" name="test_create_backup_returns_backup_path" file="tests/test_backups_impl.py" line="158" time="0.003" /><testcase classname="tests.test_backups_impl" name="test_create_backup_exception_handling" file="tests/test_backups_impl.py" line="172" time="0.002" /><testcase classname="tests.test_backups_impl" name="test_prune_backups_retain_count" file="tests/test_backups_impl.py" line="189" time="0.004" /><testcase classname="tests.test_backups_impl" name="test_prune_backups_retain_days" file="tests/test_backups_impl.py" line="211" time="0.003" /><testcase classname="tests.test_backups_impl" name="test_prune_backups_pre_restore_keep" file="tests/test_backups_impl.py" line="238" time="0.003" /><testcase classname="tests.test_backups_impl" name="test_prune_backups_no_config" file="tests/test_backups_impl.py" line="261" time="0.002" /><testcase classname="tests.test_backups_impl" name="test_prune_backups_empty_config" file="tests/test_backups_impl.py" line="280" time="0.003" /><testcase classname="tests.test_backups_impl" name="test_prune_backups_nonexistent_dir" file="tests/test_backups_impl.py" line="291" time="0.002" /><testcase classname="tests.test_backups_impl" name="test_prune_backups_only_zip_files" file="tests/test_backups_impl.py" line="300" time="0.003" /><testcase classname="tests.test_backups_impl" name="test_prune_backups_legacy_retention_count" file="tests/test_backups_impl.py" line="318" time="0.055" /><testcase classname="tests.test_backups_impl" name="test_list_backups_basic" file="tests/test_backups_impl.py" line="339" time="0.003" /><testcase classname="tests.test_backups_impl" name="test_list_backups_with_pattern" file="tests/test_backups_impl.py" line="362" time="0.003" /><testcase classname="tests.test_backups_impl" name="test_list_backups_includes_file_list" file="tests/test_backups_impl.py" line="379" time="0.003" /><testcase classname="tests.test_backups_impl" name="test_list_backups_nonexistent_dir" file="tests/test_backups_impl.py" line="399" time="0.002" /><testcase classname="tests.test_backups_impl" name="test_list_backups_sorted_by_name" file="tests/test_backups_impl.py" line="408" time="0.003" /><testcase classname="tests.test_backups_impl" name="test_restore_backup_basic" file="tests/test_backups_impl.py" line="425" time="0.003" /><testcase classname="tests.test_backups_impl" name="test_restore_backup_missing_file" file="tests/test_backups_impl.py" line="450" time="0.002" /><testcase classname="tests.test_backups_impl" name="test_restore_backup_missing_destination" file="tests/test_backups_impl.py" line="459" time="0.002" /><testcase classname="tests.test_backups_impl" name="test_restore_backup_invalid_zip" file="tests/test_backups_impl.py" line="474" time="0.003" /><testcase classname="tests.test_backups_impl" name="test_restore_backup_partial_failure" file="tests/test_backups_impl.py" line="491" time="0.003" /><testcase classname="tests.test_backups_impl" name="test_validate_backup_file_valid" file="tests/test_backups_impl.py" line="513" time="0.003" /><testcase classname="tests.test_backups_impl" name="test_validate_backup_file_invalid" file="tests/test_backups_impl.py" line="526" time="0.002" /><testcase classname="tests.test_backups_impl" name="test_validate_backup_file_nonexistent" file="tests/test_backups_impl.py" line="539" time="0.002" /><testcase classname="tests.test_backups_impl" name="test_get_backup_size" file="tests/test_backups_impl.py" line="546" time="0.003" /><testcase classname="tests.test_backups_impl" name="test_get_backup_size_nonexistent" file="tests/test_backups_impl.py" line="561" time="0.002" /><testcase classname="tests.test_backups_impl" name="test_cleanup_temp_files_directory" file="tests/test_backups_impl.py" line="570" time="0.003" /><testcase classname="tests.test_backups_impl" name="test_cleanup_temp_files_none" file="tests/test_backups_impl.py" line="589" time="0.002" /><testcase classname="tests.test_backups_impl" name="test_get_default_backup_config" file="tests/test_backups_impl.py" line="598" time="0.002" /><testcase classname="tests.test_backups_impl" name="test_merge_backup_configs" file="tests/test_backups_impl.py" line="609" time="0.002" /><testcase classname="tests.test_backups_impl" name="test_merge_backup_configs_none_defaults" file="tests/test_backups_impl.py" line="623" time="0.002" /><testcase classname="tests.test_backups_impl" name="test_get_backup_info_valid" file="tests/test_backups_impl.py" line="634" time="0.003" /><testcase classname="tests.test_backups_impl" name="test_get_backup_info_nonexistent" file="tests/test_backups_impl.py" line="657" time="0.002" /><testcase classname="tests.test_backups_impl" name="test_get_backup_info_invalid_zip" file="tests/test_backups_impl.py" line="666" time="0.002" /><testcase classname="tests.test_backups_impl" name="test_prune_backups_unlink_exception" file="tests/test_backups_impl.py" line="682" time="0.003" /><testcase classname="tests.test_backups_impl" name="test_list_backups_stat_exception" file="tests/test_backups_impl.py" line="698" time="0.003" /><testcase classname="tests.test_backups_impl" name="test_create_backup_nonexistent_no_prefix_raises" file="tests/test_backups_impl.py" line="716" time="0.003" /><testcase classname="tests.test_backups_impl" name="test_create_backup_with_prefix_creates_empty_zip" file="tests/test_backups_impl.py" line="723" time="0.003" /><testcase classname="tests.test_backups_impl" name="test_create_backup_includes_db_snapshot" file="tests/test_backups_impl.py" line="737" time="0.004" /><testcase classname="tests.test_backups_impl" name="test_list_get_validate_size" file="tests/test_backups_impl.py" line="756" time="0.003" /><testcase classname="tests.test_backups_impl" name="test_prune_by_count_and_days" file="tests/test_backups_impl.py" line="774" time="0.004" /><testcase classname="tests.test_backups_impl" name="test_restore_backup_and_cleanup" file="tests/test_backups_impl.py" line="806" time="0.003" /><testcase classname="tests.test_backups_impl" name="test_cleanup_temp_files" file="tests/test_backups_impl.py" line="820" time="0.003" /><testcase classname="tests.test_backups_impl" name="test_default_and_merge_configs" file="tests/test_backups_impl.py" line="834" time="0.002" /><testcase classname="tests.test_backups_impl" name="test_backups_impl_list_backups_empty" file="tests/test_backups_impl.py" line="844" time="0.002" /><testcase classname="tests.test_backups_impl" name="test_db_additional_paths" file="tests/test_backups_impl.py" line="854" time="0.004" /><testcase classname="tests.test_backups_impl" name="test_services_initialization" file="tests/test_backups_impl.py" line="880" time="0.002" /><testcase classname="tests.test_backups_impl" name="test_core_application_factory_multiple_instances" file="tests/test_backups_impl.py" line="895" time="0.002" /><testcase classname="tests.test_backups_integration.TestBackupsAPIEndpoints" name="test_backups_create_list_download_delete_flow" file="tests/test_backups_integration.py" line="38" time="0.054" /><testcase classname="tests.test_backups_integration.TestBackupsAPIEndpoints" name="test_backups_download_and_delete_invalid_name" file="tests/test_backups_integration.py" line="101" time="0.046" /><testcase classname="tests.test_backups_integration.TestBackupsAPIEndpoints" name="test_backups_import_and_restore" file="tests/test_backups_integration.py" line="77" time="0.047" /><testcase classname="tests.test_backups_integration.TestBackupsAPIEndpoints" name="test_backups_settings_get_and_post" file="tests/test_backups_integration.py" line="117" time="0.091" /><testcase classname="tests.test_backups_integration.TestBackupsIntegrationScenarios" name="test_backup_concurrent_operations" file="tests/test_backups_integration.py" line="302" time="0.006" /><testcase classname="tests.test_backups_integration.TestBackupsIntegrationScenarios" name="test_backup_error_handling" file="tests/test_backups_integration.py" line="277" time="0.003" /><testcase classname="tests.test_backups_integration.TestBackupsIntegrationScenarios" name="test_backup_includes_expected_files" file="tests/test_backups_integration.py" line="155" time="0.004" /><testcase classname="tests.test_backups_integration.TestBackupsIntegrationScenarios" name="test_backup_prune_respects_retention" file="tests/test_backups_integration.py" line="192" time="0.003" /><testcase classname="tests.test_backups_integration.TestBackupsIntegrationScenarios" name="test_backup_restore_functionality" file="tests/test_backups_integration.py" line="244" time="0.003" /><testcase classname="tests.test_backups_integration.TestBackupsIntegrationScenarios" name="test_backup_validation_and_integrity" file="tests/test_backups_integration.py" line="220" time="0.003" /><testcase classname="tests.test_backups_integration" name="test_backups_exports_all_functions" file="tests/test_backups_integration.py" line="352" time="0.002" /><testcase classname="tests.test_backups_integration" name="test_backups_get_backup_info_delegates" file="tests/test_backups_integration.py" line="376" time="0.003" /><testcase classname="tests.test_backups_integration" name="test_backups_prune_backups_delegates" file="tests/test_backups_integration.py" line="387" time="0.002" /><testcase classname="tests.test_backups_integration" name="test_backups_list_backups_delegates" file="tests/test_backups_integration.py" line="399" time="0.002" /><testcase classname="tests.test_backups_integration" name="test_backups_list_backups_with_pattern" file="tests/test_backups_integration.py" line="410" time="0.002" /><testcase classname="tests.test_backups_integration" name="test_backups_restore_backup_delegates" file="tests/test_backups_integration.py" line="421" time="0.002" /><testcase classname="tests.test_backups_integration" name="test_backups_validate_backup_file_delegates" file="tests/test_backups_integration.py" line="432" time="0.002" /><testcase classname="tests.test_backups_integration" name="test_backups_get_backup_size_delegates" file="tests/test_backups_integration.py" line="443" time="0.003" /><testcase classname="tests.test_backups_integration" name="test_backups_cleanup_temp_files_delegates" file="tests/test_backups_integration.py" line="454" time="0.003" /><testcase classname="tests.test_backups_integration" name="test_backups_get_default_backup_config_delegates" file="tests/test_backups_integration.py" line="465" time="0.002" /><testcase classname="tests.test_backups_integration" name="test_backups_merge_backup_configs_delegates" file="tests/test_backups_integration.py" line="476" time="0.002" /><testcase classname="tests.test_backups_integration" name="test_create_backup_file_raises_on_missing_config_root" file="tests/test_backups_integration.py" line="489" time="0.002" /><testcase classname="tests.test_backups_integration" name="test_create_backup_file_allows_missing_config_with_prefix" file="tests/test_backups_integration.py" line="497" time="0.003" /><testcase classname="tests.test_backups_integration" name="test_create_backup_file_delegates_on_valid_config" file="tests/test_backups_integration.py" line="514" time="0.003" /><testcase classname="tests.test_backups_integration" name="test_create_backup_file_handles_path_construction_exception" file="tests/test_backups_integration.py" line="534" time="0.003" /><testcase classname="tests.test_backups_integration" name="test_backup_path_class_internal_import_available" file="tests/test_backups_integration.py" line="552" time="0.002" /><testcase classname="tests.test_backups_integration" name="test_backup_path_fallback_class_basic" file="tests/test_backups_integration.py" line="561" time="0.003" /><testcase classname="tests.test_backups_integration" name="test_backup_path_fallback_startswith_with_separator" file="tests/test_backups_integration.py" line="581" time="0.002" /><testcase classname="tests.test_backups_integration" name="test_backup_path_fallback_startswith_name_only" file="tests/test_backups_integration.py" line="596" time="0.002" /><testcase classname="tests.test_backups_integration" name="test_backup_path_fallback_startswith_none_prefix" file="tests/test_backups_integration.py" line="610" time="0.002" /><testcase classname="tests.test_backups_integration" name="test_backup_path_fallback_startswith_exception_handling" file="tests/test_backups_integration.py" line="623" time="0.003"><skipped type="pytest.skip" message="Cannot patch builtins.object.__getattribute__ on this Python version">/home/jeremy/Server/Projects/researcharr/tests/test_backups_integration.py:639: Cannot patch builtins.object.__getattribute__ on this Python version</skipped></testcase><testcase classname="tests.test_backups_integration" name="test_create_backup_file_with_empty_string_prefix" file="tests/test_backups_integration.py" line="644" time="0.002" /><testcase classname="tests.test_backups_integration" name="test_create_backup_file_passes_prefix_to_impl" file="tests/test_backups_integration.py" line="652" time="0.003" /><testcase classname="tests.test_backups_integration" name="test_backups_module_imports_backups_impl" file="tests/test_backups_integration.py" line="672" time="0.002" /><testcase classname="tests.test_backups_integration" name="test_backup_path_windows_separator" file="tests/test_backups_integration.py" line="681" time="0.002" /><testcase classname="tests.test_backups_integration" name="test_create_backup_validation_edge_cases" file="tests/test_backups_integration.py" line="694" time="0.003" /><testcase classname="tests.test_backups_integration" name="test_delegation_functions_pass_args_kwargs" file="tests/test_backups_integration.py" line="712" time="0.003" /><testcase classname="tests.test_backups_integration" name="test_backup_path_import_fallback_chain" file="tests/test_backups_integration.py" line="727" time="0.002" /><testcase classname="tests.test_backups_integration" name="test_backup_path_import" file="tests/test_backups_integration.py" line="742" time="0.002" /><testcase classname="tests.test_backups_integration" name="test_backup_path_creation" file="tests/test_backups_integration.py" line="749" time="0.002" /><testcase classname="tests.test_backups_integration" name="test_backup_path_startswith_name" file="tests/test_backups_integration.py" line="759" time="0.002" /><testcase classname="tests.test_backups_integration" name="test_backup_path_startswith_fullpath" file="tests/test_backups_integration.py" line="770" time="0.002" /><testcase classname="tests.test_backups_integration" name="test_backup_path_startswith_none" file="tests/test_backups_integration.py" line="781" time="0.002" /><testcase classname="tests.test_backups_integration" name="test_backup_path_startswith_exception" file="tests/test_backups_integration.py" line="790" time="0.003" /><testcase classname="tests.test_backups_integration" name="test_create_backup_file_missing_config_no_prefix" file="tests/test_backups_integration.py" line="803" time="0.003" /><testcase classname="tests.test_backups_integration" name="test_create_backup_file_delegates" file="tests/test_backups_integration.py" line="811" time="0.003" /><testcase classname="tests.test_backups_integration" name="test_get_backup_info_delegates" file="tests/test_backups_integration.py" line="821" time="0.002" /><testcase classname="tests.test_backups_integration" name="test_prune_backups_delegates" file="tests/test_backups_integration.py" line="831" time="0.002" /><testcase classname="tests.test_backups_integration" name="test_list_backups_delegates" file="tests/test_backups_integration.py" line="841" time="0.003" /><testcase classname="tests.test_backups_integration" name="test_restore_backup_delegates" file="tests/test_backups_integration.py" line="853" time="0.002" /><testcase classname="tests.test_backups_integration" name="test_validate_backup_file_delegates" file="tests/test_backups_integration.py" line="863" time="0.002" /><testcase classname="tests.test_backups_integration" name="test_get_backup_size_delegates" file="tests/test_backups_integration.py" line="873" time="0.002" /><testcase classname="tests.test_backups_integration" name="test_cleanup_temp_files_delegates" file="tests/test_backups_integration.py" line="883" time="0.003" /><testcase classname="tests.test_backups_integration" name="test_get_default_backup_config_delegates" file="tests/test_backups_integration.py" line="893" time="0.002" /><testcase classname="tests.test_backups_integration" name="test_merge_backup_configs_delegates" file="tests/test_backups_integration.py" line="903" time="0.003" /><testcase classname="tests.test_backups_integration" name="test_backups_all_exports" file="tests/test_backups_integration.py" line="913" time="0.002" /><testcase classname="tests.test_backups_integration" name="test_backup_path_with_impl_import" file="tests/test_backups_integration.py" line="935" time="0.002" /><testcase classname="tests.test_backups_integration" name="test_backup_path_without_impl_import" file="tests/test_backups_integration.py" line="943" time="0.002" /><testcase classname="tests.test_backups_integration" name="test_create_backup_file_path_construction_failure" file="tests/test_backups_integration.py" line="962" time="0.003" /><testcase classname="tests.test_backups_integration" name="test_create_backup_file_with_existing_config" file="tests/test_backups_integration.py" line="974" time="0.003" /><testcase classname="tests.test_backups_integration" name="test_backup_path_startswith_backslash" file="tests/test_backups_integration.py" line="993" time="0.003" /><testcase classname="tests.test_core_api_new" name="test_api_blueprint_exists" file="tests/test_core_api_new.py" line="33" time="0.002" /><testcase classname="tests.test_core_api_new" name="test_require_api_key_decorator" file="tests/test_core_api_new.py" line="41" time="0.002" /><testcase classname="tests.test_core_api_new" name="test_require_api_key_only_decorator" file="tests/test_core_api_new.py" line="52" time="0.002" /><testcase classname="tests.test_core_api_new" name="test_health_endpoint" file="tests/test_core_api_new.py" line="63" time="0.009" /><testcase classname="tests.test_core_api_new" name="test_health_endpoint_error" file="tests/test_core_api_new.py" line="83" time="0.008" /><testcase classname="tests.test_core_api_new" name="test_health_endpoint_fallback" file="tests/test_core_api_new.py" line="103" time="0.008" /><testcase classname="tests.test_core_api_new" name="test_metrics_endpoint" file="tests/test_core_api_new.py" line="125" time="0.009" /><testcase classname="tests.test_core_api_new" name="test_metrics_endpoint_fallback" file="tests/test_core_api_new.py" line="142" time="0.008" /><testcase classname="tests.test_core_api_new" name="test_plugins_endpoint_no_auth" file="tests/test_core_api_new.py" line="154" time="0.008" /><testcase classname="tests.test_core_api_new" name="test_plugins_endpoint_with_auth" file="tests/test_core_api_new.py" line="161" time="0.143" /><testcase classname="tests.test_core_api_new" name="test_plugins_endpoint_no_registry" file="tests/test_core_api_new.py" line="188" time="0.142" /><testcase classname="tests.test_core_api_new" name="test_plugin_validate_endpoint" file="tests/test_core_api_new.py" line="206" time="0.161" /><testcase classname="tests.test_core_api_new" name="test_plugin_validate_unknown_plugin" file="tests/test_core_api_new.py" line="237" time="0.143" /><testcase classname="tests.test_core_api_new" name="test_plugin_validate_invalid_index" file="tests/test_core_api_new.py" line="254" time="0.142" /><testcase classname="tests.test_core_api_new" name="test_plugin_validate_exception" file="tests/test_core_api_new.py" line="271" time="0.143" /><testcase classname="tests.test_core_api_new" name="test_require_api_key_with_valid_key" file="tests/test_core_api_new.py" line="297" time="0.140" /><testcase classname="tests.test_core_api_new" name="test_require_api_key_with_session" file="tests/test_core_api_new.py" line="315" time="0.008" /><testcase classname="tests.test_core_api_new" name="test_require_api_key_unauthorized" file="tests/test_core_api_new.py" line="330" time="0.008" /><testcase classname="tests.test_core_api_new" name="test_require_api_key_only_with_valid_key" file="tests/test_core_api_new.py" line="343" time="0.140" /><testcase classname="tests.test_core_api_new" name="test_require_api_key_only_no_session" file="tests/test_core_api_new.py" line="361" time="0.008" /><testcase classname="tests.test_core_api_new" name="test_health_endpoint_503_status" file="tests/test_core_api_new.py" line="376" time="0.009" /><testcase classname="tests.test_core_api_smoke" name="test_openapi_json_endpoint" file="tests/test_core_api_smoke.py" line="65" time="0.008" /><testcase classname="tests.test_core_api_smoke" name="test_docs_endpoint_protected_with_api_key" file="tests/test_core_api_smoke.py" line="77" time="0.143" /><testcase classname="tests.test_core_api_smoke" name="test_metrics_with_container_stub" file="tests/test_core_api_smoke.py" line="87" time="0.008" /><testcase classname="tests.test_core_api_smoke" name="test_plugins_list_with_api_key_and_registry" file="tests/test_core_api_smoke.py" line="98" time="0.149" /><testcase classname="tests.test_core_api_smoke" name="test_plugins_list_with_session_cookie_allows_access" file="tests/test_core_api_smoke.py" line="109" time="0.009" /><testcase classname="tests.test_core_api_smoke" name="test_plugin_validate_success_and_failure" file="tests/test_core_api_smoke.py" line="121" time="0.206" /><testcase classname="tests.test_core_api_smoke" name="test_plugin_validate_exception_path" file="tests/test_core_api_smoke.py" line="144" time="0.142" /><testcase classname="tests.test_core_api_smoke" name="test_plugin_sync_success_and_failure" file="tests/test_core_api_smoke.py" line="164" time="0.208" /><testcase classname="tests.test_core_api_smoke" name="test_notifications_send_success_and_missing_plugin" file="tests/test_core_api_smoke.py" line="195" time="0.279" /><testcase classname="tests.test_core_application.TestCoreApplicationFactory" name="test_create_core_app" file="tests/test_core_application.py" line="236" time="0.009" /><testcase classname="tests.test_core_application.TestCoreApplicationFactory" name="test_create_core_app_with_metrics" file="tests/test_core_application.py" line="261" time="0.009" /><testcase classname="tests.test_core_application.TestCoreApplicationFactory" name="test_factory_initialization" file="tests/test_core_application.py" line="66" time="0.003" /><testcase classname="tests.test_core_application.TestCoreApplicationFactory" name="test_lifecycle_hooks_execution" file="tests/test_core_application.py" line="211" time="0.003" /><testcase classname="tests.test_core_application.TestCoreApplicationFactory" name="test_register_core_services" file="tests/test_core_application.py" line="74" time="0.003" /><testcase classname="tests.test_core_application.TestCoreApplicationFactory" name="test_setup_configuration" file="tests/test_core_application.py" line="94" time="0.003" /><testcase classname="tests.test_core_application.TestCoreApplicationFactory" name="test_setup_configuration_with_files" file="tests/test_core_application.py" line="116" time="0.004" /><testcase classname="tests.test_core_application.TestCoreApplicationFactory" name="test_setup_lifecycle_hooks" file="tests/test_core_application.py" line="192" time="0.003" /><testcase classname="tests.test_core_application.TestCoreApplicationFactory" name="test_setup_plugins_with_fallback" file="tests/test_core_application.py" line="159" time="0.003" /><testcase classname="tests.test_core_application.TestCoreApplicationFactory" name="test_setup_plugins_without_registry" file="tests/test_core_application.py" line="146" time="0.003" /><testcase classname="tests.test_core_application.TestCoreApplicationFactory" name="test_setup_user_authentication_defaults" file="tests/test_core_application.py" line="171" time="0.003" /><testcase classname="tests.test_core_application.TestCoreApplicationFactory" name="test_setup_user_authentication_with_webui" file="tests/test_core_application.py" line="179" time="0.003" /><testcase classname="tests.test_core_application.TestFactoryFunctions" name="test_create_core_app_function" file="tests/test_core_application.py" line="320" time="0.009" /><testcase classname="tests.test_core_application.TestFactoryFunctions" name="test_integrate_metrics_merging" file="tests/test_core_application.py" line="364" time="0.003" /><testcase classname="tests.test_core_application.TestFactoryFunctions" name="test_integrate_with_web_app" file="tests/test_core_application.py" line="333" time="0.003" /><testcase classname="tests.test_core_application.TestFactoryFunctions" name="test_integrate_with_web_app_blueprint_check" file="tests/test_core_application.py" line="351" time="0.003" /><testcase classname="tests.test_core_application.TestEnvironmentIntegration" name="test_environment_variable_integration" file="tests/test_core_application.py" line="415" time="0.004" /><testcase classname="tests.test_core_application.TestEnvironmentIntegration" name="test_secret_key_from_environment" file="tests/test_core_application.py" line="435" time="0.009" /><testcase classname="tests.test_core_application.TestConfigurationFiles" name="test_missing_optional_config_files" file="tests/test_core_application.py" line="469" time="0.003" /><testcase classname="tests.test_core_application.TestConfigurationFiles" name="test_plugin_config_directory_creation" file="tests/test_core_application.py" line="479" time="0.003" /><testcase classname="tests.test_core_config.TestConfigurationManager" name="test_add_config_source_from_dict" file="tests/test_core_config.py" line="30" time="0.003" /><testcase classname="tests.test_core_config.TestConfigurationManager" name="test_add_config_source_from_file" file="tests/test_core_config.py" line="51" time="0.004" /><testcase classname="tests.test_core_config.TestConfigurationManager" name="test_config_change_notification" file="tests/test_core_config.py" line="219" time="0.003" /><testcase classname="tests.test_core_config.TestConfigurationManager" name="test_config_inheritance_and_merging" file="tests/test_core_config.py" line="302" time="0.003" /><testcase classname="tests.test_core_config.TestConfigurationManager" name="test_config_priority_ordering" file="tests/test_core_config.py" line="75" time="0.003" /><testcase classname="tests.test_core_config.TestConfigurationManager" name="test_config_reload" file="tests/test_core_config.py" line="266" time="0.005" /><testcase classname="tests.test_core_config.TestConfigurationManager" name="test_config_validation_errors" file="tests/test_core_config.py" line="245" time="0.003" /><testcase classname="tests.test_core_config.TestConfigurationManager" name="test_get_config_section" file="tests/test_core_config.py" line="201" time="0.003" /><testcase classname="tests.test_core_config.TestConfigurationManager" name="test_get_config_value_with_default" file="tests/test_core_config.py" line="115" time="0.003" /><testcase classname="tests.test_core_config.TestConfigurationManager" name="test_has_config_key" file="tests/test_core_config.py" line="171" time="0.003" /><testcase classname="tests.test_core_config.TestConfigurationManager" name="test_initial_state" file="tests/test_core_config.py" line="25" time="0.003" /><testcase classname="tests.test_core_config.TestConfigurationManager" name="test_nested_config_access" file="tests/test_core_config.py" line="151" time="0.003" /><testcase classname="tests.test_core_config.TestConfigurationManager" name="test_save_config" file="tests/test_core_config.py" line="339" time="0.004" /><testcase classname="tests.test_core_config.TestConfigurationManager" name="test_set_config_value" file="tests/test_core_config.py" line="135" time="0.003" /><testcase classname="tests.test_core_container.TestServiceContainer" name="test_circular_dependency_detection" file="tests/test_core_container.py" line="91" time="0.003" /><testcase classname="tests.test_core_container.TestServiceContainer" name="test_class_registration_factory" file="tests/test_core_container.py" line="72" time="0.002" /><testcase classname="tests.test_core_container.TestServiceContainer" name="test_class_registration_singleton" file="tests/test_core_container.py" line="54" time="0.002" /><testcase classname="tests.test_core_container.TestServiceContainer" name="test_clear_services" file="tests/test_core_container.py" line="159" time="0.002" /><testcase classname="tests.test_core_container.TestServiceContainer" name="test_factory_multiple_instances" file="tests/test_core_container.py" line="218" time="0.002" /><testcase classname="tests.test_core_container.TestServiceContainer" name="test_factory_registration" file="tests/test_core_container.py" line="35" time="0.002" /><testcase classname="tests.test_core_container.TestServiceContainer" name="test_has_service" file="tests/test_core_container.py" line="119" time="0.002" /><testcase classname="tests.test_core_container.TestServiceContainer" name="test_interface_registration" file="tests/test_core_container.py" line="173" time="0.003" /><testcase classname="tests.test_core_container.TestServiceContainer" name="test_lazy_singleton_initialization" file="tests/test_core_container.py" line="194" time="0.002" /><testcase classname="tests.test_core_container.TestServiceContainer" name="test_list_services" file="tests/test_core_container.py" line="134" time="0.003" /><testcase classname="tests.test_core_container.TestServiceContainer" name="test_service_not_found" file="tests/test_core_container.py" line="113" time="0.002" /><testcase classname="tests.test_core_container.TestServiceContainer" name="test_singleton_registration" file="tests/test_core_container.py" line="14" time="0.004" /><testcase classname="tests.test_core_events.TestEventBus" name="test_clear_history" file="tests/test_core_events.py" line="204" time="0.003" /><testcase classname="tests.test_core_events.TestEventBus" name="test_error_handling_in_handlers" file="tests/test_core_events.py" line="155" time="0.003" /><testcase classname="tests.test_core_events.TestEventBus" name="test_event_history" file="tests/test_core_events.py" line="182" time="0.002" /><testcase classname="tests.test_core_events.TestEventBus" name="test_list_events" file="tests/test_core_events.py" line="245" time="0.002" /><testcase classname="tests.test_core_events.TestEventBus" name="test_multiple_subscribers" file="tests/test_core_events.py" line="54" time="0.002" /><testcase classname="tests.test_core_events.TestEventBus" name="test_no_subscribers" file="tests/test_core_events.py" line="176" time="0.002" /><testcase classname="tests.test_core_events.TestEventBus" name="test_publish_event_object" file="tests/test_core_events.py" line="32" time="0.003" /><testcase classname="tests.test_core_events.TestEventBus" name="test_subscribe_and_publish" file="tests/test_core_events.py" line="14" time="0.003" /><testcase classname="tests.test_core_events.TestEventBus" name="test_subscriber_count" file="tests/test_core_events.py" line="221" time="0.003" /><testcase classname="tests.test_core_events.TestEventBus" name="test_unsubscribe" file="tests/test_core_events.py" line="79" time="0.003" /><testcase classname="tests.test_core_events.TestEventBus" name="test_unsubscribe_nonexistent" file="tests/test_core_events.py" line="101" time="0.002" /><testcase classname="tests.test_core_events.TestEventBus" name="test_unsubscribe_wildcard" file="tests/test_core_events.py" line="133" time="0.003" /><testcase classname="tests.test_core_events.TestEventBus" name="test_wildcard_subscription" file="tests/test_core_events.py" line="111" time="0.003" /><testcase classname="tests.test_core_lifecycle.TestApplicationLifecycle" name="test_add_shutdown_hook" file="tests/test_core_lifecycle.py" line="42" time="0.003" /><testcase classname="tests.test_core_lifecycle.TestApplicationLifecycle" name="test_add_startup_hook" file="tests/test_core_lifecycle.py" line="23" time="0.003" /><testcase classname="tests.test_core_lifecycle.TestApplicationLifecycle" name="test_application_state_transitions" file="tests/test_core_lifecycle.py" line="133" time="0.003" /><testcase classname="tests.test_core_lifecycle.TestApplicationLifecycle" name="test_context_data" file="tests/test_core_lifecycle.py" line="263" time="0.002" /><testcase classname="tests.test_core_lifecycle.TestApplicationLifecycle" name="test_critical_hook_failure" file="tests/test_core_lifecycle.py" line="86" time="0.004" /><testcase classname="tests.test_core_lifecycle.TestApplicationLifecycle" name="test_double_start_protection" file="tests/test_core_lifecycle.py" line="201" time="0.003" /><testcase classname="tests.test_core_lifecycle.TestApplicationLifecycle" name="test_graceful_shutdown_sequence" file="tests/test_core_lifecycle.py" line="278" time="0.003" /><testcase classname="tests.test_core_lifecycle.TestApplicationLifecycle" name="test_hook_priority_ordering" file="tests/test_core_lifecycle.py" line="61" time="0.003" /><testcase classname="tests.test_core_lifecycle.TestApplicationLifecycle" name="test_hook_timeout" file="tests/test_core_lifecycle.py" line="240" time="0.103" /><testcase classname="tests.test_core_lifecycle.TestApplicationLifecycle" name="test_initial_state" file="tests/test_core_lifecycle.py" line="14" time="0.003" /><testcase classname="tests.test_core_lifecycle.TestApplicationLifecycle" name="test_non_critical_hook_failure" file="tests/test_core_lifecycle.py" line="111" time="0.004" /><testcase classname="tests.test_core_lifecycle.TestApplicationLifecycle" name="test_restart_application" file="tests/test_core_lifecycle.py" line="172" time="0.003" /><testcase classname="tests.test_core_lifecycle.TestApplicationLifecycle" name="test_shutdown_hooks_reverse_priority" file="tests/test_core_lifecycle.py" line="150" time="0.003" /><testcase classname="tests.test_core_lifecycle.TestApplicationLifecycle" name="test_signal_handler_registration" file="tests/test_core_lifecycle.py" line="270" time="0.003" /><testcase classname="tests.test_core_lifecycle.TestApplicationLifecycle" name="test_state_properties" file="tests/test_core_lifecycle.py" line="222" time="0.003" /><testcase classname="tests.test_core_services.TestDatabaseService" name="test_check_connection_failure" file="tests/test_core_services.py" line="72" time="0.003" /><testcase classname="tests.test_core_services.TestDatabaseService" name="test_check_connection_success" file="tests/test_core_services.py" line="63" time="0.003" /><testcase classname="tests.test_core_services.TestDatabaseService" name="test_database_initialization" file="tests/test_core_services.py" line="41" time="0.003" /><testcase classname="tests.test_core_services.TestDatabaseService" name="test_default_db_path" file="tests/test_core_services.py" line="80" time="0.003" /><testcase classname="tests.test_core_services.TestLoggingService" name="test_get_existing_logger" file="tests/test_core_services.py" line="133" time="0.003" /><testcase classname="tests.test_core_services.TestLoggingService" name="test_get_logger_by_name" file="tests/test_core_services.py" line="144" time="0.003" /><testcase classname="tests.test_core_services.TestLoggingService" name="test_setup_logger" file="tests/test_core_services.py" line="108" time="0.003" /><testcase classname="tests.test_core_services.TestLoggingService" name="test_setup_logger_with_level" file="tests/test_core_services.py" line="125" time="0.003" /><testcase classname="tests.test_core_services.TestConnectivityService" name="test_check_radarr_connection_exception" file="tests/test_core_services.py" line="240" time="0.003" /><testcase classname="tests.test_core_services.TestConnectivityService" name="test_check_radarr_connection_failure" file="tests/test_core_services.py" line="226" time="0.003" /><testcase classname="tests.test_core_services.TestConnectivityService" name="test_check_radarr_connection_missing_credentials" file="tests/test_core_services.py" line="252" time="0.003" /><testcase classname="tests.test_core_services.TestConnectivityService" name="test_check_radarr_connection_success" file="tests/test_core_services.py" line="211" time="0.003" /><testcase classname="tests.test_core_services.TestConnectivityService" name="test_check_sonarr_connection_success" file="tests/test_core_services.py" line="264" time="0.003" /><testcase classname="tests.test_core_services.TestConnectivityService" name="test_has_valid_url_and_key_invalid_instances" file="tests/test_core_services.py" line="186" time="0.003" /><testcase classname="tests.test_core_services.TestConnectivityService" name="test_has_valid_url_and_key_valid_instances" file="tests/test_core_services.py" line="167" time="0.003" /><testcase classname="tests.test_core_services.TestHealthService" name="test_check_system_health_basic" file="tests/test_core_services.py" line="299" time="0.003" /><testcase classname="tests.test_core_services.TestHealthService" name="test_check_system_health_with_errors" file="tests/test_core_services.py" line="321" time="0.004" /><testcase classname="tests.test_core_services.TestMetricsService" name="test_get_metrics_copy" file="tests/test_core_services.py" line="383" time="0.003" /><testcase classname="tests.test_core_services.TestMetricsService" name="test_increment_errors" file="tests/test_core_services.py" line="366" time="0.003" /><testcase classname="tests.test_core_services.TestMetricsService" name="test_increment_requests" file="tests/test_core_services.py" line="356" time="0.003" /><testcase classname="tests.test_core_services.TestMetricsService" name="test_initial_metrics" file="tests/test_core_services.py" line="348" time="0.003" /><testcase classname="tests.test_core_services.TestMetricsService" name="test_record_service_metric" file="tests/test_core_services.py" line="373" time="0.003" /><testcase classname="tests.test_core_services.TestMetricsApp" name="test_404_handling" file="tests/test_core_services.py" line="455" time="0.007" /><testcase classname="tests.test_core_services.TestMetricsApp" name="test_health_endpoint" file="tests/test_core_services.py" line="418" time="0.005" /><testcase classname="tests.test_core_services.TestMetricsApp" name="test_metrics_endpoint" file="tests/test_core_services.py" line="430" time="0.006" /><testcase classname="tests.test_core_services.TestMetricsApp" name="test_request_counting" file="tests/test_core_services.py" line="441" time="0.006" /><testcase classname="tests.test_core_services.TestConfigLoading" name="test_load_config_empty_file" file="tests/test_core_services.py" line="501" time="0.003" /><testcase classname="tests.test_core_services.TestConfigLoading" name="test_load_config_missing_file" file="tests/test_core_services.py" line="496" time="0.003" /><testcase classname="tests.test_core_services.TestConfigLoading" name="test_load_config_success" file="tests/test_core_services.py" line="476" time="0.004" /><testcase classname="tests.test_core_services.TestBackwardsCompatibilityFunctions" name="test_check_radarr_connection_compatibility" file="tests/test_core_services.py" line="567" time="0.003" /><testcase classname="tests.test_core_services.TestBackwardsCompatibilityFunctions" name="test_check_sonarr_connection_compatibility" file="tests/test_core_services.py" line="584" time="0.003" /><testcase classname="tests.test_core_services.TestBackwardsCompatibilityFunctions" name="test_has_valid_url_and_key_compatibility" file="tests/test_core_services.py" line="554" time="0.003" /><testcase classname="tests.test_core_services.TestBackwardsCompatibilityFunctions" name="test_init_db_compatibility" file="tests/test_core_services.py" line="525" time="0.003" /><testcase classname="tests.test_core_services.TestBackwardsCompatibilityFunctions" name="test_setup_logger_compatibility" file="tests/test_core_services.py" line="543" time="0.004" /><testcase classname="tests.test_db_coverage" name="test_get_db_path_from_database_url" file="tests/test_db_coverage.py" line="8" time="0.004" /><testcase classname="tests.test_db_coverage" name="test_get_db_path_from_researcharr_db" file="tests/test_db_coverage.py" line="18" time="0.004" /><testcase classname="tests.test_db_coverage" name="test_get_db_path_import_exception" file="tests/test_db_coverage.py" line="33" time="0.004" /><testcase classname="tests.test_db_coverage" name="test_conn_creates_directory" file="tests/test_db_coverage.py" line="46" time="0.003" /><testcase classname="tests.test_db_coverage" name="test_conn_handles_makedirs_exception" file="tests/test_db_coverage.py" line="60" time="0.003" /><testcase classname="tests.test_db_coverage" name="test_init_db_creates_table" file="tests/test_db_coverage.py" line="77" time="0.003" /><testcase classname="tests.test_db_coverage" name="test_load_user_no_users" file="tests/test_db_coverage.py" line="99" time="0.004" /><testcase classname="tests.test_db_coverage" name="test_save_user_creates_user" file="tests/test_db_coverage.py" line="115" time="0.004" /><testcase classname="tests.test_db_coverage" name="test_save_user_updates_existing" file="tests/test_db_coverage.py" line="135" time="0.004" /><testcase classname="tests.test_db_coverage" name="test_get_connection" file="tests/test_db_coverage.py" line="157" time="0.003" /><testcase classname="tests.test_db_coverage" name="test_get_db_path_database_url_not_sqlite" file="tests/test_db_coverage.py" line="175" time="0.004" /><testcase classname="tests.test_entrypoint_comprehensive.TestEntrypointModule" name="test_check_radarr_connection_exception" file="tests/test_entrypoint_comprehensive.py" line="224" time="0.003" /><testcase classname="tests.test_entrypoint_comprehensive.TestEntrypointModule" name="test_check_radarr_connection_missing_api_key" file="tests/test_entrypoint_comprehensive.py" line="189" time="0.003" /><testcase classname="tests.test_entrypoint_comprehensive.TestEntrypointModule" name="test_check_radarr_connection_missing_url" file="tests/test_entrypoint_comprehensive.py" line="180" time="0.003" /><testcase classname="tests.test_entrypoint_comprehensive.TestEntrypointModule" name="test_check_radarr_connection_non_200_status" file="tests/test_entrypoint_comprehensive.py" line="211" time="0.004" /><testcase classname="tests.test_entrypoint_comprehensive.TestEntrypointModule" name="test_check_radarr_connection_success" file="tests/test_entrypoint_comprehensive.py" line="198" time="0.003" /><testcase classname="tests.test_entrypoint_comprehensive.TestEntrypointModule" name="test_check_sonarr_connection_exception" file="tests/test_entrypoint_comprehensive.py" line="279" time="0.003" /><testcase classname="tests.test_entrypoint_comprehensive.TestEntrypointModule" name="test_check_sonarr_connection_missing_api_key" file="tests/test_entrypoint_comprehensive.py" line="244" time="0.003" /><testcase classname="tests.test_entrypoint_comprehensive.TestEntrypointModule" name="test_check_sonarr_connection_missing_url" file="tests/test_entrypoint_comprehensive.py" line="235" time="0.003" /><testcase classname="tests.test_entrypoint_comprehensive.TestEntrypointModule" name="test_check_sonarr_connection_non_200_status" file="tests/test_entrypoint_comprehensive.py" line="266" time="0.003" /><testcase classname="tests.test_entrypoint_comprehensive.TestEntrypointModule" name="test_check_sonarr_connection_success" file="tests/test_entrypoint_comprehensive.py" line="253" time="0.003" /><testcase classname="tests.test_entrypoint_comprehensive.TestEntrypointModule" name="test_conditional_imports_exist" file="tests/test_entrypoint_comprehensive.py" line="42" time="0.003" /><testcase classname="tests.test_entrypoint_comprehensive.TestEntrypointModule" name="test_create_metrics_app" file="tests/test_entrypoint_comprehensive.py" line="322" time="0.005" /><testcase classname="tests.test_entrypoint_comprehensive.TestEntrypointModule" name="test_create_metrics_app_error_counter" file="tests/test_entrypoint_comprehensive.py" line="411" time="0.006" /><testcase classname="tests.test_entrypoint_comprehensive.TestEntrypointModule" name="test_create_metrics_app_error_handler_404" file="tests/test_entrypoint_comprehensive.py" line="384" time="0.005" /><testcase classname="tests.test_entrypoint_comprehensive.TestEntrypointModule" name="test_create_metrics_app_error_handler_500" file="tests/test_entrypoint_comprehensive.py" line="395" time="0.006" /><testcase classname="tests.test_entrypoint_comprehensive.TestEntrypointModule" name="test_create_metrics_app_health_endpoint" file="tests/test_entrypoint_comprehensive.py" line="332" time="0.006" /><testcase classname="tests.test_entrypoint_comprehensive.TestEntrypointModule" name="test_create_metrics_app_health_endpoint_db_error" file="tests/test_entrypoint_comprehensive.py" line="345" time="0.005" /><testcase classname="tests.test_entrypoint_comprehensive.TestEntrypointModule" name="test_create_metrics_app_metrics_endpoint" file="tests/test_entrypoint_comprehensive.py" line="357" time="0.005" /><testcase classname="tests.test_entrypoint_comprehensive.TestEntrypointModule" name="test_create_metrics_app_request_counter" file="tests/test_entrypoint_comprehensive.py" line="369" time="0.006" /><testcase classname="tests.test_entrypoint_comprehensive.TestEntrypointModule" name="test_has_valid_url_and_key_all_valid" file="tests/test_entrypoint_comprehensive.py" line="135" time="0.003" /><testcase classname="tests.test_entrypoint_comprehensive.TestEntrypointModule" name="test_has_valid_url_and_key_disabled_invalid" file="tests/test_entrypoint_comprehensive.py" line="162" time="0.003" /><testcase classname="tests.test_entrypoint_comprehensive.TestEntrypointModule" name="test_has_valid_url_and_key_empty_list" file="tests/test_entrypoint_comprehensive.py" line="175" time="0.003"
[...]
 classname="tests.test_root_researcharr_comprehensive.TestRootResearcharrModule" name="test_serve_function_behavior" file="tests/test_root_researcharr_comprehensive.py" line="481" time="0.005" /><testcase classname="tests.test_root_researcharr_comprehensive.TestRootResearcharrModule" name="test_serve_function_exists" file="tests/test_root_researcharr_comprehensive.py" line="476" time="0.003" /><testcase classname="tests.test_root_researcharr_comprehensive.TestRootResearcharrModule" name="test_setup_logger_conditional_definition" file="tests/test_root_researcharr_comprehensive.py" line="102" time="0.003" /><testcase classname="tests.test_root_researcharr_comprehensive.TestRootResearcharrModule" name="test_setup_logger_existing_logger" file="tests/test_root_researcharr_comprehensive.py" line="124" time="0.003" /><testcase classname="tests.test_root_researcharr_comprehensive.TestRootResearcharrModule" name="test_setup_logger_new_logger" file="tests/test_root_researcharr_comprehensive.py" line="108" time="0.004" /><testcase classname="tests.test_root_researcharr_comprehensive.TestRootResearcharrModule" name="test_setup_logger_with_custom_level" file="tests/test_root_researcharr_comprehensive.py" line="118" time="0.004" /><testcase classname="tests.test_root_researcharr_comprehensive.TestRootResearcharrModule" name="test_setup_logger_with_none_level" file="tests/test_root_researcharr_comprehensive.py" line="137" time="0.004" /><testcase classname="tests.test_run" name="test_load_config_returns_empty_dict" file="tests/test_run.py" line="9" time="0.003" /><testcase classname="tests.test_run" name="test_load_config_with_custom_path" file="tests/test_run.py" line="19" time="0.004" /><testcase classname="tests.test_run" name="test_setup_scheduler_no_schedule_module" file="tests/test_run.py" line="28" time="0.003" /><testcase classname="tests.test_run" name="test_setup_scheduler_with_schedule_module" file="tests/test_run.py" line="39" time="0.004" /><testcase classname="tests.test_run" name="test_setup_scheduler_handles_exception" file="tests/test_run.py" line="61" time="0.003" /><testcase classname="tests.test_run" name="test_get_job_timeout_none" file="tests/test_run.py" line="77" time="0.004" /><testcase classname="tests.test_run" name="test_get_job_timeout_valid" file="tests/test_run.py" line="87" time="0.004" /><testcase classname="tests.test_run" name="test_get_job_timeout_invalid" file="tests/test_run.py" line="97" time="0.004" /><testcase classname="tests.test_run" name="test_run_job_no_script_configured" file="tests/test_run.py" line="107" time="0.004" /><testcase classname="tests.test_run" name="test_run_job_uses_env_script" file="tests/test_run.py" line="121" time="0.005" /><testcase classname="tests.test_run" name="test_run_job_with_timeout" file="tests/test_run.py" line="140" time="0.005" /><testcase classname="tests.test_run" name="test_run_job_timeout_expired" file="tests/test_run.py" line="161" time="0.005" /><testcase classname="tests.test_run" name="test_run_job_subprocess_exception" file="tests/test_run.py" line="173" time="0.006" /><testcase classname="tests.test_run" name="test_run_job_logs_stdout" file="tests/test_run.py" line="185" time="0.005" /><testcase classname="tests.test_run" name="test_run_job_logs_stderr" file="tests/test_run.py" line="202" time="0.005" /><testcase classname="tests.test_run" name="test_run_job_logs_returncode" file="tests/test_run.py" line="219" time="0.005" /><testcase classname="tests.test_run" name="test_run_job_handles_top_level_run_module" file="tests/test_run.py" line="236" time="0.005" /><testcase classname="tests.test_run" name="test_run_job_handles_top_level_run_exception" file="tests/test_run.py" line="260" time="0.005" /><testcase classname="tests.test_run" name="test_run_job_logging_exception_handling" file="tests/test_run.py" line="278" time="0.005" /><testcase classname="tests.test_run" name="test_main_once_true" file="tests/test_run.py" line="295" time="0.004" /><testcase classname="tests.test_run" name="test_main_once_false" file="tests/test_run.py" line="305" time="0.004" /><testcase classname="tests.test_run" name="test_run_job_globals_script_resolution" file="tests/test_run.py" line="316" time="0.005" /><testcase classname="tests.test_run" name="test_run_job_no_timeout_branch" file="tests/test_run.py" line="336" time="0.005" /><testcase classname="tests.test_services_smoke" name="test_logging_service_setup_logger_creates_handler" file="tests/test_services_smoke.py" line="5" time="0.004" /><testcase classname="tests.test_services_smoke" name="test_database_service_init_and_check_connection" file="tests/test_services_smoke.py" line="17" time="0.004" /><testcase classname="tests.test_services_smoke" name="test_connectivity_service_has_valid_url_and_key" file="tests/test_services_smoke.py" line="26" time="0.004" /><testcase classname="tests.test_services_smoke" name="test_connectivity_service_radarr_success" file="tests/test_services_smoke.py" line="59" time="0.004" /><testcase classname="tests.test_services_smoke" name="test_connectivity_service_radarr_failure_and_exception" file="tests/test_services_smoke.py" line="68" time="0.004" /><testcase classname="tests.test_services_smoke" name="test_connectivity_service_sonarr_success_and_failure" file="tests/test_services_smoke.py" line="80" time="0.004" /><testcase classname="tests.test_services_smoke" name="test_metrics_service_counters_and_get" file="tests/test_services_smoke.py" line="92" time="0.003" /><testcase classname="tests.test_services_smoke" name="test_health_service_with_stubs" file="tests/test_services_smoke.py" line="105" time="0.003" /><testcase classname="tests.test_services_smoke" name="test_metrics_app_error_handler_and_events" file="tests/test_services_smoke.py" line="134" time="0.005"><skipped type="pytest.xfail" message="Order-dependent flake: passes in isolation, fails ~1% of full-suite runs when a prior test around position 900 mutates flask.Flask class. Root cause under investigation." /></testcase><testcase classname="tests.test_services_smoke" name="test_health_service_config_error_branch" file="tests/test_services_smoke.py" line="187" time="0.004" /><testcase classname="tests.test_targeted_coverage" name="test_container_reset" file="tests/test_targeted_coverage.py" line="13" time="0.003" /><testcase classname="tests.test_targeted_coverage" name="test_container_convenience_register_singleton" file="tests/test_targeted_coverage.py" line="32" time="0.003" /><testcase classname="tests.test_targeted_coverage" name="test_container_convenience_register_factory" file="tests/test_targeted_coverage.py" line="46" time="0.003" /><testcase classname="tests.test_targeted_coverage" name="test_container_convenience_register_class" file="tests/test_targeted_coverage.py" line="61" time="0.003" /><testcase classname="tests.test_targeted_coverage" name="test_container_convenience_has_service" file="tests/test_targeted_coverage.py" line="80" time="0.003" /><testcase classname="tests.test_targeted_coverage" name="test_events_reset" file="tests/test_targeted_coverage.py" line="98" time="0.003" /><testcase classname="tests.test_targeted_coverage" name="test_events_convenience_subscribe" file="tests/test_targeted_coverage.py" line="118" time="0.003" /><testcase classname="tests.test_targeted_coverage" name="test_events_convenience_subscribe_all" file="tests/test_targeted_coverage.py" line="139" time="0.003" /><testcase classname="tests.test_targeted_coverage" name="test_events_convenience_publish" file="tests/test_targeted_coverage.py" line="161" time="0.003" /><testcase classname="tests.test_targeted_coverage" name="test_events_convenience_publish_simple" file="tests/test_targeted_coverage.py" line="186" time="0.004" /><testcase classname="tests.test_targeted_coverage" name="test_run_job_timeout_from_env" file="tests/test_targeted_coverage.py" line="211" time="0.005" /><testcase classname="tests.test_targeted_coverage" name="test_run_job_timeout_empty" file="tests/test_targeted_coverage.py" line="231" time="0.005" /><testcase classname="tests.test_targeted_coverage" name="test_run_job_timeout_invalid" file="tests/test_targeted_coverage.py" line="245" time="0.005" /><testcase classname="tests.test_targeted_coverage" name="test_run_setup_scheduler_with_schedule" file="tests/test_targeted_coverage.py" line="259" time="0.004" /><testcase classname="tests.test_targeted_coverage" name="test_run_setup_scheduler_exception_handling" file="tests/test_targeted_coverage.py" line="277" time="0.004" /><testcase classname="tests.test_targeted_coverage" name="test_run_job_no_script" file="tests/test_targeted_coverage.py" line="289" time="0.014" /><testcase classname="tests.test_targeted_coverage" name="test_services_database_service_initialization" file="tests/test_targeted_coverage.py" line="304" time="0.004" /><testcase classname="tests.test_targeted_coverage" name="test_services_logging_service_initialization" file="tests/test_targeted_coverage.py" line="315" time="0.003" /><testcase classname="tests.test_targeted_coverage" name="test_services_health_service_initialization" file="tests/test_targeted_coverage.py" line="325" time="0.003" /><testcase classname="tests.test_targeted_coverage" name="test_services_metrics_service_initialization" file="tests/test_targeted_coverage.py" line="335" time="0.003" /><testcase classname="tests.test_targeted_coverage" name="test_services_get_all_services" file="tests/test_targeted_coverage.py" line="345" time="0.003" /><testcase classname="tests.test_targeted_coverage" name="test_lifecycle_context_data_methods" file="tests/test_targeted_coverage.py" line="369" time="0.003" /><testcase classname="tests.test_targeted_coverage" name="test_lifecycle_clear_context" file="tests/test_targeted_coverage.py" line="384" time="0.004" /><testcase classname="tests.test_targeted_coverage" name="test_backups_impl_error_handling" file="tests/test_targeted_coverage.py" line="401" time="0.004" /><testcase classname="tests.test_targeted_coverage" name="test_backups_impl_list_backups_with_pattern" file="tests/test_targeted_coverage.py" line="417" time="0.004" /><testcase classname="tests.test_targeted_coverage" name="test_container_singleton_persistence" file="tests/test_targeted_coverage.py" line="438" time="0.004" /><testcase classname="tests.test_targeted_coverage" name="test_event_post_init_none_timestamp" file="tests/test_targeted_coverage.py" line="465" time="0.003" /><testcase classname="tests.test_targeted_coverage" name="test_event_convenience_subscribe" file="tests/test_targeted_coverage.py" line="479" time="0.014" /><testcase classname="tests.test_targeted_coverage" name="test_event_convenience_subscribe_all" file="tests/test_targeted_coverage.py" line="500" time="0.014" /><testcase classname="tests.test_targeted_coverage" name="test_event_convenience_publish" file="tests/test_targeted_coverage.py" line="523" time="0.014" /><testcase classname="tests.test_targeted_coverage" name="test_event_unsubscribe_all" file="tests/test_targeted_coverage.py" line="549" time="0.024" /><testcase classname="tests.test_targeted_coverage" name="test_backups_delegation_restore" file="tests/test_targeted_coverage.py" line="581" time="0.004" /><testcase classname="tests.test_targeted_coverage" name="test_backups_delegation_get_backup_info" file="tests/test_targeted_coverage.py" line="600" time="0.004" /><testcase classname="tests.test_targeted_coverage" name="test_backups_delegation_validate_backup_file" file="tests/test_targeted_coverage.py" line="611" time="0.004" /><testcase classname="tests.test_targeted_coverage" name="test_backups_delegation_get_backup_size" file="tests/test_targeted_coverage.py" line="628" time="0.003" /><testcase classname="tests.test_targeted_coverage" name="test_backups_delegation_cleanup_temp_files" file="tests/test_targeted_coverage.py" line="638" time="0.003" /><testcase classname="tests.test_targeted_coverage" name="test_backups_delegation_get_default_backup_config" file="tests/test_targeted_coverage.py" line="651" time="0.004" /><testcase classname="tests.test_targeted_coverage" name="test_backups_delegation_merge_backup_configs" file="tests/test_targeted_coverage.py" line="662" time="0.003" /><testcase classname="tests.test_targeted_coverage" name="test_backups_delegation_list_backups" file="tests/test_targeted_coverage.py" line="673" time="0.004" /><testcase classname="tests.test_targeted_coverage" name="test_backups_delegation_prune_backups" file="tests/test_targeted_coverage.py" line="687" time="0.004" /><testcase classname="tests.test_targeted_coverage" name="test_run_load_config_called" file="tests/test_targeted_coverage.py" line="704" time="0.004" /><testcase classname="tests.test_targeted_coverage" name="test_run_setup_scheduler_no_schedule" file="tests/test_targeted_coverage.py" line="712" time="0.003" /><testcase classname="tests.test_targeted_coverage" name="test_run_job_no_script_configured" file="tests/test_targeted_coverage.py" line="725" time="0.004" /><testcase classname="tests.test_targeted_coverage" name="test_run_job_exception_in_env_get" file="tests/test_targeted_coverage.py" line="747" time="0.004" /><testcase classname="tests.test_targeted_coverage" name="test_run_job_exception_in_globals_get" file="tests/test_targeted_coverage.py" line="760" time="0.003"><skipped type="pytest.skip" message="Cannot patch module __dict__ in Python 3.12+">/home/jeremy/Server/Projects/researcharr/tests/test_targeted_coverage.py:768: Cannot patch module __dict__ in Python 3.12+</skipped></testcase><testcase classname="tests.test_targeted_coverage" name="test_run_main_once_true" file="tests/test_targeted_coverage.py" line="781" time="0.005" /><testcase classname="tests.test_targeted_coverage" name="test_run_main_once_false" file="tests/test_targeted_coverage.py" line="792" time="0.004" /><testcase classname="tests.test_targeted_coverage" name="test_run_job_timeout_branch" file="tests/test_targeted_coverage.py" line="803" time="0.004" /><testcase classname="tests.test_webui_consolidated.TestWebUIConsolidated" name="test_rendered_template_links_extended" file="tests/test_webui_consolidated.py" line="221" time="0.054" /><testcase classname="tests.test_webui_consolidated.TestWebUIConsolidated" name="test_reset_password_functionality" file="tests/test_webui_consolidated.py" line="98" time="0.045" /><testcase classname="tests.test_webui_consolidated.TestWebUIConsolidated" name="test_setup_page_functionality" file="tests/test_webui_consolidated.py" line="72" time="0.031" /><testcase classname="tests.test_webui_consolidated.TestWebUIConsolidated" name="test_sse_stream_behavior" file="tests/test_webui_consolidated.py" line="146" time="0.032" /><testcase classname="tests.test_webui_consolidated.TestWebUIConsolidated" name="test_system_pages_rendering" file="tests/test_webui_consolidated.py" line="124" time="0.051" /><testcase classname="tests.test_webui_consolidated.TestWebUIConsolidated" name="test_template_error_handling" file="tests/test_webui_consolidated.py" line="198" time="0.030" /><testcase classname="tests.test_webui_consolidated.TestWebUIConsolidated" name="test_template_links_rendering" file="tests/test_webui_consolidated.py" line="49" time="0.055" /><testcase classname="tests.test_webui_consolidated.TestWebUIConsolidated" name="test_updates_functionality" file="tests/test_webui_consolidated.py" line="175" time="0.047" /><testcase classname="tests.test_webui_consolidated.TestWebUIConsolidated" name="test_webui_health_metrics" file="tests/test_webui_consolidated.py" line="30" time="0.030" /><testcase classname="tests.test_webui_consolidated.TestWebUIConsolidated" name="test_webui_module_import" file="tests/test_webui_consolidated.py" line="20" time="0.004" /><testcase classname="tests.test_webui_consolidated.TestPluginTemplatesConsolidated" name="test_plugin_actions_ui" file="tests/test_webui_consolidated.py" line="319" time="0.030" /><testcase classname="tests.test_webui_consolidated.TestPluginTemplatesConsolidated" name="test_plugin_blueprints_registration" file="tests/test_webui_consolidated.py" line="265" time="0.028" /><testcase classname="tests.test_webui_consolidated.TestPluginTemplatesConsolidated" name="test_plugin_discovery_ui" file="tests/test_webui_consolidated.py" line="300" time="0.030" /><testcase classname="tests.test_webui_consolidated.TestPluginTemplatesConsolidated" name="test_plugin_instances_actions_ui" file="tests/test_webui_consolidated.py" line="340" time="0.032" /><testcase classname="tests.test_webui_consolidated.TestPluginTemplatesConsolidated" name="test_plugin_templates_rendering" file="tests/test_webui_consolidated.py" line="281" time="0.054" /><testcase classname="tests.test_webui_helpers" name="test_env_bool_truthy_and_falsey" file="tests/test_webui_helpers.py" line="7" time="0.004" /><testcase classname="tests.test_webui_helpers" name="test_load_user_config_no_db" file="tests/test_webui_helpers.py" line="17" time="0.004" /><testcase classname="tests.test_webui_helpers" name="test_load_user_config_with_db" file="tests/test_webui_helpers.py" line="34" time="0.004" /><testcase classname="tests.test_webui_helpers" name="test_save_user_config_raises_without_db" file="tests/test_webui_helpers.py" line="44" time="0.004" /><testcase classname="tests.test_webui_helpers" name="test_save_user_config_hashing_and_delegate" file="tests/test_webui_helpers.py" line="58" time="0.085" /><testcase classname="tests.test_webui_shim" name="test_webui_import" file="tests/test_webui_shim.py" line="35" time="0.005" /><testcase classname="tests.test_webui_shim" name="test_webui_exports_user_config_path" file="tests/test_webui_shim.py" line="42" time="0.004" /><testcase classname="tests.test_webui_shim" name="test_webui_exports_env_bool" file="tests/test_webui_shim.py" line="49" time="0.004" /><testcase classname="tests.test_webui_shim" name="test_webui_exports_load_user_config" file="tests/test_webui_shim.py" line="56" time="0.005" /><testcase classname="tests.test_webui_shim" name="test_webui_exports_save_user_config" file="tests/test_webui_shim.py" line="63" time="0.004" /><testcase classname="tests.test_webui_shim" name="test_webui_all_exports" file="tests/test_webui_shim.py" line="70" time="0.004" /><testcase classname="tests.test_webui_shim" name="test_webui_with_mock_impl" file="tests/test_webui_shim.py" line="85" time="0.006" /><testcase classname="tests.test_webui_shim" name="test_webui_import_failure_fallback" file="tests/test_webui_shim.py" line="106" time="0.007" /><testcase classname="tests.test_webui_shim" name="test_webui_fallback_no_spec" file="tests/test_webui_shim.py" line="133" time="0.005" /><testcase classname="tests.test_webui_shim" name="test_webui_fallback_no_loader" file="tests/test_webui_shim.py" line="154" time="0.005" /><testcase classname="tests.test_webui_shim" name="test_webui_partial_exports" file="tests/test_webui_shim.py" line="176" time="0.005" /><testcase classname="tests.test_webui_shim" name="test_webui_user_config_path" file="tests/test_webui_shim.py" line="209" time="0.005" /><testcase classname="tests.test_webui_shim" name="test_webui_env_bool_function" file="tests/test_webui_shim.py" line="221" time="0.005" /><testcase classname="tests.test_webui_shim" name="test_webui_load_user_config_function" file="tests/test_webui_shim.py" line="231" time="0.005" /><testcase classname="tests.test_webui_shim" name="test_webui_save_user_config_function" file="tests/test_webui_shim.py" line="241" time="0.005" /><testcase classname="tests.test_webui_shim" name="test_webui_fallback_exception" file="tests/test_webui_shim.py" line="251" time="0.005" /><testcase classname="tests.test_webui_shim" name="test_webui_repo_root_calculation" file="tests/test_webui_shim.py" line="273" time="0.005" /><testcase classname="tests.test_webui_shim" name="test_webui_getattr_exception_handling" file="tests/test_webui_shim.py" line="288" time="0.016" /></testsuite></testsuites>
