<?xml version="1.0" encoding="utf-8"?><testsuites name="pytest tests"><testsuite name="pytest" errors="0" failures="0" skipped="21" tests="1053" time="18.573" timestamp="2025-11-08T22:19:50.671640-05:00" hostname="mediacenter"><testcase classname="tests.test_api_consolidated.TestAPIConsolidated" name="test_api_authentication" time="0.023" /><testcase classname="tests.test_api_consolidated.TestAPIConsolidated" name="test_api_blueprint_registration" time="0.027" /><testcase classname="tests.test_api_consolidated.TestAPIConsolidated" name="test_api_cors_headers" time="0.023" /><testcase classname="tests.test_api_consolidated.TestAPIConsolidated" name="test_api_data_validation" time="0.026" /><testcase classname="tests.test_api_consolidated.TestAPIConsolidated" name="test_api_docs_endpoint" time="0.024" /><testcase classname="tests.test_api_consolidated.TestAPIConsolidated" name="test_api_error_handling" time="0.026" /><testcase classname="tests.test_api_consolidated.TestAPIConsolidated" name="test_api_logs_endpoint" time="0.027" /><testcase classname="tests.test_api_consolidated.TestAPIConsolidated" name="test_api_pagination" time="0.027" /><testcase classname="tests.test_api_consolidated.TestAPIConsolidated" name="test_api_rate_limiting" time="0.025" /><testcase classname="tests.test_api_consolidated.TestAPIConsolidated" name="test_api_tasks_endpoint" time="0.026" /><testcase classname="tests.test_api_consolidated.TestAPIConsolidated" name="test_api_version_endpoint" time="0.027" /><testcase classname="tests.test_api_consolidated.TestAPIConsolidated" name="test_plugin_instances_api" time="0.026" /><testcase classname="tests.test_api_consolidated.TestAPIConsolidated" name="test_plugins_api_endpoints" time="0.023" /><testcase classname="tests.test_api_endpoints" name="test_health_and_metrics" time="0.011" /><testcase classname="tests.test_api_endpoints" name="test_openapi_and_docs_require_key" time="0.156" /><testcase classname="tests.test_api_endpoints" name="test_plugins_and_validation_and_sync_and_notifications" time="0.482" /><testcase classname="tests.test_api_endpoints" name="test_plugin_not_found_and_invalid_index" time="0.213" /><testcase classname="tests.test_application_coverage" name="test_core_application_factory_initialization" time="0.004" /><testcase classname="tests.test_application_coverage" name="test_register_core_services" time="0.004" /><testcase classname="tests.test_application_coverage" name="test_setup_configuration_default" time="0.003" /><testcase classname="tests.test_application_coverage" name="test_setup_configuration_custom_dir" time="0.004" /><testcase classname="tests.test_application_coverage" name="test_setup_configuration_with_yaml_file" time="0.007" /><testcase classname="tests.test_application_coverage" name="test_setup_configuration_missing_yaml" time="0.003" /><testcase classname="tests.test_application_coverage" name="test_setup_configuration_invalid_yaml" time="0.004" /><testcase classname="tests.test_application_coverage" name="test_setup_configuration_environment_overrides" time="0.007" /><testcase classname="tests.test_application_coverage" name="test_setup_logging_service" time="0.006" /><testcase classname="tests.test_application_coverage" name="test_setup_database_service" time="0.004" /><testcase classname="tests.test_application_coverage" name="test_setup_health_service" time="0.004" /><testcase classname="tests.test_application_coverage" name="test_setup_metrics_service" time="0.004" /><testcase classname="tests.test_application_coverage" name="test_event_bus_registration" time="0.004" /><testcase classname="tests.test_application_coverage" name="test_lifecycle_registration" time="0.006" /><testcase classname="tests.test_application_coverage" name="test_config_manager_registration" time="0.006" /><testcase classname="tests.test_application_coverage" name="test_service_registration_event" time="0.005" /><testcase classname="tests.test_application_coverage" name="test_default_config_values" time="0.004" /><testcase classname="tests.test_application_coverage" name="test_backups_config_defaults" time="0.003" /><testcase classname="tests.test_application_coverage" name="test_user_config_defaults" time="0.003" /><testcase classname="tests.test_application_coverage" name="test_setup_configuration_priority" time="0.004" /><testcase classname="tests.test_application_coverage" name="test_create_flask_app" time="0.008" /><testcase classname="tests.test_application_coverage" name="test_config_manager_source_addition" time="0.006" /><testcase classname="tests.test_application_coverage" name="test_configuration_with_env_loglevel" time="0.005" /><testcase classname="tests.test_application_coverage" name="test_configuration_file_path_building" time="0.004" /><testcase classname="tests.test_application_coverage" name="test_setup_configuration_returns_merged_config" time="0.004" /><testcase classname="tests.test_application_coverage" name="test_factory_initialization_order" time="0.004" /><testcase classname="tests.test_application_coverage" name="test_setup_with_read_only_config_dir" time="0.005" /><testcase classname="tests.test_application_coverage" name="test_yaml_config_loading" time="0.007" /><testcase classname="tests.test_application_coverage" name="test_configuration_merge_with_env" time="0.006" /><testcase classname="tests.test_application_coverage" name="test_service_registration_order" time="0.005" /><testcase classname="tests.test_application_coverage" name="test_config_with_database_url" time="0.004" /><testcase classname="tests.test_application_coverage" name="test_scheduling_config" time="0.005" /><testcase classname="tests.test_async_pipeline" name="test_pipeline_basic" time="0.007" /><testcase classname="tests.test_async_pipeline" name="test_pipeline_retry" time="0.108" /><testcase classname="tests.test_async_pipeline_backpressure" name="test_reject_policy_raises" time="0.004" /><testcase classname="tests.test_async_pipeline_backpressure" name="test_drop_oldest_replaces_item" time="0.005" /><testcase classname="tests.test_async_pipeline_backpressure" name="test_drop_newest_calls_handler_and_records_dead_letter" time="0.004" /><testcase classname="tests.test_async_pipeline_config" name="test_pipeline_serialize_roundtrip" time="0.006" /><testcase classname="tests.test_async_pipeline_context_run" name="test_async_context_manager_and_run_helper" time="0.006" /><testcase classname="tests.test_async_pipeline_env" name="test_expand_env_vars_and_defaults" time="0.006" /><testcase classname="tests.test_async_pipeline_env" name="test_expand_env_with_default" time="0.006" /><testcase classname="tests.test_async_pipeline_env" name="test_explicit_schema_param_is_used" time="0.047" /><testcase classname="tests.test_async_pipeline_env" name="test_explicit_schema_param_invalid_raises" time="0.004" /><testcase classname="tests.test_async_pipeline_lifecycle" name="test_lifecycle" time="0.004" /><testcase classname="tests.test_async_pipeline_monitoring" name="test_metrics_export_and_dead_letter_recording" time="0.004" /><testcase classname="tests.test_async_pipeline_progress" name="test_progress_and_status" time="0.004" /><testcase classname="tests.test_async_pipeline_prometheus" name="test_prometheus_exporter_records_metrics" time="0.004" /><testcase classname="tests.test_async_pipeline_registry_dlq" name="test_handler_registry_and_serialization" time="0.004" /><testcase classname="tests.test_async_pipeline_registry_dlq" name="test_dead_letter_and_drain" time="0.005" /><testcase classname="tests.test_async_pipeline_template" name="test_template_dict_substitution_and_from_dict_roundtrip" time="0.006" /><testcase classname="tests.test_async_pipeline_template" name="test_template_file_loads_json_and_runs" time="0.007" /><testcase classname="tests.test_async_pipeline_template_yaml" name="test_load_yaml_template_and_validate" time="0.009" /><testcase classname="tests.test_async_pipeline_template_yaml2" name="test_load_yaml_template_and_validate" time="0.006" /><testcase classname="tests.test_backups" name="test_create_and_list_backup" time="0.005" /><testcase classname="tests.test_backups" name="test_prune_backups_by_count" time="0.007" /><testcase classname="tests.test_backups_batch1" name="test_create_backup_empty_prefix_behaviour" time="0.006" /><testcase classname="tests.test_backups_batch1" name="test_create_backup_with_prefix_and_db_snapshot" time="0.007" /><testcase classname="tests.test_backups_batch1" name="test_prune_backups_count_and_days" time="0.004" /><testcase classname="tests.test_backups_batch1" name="test_get_list_info_size_and_validate" time="0.005" /><testcase classname="tests.test_backups_batch1" name="test_restore_backup_and_cleanup" time="0.007" /><testcase classname="tests.test_backups_batch1" name="test_cleanup_and_merge_and_defaults" time="0.007" /><testcase classname="tests.test_backups_comprehensive.TestBackupsModule" name="test_create_backup_file_basic" time="0.006" /><testcase classname="tests.test_backups_comprehensive.TestBackupsModule" name="test_create_backup_file_with_prefix" time="0.005" /><testcase classname="tests.test_backups_comprehensive.TestBackupsModule" name="test_create_backup_file_empty_directory" time="0.005" /><testcase classname="tests.test_backups_comprehensive.TestBackupsModule" name="test_create_backup_file_invalid_paths" time="0.006" /><testcase classname="tests.test_backups_comprehensive.TestBackupsModule" name="test_create_backup_file_with_subdirectories" time="0.008" /><testcase classname="tests.test_backups_comprehensive.TestBackupsModule" name="test_prune_backups_by_count" time="0.006" /><testcase classname="tests.test_backups_comprehensive.TestBackupsModule" name="test_prune_backups_by_age" time="0.005" /><testcase classname="tests.test_backups_comprehensive.TestBackupsModule" name="test_prune_backups_no_config" time="0.004" /><testcase classname="tests.test_backups_comprehensive.TestBackupsModule" name="test_prune_backups_invalid_directory" time="0.004" /><testcase classname="tests.test_backups_comprehensive.TestBackupsModule" name="test_prune_backups_mixed_files" time="0.008" /><testcase classname="tests.test_backups_comprehensive.TestBackupsModule" name="test_get_backup_info" time="0.000"><skipped type="pytest.skip" message="get_backup_info function not implemented">/home/jeremy/Server/Projects/researcharr/tests/test_backups_comprehensive.py:194: get_backup_info function not implemented</skipped></testcase><testcase classname="tests.test_backups_comprehensive.TestBackupsModule" name="test_get_backup_info_invalid_file" time="0.000"><skipped type="pytest.skip" message="get_backup_info function not implemented">/home/jeremy/Server/Projects/researcharr/tests/test_backups_comprehensive.py:213: get_backup_info function not implemented</skipped></testcase><testcase classname="tests.test_backups_comprehensive.TestBackupsModule" name="test_get_backup_info_invalid_zip" time="0.000"><skipped type="pytest.skip" message="get_backup_info function not implemented">/home/jeremy/Server/Projects/researcharr/tests/test_backups_comprehensive.py:219: get_backup_info function not implemented</skipped></testcase><testcase classname="tests.test_backups_comprehensive.TestBackupsModule" name="test_list_backups" time="0.000"><skipped type="pytest.skip" message="list_backups function not implemented">/home/jeremy/Server/Projects/researcharr/tests/test_backups_comprehensive.py:233: list_backups function not implemented</skipped></testcase><testcase classname="tests.test_backups_comprehensive.TestBackupsModule" name="test_list_backups_empty_directory" time="0.000"><skipped type="pytest.skip" message="list_backups function not implemented">/home/jeremy/Server/Projects/researcharr/tests/test_backups_comprehensive.py:256: list_backups function not implemented</skipped></testcase><testcase classname="tests.test_backups_comprehensive.TestBackupsModule" name="test_list_backups_invalid_directory" time="0.000"><skipped type="pytest.skip" message="list_backups function not implemented">/home/jeremy/Server/Projects/researcharr/tests/test_backups_comprehensive.py:263: list_backups function not implemented</skipped></testcase><testcase classname="tests.test_backups_comprehensive.TestBackupsModule" name="test_restore_backup" time="0.000"><skipped type="pytest.skip" message="restore_backup function not implemented">/home/jeremy/Server/Projects/researcharr/tests/test_backups_comprehensive.py:269: restore_backup function not implemented</skipped></testcase><testcase classname="tests.test_backups_comprehensive.TestBackupsModule" name="test_restore_backup_invalid_file" time="0.000"><skipped type="pytest.skip" message="restore_backup function not implemented">/home/jeremy/Server/Projects/researcharr/tests/test_backups_comprehensive.py:307: restore_backup function not implemented</skipped></testcase><testcase classname="tests.test_backups_comprehensive.TestBackupsModule" name="test_restore_backup_invalid_destination" time="0.000"><skipped type="pytest.skip" message="restore_backup function not implemented">/home/jeremy/Server/Projects/researcharr/tests/test_backups_comprehensive.py:314: restore_backup function not implemented</skipped></testcase><testcase classname="tests.test_backups_comprehensive.TestBackupsModule" name="test_validate_backup_file" time="0.000"><skipped type="pytest.skip" message="validate_backup_file function not implemented">/home/jeremy/Server/Projects/researcharr/tests/test_backups_comprehensive.py:325: validate_backup_file function not implemented</skipped></testcase><testcase classname="tests.test_backups_comprehensive.TestBackupsModule" name="test_validate_backup_file_invalid" time="0.000"><skipped type="pytest.skip" message="validate_backup_file function not implemented">/home/jeremy/Server/Projects/researcharr/tests/test_backups_comprehensive.py:337: validate_backup_file function not implemented</skipped></testcase><testcase classname="tests.test_backups_comprehensive.TestBackupsModule" name="test_get_backup_size" time="0.000"><skipped type="pytest.skip" message="get_backup_size function not implemented">/home/jeremy/Server/Projects/researcharr/tests/test_backups_comprehensive.py:356: get_backup_size function not implemented</skipped></testcase><testcase classname="tests.test_backups_comprehensive.TestBackupsModule" name="test_get_backup_size_invalid_file" time="0.000"><skipped type="pytest.skip" message="get_backup_size function not implemented">/home/jeremy/Server/Projects/researcharr/tests/test_backups_comprehensive.py:368: get_backup_size function not implemented</skipped></testcase><testcase classname="tests.test_backups_comprehensive.TestBackupsModule" name="test_cleanup_temp_files" time="0.000"><skipped type="pytest.skip" message="cleanup_temp_files function not implemented">/home/jeremy/Server/Projects/researcharr/tests/test_backups_comprehensive.py:374: cleanup_temp_files function not implemented</skipped></testcase><testcase classname="tests.test_backups_comprehensive.TestBackupsModule" name="test_get_default_backup_config" time="0.000"><skipped type="pytest.skip" message="get_default_backup_config function not implemented">/home/jeremy/Server/Projects/researcharr/tests/test_backups_comprehensive.py:394: get_default_backup_config function not implemented</skipped></testcase><testcase classname="tests.test_backups_comprehensive.TestBackupsModule" name="test_merge_backup_configs" time="0.000"><skipped type="pytest.skip" message="merge_backup_configs function not implemented">/home/jeremy/Server/Projects/researcharr/tests/test_backups_comprehensive.py:405: merge_backup_configs function not implemented</skipped></testcase><testcase classname="tests.test_backups_coverage_boost.TestBackupCreation" name="test_create_backup_with_prefix" time="0.007" /><testcase classname="tests.test_backups_coverage_boost.TestBackupCreation" name="test_create_backup_without_prefix" time="0.005" /><testcase classname="tests.test_backups_coverage_boost.TestBackupCreation" name="test_create_backup_nonexistent_backups_dir" time="0.007" /><testcase classname="tests.test_backups_coverage_boost.TestBackupCreation" name="test_create_backup_includes_db_in_db_folder" time="0.008" /><testcase classname="tests.test_backups_coverage_boost.TestBackupCreation" name="test_create_backup_includes_metadata" time="0.007" /><testcase classname="tests.test_backups_coverage_boost.TestBackupCreation" name="test_create_backup_empty_config_root" time="0.005" /><testcase classname="tests.test_backups_coverage_boost.TestBackupCreation" name="test_create_backup_nonexistent_config_root" time="0.005" /><testcase classname="tests.test_backups_coverage_boost.TestBackupCreation" name="test_create_backup_invalid_backups_dir_permissions" time="0.006" /><testcase classname="tests.test_backups_coverage_boost.TestBackupCreation" name="test_create_backup_includes_nested_files" time="0.011" /><testcase classname="tests.test_backups_coverage_boost.TestBackupPruning" name="test_prune_by_retain_count" time="0.061" /><testcase classname="tests.test_backups_coverage_boost.TestBackupPruning" name="test_prune_by_retain_days" time="0.005" /><testcase classname="tests.test_backups_coverage_boost.TestBackupPruning" name="test_prune_keeps_pre_restore_backups" time="0.005" /><testcase classname="tests.test_backups_coverage_boost.TestBackupPruning" name="test_prune_with_empty_config" time="0.037" /><testcase classname="tests.test_backups_coverage_boost.TestBackupPruning" name="test_prune_with_none_config" time="0.005" /><testcase classname="tests.test_backups_coverage_boost.TestBackupPruning" name="test_prune_nonexistent_directory" time="0.004" /><testcase classname="tests.test_backups_coverage_boost.TestBackupPruning" name="test_prune_with_legacy_retention_count_key" time="0.036" /><testcase classname="tests.test_backups_coverage_boost.TestBackupPruning" name="test_prune_ignores_non_zip_files" time="0.040" /><testcase classname="tests.test_backups_coverage_boost.TestBackupListing" name="test_list_backups_includes_metadata" time="0.008" /><testcase classname="tests.test_backups_coverage_boost.TestBackupListing" name="test_list_backups_includes_files_list" time="0.005" /><testcase classname="tests.test_backups_coverage_boost.TestBackupListing" name="test_list_backups_sorted_by_name_reverse" time="0.038" /><testcase classname="tests.test_backups_coverage_boost.TestBackupListing" name="test_list_backups_empty_directory" time="0.005" /><testcase classname="tests.test_backups_coverage_boost.TestBackupListing" name="test_list_backups_nonexistent_directory" time="0.004" /><testcase classname="tests.test_backups_coverage_boost.TestBackupListing" name="test_list_backups_with_pattern" time="0.005" /><testcase classname="tests.test_backups_coverage_boost.TestBackupListing" name="test_list_backups_ignores_non_zip_files" time="0.005" /><testcase classname="tests.test_backups_coverage_boost.TestBackupRestore" name="test_restore_backup_success" time="0.005" /><testcase classname="tests.test_backups_coverage_boost.TestBackupRestore" name="test_restore_backup_nonexistent_file" time="0.004" /><testcase classname="tests.test_backups_coverage_boost.TestBackupRestore" name="test_restore_backup_nonexistent_dest_raises" time="0.005" /><testcase classname="tests.test_backups_coverage_boost.TestBackupRestore" name="test_restore_backup_invalid_zip_raises" time="0.007" /><testcase classname="tests.test_backups_coverage_boost.TestBackupRestore" name="test_restore_backup_extracts_files_correctly" time="0.008" /><testcase classname="tests.test_backups_coverage_boost.TestBackupValidation" name="test_validate_backup_valid_zip" time="0.007" /><testcase classname="tests.test_backups_coverage_boost.TestBackupValidation" name="test_validate_backup_invalid_zip" time="0.004" /><testcase classname="tests.test_backups_coverage_boost.TestBackupValidation" name="test_validate_backup_nonexistent_file" time="0.004" /><testcase classname="tests.test_backups_coverage_boost.TestBackupValidation" name="test_validate_backup_with_string_path" time="0.007" /><testcase classname="tests.test_backups_coverage_boost.TestBackupSize" name="test_get_backup_size_returns_bytes" time="0.007" /><testcase classname="tests.test_backups_coverage_boost.TestBackupSize" name="test_get_backup_size_nonexistent_file" time="0.006" /><testcase classname="tests.test_backups_coverage_boost.TestBackupSize" name="test_get_backup_size_with_string_path" time="0.006" /><testcase classname="tests.test_backups_coverage_boost.TestBackupCleanup" name="test_cleanup_removes_files_in_directory" time="0.005" /><testcase classname="tests.test_backups_coverage_boost.TestBackupCleanup" name="test_cleanup_removes_subdirectories" time="0.007" /><testcase classname="tests.test_backups_coverage_boost.TestBackupCleanup" name="test_cleanup_with_none_path" time="0.007" /><testcase classname="tests.test_backups_coverage_boost.TestBackupCleanup" name="test_cleanup_nonexistent_directory" time="0.006" /><testcase classname="tests.test_backups_coverage_boost.TestBackupCleanup" name="test_cleanup_with_permission_errors" time="0.006" /><testcase classname="tests.test_backups_coverage_boost.TestBackupConfig" name="test_get_default_backup_config_returns_dict" time="0.004" /><testcase classname="tests.test_backups_coverage_boost.TestBackupConfig" name="test_merge_backup_configs_combines_dicts" time="0.006" /><testcase classname="tests.test_backups_coverage_boost.TestBackupConfig" name="test_merge_backup_configs_with_none_default" time="0.007" /><testcase classname="tests.test_backups_coverage_boost.TestBackupConfig" name="test_merge_backup_configs_with_none_user" time="0.006" /><testcase classname="tests.test_backups_coverage_boost.TestBackupConfig" name="test_merge_backup_configs_with_empty_dicts" time="0.006" /><testcase classname="tests.test_backups_coverage_boost.TestBackupInfo" name="test_get_backup_info_returns_metadata" time="0.006" /><testcase classname="tests.test_backups_coverage_boost.TestBackupInfo" name="test_get_backup_info_includes_files_list" time="0.007" /><testcase classname="tests.test_backups_coverage_boost.TestBackupInfo" name="test_get_backup_info_nonexistent_file" time="0.007" /><testcase classname="tests.test_backups_coverage_boost.TestBackupInfo" name="test_get_backup_info_invalid_zip" time="0.007" /><testcase classname="tests.test_backups_edgecase_coverage.TestBackupPathBehavior" name="test_backuppath_creation_basic" time="0.006" /><testcase classname="tests.test_backups_edgecase_coverage.TestBackupPathBehavior" name="test_backuppath_startswith_none" time="0.005" /><testcase classname="tests.test_backups_edgecase_coverage.TestBackupPathBehavior" name="test_backuppath_startswith_path" time="0.006" /><testcase classname="tests.test_backups_edgecase_coverage.TestBackupPathBehavior" name="test_backuppath_startswith_name" time="0.010" /><testcase classname="tests.test_backups_edgecase_coverage.TestBackupPathBehavior" name="test_backuppath_startswith_windows_style" time="0.006" /><testcase classname="tests.test_backups_edgecase_coverage.TestCreateBackupFileEdgeCases" name="test_import_fallback_triggered" time="0.005" /><testcase classname="tests.test_backups_edgecase_coverage.TestCreateBackupFileEdgeCases" name="test_create_backup_none_result" time="0.005" /><testcase classname="tests.test_backups_edgecase_coverage.TestCreateBackupFileEdgeCases" name="test_create_backup_with_valid_pathlib_result" time="0.008" /><testcase classname="tests.test_backups_edgecase_coverage.TestDelegatedFunctions" name="test_all_delegated_functions_callable" time="0.006" /><testcase classname="tests.test_backups_edgecase_coverage.TestDelegatedFunctions" name="test_delegated_function_calls_impl" time="0.006" /><testcase classname="tests.test_backups_edgecase_coverage.TestBackupPathSpecialCases" name="test_backuppath_unicode_name" time="0.004" /><testcase classname="tests.test_backups_edgecase_coverage.TestBackupPathSpecialCases" name="test_backuppath_empty_name" time="0.004" /><testcase classname="tests.test_backups_edgecase_coverage.TestBackupPathSpecialCases" name="test_backuppath_special_chars_in_prefix" time="0.005" /><testcase classname="tests.test_backups_impl" name="test_create_backup_basic" time="0.008" /><testcase classname="tests.test_backups_impl" name="test_create_backup_with_prefix" time="0.007" /><testcase classname="tests.test_backups_impl" name="test_create_backup_with_db_file" time="0.006" /><testcase classname="tests.test_backups_impl" name="test_create_backup_empty_config_dir" time="0.005" /><testcase classname="tests.test_backups_impl" name="test_create_backup_creates_backups_dir" time="0.007" /><testcase classname="tests.test_backups_impl" name="test_create_backup_nested_files" time="0.008" /><testcase classname="tests.test_backups_impl" name="test_create_backup_move_fallback" time="0.007" /><testcase classname="tests.test_backups_impl" name="test_create_backup_returns_backup_path" time="0.008" /><testcase classname="tests.test_backups_impl" name="test_create_backup_exception_handling" time="0.007" /><testcase classname="tests.test_backups_impl" name="test_prune_backups_retain_count" time="0.008" /><testcase classname="tests.test_backups_impl" name="test_prune_backups_retain_days" time="0.008" /><testcase classname="tests.test_backups_impl" name="test_prune_backups_pre_restore_keep" time="0.008" /><testcase classname="tests.test_backups_impl" name="test_prune_backups_no_config" time="0.007" /><testcase classname="tests.test_backups_impl" name="test_prune_backups_empty_config" time="0.007" /><testcase classname="tests.test_backups_impl" name="test_prune_backups_nonexistent_dir" time="0.007" /><testcase classname="tests.test_backups_impl" name="test_prune_backups_only_zip_files" time="0.008" /><testcase classname="tests.test_backups_impl" name="test_prune_backups_legacy_retention_count" time="0.059" /><testcase classname="tests.test_backups_impl" name="test_list_backups_basic" time="0.004" /><testcase classname="tests.test_backups_impl" name="test_list_backups_with_pattern" time="0.005" /><testcase classname="tests.test_backups_impl" name="test_list_backups_includes_file_list" time="0.008" /><testcase classname="tests.test_backups_impl" name="test_list_backups_nonexistent_dir" time="0.006" /><testcase classname="tests.test_backups_impl" name="test_list_backups_sorted_by_name" time="0.006" /><testcase classname="tests.test_backups_impl" name="test_restore_backup_basic" time="0.005" /><testcase classname="tests.test_backups_impl" name="test_restore_backup_missing_file" time="0.004" /><testcase classname="tests.test_backups_impl" name="test_restore_backup_missing_destination" time="0.005" /><testcase classname="tests.test_backups_impl" name="test_restore_backup_invalid_zip" time="0.007" /><testcase classname="tests.test_backups_impl" name="test_restore_backup_partial_failure" time="0.006" /><testcase classname="tests.test_backups_impl" name="test_validate_backup_file_valid" time="0.006" /><testcase classname="tests.test_backups_impl" name="test_validate_backup_file_invalid" time="0.004" /><testcase classname="tests.test_backups_impl" name="test_validate_backup_file_nonexistent" time="0.004" /><testcase classname="tests.test_backups_impl" name="test_get_backup_size" time="0.006" /><testcase classname="tests.test_backups_impl" name="test_get_backup_size_nonexistent" time="0.006" /><testcase classname="tests.test_backups_impl" name="test_cleanup_temp_files_directory" time="0.006" /><testcase classname="tests.test_backups_impl" name="test_cleanup_temp_files_none" time="0.010" /><testcase classname="tests.test_backups_impl" name="test_get_default_backup_config" time="0.005" /><testcase classname="tests.test_backups_impl" name="test_merge_backup_configs" time="0.007" /><testcase classname="tests.test_backups_impl" name="test_merge_backup_configs_none_defaults" time="0.006" /><testcase classname="tests.test_backups_impl" name="test_get_backup_info_valid" time="0.007" /><testcase classname="tests.test_backups_impl" name="test_get_backup_info_nonexistent" time="0.004" /><testcase classname="tests.test_backups_impl" name="test_get_backup_info_invalid_zip" time="0.004" /><testcase classname="tests.test_backups_impl" name="test_prune_backups_unlink_exception" time="0.006" /><testcase classname="tests.test_backups_impl" name="test_list_backups_stat_exception" time="0.007" /><testcase classname="tests.test_backups_impl" name="test_create_backup_nonexistent_no_prefix_raises" time="0.006" /><testcase classname="tests.test_backups_impl" name="test_create_backup_with_prefix_creates_empty_zip" time="0.006" /><testcase classname="tests.test_backups_impl" name="test_create_backup_includes_db_snapshot" time="0.005" /><testcase classname="tests.test_backups_impl" name="test_list_get_validate_size" time="0.005" /><testcase classname="tests.test_backups_impl" name="test_prune_by_count_and_days" time="0.007" /><testcase classname="tests.test_backups_impl" name="test_restore_backup_and_cleanup" time="0.008" /><testcase classname="tests.test_backups_impl" name="test_cleanup_temp_files" time="0.006" /><testcase classname="tests.test_backups_impl" name="test_default_and_merge_configs" time="0.005" /><testcase classname="tests.test_backups_impl" name="test_backups_impl_list_backups_empty" time="0.004" /><testcase classname="tests.test_backups_impl" name="test_db_additional_paths" time="0.008" /><testcase classname="tests.test_backups_impl" name="test_services_initialization" time="0.006" /><testcase classname="tests.test_backups_impl" name="test_core_application_factory_multiple_instances" time="0.006" /><testcase classname="tests.test_backups_integration.TestBackupsAPIEndpoints" name="test_backups_create_list_download_delete_flow" time="0.047" /><testcase classname="tests.test_backups_integration.TestBackupsAPIEndpoints" name="test_backups_download_and_delete_invalid_name" time="0.043" /><testcase classname="tests.test_backups_integration.TestBackupsAPIEndpoints" name="test_backups_import_and_restore" time="0.049" /><testcase classname="tests.test_backups_integration.TestBackupsAPIEndpoints" name="test_backups_settings_get_and_post" time="0.030" /><testcase classname="tests.test_backups_integration.TestBackupsIntegrationScenarios" name="test_backup_concurrent_operations" time="0.007" /><testcase classname="tests.test_backups_integration.TestBackupsIntegrationScenarios" name="test_backup_error_handling" time="0.007" /><testcase classname="tests.test_backups_integration.TestBackupsIntegrationScenarios" name="test_backup_includes_expected_files" time="0.009" /><testcase classname="tests.test_backups_integration.TestBackupsIntegrationScenarios" name="test_backup_prune_respects_retention" time="0.007" /><testcase classname="tests.test_backups_integration.TestBackupsIntegrationScenarios" name="test_backup_restore_functionality" time="0.005" /><testcase classname="tests.test_backups_integration.TestBackupsIntegrationScenarios" name="test_backup_validation_and_integrity" time="0.005" /><testcase classname="tests.test_backups_integration" name="test_backups_exports_all_functions" time="0.006" /><testcase classname="tests.test_backups_integration" name="test_backups_get_backup_info_delegates" time="0.006" /><testcase classname="tests.test_backups_integration" name="test_backups_prune_backups_delegates" time="0.006" /><testcase classname="tests.test_backups_integration" name="test_backups_list_backups_delegates" time="0.005" /><testcase classname="tests.test_backups_integration" name="test_backups_list_backups_with_pattern" time="0.004" /><testcase classname="tests.test_backups_integration" name="test_backups_restore_backup_delegates" time="0.005" /><testcase classname="tests.test_backups_integration" name="test_backups_validate_backup_file_delegates" time="0.008" /><testcase classname="tests.test_backups_integration" name="test_backups_get_backup_size_delegates" time="0.006" /><testcase classname="tests.test_backups_integration" name="test_backups_cleanup_temp_files_delegates" time="0.006" /><testcase classname="tests.test_backups_integration" name="test_backups_get_default_backup_config_delegates" time="0.005" /><testcase classname="tests.test_backups_integration" name="test_backups_merge_backup_configs_delegates" time="0.005" /><testcase classname="tests.test_backups_integration" name="test_create_backup_file_raises_on_missing_config_root" time="0.007" /><testcase classname="tests.test_backups_integration" name="test_create_backup_file_allows_missing_config_with_prefix" time="0.007" /><testcase classname="tests.test_backups_integration" name="test_create_backup_file_delegates_on_valid_config" time="0.006" /><testcase classname="tests.test_backups_integration" name="test_create_backup_file_handles_path_construction_exception" time="0.004" /><testcase classname="tests.test_backups_integration" name="test_backup_path_class_internal_import_available" time="0.005" /><testcase classname="tests.test_backups_integration" name="test_backup_path_fallback_class_basic" time="0.006"><skipped type="pytest.skip" message="BackupPath fallback not callable in this Python version / import scenario">/home/jeremy/Server/Projects/researcharr/tests/test_backups_integration.py:577: BackupPath fallback not callable in this Python version / import scenario</skipped></testcase><testcase classname="tests.test_backups_integration" name="test_backup_path_fallback_startswith_with_separator" time="0.007" /><testcase classname="tests.test_backups_integration" name="test_backup_path_fallback_startswith_name_only" time="0.006" /><testcase classname="tests.test_backups_integration" name="test_backup_path_fallback_startswith_none_prefix" time="0.005" /><testcase classname="tests.test_backups_integration" name="test_backup_path_fallback_startswith_exception_handling" time="0.004"><skipped type="pytest.skip" message="Cannot patch builtins.object.__getattribute__ on this Python version">/home/jeremy/Server/Projects/researcharr/tests/test_backups_integration.py:639: Cannot patch builtins.object.__getattribute__ on this Python version</skipped></testcase><testcase classname="tests.test_backups_integration" name="test_create_backup_file_with_empty_string_prefix" time="0.004" /><testcase classname="tests.test_backups_integration" name="test_create_backup_file_passes_prefix_to_impl" time="0.008" /><testcase classname="tests.test_backups_integration" name="test_backups_module_imports_backups_impl" time="0.006" /><testcase classname="tests.test_backups_integration" name="test_backup_path_windows_separator" time="0.006" /><testcase classname="tests.test_backups_integration" name="test_create_backup_validation_edge_cases" time="0.005" /><testcase classname="tests.test_backups_integration" name="test_delegation_functions_pass_args_kwargs" time="0.004" /><testcase classname="tests.test_backups_integration" name="test_backup_path_import_fallback_chain" time="0.004" /><testcase classname="tests.test_backups_integration" name="test_backup_path_import" time="0.011" /><testcase classname="tests.test_backups_integration" name="test_backup_path_creation" time="0.006" /><testcase classname="tests.test_backups_integration" name="test_backup_path_startswith_name" time="0.005" /><testcase classname="tests.test_backups_integration" name="test_backup_path_startswith_fullpath" time="0.004" /><testcase classname="tests.test_backups_integration" name="test_backup_path_startswith_none" time="0.004" /><testcase classname="tests.test_backups_integration" name="test_backup_path_startswith_exception" time="0.006" /><testcase classname="tests.test_backups_integration" name="test_create_backup_file_missing_config_no_prefix" time="0.007" /><testcase classname="tests.test_backups_integration" name="test_create_backup_file_delegates" time="0.006" /><testcase classname="tests.test_backups_integration" name="test_get_backup_info_delegates" time="0.005" /><testcase classname="tests.test_backups_integration" name="test_prune_backups_delegates" time="0.004" /><testcase classname="tests.test_backups_integration" name="test_list_backups_delegates" time="0.005" /><testcase classname="tests.test_backups_integration" name="test_restore_backup_delegates" time="0.007" /><testcase classname="tests.test_backups_integration" name="test_validate_backup_file_delegates" time="0.006" /><testcase classname="tests.test_backups_integration" name="test_get_backup_size_delegates" time="0.006" /><testcase classname="tests.test_backups_integration" name="test_cleanup_temp_files_delegates" time="0.004" /><testcase classname="tests.test_backups_integration" name="test_get_default_backup_config_delegates" time="0.004" /><testcase classname="tests.test_backups_integration" name="test_merge_backup_configs_delegates" time="0.004" /><testcase classname="tests.test_backups_integration" name="test_backups_all_exports" time="0.007" /><testcase classname="tests.test_backups_integration" name="test_backup_path_with_impl_import" time="0.005" /><testcase classname="tests.test_backups_integration" name="test_backup_path_without_impl_import" time="0.007" /><testcase classname="tests.test_backups_integration" name="test_create_backup_file_path_construction_failure" time="0.005" /><testcase classname="tests.test_backups_integration" name="test_create_backup_file_with_existing_config" time="0.005" /><testcase classname="tests.test_backups_integration" name="test_backup_path_startswith_backslash" time="0.007" /><testcase classname="tests.test_core_api_new" name="test_api_blueprint_exists" time="0.006" /><testcase classname="tests.test_core_api_new" name="test_require_api_key_decorator" time="0.006" /><testcase classname="tests.test_core_api_new" name="test_require_api_key_only_decorator" time="0.004" /><testcase classname="tests.test_core_api_new" name="test_health_endpoint" time="0.008" /><testcase classname="tests.test_core_api_new" name="test_health_endpoint_error" time="0.013" /><testcase classname="tests.test_core_api_new" name="test_health_endpoint_fallback" time="0.010" /><testcase classname="tests.test_core_api_new" name="test_metrics_endpoint" time="0.008" /><testcase classname="tests.test_core_api_new" name="test_metrics_endpoint_fallback" time="0.012" /><testcase classname="tests.test_core_api_new" name="test_plugins_endpoint_no_auth" time="0.011" /><testcase classname="tests.test_core_api_new" name="test_plugins_endpoint_with_auth" time="0.160" /><testcase classname="tests.test_core_api_new" name="test_plugins_endpoint_no_registry" time="0.150" /><testcase classname="tests.test_core_api_new" name="test_plugin_validate_endpoint" time="0.148" /><testcase classname="tests.test_core_api_new" name="test_plugin_validate_unknown_plugin" time="0.150" /><testcase classname="tests.test_core_api_new" name="test_plugin_validate_invalid_index" time="0.147" /><testcase classname="tests.test_core_api_new" name="test_plugin_validate_exception" time="0.151" /><testcase classname="tests.test_core_api_new" name="test_require_api_key_with_valid_key" time="0.147" /><testcase classname="tests.test_core_api_new" name="test_require_api_key_with_session" time="0.007" /><testcase classname="tests.test_core_api_new" name="test_require_api_key_unauthorized" time="0.007" /><testcase classname="tests.test_core_api_new" name="test_require_api_key_only_with_valid_key" time="0.156" /><testcase classname="tests.test_core_api_new" name="test_require_api_key_only_no_session" time="0.007" /><testcase classname="tests.test_core_api_new" name="test_health_endpoint_503_status" time="0.008" /><testcase classname="tests.test_core_api_smoke" name="test_openapi_json_endpoint" time="0.010" /><testcase classname="tests.test_core_api_smoke" name="test_docs_endpoint_protected_with_api_key" time="0.155" /><testcase classname="tests.test_core_api_smoke" name="test_metrics_with_container_stub" time="0.007" /><testcase classname="tests.test_core_api_smoke" name="test_plugins_list_with_api_key_and_registry" time="0.148" /><testcase classname="tests.test_core_api_smoke" name="test_plugins_list_with_session_cookie_allows_access" time="0.007" /><testcase classname="tests.test_core_api_smoke" name="test_plugin_validate_success_and_failure" time="0.222" /><testcase classname="tests.test_core_api_smoke" name="test_plugin_validate_exception_path" time="0.156" /><testcase classname="tests.test_core_api_smoke" name="test_plugin_sync_success_and_failure" time="0.217" /><testcase classname="tests.test_core_api_smoke" name="test_notifications_send_success_and_missing_plugin" time="0.285" /><testcase classname="tests.test_core_application.TestCoreApplicationFactory" name="test_create_core_app" time="0.009" /><testcase classname="tests.test_core_application.TestCoreApplicationFactory" name="test_create_core_app_with_metrics" time="0.011" /><testcase classname="tests.test_core_application.TestCoreApplicationFactory" name="test_factory_initialization" time="0.006" /><testcase classname="tests.test_core_application.TestCoreApplicationFactory" name="test_lifecycle_hooks_execution" time="0.007" /><testcase classname="tests.test_core_application.TestCoreApplicationFactory" name="test_register_core_services" time="0.006" /><testcase classname="tests.test_core_application.TestCoreApplicationFactory" name="test_setup_configuration" time="0.006" /><testcase classname="tests.test_core_application.TestCoreApplicationFactory" name="test_setup_configuration_with_files" time="0.006" /><testcase classname="tests.test_core_application.TestCoreApplicationFactory" name="test_setup_lifecycle_hooks" time="0.005" /><testcase classname="tests.test_core_application.TestCoreApplicationFactory" name="test_setup_plugins_with_fallback" time="0.012" /><testcase classname="tests.test_core_application.TestCoreApplicationFactory" name="test_setup_plugins_without_registry" time="0.009" /><testcase classname="tests.test_core_application.TestCoreApplicationFactory" name="test_setup_user_authentication_defaults" time="0.006" /><testcase classname="tests.test_core_application.TestCoreApplicationFactory" name="test_setup_user_authentication_with_webui" time="0.005" /><testcase classname="tests.test_core_application.TestFactoryFunctions" name="test_create_core_app_function" time="0.016" /><testcase classname="tests.test_core_application.TestFactoryFunctions" name="test_integrate_metrics_merging" time="0.007" /><testcase classname="tests.test_core_application.TestFactoryFunctions" name="test_integrate_with_web_app" time="0.005" /><testcase classname="tests.test_core_application.TestFactoryFunctions" name="test_integrate_with_web_app_blueprint_check" time="0.004" /><testcase classname="tests.test_core_application.TestEnvironmentIntegration" name="test_environment_variable_integration" time="0.005" /><testcase classname="tests.test_core_application.TestEnvironmentIntegration" name="test_secret_key_from_environment" time="0.015" /><testcase classname="tests.test_core_application.TestConfigurationFiles" name="test_missing_optional_config_files" time="0.006" /><testcase classname="tests.test_core_application.TestConfigurationFiles" name="test_plugin_config_directory_creation" time="0.005" /><testcase classname="tests.test_core_config.TestConfigurationManager" name="test_add_config_source_from_dict" time="0.007" /><testcase classname="tests.test_core_config.TestConfigurationManager" name="test_add_config_source_from_file" time="0.007" /><testcase classname="tests.test_core_config.TestConfigurationManager" name="test_config_change_notification" time="0.006" /><testcase classname="tests.test_core_config.TestConfigurationManager" name="test_config_inheritance_and_merging" time="0.005" /><testcase classname="tests.test_core_config.TestConfigurationManager" name="test_config_priority_ordering" time="0.004" /><testcase classname="tests.test_core_config.TestConfigurationManager" name="test_config_reload" time="0.007" /><testcase classname="tests.test_core_config.TestConfigurationManager" name="test_config_validation_errors" time="0.006" /><testcase classname="tests.test_core_config.TestConfigurationManager" name="test_get_config_section" time="0.007" /><testcase classname="tests.test_core_config.TestConfigurationManager" name="test_get_config_value_with_default" time="0.005" /><testcase classname="tests.test_core_config.TestConfigurationManager" name="test_has_config_key" time="0.004" /><testcase classname="tests.test_core_config.TestConfigurationManager" name="test_initial_state" time="0.004" /><testcase classname="tests.test_core_config.TestConfigurationManager" name="test_nested_config_access" time="0.008" /><testcase classname="tests.test_core_config.TestConfigurationManager" name="test_save_config" time="0.008" /><testcase classname="tests.test_core_config.TestConfigurationManager" name="test_set_config_value" time="0.006" /><testcase classname="tests.test_core_container.TestServiceContainer" name="test_circular_dependency_detection" time="0.004" /><testcase classname="tests.test_core_container.TestServiceContainer" name="test_class_registration_factory" time="0.004" /><testcase classname="tests.test_core_container.TestServiceContainer" name="test_class_registration_singleton" time="0.006" /><testcase classname="tests.test_core_container.TestServiceContainer" name="test_clear_services" time="0.007" /><testcase classname="tests.test_core_container.TestServiceContainer" name="test_factory_multiple_instances" time="0.008" /><testcase classname="tests.test_core_container.TestServiceContainer" name="test_factory_registration" time="0.004" /><testcase classname="tests.test_core_container.TestServiceContainer" name="test_has_service" time="0.004" /><testcase classname="tests.test_core_container.TestServiceContainer" name="test_interface_registration" time="0.004" /><testcase classname="tests.test_core_container.TestServiceContainer" name="test_lazy_singleton_initialization" time="0.007" /><testcase classname="tests.test_core_container.TestServiceContainer" name="test_list_services" time="0.006" /><testcase classname="tests.test_core_container.TestServiceContainer" name="test_service_not_found" time="0.006" /><testcase classname="tests.test_core_container.TestServiceContainer" name="test_singleton_registration" time="0.004" /><testcase classname="tests.test_core_events.TestEventBus" name="test_clear_history" time="0.005" /><testcase classname="tests.test_core_events.TestEventBus" name="test_error_handling_in_handlers" time="0.006" /><testcase classname="tests.test_core_events.TestEventBus" name="test_event_history" time="0.007" /><testcase classname="tests.test_core_events.TestEventBus" name="test_list_events" time="0.006" /><testcase classname="tests.test_core_events.TestEventBus" name="test_multiple_subscribers" time="0.007" /><testcase classname="tests.test_core_events.TestEventBus" name="test_no_subscribers" time="0.004" /><testcase classname="tests.test_core_events.TestEventBus" name="test_publish_event_object" time="0.004" /><testcase classname="tests.test_core_events.TestEventBus" name="test_subscribe_and_publish" time="0.008" /><testcase classname="tests.test_core_events.TestEventBus" name="test_subscriber_count" time="0.006" /><testcase classname="tests.test_core_events.TestEventBus" name="test_unsubscribe" time="0.005" /><testcase classname="tests.test_core_events.TestEventBus" name="test_unsubscribe_nonexistent" time="0.005" /><testcase classname="tests.test_core_events.TestEventBus" name="test_unsubscribe_wildcard" time="0.005" /><testcase classname="tests.test_core_events.TestEventBus" name="test_wildcard_subscription" time="0.006" /><testcase classname="tests.test_core_lifecycle.TestApplicationLifecycle" name="test_add_shutdown_hook" time="0.007" /><testcase classname="tests.test_core_lifecycle.TestApplicationLifecycle" name="test_add_startup_hook" time="0.006" /><testcase classname="tests.test_core_lifecycle.TestApplicationLifecycle" name="test_application_state_transitions" time="0.006" /><testcase classname="tests.test_core_lifecycle.TestApplicationLifecycle" name="test_context_data" time="0.004" /><testcase classname="tests.test_core_lifecycle.TestApplicationLifecycle" name="test_critical_hook_failure" time="0.006" /><testcase classname="tests.test_core_lifecycle.TestApplicationLifecycle" name="test_double_start_protection" time="0.008" /><testcase classname="tests.test_core_lifecycle.TestApplicationLifecycle" name="test_graceful_shutdown_sequence" time="0.006" /><testcase classname="tests.test_core_lifecycle.TestApplicationLifecycle" name="test_hook_priority_ordering" time="0.005" /><testcase classname="tests.test_core_lifecycle.TestApplicationLifecycle" name="test_hook_timeout" time="0.105" /><testcase classname="tests.test_core_lifecycle.TestApplicationLifecycle" name="test_initial_state" time="0.004" /><testcase classname="tests.test_core_lifecycle.TestApplicationLifecycle" name="test_non_critical_hook_failure" time="0.004" /><testcase classname="tests.test_core_lifecycle.TestApplicationLifecycle" name="test_restart_application" time="0.004" /><testcase classname="tests.test_core_lifecycle.TestApplicationLifecycle" name="test_shutdown_hooks_reverse_priority" time="0.004" /><testcase classname="tests.test_core_lifecycle.TestApplicationLifecycle" name="test_signal_handler_registration" time="0.003" /><testcase classname="tests.test_core_lifecycle.TestApplicationLifecycle" name="test_state_properties" time="0.004" /><testcase classname="tests.test_core_services.TestDatabaseService" name="test_check_connection_failure" time="0.004" /><testcase classname="tests.test_core_services.TestDatabaseService" name="test_check_connection_success" time="0.004" /><testcase classname="tests.test_core_services.TestDatabaseService" name="test_database_initialization" time="0.004" /><testcase classname="tests.test_core_services.TestDatabaseService" name="test_default_db_path" time="0.006" /><testcase classname="tests.test_core_services.TestLoggingService" name="test_get_existing_logger" time="0.006" /><testcase classname="tests.test_core_services.TestLoggingService" name="test_get_logger_by_name" time="0.005" /><testcase classname="tests.test_core_services.TestLoggingService" name="test_setup_logger" time="0.005" /><testcase classname="tests.test_core_services.TestLoggingService" name="test_setup_logger_with_level" time="0.004" /><testcase classname="tests.test_core_services.TestConnectivityService" name="test_check_radarr_connection_exception" time="0.008" /><testcase classname="tests.test_core_services.TestConnectivityService" name="test_check_radarr_connection_failure" time="0.007" /><testcase classname="tests.test_core_services.TestConnectivityService" name="test_check_radarr_connection_missing_credentials" time="0.006" /><testcase classname="tests.test_core_services.TestConnectivityService" name="test_check_radarr_connection_success" time="0.006" /><testcase classname="tests.test_core_services.TestConnectivityService" name="test_check_sonarr_connection_success" time="0.004" /><testcase classname="tests.test_core_services.TestConnectivityService" name="test_has_valid_url_and_key_invalid_instances" time="0.004" /><testcase classname="tests.test_core_services.TestConnectivityService" name="test_has_valid_url_and_key_valid_instances" time="0.006" /><testcase classname="tests.test_core_services.TestHealthService" name="test_check_system_health_basic" time="0.007" /><testcase classname="tests.test_core_services.TestHealthService" name="test_check_system_health_with_errors" time="0.006" /><testcase classname="tests.test_core_services.TestMetricsService" name="test_get_metrics_copy" time="0.005" /><testcase classname="tests.test_core_services.TestMetricsService" name="test_increment_errors" time="0.004" /><testcase classname="tests.test_core_services.TestMetricsService" name="test_increment_requests" time="0.006" /><testcase classname="tests.test_core_services.TestMetricsService" name="test_initial_metrics" time="0.007" /><testcase classname="tests.test_core_services.TestMetricsService" name="test_record_service_metric" time="0.006" /><testcase classname="tests.test_core_services.TestMetricsApp" name="test_404_handling" time="0.009" /><testcase classname="tests.test_core_services.TestMetricsApp" name="test_health_endpoint" time="0.006" /><testcase classname="tests.test_core_services.TestMetricsApp" name="test_metrics_endpoint" time="0.011" /><testcase classname="tests.test_core_services.TestMetricsApp" name="test_request_counting" time="0.009" /><testcase classname="tests.test_core_services.TestConfigLoading" name="test_load_config_empty_file" time="0.005" /><testcase classname="tests.test_core_services.TestConfigLoading" name="test_load_config_missing_file" time="0.005" /><testcase classname="tests.test_core_services.TestConfigLoading" name="test_load_config_success" time="0.007" /><testcase classname="tests.test_core_services.TestBackwardsCompatibilityFunctions" name="test_check_radarr_connection_compatibility" time="0.007" /><testcase classname="tests.test_core_services.TestBackwardsCompatibilityFunctions" name="test_check_sonarr_connection_compatibility" time="0.006" /><testcase classname="tests.test_core_services.TestBackwardsCompatibilityFunctions" name="test_has_valid_url_and_key_compatibility" time="0.005" /><testcase classname="tests.test_core_services.TestBackwardsCompatibilityFunctions" name="test_init_db_compatibility" time="0.005" /><testcase classname="tests.test_core_services.TestBackwardsCompatibilityFunctions" name="test_setup_logger_compatibility" time="0.006" /><testcase classname="tests.test_db_coverage" name="test_get_db_path_from_database_url" time="0.008" /><testcase classname="tests.test_db_coverage" name="test_get_db_path_from_researcharr_db" time="0.006" /><testcase classname="tests.test_db_coverage" name="test_get_db_path_import_exception" time="0.006" /><testcase classname="tests.test_db_coverage" name="test_conn_creates_directory" time="0.005" /><testcase classname="tests.test_db_coverage" name="test_conn_handles_makedirs_exception" time="0.006" /><testcase classname="tests.test_db_coverage" name="test_init_db_creates_table" time="0.008" /><testcase classname="tests.test_db_coverage" name="test_load_user_no_users" time="0.007" /><testcase classname="tests.test_db_coverage" name="test_save_user_creates_user" time="0.006" /><testcase classname="tests.test_db_coverage" name="test_save_user_updates_existing" time="0.006" /><testcase classname="tests.test_db_coverage" name="test_get_connection" time="0.007" /><testcase classname="tests.test_db_coverage" name="test_get_db_path_database_url_not_sqlite" time="0.007" /><testcase classname="tests.test_entrypoint_comprehensive.TestEntrypointModule" name="test_check_radarr_connection_exception" time="0.006" /><testcase classname="tests.test_entrypoint_comprehensive.TestEntrypointModule" name="test_check_radarr_connection_missing_api_key" time="0.007" /><testcase classname="tests.test_entrypoint_comprehensive.TestEntrypointModule" name="test_check_radarr_connection_missing_url" time="0.004" /><testcase classname="tests.test_entrypoint_comprehensive.TestEntrypointModule" name="test_check_radarr_connection_non_200_status" time="0.008" /><testcase classname="tests.test_entrypoint_comprehensive.TestEntrypointModule" name="test_check_radarr_connection_success" time="0.007" /><testcase classname="tests.test_entrypoint_comprehensive.TestEntrypointModule" name="test_check_sonarr_connection_exception" time="0.007" /><testcase classname="tests.test_entrypoint_comprehensive.TestEntrypointModule" name="test_check_sonarr_connection_missing_api_key" time="0.004" /><testcase classname="tests.test_entrypoint_comprehensive.TestEntrypointModule" name="test_check_sonarr_connection_missing_url" time="0.004" /><testcase classname="tests.test_entrypoint_comprehensive.TestEntrypointModule" name="test_check_sonarr_connection_non_200_status" time="0.007" /><testcase classname="tests.test_entrypoint_comprehensive.TestEntrypointModule" name="test_check_sonarr_connection_success" time="0.007" /><testcase classname="tests.test_entrypoint_comprehensive.TestEntrypointModule" name="test_conditional_imports_exist" time="0.006" /><testcase classname="tests.test_entrypoint_comprehensive.TestEntrypointModule" name="test_create_metrics_app" time="0.007" /><testcase classname="tests.test_entrypoint_comprehensive.TestEntrypointModule" name="test_create_metrics_app_error_counter" time="0.006" /><testcase classname="tests.test_entrypoint_comprehensive.TestEntrypointModule" name="test_create_metrics_app_error_handler_404" time="0.011" /><testcase classname="tests.test_entrypoint_comprehensive.TestEntrypointModule" name="test_create_metrics_app_error_handler_500" time="0.010" /><testcase classname="tests.test_entrypoint_comprehensive.TestEntrypointModule" name="test_create_metrics_app_health_endpoint" time="0.006" /><testcase classname="tests.test_entrypoint_comprehensive.TestEntrypointModule" name="test_create_metrics_app_health_endpoint_db_error" time="0.006" /><testcase classname="tests.test_entrypoint_comprehensive.TestEntrypointModule" name="test_create_metrics_app_metrics_endpoint" time="0.009" /><testcase classname="tests.test_entrypoint_comprehensive.TestEntrypointModule" name="test_create_metrics_app_request_counter" time="0.010" /><testcase classname="tests.test_entrypoint_comprehensive.TestEntrypointModule" name="test_has_valid_url_and_key_all_valid" time="0.004" /><testcase classname="tests.test_entrypoint_comprehensive.TestEntrypointModule" name="test_has_valid_url_and_key_disabled_invalid" time="0.004" /><testcase classname="tests.test_entrypoint_comprehensive.TestEntrypointModule" name="test_has_valid_url_and_key_empty_list" time="0.006" /><testcase classname="tests.test_entrypoint_comprehensive.TestEntrypointModule" name="test_has_valid_url_and_key_invalid_url" time="0.007" /><testcase classname="tests.test_entrypoint_comprehensive.TestEntrypointModule" name="test_has_valid_url_and_key_missing_api_key" time="0.006" /><testcase classname="tests.test_entrypoint_comprehensive.TestEntrypointModule" name="test_init_db_actual_database" time="0.006" /><testcase classname="tests.test_entrypoint_comprehensive.TestEntrypointModule" name="test_init_db_custom_path" time="0.005" /><testcase classname="tests.test_entrypoint_comprehensive.TestEntrypointModule" name="test_init_db_default_path" time="0.005" /><testcase classname="tests.test_entrypoint_comprehensive.TestEntrypointModule" name="test_load_config_empty_file" time="0.011" /><testcase classname="tests.test_entrypoint_comprehensive.TestEntrypointModule" name="test_load_config_missing_file" time="0.006" /><testcase classname="tests.test_entrypoint_comprehensive.TestEntrypointModule" name="test_load_config_valid_file" time="0.007" /><testcase classname="tests.test_entrypoint_comprehensive.TestEntrypointModule" name="test_module_constants" time="0.004" /><testcase classname="tests.test_entrypoint_comprehensive.TestEntrypointModule" name="test_path_attribute_structure" time="0.006" /><testcase classname="tests.test_entrypoint_comprehensive.TestEntrypointModule" name="test_setup_logger_existing_logger" time="0.007" /><testcase classname="tests.test_entrypoint_comprehensive.TestEntrypointModule" name="test_setup_logger_new_logger" time="0.006" /><testcase classname="tests.test_entrypoint_comprehensive.TestEntrypointModule" name="test_setup_logger_with_custom_level" time="0.005" /><testcase classname="tests.test_entrypoint_comprehensive.TestEntrypointModule" name="test_setup_logger_with_none_level" time="0.007" /><testcase classname="tests.test_factory_backups_edgecases" name="test_api_backups_import_missing_file" time="0.030" /><testcase classname="tests.test_factory_backups_edgecases" name="test_api_backups_import_empty_filename" time="0.031" /><testcase classname="tests.test_factory_backups_edgecases" name="test_api_backups_import_success_and_prune" time="0.031" /><testcase classname="tests.test_factory_backups_edgecases" name="test_api_backups_restore_invalid_name" time="0.032" /><testcase classname="tests.test_factory_backups_edgecases" name="test_api_backups_restore_not_found" time="0.032" /><testcase classname="tests.test_factory_batch1" name="test_index_redirects_to_setup" time="0.028" /><testcase classname="tests.test_factory_batch1" name="test_login_redirects_to_general_settings" time="0.082" /><testcase classname="tests.test_factory_batch1" name="test_api_tasks_post_requires_json" time="0.020" /><testcase classname="tests.test_factory_batch1" name="test_api_tasks_post_json_created" time="0.026" /><testcase classname="tests.test_factory_batch10" name="test_api_plugin_validate_invalid_index" time="0.028" /><testcase classname="tests.test_factory_batch10" name="test_api_plugin_validate_falsy_and_metrics" time="0.027" /><testcase classname="tests.test_factory_batch10" name="test_api_plugin_validate_exception" time="0.029" /><testcase classname="tests.test_factory_batch10" name="test_api_plugin_sync_falsy_and_exception" time="0.034" /><testcase classname="tests.test_factory_batch10" name="test_api_status_plugins_summary_rates" time="0.029" /><testcase classname="tests.test_factory_batch2" name="test_api_plugins_requires_login" time="0.027" /><testcase classname="tests.test_factory_batch2" name="test_api_plugins_returns_plugins_when_registry_set" time="0.029" /><testcase classname="tests.test_factory_batch2" name="test_api_plugin_instances_add_and_validate" time="0.029" /><testcase classname="tests.test_factory_batch2" name="test_api_plugin_instances_add_validation_failure" time="0.029" /><testcase classname="tests.test_factory_batch2" name="test_api_backups_list_and_create" time="0.031" /><testcase classname="tests.test_factory_batch2" name="test_api_backups_import_upload" time="0.034" /><testcase classname="tests.test_factory_batch3" name="test_api_plugin_validate_invalid_index" time="0.026" /><testcase classname="tests.test_factory_batch3" name="test_api_plugin_validate_failure_and_metrics" time="0.030" /><testcase classname="tests.test_factory_batch3" name="test_api_tasks_get_history_filters" time="0.030" /><testcase classname="tests.test_factory_batch3" name="test_api_logs_download_and_not_found" time="0.032" /><testcase classname="tests.test_factory_batch3" name="test_api_logs_stream_initial_tail" time="0.031" /><testcase classname="tests.test_factory_batch3" name="test_api_status_db_ok_and_db_fail" time="0.032" /><testcase classname="tests.test_factory_batch4" name="test_api_updates_ignore_and_unignore" time="0.033" /><testcase classname="tests.test_factory_batch4" name="test_backups_create_and_import_and_restore" time="0.039" /><testcase classname="tests.test_factory_batch4" name="test_plugin_instances_actions_and_invalid" time="0.030" /><testcase classname="tests.test_factory_batch4" name="test_plugin_validate_and_sync_unknown" time="0.030" /><testcase classname="tests.test_factory_batch4" name="test_general_settings_regen_api" time="0.117" /><testcase classname="tests.test_factory_batch5" name="test_backups_download_and_delete_variants" time="0.026" /><testcase classname="tests.test_factory_batch5" name="test_updates_upgrade_in_image_and_invalid_url" time="0.028" /><testcase classname="tests.test_factory_batch6" name="test_api_updates_with_cached_latest" time="0.029" /><testcase classname="tests.test_factory_batch6" name="test_api_tasks_post_variants" time="0.037" /><testcase classname="tests.test_factory_batch6" name="test_plugin_sync_exception_paths" time="0.029" /><testcase classname="tests.test_factory_batch7" name="test_setup_generates_api_and_persists" time="0.175" /><testcase classname="tests.test_factory_batch7" name="test_reset_password_flow" time="0.098" /><testcase classname="tests.test_factory_batch7" name="test_logs_page_post_sets_loglevel" time="0.030" /><testcase classname="tests.test_factory_batch7" name="test_api_storage_endpoint" time="0.028" /><testcase classname="tests.test_factory_batch8" name="test_api_version_reads_file" time="0.029" /><testcase classname="tests.test_factory_batch8" name="test_metrics_endpoint_increments" time="0.030" /><testcase classname="tests.test_factory_batch9" name="test_api_updates_ignore_until" time="0.036" /><testcase classname="tests.test_factory_batch9" name="test_api_updates_ignore_invalid_days" time="0.031" /><testcase classname="tests.test_factory_batch9" name="test_api_updates_unignore" time="0.032" /><testcase classname="tests.test_factory_batch9" name="test_api_updates_upgrade_invalid_url" time="0.030" /><testcase classname="tests.test_factory_comprehensive.TestFactoryCreateApp" name="test_create_app_basic" time="0.027" /><testcase classname="tests.test_factory_comprehensive.TestFactoryCreateApp" name="test_create_app_with_secret_key" time="0.027" /><testcase classname="tests.test_factory_comprehensive.TestFactoryCreateApp" name="test_create_app_production_without_secret" time="0.009" /><testcase classname="tests.test_factory_comprehensive.TestFactoryCreateApp" name="test_create_app_with_config_data" time="0.027" /><testcase classname="tests.test_factory_comprehensive.TestFactoryCreateApp" name="test_create_app_metrics" time="0.033" /><testcase classname="tests.test_factory_comprehensive.TestFactoryRoutes" name="test_index_route_no_user_config" time="0.027" /><testcase classname="tests.test_factory_comprehensive.TestFactoryRoutes" name="test_index_route_with_user_config" time="0.026" /><testcase classname="tests.test_factory_comprehensive.TestFactoryRoutes" name="test_setup_route_get" time="0.030" /><testcase classname="tests.test_factory_comprehensive.TestFactoryRoutes" name="test_setup_route_post_valid" time="0.112" /><testcase classname="tests.test_factory_comprehensive.TestFactoryRoutes" name="test_setup_route_post_password_mismatch" time="0.024" /><testcase classname="tests.test_factory_comprehensive.TestFactoryRoutes" name="test_setup_route_post_short_password" time="0.030" /><testcase classname="tests.test_factory_comprehensive.TestFactoryRoutes" name="test_setup_route_when_user_exists" time="0.034" /><testcase classname="tests.test_factory_comprehensive.TestFactoryRoutes" name="test_login_route_get" time="0.033" /><testcase classname="tests.test_factory_comprehensive.TestFactoryRoutes" name="test_login_route_post_valid" time="0.034" /><testcase classname="tests.test_factory_comprehensive.TestFactoryRoutes" name="test_login_route_post_invalid" time="0.036" /><testcase classname="tests.test_factory_comprehensive.TestFactoryRoutes" name="test_logout_route" time="0.034" /><testcase classname="tests.test_factory_comprehensive.TestFactoryRoutes" name="test_health_route" time="0.036" /><testcase classname="tests.test_factory_comprehensive.TestFactoryRoutes" name="test_save_route" time="0.035" /><testcase classname="tests.test_factory_comprehensive.TestFactoryRoutes" name="test_reset_password_route_get" time="0.044" /><testcase classname="tests.test_factory_comprehensive.TestFactoryRoutes" name="test_reset_password_route_post" time="0.039" /><testcase classname="tests.test_factory_comprehensive.TestFactoryAPIRoutes" name="test_api_version_route" time="0.023" /><testcase classname="tests.test_factory_comprehensive.TestFactoryAPIRoutes" name="test_api_version_with_file" time="0.027" /><testcase classname="tests.test_factory_comprehensive.TestFactoryAPIRoutes" name="test_api_status_route_unauthorized" time="0.029" /><testcase classname="tests.test_factory_comprehensive.TestFactoryAPIRoutes" name="test_api_status_route_authorized" time="0.032" /><testcase classname="tests.test_factory_comprehensive.TestFactoryAPIRoutes" name="test_api_storage_route_unauthorized" time="0.030" /><testcase classname="tests.test_factory_comprehensive.TestFactoryAPIRoutes" name="test_api_storage_route_authorized" time="0.021" /><testcase classname="tests.test_factory_comprehensive.TestFactoryBackupRoutes" name="test_backups_route" time="0.051" /><testcase classname="tests.test_factory_comprehensive.TestFactoryBackupRoutes" name="test_api_backups_list_unauthorized" time="0.031" /><testcase classname="tests.test_factory_comprehensive.TestFactoryBackupRoutes" name="test_api_backups_list_authorized" time="0.021" /><testcase classname="tests.test_factory_comprehensive.TestFactoryBackupRoutes" name="test_api_backups_create_unauthorized" time="0.032" /><testcase classname="tests.test_factory_comprehensive.TestFactoryBackupRoutes" name="test_api_backups_create_authorized" time="0.037" /><testcase classname="tests.test_factory_comprehensive.TestFactoryBackupRoutes" name="test_api_backups_settings_get" time="0.023" /><testcase classname="tests.test_factory_comprehensive.TestFactoryBackupRoutes" name="test_api_backups_settings_post" time="0.032" /><testcase classname="tests.test_factory_comprehensive.TestFactoryBackupRoutes" name="test_api_backups_import_unauthorized" time="0.036" /><testcase classname="tests.test_factory_comprehensive.TestFactoryBackupRoutes" name="test_api_backups_restore_unauthorized" time="0.033" /><testcase classname="tests.test_factory_comprehensive.TestFactoryTaskRoutes" name="test_tasks_route" time="0.038" /><testcase classname="tests.test_factory_comprehensive.TestFactoryTaskRoutes" name="test_api_tasks_trigger_unauthorized" time="0.039" /><testcase classname="tests.test_factory_comprehensive.TestFactoryTaskRoutes" name="test_api_tasks_trigger_authorized" time="0.022" /><testcase classname="tests.test_factory_comprehensive.TestFactoryTaskRoutes" name="test_api_tasks_settings_get" time="0.031" /><testcase classname="tests.test_factory_comprehensive.TestFactoryTaskRoutes" name="test_api_tasks_settings_post" time="0.040" /><testcase classname="tests.test_factory_comprehensive.TestFactoryPluginRoutes" name="test_plugins_settings_route" time="0.058" /><testcase classname="tests.test_factory_comprehensive.TestFactoryPluginRoutes" name="test_plugins_settings_with_category" time="0.054" /><testcase classname="tests.test_factory_comprehensive.TestFactoryPluginRoutes" name="test_validate_sonarr_route" time="0.025" /><testcase classname="tests.test_factory_comprehensive.TestFactoryErrorHandlers" name="test_404_error_handler" time="0.032" /><testcase classname="tests.test_factory_comprehensive.TestFactoryErrorHandlers" name="test_500_error_handler" time="0.031" /><testcase classname="tests.test_factory_comprehensive.TestFactoryHelperFunctions" name="test_parse_instances_helper" time="0.030" /><testcase classname="tests.test_factory_comprehensive.TestFactorySessionManagement" name="test_session_cookie_configuration" time="0.030" /><testcase classname="tests.test_factory_comprehensive.TestFactorySessionManagement" name="test_login_session_management" time="0.038" /><testcase classname="tests.test_factory_comprehensive.TestFactoryPluginRegistry" name="test_plugin_registry_initialization" time="0.116" /><testcase classname="tests.test_factory_consolidated.TestFactoryEnvironmentConfiguration" name="test_puid_pgid_fallback_and_warning" time="0.027" /><testcase classname="tests.test_factory_consolidated.TestFactoryEnvironmentConfiguration" name="test_secret_key_required_in_production" time="0.009" /><testcase classname="tests.test_factory_consolidated.TestFactoryEnvironmentConfiguration" name="test_session_cookie_flags" time="0.031" /><testcase classname="tests.test_factory_consolidated.TestFactoryEnvironmentConfiguration" name="test_timezone_default" time="0.028" /><testcase classname="tests.test_factory_consolidated.TestFactoryMainRoutes" name="test_account_route_get" time="0.039" /><testcase classname="tests.test_factory_consolidated.TestFactoryMainRoutes" name="test_backups_route_get" time="0.052" /><testcase classname="tests.test_factory_consolidated.TestFactoryMainRoutes" name="test_general_route_get" time="0.039" /><testcase classname="tests.test_factory_consolidated.TestFactoryMainRoutes" name="test_general_route_post_sonarr_radarr_settings" time="0.039" /><testcase classname="tests.test_factory_consolidated.TestFactoryMainRoutes" name="test_index_route_logged_in" time="0.027" /><testcase classname="tests.test_factory_consolidated.TestFactoryMainRoutes" name="test_index_route_not_logged_in" time="0.031" /><testcase classname="tests.test_factory_consolidated.TestFactoryMainRoutes" name="test_login_route_get" time="0.035" /><testcase classname="tests.test_factory_consolidated.TestFactoryMainRoutes" name="test_login_route_post_invalid_credentials" time="0.029" /><testcase classname="tests.test_factory_consolidated.TestFactoryMainRoutes" name="test_login_route_post_valid_credentials" time="0.025" /><testcase classname="tests.test_factory_consolidated.TestFactoryMainRoutes" name="test_logout_route" time="0.040" /><testcase classname="tests.test_factory_consolidated.TestFactoryMainRoutes" name="test_logs_route_get" time="0.037" /><testcase classname="tests.test_factory_consolidated.TestFactoryMainRoutes" name="test_plugins_route_get" time="0.047" /><testcase classname="tests.test_factory_consolidated.TestFactoryMainRoutes" name="test_scheduling_route_get" time="0.030" /><testcase classname="tests.test_factory_consolidated.TestFactoryMainRoutes" name="test_scheduling_route_post" time="0.041" /><testcase classname="tests.test_factory_consolidated.TestFactoryMainRoutes" name="test_status_route_get" time="0.041" /><testcase classname="tests.test_factory_consolidated.TestFactoryMainRoutes" name="test_tasks_route_get" time="0.046" /><testcase classname="tests.test_factory_consolidated.TestFactoryHelperFunctions" name="test_database_utility_functions" time="0.021" /><testcase classname="tests.test_factory_consolidated.TestFactoryHelperFunctions" name="test_load_user_config_function" time="0.022" /><testcase classname="tests.test_factory_consolidated.TestFactoryHelperFunctions" name="test_parse_instances_helper_function" time="0.034" /><testcase classname="tests.test_factory_consolidated.TestFactoryHelperFunctions" name="test_password_hashing_functions" time="0.245" /><testcase classname="tests.test_factory_consolidated.TestFactoryHelperFunctions" name="test_save_user_config_function" time="0.026" /><testcase classname="tests.test_factory_consolidated.TestFactoryErrorHandling" name="test_database_connection_error_handling" time="0.030" /><testcase classname="tests.test_factory_consolidated.TestFactoryErrorHandling" name="test_invalid_json_config_handling" time="0.025" /><testcase classname="tests.test_factory_consolidated.TestFactoryErrorHandling" name="test_large_request_handling" time="0.038" /><testcase classname="tests.test_factory_consolidated.TestFactoryErrorHandling" name="test_missing_config_file_handling" time="0.030" /><testcase classname="tests.test_factory_coverage_boost" name="test_app_endpoints_and_apis" time="0.044" /><testcase classname="tests.test_factory_deep_coverage" name="test_setup_and_login_and_general" time="0.255" /><testcase classname="tests.test_factory_deep_coverage" name="test_api_status_and_tasks_and_logs" time="0.025" /><testcase classname="tests.test_factory_shim" name="test_factory_shim_reexports_top_level_factory" time="0.005" /><testcase classname="tests.test_factory_shim" name="test_factory_shim_absent_top_level" time="0.005" /><testcase classname="tests.test_factory_shim_behavior" name="test_shim_sets_impl_none_when_top_level_import_fails" time="0.008" /><testcase classname="tests.test_factory_shim_behavior" name="test_shim_reexports_public_names_from_top_level_module" time="0.006" /><testcase classname="tests.test_factory_shim_coverage_extra" name="test_factory_delegate_installation_success" time="0.007" /><testcase classname="tests.test_factory_shim_coverage_extra" name="test_factory_shim_getattr_heals_create_app" time="0.004" /><testcase classname="tests.test_factory_shim_coverage_extra" name="test_factory_shim_attribute_error_when_impl_missing" time="0.006" /><testcase classname="tests.test_factory_shim_new" name="test_factory_import" time="0.008" /><testcase classname="tests.test_factory_shim_new" name="test_factory_has_impl" time="0.007" /><testcase classname="tests.test_factory_shim_new" name="test_factory_create_app_accessible" time="0.011" /><testcase classname="tests.test_factory_shim_new" name="test_factory_getattr_create_app" time="0.005" /><testcase classname="tests.test_factory_shim_new" name="test_factory_getattr_missing_attribute" time="0.009" /><testcase classname="tests.test_factory_shim_new" name="test_factory_with_mock_impl" time="0.008" /><testcase classname="tests.test_factory_shim_new" name="test_factory_impl_none" time="0.006" /><testcase classname="tests.test_factory_shim_new" name="test_factory_getattr_with_impl_none" time="0.004" /><testcase classname="tests.test_factory_shim_new" name="test_factory_install_create_app_helpers" time="0.005" /><testcase classname="tests.test_factory_shim_new" name="test_factory_sys_modules_mapping" time="0.008" /><testcase classname="tests.test_factory_shim_new" name="test_factory_getattr_reinstall_delegate" time="0.007" /><testcase classname="tests.test_factory_shim_new" name="test_factory_getattr_other_attributes" time="0.006" /><testcase classname="tests.test_factory_shim_new" name="test_factory_globals_update" time="0.004" /><testcase classname="tests.test_factory_shim_new" name="test_factory_create_app_dict_assignment" time="0.004" /><testcase classname="tests.test_factory_shim_new" name="test_factory_callable_check" time="0.007" /><testcase classname="tests.test_factory_shim_new" name="test_factory_exception_in_helper_install" time="0.008" /><testcase classname="tests.test_factory_shim_new" name="test_factory_setattr_fallback" time="0.006" /><testcase classname="tests.test_factory_shim_new" name="test_factory_sys_modules_assignment_errors" time="0.005" /><testcase classname="tests.test_factory_shim_new" name="test_factory_getattr_exception_in_reinstall" time="0.005" /><testcase classname="tests.test_factory_shim_new" name="test_factory_repo_root_calculation" time="0.007"><skipped type="pytest.skip" message="No __file__ on factory module">/home/jeremy/Server/Projects/researcharr/tests/test_factory_shim_new.py:318: No __file__ on factory module</skipped></testcase><testcase classname="tests.test_factory_shim_new" name="test_factory_dir_excludes_private" time="0.007" /><testcase classname="tests.test_factory_shim_new" name="test_factory_getattr_updates_globals" time="0.006" /><testcase classname="tests.test_factory_shim_new" name="test_factory_double_install_idempotent" time="0.005" /><testcase classname="tests.test_factory_smoke" name="test_create_app_defaults" time="0.030" /><testcase classname="tests.test_factory_unit" name="test_create_app_smoke" time="0.028" /><testcase classname="tests.test_factory_unit" name="test_create_app_requires_secret_in_production" time="0.007" /><testcase classname="tests.test_factory_unit" name="test_create_app_uses_webui_load_and_migrates_api_key" time="0.030" /><testcase classname="tests.test_factory_unit" name="test_create_app_attaches_plugin_registry" time="0.028" /><testcase classname="tests.test_high_impact_coverage.TestBackupsImplModule" name="test_backuppath_class_initialization" time="0.010" /><testcase classname="tests.test_high_impact_coverage.TestBackupsImplModule" name="test_backuppath_startswith_full_path" time="0.004" /><testcase classname="tests.test_high_impact_coverage.TestBackupsImplModule" name="test_backuppath_startswith_separator_detection" time="0.007" /><testcase classname="tests.test_high_impact_coverage.TestBackupsImplModule" name="test_backuppath_startswith_with_none" time="0.007" /><testcase classname="tests.test_high_impact_coverage.TestBackupsImplModule" name="test_backuppath_startswith_exception_fallback" time="0.006" /><testcase classname="tests.test_high_impact_coverage.TestBackupsImplModule" name="test_create_backup_file_success" time="0.005" /><testcase classname="tests.test_high_impact_coverage.TestBackupsImplModule" name="test_create_backup_file_creates_backups_dir" time="0.005" /><testcase classname="tests.test_high_impact_cov
[...]
root_module_smoke" name="test_root_module_check_sonarr_connection_missing" time="0.004" /><testcase classname="tests.test_root_module_smoke" name="test_root_module_check_sonarr_connection_success" time="0.005" /><testcase classname="tests.test_root_module_smoke" name="test_root_module_check_sonarr_connection_failure" time="0.009" /><testcase classname="tests.test_root_module_smoke" name="test_root_module_check_sonarr_connection_exception" time="0.008" /><testcase classname="tests.test_root_researcharr_comprehensive.TestRootResearcharrModule" name="test_check_radarr_connection_exception" time="0.007" /><testcase classname="tests.test_root_researcharr_comprehensive.TestRootResearcharrModule" name="test_check_radarr_connection_missing_api_key" time="0.004" /><testcase classname="tests.test_root_researcharr_comprehensive.TestRootResearcharrModule" name="test_check_radarr_connection_missing_url" time="0.005" /><testcase classname="tests.test_root_researcharr_comprehensive.TestRootResearcharrModule" name="test_check_radarr_connection_non_200_status" time="0.009" /><testcase classname="tests.test_root_researcharr_comprehensive.TestRootResearcharrModule" name="test_check_radarr_connection_success" time="0.007" /><testcase classname="tests.test_root_researcharr_comprehensive.TestRootResearcharrModule" name="test_check_sonarr_connection_exception" time="0.007" /><testcase classname="tests.test_root_researcharr_comprehensive.TestRootResearcharrModule" name="test_check_sonarr_connection_missing_api_key" time="0.004" /><testcase classname="tests.test_root_researcharr_comprehensive.TestRootResearcharrModule" name="test_check_sonarr_connection_missing_url" time="0.005" /><testcase classname="tests.test_root_researcharr_comprehensive.TestRootResearcharrModule" name="test_check_sonarr_connection_non_200_status" time="0.012" /><testcase classname="tests.test_root_researcharr_comprehensive.TestRootResearcharrModule" name="test_check_sonarr_connection_success" time="0.008" /><testcase classname="tests.test_root_researcharr_comprehensive.TestRootResearcharrModule" name="test_conditional_imports_exist" time="0.005" /><testcase classname="tests.test_root_researcharr_comprehensive.TestRootResearcharrModule" name="test_create_metrics_app" time="0.006" /><testcase classname="tests.test_root_researcharr_comprehensive.TestRootResearcharrModule" name="test_create_metrics_app_conditional_definition" time="0.008" /><testcase classname="tests.test_root_researcharr_comprehensive.TestRootResearcharrModule" name="test_create_metrics_app_error_counter" time="0.012" /><testcase classname="tests.test_root_researcharr_comprehensive.TestRootResearcharrModule" name="test_create_metrics_app_error_handler_404" time="0.007" /><testcase classname="tests.test_root_researcharr_comprehensive.TestRootResearcharrModule" name="test_create_metrics_app_error_handler_500" time="0.010" /><testcase classname="tests.test_root_researcharr_comprehensive.TestRootResearcharrModule" name="test_create_metrics_app_error_handler_logging" time="0.012" /><testcase classname="tests.test_root_researcharr_comprehensive.TestRootResearcharrModule" name="test_create_metrics_app_error_handler_logging_failure" time="0.008" /><testcase classname="tests.test_root_researcharr_comprehensive.TestRootResearcharrModule" name="test_create_metrics_app_health_endpoint" time="0.007" /><testcase classname="tests.test_root_researcharr_comprehensive.TestRootResearcharrModule" name="test_create_metrics_app_health_endpoint_db_error" time="0.011" /><testcase classname="tests.test_root_researcharr_comprehensive.TestRootResearcharrModule" name="test_create_metrics_app_metrics_endpoint" time="0.009" /><testcase classname="tests.test_root_researcharr_comprehensive.TestRootResearcharrModule" name="test_create_metrics_app_request_counter" time="0.007" /><testcase classname="tests.test_root_researcharr_comprehensive.TestRootResearcharrModule" name="test_has_valid_url_and_key_all_valid" time="0.005" /><testcase classname="tests.test_root_researcharr_comprehensive.TestRootResearcharrModule" name="test_has_valid_url_and_key_disabled_invalid" time="0.008" /><testcase classname="tests.test_root_researcharr_comprehensive.TestRootResearcharrModule" name="test_has_valid_url_and_key_empty_list" time="0.007" /><testcase classname="tests.test_root_researcharr_comprehensive.TestRootResearcharrModule" name="test_has_valid_url_and_key_invalid_url" time="0.006" /><testcase classname="tests.test_root_researcharr_comprehensive.TestRootResearcharrModule" name="test_has_valid_url_and_key_missing_api_key" time="0.004" /><testcase classname="tests.test_root_researcharr_comprehensive.TestRootResearcharrModule" name="test_init_db_actual_database" time="0.005" /><testcase classname="tests.test_root_researcharr_comprehensive.TestRootResearcharrModule" name="test_init_db_custom_path" time="0.009" /><testcase classname="tests.test_root_researcharr_comprehensive.TestRootResearcharrModule" name="test_init_db_default_path" time="0.008" /><testcase classname="tests.test_root_researcharr_comprehensive.TestRootResearcharrModule" name="test_load_config_empty_file" time="0.008" /><testcase classname="tests.test_root_researcharr_comprehensive.TestRootResearcharrModule" name="test_load_config_missing_file" time="0.004" /><testcase classname="tests.test_root_researcharr_comprehensive.TestRootResearcharrModule" name="test_load_config_valid_file" time="0.008" /><testcase classname="tests.test_root_researcharr_comprehensive.TestRootResearcharrModule" name="test_main_module_serve_execution" time="0.008" /><testcase classname="tests.test_root_researcharr_comprehensive.TestRootResearcharrModule" name="test_module_constants_and_paths" time="0.006" /><testcase classname="tests.test_root_researcharr_comprehensive.TestRootResearcharrModule" name="test_path_attribute_structure" time="0.005" /><testcase classname="tests.test_root_researcharr_comprehensive.TestRootResearcharrModule" name="test_serve_function_behavior" time="0.005" /><testcase classname="tests.test_root_researcharr_comprehensive.TestRootResearcharrModule" name="test_serve_function_exists" time="0.006" /><testcase classname="tests.test_root_researcharr_comprehensive.TestRootResearcharrModule" name="test_setup_logger_conditional_definition" time="0.008" /><testcase classname="tests.test_root_researcharr_comprehensive.TestRootResearcharrModule" name="test_setup_logger_existing_logger" time="0.006" /><testcase classname="tests.test_root_researcharr_comprehensive.TestRootResearcharrModule" name="test_setup_logger_new_logger" time="0.006" /><testcase classname="tests.test_root_researcharr_comprehensive.TestRootResearcharrModule" name="test_setup_logger_with_custom_level" time="0.004" /><testcase classname="tests.test_root_researcharr_comprehensive.TestRootResearcharrModule" name="test_setup_logger_with_none_level" time="0.009" /><testcase classname="tests.test_run" name="test_load_config_returns_empty_dict" time="0.007" /><testcase classname="tests.test_run" name="test_load_config_with_custom_path" time="0.006" /><testcase classname="tests.test_run" name="test_setup_scheduler_no_schedule_module" time="0.005" /><testcase classname="tests.test_run" name="test_setup_scheduler_with_schedule_module" time="0.004" /><testcase classname="tests.test_run" name="test_setup_scheduler_handles_exception" time="0.007" /><testcase classname="tests.test_run" name="test_get_job_timeout_none" time="0.008" /><testcase classname="tests.test_run" name="test_get_job_timeout_valid" time="0.007" /><testcase classname="tests.test_run" name="test_get_job_timeout_invalid" time="0.006" /><testcase classname="tests.test_run" name="test_run_job_no_script_configured" time="0.005" /><testcase classname="tests.test_run" name="test_run_job_uses_env_script" time="0.006" /><testcase classname="tests.test_run" name="test_run_job_with_timeout" time="0.009" /><testcase classname="tests.test_run" name="test_run_job_timeout_expired" time="0.008" /><testcase classname="tests.test_run" name="test_run_job_subprocess_exception" time="0.007" /><testcase classname="tests.test_run" name="test_run_job_logs_stdout" time="0.005" /><testcase classname="tests.test_run" name="test_run_job_logs_stderr" time="0.009" /><testcase classname="tests.test_run" name="test_run_job_logs_returncode" time="0.009" /><testcase classname="tests.test_run" name="test_run_job_handles_top_level_run_module" time="0.006" /><testcase classname="tests.test_run" name="test_run_job_handles_top_level_run_exception" time="0.006" /><testcase classname="tests.test_run" name="test_run_job_logging_exception_handling" time="0.009" /><testcase classname="tests.test_run" name="test_main_once_true" time="0.007" /><testcase classname="tests.test_run" name="test_main_once_false" time="0.006" /><testcase classname="tests.test_run" name="test_run_job_globals_script_resolution" time="0.005" /><testcase classname="tests.test_run" name="test_run_job_no_timeout_branch" time="0.007" /><testcase classname="tests.test_services_smoke" name="test_logging_service_setup_logger_creates_handler" time="0.009" /><testcase classname="tests.test_services_smoke" name="test_database_service_init_and_check_connection" time="0.008" /><testcase classname="tests.test_services_smoke" name="test_connectivity_service_has_valid_url_and_key" time="0.004" /><testcase classname="tests.test_services_smoke" name="test_connectivity_service_radarr_success" time="0.004" /><testcase classname="tests.test_services_smoke" name="test_connectivity_service_radarr_failure_and_exception" time="0.007" /><testcase classname="tests.test_services_smoke" name="test_connectivity_service_sonarr_success_and_failure" time="0.008" /><testcase classname="tests.test_services_smoke" name="test_metrics_service_counters_and_get" time="0.006" /><testcase classname="tests.test_services_smoke" name="test_health_service_with_stubs" time="0.005" /><testcase classname="tests.test_services_smoke" name="test_metrics_app_error_handler_and_events" time="0.006"><skipped type="pytest.xfail" message="Order-dependent flake: passes in isolation, fails ~1% of full-suite runs when a prior test around position 900 mutates flask.Flask class. Root cause under investigation." /></testcase><testcase classname="tests.test_services_smoke" name="test_health_service_config_error_branch" time="0.006" /><testcase classname="tests.test_targeted_coverage" name="test_container_reset" time="0.008" /><testcase classname="tests.test_targeted_coverage" name="test_container_convenience_register_singleton" time="0.006" /><testcase classname="tests.test_targeted_coverage" name="test_container_convenience_register_factory" time="0.006" /><testcase classname="tests.test_targeted_coverage" name="test_container_convenience_register_class" time="0.004" /><testcase classname="tests.test_targeted_coverage" name="test_container_convenience_has_service" time="0.006" /><testcase classname="tests.test_targeted_coverage" name="test_events_reset" time="0.007" /><testcase classname="tests.test_targeted_coverage" name="test_events_convenience_subscribe" time="0.009" /><testcase classname="tests.test_targeted_coverage" name="test_events_convenience_subscribe_all" time="0.005" /><testcase classname="tests.test_targeted_coverage" name="test_events_convenience_publish" time="0.004" /><testcase classname="tests.test_targeted_coverage" name="test_events_convenience_publish_simple" time="0.005" /><testcase classname="tests.test_targeted_coverage" name="test_run_job_timeout_from_env" time="0.011" /><testcase classname="tests.test_targeted_coverage" name="test_run_job_timeout_empty" time="0.007" /><testcase classname="tests.test_targeted_coverage" name="test_run_job_timeout_invalid" time="0.006" /><testcase classname="tests.test_targeted_coverage" name="test_run_setup_scheduler_with_schedule" time="0.005" /><testcase classname="tests.test_targeted_coverage" name="test_run_setup_scheduler_exception_handling" time="0.007" /><testcase classname="tests.test_targeted_coverage" name="test_run_job_no_script" time="0.020" /><testcase classname="tests.test_targeted_coverage" name="test_services_database_service_initialization" time="0.005" /><testcase classname="tests.test_targeted_coverage" name="test_services_logging_service_initialization" time="0.006" /><testcase classname="tests.test_targeted_coverage" name="test_services_health_service_initialization" time="0.007" /><testcase classname="tests.test_targeted_coverage" name="test_services_metrics_service_initialization" time="0.007" /><testcase classname="tests.test_targeted_coverage" name="test_services_get_all_services" time="0.005" /><testcase classname="tests.test_targeted_coverage" name="test_lifecycle_context_data_methods" time="0.004" /><testcase classname="tests.test_targeted_coverage" name="test_lifecycle_clear_context" time="0.006" /><testcase classname="tests.test_targeted_coverage" name="test_backups_impl_error_handling" time="0.007" /><testcase classname="tests.test_targeted_coverage" name="test_backups_impl_list_backups_with_pattern" time="0.007" /><testcase classname="tests.test_targeted_coverage" name="test_container_singleton_persistence" time="0.005" /><testcase classname="tests.test_targeted_coverage" name="test_event_post_init_none_timestamp" time="0.004" /><testcase classname="tests.test_targeted_coverage" name="test_event_convenience_subscribe" time="0.017" /><testcase classname="tests.test_targeted_coverage" name="test_event_convenience_subscribe_all" time="0.017" /><testcase classname="tests.test_targeted_coverage" name="test_event_convenience_publish" time="0.018" /><testcase classname="tests.test_targeted_coverage" name="test_event_unsubscribe_all" time="0.028" /><testcase classname="tests.test_targeted_coverage" name="test_backups_delegation_restore" time="0.009" /><testcase classname="tests.test_targeted_coverage" name="test_backups_delegation_get_backup_info" time="0.005" /><testcase classname="tests.test_targeted_coverage" name="test_backups_delegation_validate_backup_file" time="0.005" /><testcase classname="tests.test_targeted_coverage" name="test_backups_delegation_get_backup_size" time="0.008" /><testcase classname="tests.test_targeted_coverage" name="test_backups_delegation_cleanup_temp_files" time="0.007" /><testcase classname="tests.test_targeted_coverage" name="test_backups_delegation_get_default_backup_config" time="0.007" /><testcase classname="tests.test_targeted_coverage" name="test_backups_delegation_merge_backup_configs" time="0.005" /><testcase classname="tests.test_targeted_coverage" name="test_backups_delegation_list_backups" time="0.006" /><testcase classname="tests.test_targeted_coverage" name="test_backups_delegation_prune_backups" time="0.009" /><testcase classname="tests.test_targeted_coverage" name="test_run_load_config_called" time="0.007" /><testcase classname="tests.test_targeted_coverage" name="test_run_setup_scheduler_no_schedule" time="0.006" /><testcase classname="tests.test_targeted_coverage" name="test_run_job_no_script_configured" time="0.005" /><testcase classname="tests.test_targeted_coverage" name="test_run_job_exception_in_env_get" time="0.008" /><testcase classname="tests.test_targeted_coverage" name="test_run_job_exception_in_globals_get" time="0.007"><skipped type="pytest.skip" message="Cannot patch module __dict__ in Python 3.10+">/home/jeremy/Server/Projects/researcharr/tests/test_targeted_coverage.py:768: Cannot patch module __dict__ in Python 3.10+</skipped></testcase><testcase classname="tests.test_targeted_coverage" name="test_run_main_once_true" time="0.007" /><testcase classname="tests.test_targeted_coverage" name="test_run_main_once_false" time="0.005" /><testcase classname="tests.test_targeted_coverage" name="test_run_job_timeout_branch" time="0.005" /><testcase classname="tests.test_webui_consolidated.TestWebUIConsolidated" name="test_rendered_template_links_extended" time="0.061" /><testcase classname="tests.test_webui_consolidated.TestWebUIConsolidated" name="test_reset_password_functionality" time="0.045" /><testcase classname="tests.test_webui_consolidated.TestWebUIConsolidated" name="test_setup_page_functionality" time="0.032" /><testcase classname="tests.test_webui_consolidated.TestWebUIConsolidated" name="test_sse_stream_behavior" time="0.029" /><testcase classname="tests.test_webui_consolidated.TestWebUIConsolidated" name="test_system_pages_rendering" time="0.048" /><testcase classname="tests.test_webui_consolidated.TestWebUIConsolidated" name="test_template_error_handling" time="0.030" /><testcase classname="tests.test_webui_consolidated.TestWebUIConsolidated" name="test_template_links_rendering" time="0.053" /><testcase classname="tests.test_webui_consolidated.TestWebUIConsolidated" name="test_updates_functionality" time="0.028" /><testcase classname="tests.test_webui_consolidated.TestWebUIConsolidated" name="test_webui_health_metrics" time="0.031" /><testcase classname="tests.test_webui_consolidated.TestWebUIConsolidated" name="test_webui_module_import" time="0.006" /><testcase classname="tests.test_webui_consolidated.TestPluginTemplatesConsolidated" name="test_plugin_actions_ui" time="0.028" /><testcase classname="tests.test_webui_consolidated.TestPluginTemplatesConsolidated" name="test_plugin_blueprints_registration" time="0.029" /><testcase classname="tests.test_webui_consolidated.TestPluginTemplatesConsolidated" name="test_plugin_discovery_ui" time="0.031" /><testcase classname="tests.test_webui_consolidated.TestPluginTemplatesConsolidated" name="test_plugin_instances_actions_ui" time="0.031" /><testcase classname="tests.test_webui_consolidated.TestPluginTemplatesConsolidated" name="test_plugin_templates_rendering" time="0.048" /><testcase classname="tests.test_webui_helpers" name="test_env_bool_truthy_and_falsey" time="0.008" /><testcase classname="tests.test_webui_helpers" name="test_load_user_config_no_db" time="0.007" /><testcase classname="tests.test_webui_helpers" name="test_load_user_config_with_db" time="0.004" /><testcase classname="tests.test_webui_helpers" name="test_save_user_config_raises_without_db" time="0.004" /><testcase classname="tests.test_webui_helpers" name="test_save_user_config_hashing_and_delegate" time="0.090" /><testcase classname="tests.test_webui_shim" name="test_webui_import" time="0.004" /><testcase classname="tests.test_webui_shim" name="test_webui_exports_user_config_path" time="0.005" /><testcase classname="tests.test_webui_shim" name="test_webui_exports_env_bool" time="0.007" /><testcase classname="tests.test_webui_shim" name="test_webui_exports_load_user_config" time="0.008" /><testcase classname="tests.test_webui_shim" name="test_webui_exports_save_user_config" time="0.007" /><testcase classname="tests.test_webui_shim" name="test_webui_all_exports" time="0.004" /><testcase classname="tests.test_webui_shim" name="test_webui_with_mock_impl" time="0.005" /><testcase classname="tests.test_webui_shim" name="test_webui_import_failure_fallback" time="0.007" /><testcase classname="tests.test_webui_shim" name="test_webui_fallback_no_spec" time="0.007" /><testcase classname="tests.test_webui_shim" name="test_webui_fallback_no_loader" time="0.008" /><testcase classname="tests.test_webui_shim" name="test_webui_partial_exports" time="0.005" /><testcase classname="tests.test_webui_shim" name="test_webui_user_config_path" time="0.005" /><testcase classname="tests.test_webui_shim" name="test_webui_env_bool_function" time="0.008" /><testcase classname="tests.test_webui_shim" name="test_webui_load_user_config_function" time="0.008" /><testcase classname="tests.test_webui_shim" name="test_webui_save_user_config_function" time="0.006" /><testcase classname="tests.test_webui_shim" name="test_webui_fallback_exception" time="0.004" /><testcase classname="tests.test_webui_shim" name="test_webui_repo_root_calculation" time="0.005" /><testcase classname="tests.test_webui_shim" name="test_webui_getattr_exception_handling" time="0.016" /></testsuite></testsuites>
